job0.0: (g=0): rw=randrw, bs=(R) 1024B-1024B, (W) 1024B-1024B, (T) 1024B-1024B, ioengine=psync, iodepth=1
...
job1.0: (g=0): rw=randrw, bs=(R) 2048B-2048B, (W) 2048B-2048B, (T) 2048B-2048B, ioengine=psync, iodepth=1
...
job2.0: (g=0): rw=randrw, bs=(R) 4096B-4096B, (W) 4096B-4096B, (T) 4096B-4096B, ioengine=psync, iodepth=1
...
job3.0: (g=0): rw=randrw, bs=(R) 8192B-8192B, (W) 8192B-8192B, (T) 8192B-8192B, ioengine=psync, iodepth=1
...
job4.0: (g=0): rw=randrw, bs=(R) 16.0KiB-16.0KiB, (W) 16.0KiB-16.0KiB, (T) 16.0KiB-16.0KiB, ioengine=psync, iodepth=1
...
job5.0: (g=0): rw=randrw, bs=(R) 32.0KiB-32.0KiB, (W) 32.0KiB-32.0KiB, (T) 32.0KiB-32.0KiB, ioengine=psync, iodepth=1
...
job6.0: (g=0): rw=randrw, bs=(R) 64.0KiB-64.0KiB, (W) 64.0KiB-64.0KiB, (T) 64.0KiB-64.0KiB, ioengine=psync, iodepth=1
...
job7.0: (g=0): rw=randrw, bs=(R) 128KiB-128KiB, (W) 128KiB-128KiB, (T) 128KiB-128KiB, ioengine=psync, iodepth=1
...
job8.0: (g=0): rw=randrw, bs=(R) 256KiB-256KiB, (W) 256KiB-256KiB, (T) 256KiB-256KiB, ioengine=psync, iodepth=1
...
job9.0: (g=0): rw=randrw, bs=(R) 512KiB-512KiB, (W) 512KiB-512KiB, (T) 512KiB-512KiB, ioengine=psync, iodepth=1
...
job10.0: (g=0): rw=randrw, bs=(R) 1024KiB-1024KiB, (W) 1024KiB-1024KiB, (T) 1024KiB-1024KiB, ioengine=psync, iodepth=1
...
fio-3.28
Starting 44 processes

job0.0: (groupid=0, jobs=1): err= 0: pid=8788: Tue Oct 24 20:34:30 2023
  read: IOPS=3433, BW=3433KiB/s (3516kB/s)(201MiB/60006msec)
    clat (nsec): min=721, max=39142k, avg=22001.76, stdev=344478.43
     lat (nsec): min=781, max=39142k, avg=22079.59, stdev=344489.13
    clat percentiles (nsec):
     |  1.00th=[    1304],  5.00th=[    1544], 10.00th=[    1672],
     | 20.00th=[    1816], 30.00th=[    1944], 40.00th=[    2064],
     | 50.00th=[    2192], 60.00th=[    2352], 70.00th=[    2544],
     | 80.00th=[    2800], 90.00th=[    3248], 95.00th=[    3856],
     | 99.00th=[  226304], 99.50th=[  839680], 99.90th=[ 4816896],
     | 99.95th=[ 7110656], 99.99th=[12910592]
   bw (  KiB/s): min=   46, max=28687, per=0.25%, avg=3405.29, stdev=4452.41, samples=119
   iops        : min=   46, max=28687, avg=3405.29, stdev=4452.41, samples=119
  write: IOPS=1698, BW=1698KiB/s (1739kB/s)(99.5MiB/60006msec); 0 zone resets
    clat (nsec): min=1262, max=307593k, avg=540114.63, stdev=5748315.02
     lat (nsec): min=1332, max=307593k, avg=540202.13, stdev=5748332.18
    clat percentiles (usec):
     |  1.00th=[     3],  5.00th=[     3], 10.00th=[     3], 20.00th=[     4],
     | 30.00th=[     4], 40.00th=[     5], 50.00th=[     6], 60.00th=[     7],
     | 70.00th=[     9], 80.00th=[    14], 90.00th=[    31], 95.00th=[    85],
     | 99.00th=[ 15795], 99.50th=[ 37487], 99.90th=[ 93848], 99.95th=[109577],
     | 99.99th=[154141]
   bw (  KiB/s): min=   18, max=14114, per=0.25%, avg=1683.64, stdev=2202.53, samples=119
   iops        : min=   18, max=14114, avg=1683.64, stdev=2202.53, samples=119
  lat (nsec)   : 750=0.01%, 1000=0.08%
  lat (usec)   : 2=23.04%, 4=52.40%, 10=14.43%, 20=4.25%, 50=2.42%
  lat (usec)   : 100=1.04%, 250=0.79%, 500=0.42%, 750=0.17%, 1000=0.09%
  lat (msec)   : 2=0.16%, 4=0.13%, 10=0.18%, 20=0.12%, 50=0.18%
  lat (msec)   : 100=0.08%, 250=0.03%, 500=0.01%
  cpu          : usr=0.71%, sys=4.93%, ctx=6412, majf=0, minf=22
  IO depths    : 1=100.0%, 2=0.0%, 4=0.0%, 8=0.0%, 16=0.0%, 32=0.0%, >=64=0.0%
     submit    : 0=0.0%, 4=100.0%, 8=0.0%, 16=0.0%, 32=0.0%, 64=0.0%, >=64=0.0%
     complete  : 0=0.0%, 4=100.0%, 8=0.0%, 16=0.0%, 32=0.0%, 64=0.0%, >=64=0.0%
     issued rwts: total=206025,101918,0,0 short=0,0,0,0 dropped=0,0,0,0
     latency   : target=0, window=0, percentile=100.00%, depth=1
job0.0: (groupid=0, jobs=1): err= 0: pid=8789: Tue Oct 24 20:34:30 2023
  read: IOPS=3381, BW=3381KiB/s (3463kB/s)(198MiB/60019msec)
    clat (nsec): min=722, max=60875k, avg=25199.83, stdev=447341.83
     lat (nsec): min=781, max=60875k, avg=25313.11, stdev=447704.49
    clat percentiles (nsec):
     |  1.00th=[    1288],  5.00th=[    1528], 10.00th=[    1656],
     | 20.00th=[    1816], 30.00th=[    1928], 40.00th=[    2064],
     | 50.00th=[    2192], 60.00th=[    2352], 70.00th=[    2544],
     | 80.00th=[    2800], 90.00th=[    3312], 95.00th=[    3952],
     | 99.00th=[  234496], 99.50th=[  946176], 99.90th=[ 5144576],
     | 99.95th=[ 7831552], 99.99th=[20054016]
   bw (  KiB/s): min=    5, max=19000, per=0.25%, avg=3347.13, stdev=4432.86, samples=119
   iops        : min=    5, max=19000, avg=3347.13, stdev=4432.86, samples=119
  write: IOPS=1670, BW=1671KiB/s (1711kB/s)(97.9MiB/60019msec); 0 zone resets
    clat (nsec): min=1273, max=491370k, avg=543331.77, stdev=5830691.46
     lat (nsec): min=1352, max=491370k, avg=543413.68, stdev=5830700.96
    clat percentiles (usec):
     |  1.00th=[     3],  5.00th=[     3], 10.00th=[     3], 20.00th=[     4],
     | 30.00th=[     4], 40.00th=[     5], 50.00th=[     5], 60.00th=[     7],
     | 70.00th=[     9], 80.00th=[    15], 90.00th=[    33], 95.00th=[    86],
     | 99.00th=[ 16057], 99.50th=[ 36963], 99.90th=[ 93848], 99.95th=[109577],
     | 99.99th=[141558]
   bw (  KiB/s): min=   16, max= 9320, per=0.25%, avg=1667.90, stdev=2194.47, samples=118
   iops        : min=   16, max= 9320, avg=1667.90, stdev=2194.47, samples=118
  lat (nsec)   : 750=0.01%, 1000=0.07%
  lat (usec)   : 2=23.68%, 4=51.89%, 10=14.55%, 20=3.69%, 50=2.72%
  lat (usec)   : 100=1.01%, 250=0.77%, 500=0.43%, 750=0.19%, 1000=0.10%
  lat (msec)   : 2=0.17%, 4=0.14%, 10=0.19%, 20=0.12%, 50=0.18%
  lat (msec)   : 100=0.08%, 250=0.03%, 500=0.01%
  cpu          : usr=0.64%, sys=4.93%, ctx=6424, majf=0, minf=24
  IO depths    : 1=100.0%, 2=0.0%, 4=0.0%, 8=0.0%, 16=0.0%, 32=0.0%, >=64=0.0%
     submit    : 0=0.0%, 4=100.0%, 8=0.0%, 16=0.0%, 32=0.0%, 64=0.0%, >=64=0.0%
     complete  : 0=0.0%, 4=100.0%, 8=0.0%, 16=0.0%, 32=0.0%, 64=0.0%, >=64=0.0%
     issued rwts: total=202949,100274,0,0 short=0,0,0,0 dropped=0,0,0,0
     latency   : target=0, window=0, percentile=100.00%, depth=1
job0.0: (groupid=0, jobs=1): err= 0: pid=8790: Tue Oct 24 20:34:30 2023
  read: IOPS=3510, BW=3510KiB/s (3595kB/s)(206MiB/60014msec)
    clat (nsec): min=732, max=43077k, avg=21632.63, stdev=341538.64
     lat (nsec): min=801, max=43077k, avg=21707.52, stdev=341546.09
    clat percentiles (nsec):
     |  1.00th=[    1288],  5.00th=[    1528], 10.00th=[    1656],
     | 20.00th=[    1800], 30.00th=[    1928], 40.00th=[    2040],
     | 50.00th=[    2160], 60.00th=[    2320], 70.00th=[    2512],
     | 80.00th=[    2800], 90.00th=[    3280], 95.00th=[    3856],
     | 99.00th=[  205824], 99.50th=[  831488], 99.90th=[ 4489216],
     | 99.95th=[ 6848512], 99.99th=[13434880]
   bw (  KiB/s): min=   45, max=20560, per=0.25%, avg=3456.68, stdev=4692.13, samples=119
   iops        : min=   45, max=20560, avg=3456.68, stdev=4692.13, samples=119
  write: IOPS=1733, BW=1734KiB/s (1775kB/s)(102MiB/60014msec); 0 zone resets
    clat (nsec): min=1292, max=320739k, avg=528762.59, stdev=5716051.27
     lat (nsec): min=1362, max=320739k, avg=528850.42, stdev=5716059.68
    clat percentiles (usec):
     |  1.00th=[     3],  5.00th=[     3], 10.00th=[     3], 20.00th=[     4],
     | 30.00th=[     4], 40.00th=[     5], 50.00th=[     6], 60.00th=[     7],
     | 70.00th=[     9], 80.00th=[    14], 90.00th=[    30], 95.00th=[    76],
     | 99.00th=[ 15008], 99.50th=[ 35914], 99.90th=[ 92799], 99.95th=[110625],
     | 99.99th=[152044]
   bw (  KiB/s): min=   25, max=10270, per=0.25%, avg=1707.59, stdev=2313.37, samples=119
   iops        : min=   25, max=10270, avg=1707.59, stdev=2313.37, samples=119
  lat (nsec)   : 750=0.01%, 1000=0.07%
  lat (usec)   : 2=24.23%, 4=51.22%, 10=14.43%, 20=4.36%, 50=2.44%
  lat (usec)   : 100=1.01%, 250=0.71%, 500=0.40%, 750=0.18%, 1000=0.09%
  lat (msec)   : 2=0.17%, 4=0.14%, 10=0.17%, 20=0.10%, 50=0.18%
  lat (msec)   : 100=0.08%, 250=0.03%, 500=0.01%
  cpu          : usr=0.68%, sys=4.85%, ctx=6408, majf=0, minf=23
  IO depths    : 1=100.0%, 2=0.0%, 4=0.0%, 8=0.0%, 16=0.0%, 32=0.0%, >=64=0.0%
     submit    : 0=0.0%, 4=100.0%, 8=0.0%, 16=0.0%, 32=0.0%, 64=0.0%, >=64=0.0%
     complete  : 0=0.0%, 4=100.0%, 8=0.0%, 16=0.0%, 32=0.0%, 64=0.0%, >=64=0.0%
     issued rwts: total=210679,104051,0,0 short=0,0,0,0 dropped=0,0,0,0
     latency   : target=0, window=0, percentile=100.00%, depth=1
job0.0: (groupid=0, jobs=1): err= 0: pid=8791: Tue Oct 24 20:34:30 2023
  read: IOPS=3496, BW=3497KiB/s (3580kB/s)(205MiB/60022msec)
    clat (nsec): min=722, max=43678k, avg=23172.34, stdev=387348.59
     lat (nsec): min=782, max=43678k, avg=23266.92, stdev=387485.33
    clat percentiles (nsec):
     |  1.00th=[    1288],  5.00th=[    1528], 10.00th=[    1656],
     | 20.00th=[    1800], 30.00th=[    1928], 40.00th=[    2040],
     | 50.00th=[    2160], 60.00th=[    2320], 70.00th=[    2512],
     | 80.00th=[    2768], 90.00th=[    3248], 95.00th=[    3824],
     | 99.00th=[  201728], 99.50th=[  806912], 99.90th=[ 4816896],
     | 99.95th=[ 7634944], 99.99th=[17432576]
   bw (  KiB/s): min=   28, max=21676, per=0.25%, avg=3461.24, stdev=4627.28, samples=119
   iops        : min=   28, max=21676, avg=3461.24, stdev=4627.28, samples=119
  write: IOPS=1739, BW=1739KiB/s (1781kB/s)(102MiB/60022msec); 0 zone resets
    clat (nsec): min=1262, max=307592k, avg=524067.42, stdev=5715580.89
     lat (nsec): min=1342, max=307592k, avg=524226.46, stdev=5716300.90
    clat percentiles (usec):
     |  1.00th=[     3],  5.00th=[     3], 10.00th=[     3], 20.00th=[     4],
     | 30.00th=[     4], 40.00th=[     5], 50.00th=[     5], 60.00th=[     7],
     | 70.00th=[     9], 80.00th=[    13], 90.00th=[    27], 95.00th=[    78],
     | 99.00th=[ 14746], 99.50th=[ 35914], 99.90th=[ 90702], 99.95th=[108528],
     | 99.99th=[158335]
   bw (  KiB/s): min=   20, max=10790, per=0.25%, avg=1721.74, stdev=2312.20, samples=119
   iops        : min=   20, max=10790, avg=1721.74, stdev=2312.20, samples=119
  lat (nsec)   : 750=0.01%, 1000=0.07%
  lat (usec)   : 2=24.43%, 4=51.48%, 10=14.47%, 20=4.14%, 50=2.27%
  lat (usec)   : 100=0.85%, 250=0.78%, 500=0.40%, 750=0.18%, 1000=0.08%
  lat (msec)   : 2=0.16%, 4=0.13%, 10=0.18%, 20=0.10%, 50=0.18%
  lat (msec)   : 100=0.08%, 250=0.02%, 500=0.01%
  cpu          : usr=0.62%, sys=4.74%, ctx=6468, majf=0, minf=22
  IO depths    : 1=100.0%, 2=0.0%, 4=0.0%, 8=0.0%, 16=0.0%, 32=0.0%, >=64=0.0%
     submit    : 0=0.0%, 4=100.0%, 8=0.0%, 16=0.0%, 32=0.0%, 64=0.0%, >=64=0.0%
     complete  : 0=0.0%, 4=100.0%, 8=0.0%, 16=0.0%, 32=0.0%, 64=0.0%, >=64=0.0%
     issued rwts: total=209870,104390,0,0 short=0,0,0,0 dropped=0,0,0,0
     latency   : target=0, window=0, percentile=100.00%, depth=1
job1.0: (groupid=0, jobs=1): err= 0: pid=8792: Tue Oct 24 20:34:30 2023
  read: IOPS=3474, BW=6950KiB/s (7117kB/s)(407MiB/60018msec)
    clat (nsec): min=752, max=48116k, avg=23943.46, stdev=389398.52
     lat (nsec): min=822, max=48116k, avg=24023.01, stdev=389410.14
    clat percentiles (nsec):
     |  1.00th=[    1560],  5.00th=[    1816], 10.00th=[    1944],
     | 20.00th=[    2128], 30.00th=[    2256], 40.00th=[    2416],
     | 50.00th=[    2576], 60.00th=[    2768], 70.00th=[    2992],
     | 80.00th=[    3280], 90.00th=[    3856], 95.00th=[    4512],
     | 99.00th=[  228352], 99.50th=[  856064], 99.90th=[ 4816896],
     | 99.95th=[ 7831552], 99.99th=[17170432]
   bw (  KiB/s): min=  140, max=45587, per=0.50%, avg=6886.91, stdev=9234.09, samples=119
   iops        : min=   70, max=22793, avg=3443.34, stdev=4617.05, samples=119
  write: IOPS=1717, BW=3436KiB/s (3518kB/s)(201MiB/60018msec); 0 zone resets
    clat (nsec): min=1292, max=307610k, avg=529944.33, stdev=5699937.45
     lat (nsec): min=1372, max=307610k, avg=530031.68, stdev=5699946.43
    clat percentiles (usec):
     |  1.00th=[     3],  5.00th=[     3], 10.00th=[     4], 20.00th=[     4],
     | 30.00th=[     5], 40.00th=[     5], 50.00th=[     6], 60.00th=[     7],
     | 70.00th=[    10], 80.00th=[    16], 90.00th=[    33], 95.00th=[    80],
     | 99.00th=[ 15139], 99.50th=[ 36439], 99.90th=[ 90702], 99.95th=[108528],
     | 99.99th=[160433]
   bw (  KiB/s): min=   48, max=23346, per=0.50%, avg=3403.62, stdev=4592.10, samples=119
   iops        : min=   24, max=11673, avg=1701.67, stdev=2296.06, samples=119
  lat (nsec)   : 1000=0.05%
  lat (usec)   : 2=8.63%, 4=61.57%, 10=18.80%, 20=4.68%, 50=2.90%
  lat (usec)   : 100=1.03%, 250=0.76%, 500=0.42%, 750=0.19%, 1000=0.10%
  lat (msec)   : 2=0.16%, 4=0.14%, 10=0.18%, 20=0.11%, 50=0.18%
  lat (msec)   : 100=0.09%, 250=0.02%, 500=0.01%
  cpu          : usr=0.65%, sys=5.14%, ctx=6536, majf=0, minf=22
  IO depths    : 1=100.0%, 2=0.0%, 4=0.0%, 8=0.0%, 16=0.0%, 32=0.0%, >=64=0.0%
     submit    : 0=0.0%, 4=100.0%, 8=0.0%, 16=0.0%, 32=0.0%, 64=0.0%, >=64=0.0%
     complete  : 0=0.0%, 4=100.0%, 8=0.0%, 16=0.0%, 32=0.0%, 64=0.0%, >=64=0.0%
     issued rwts: total=208559,103100,0,0 short=0,0,0,0 dropped=0,0,0,0
     latency   : target=0, window=0, percentile=100.00%, depth=1
job1.0: (groupid=0, jobs=1): err= 0: pid=8793: Tue Oct 24 20:34:30 2023
  read: IOPS=3139, BW=6279KiB/s (6429kB/s)(368MiB/60001msec)
    clat (nsec): min=742, max=45810k, avg=25504.13, stdev=416008.27
     lat (nsec): min=812, max=45810k, avg=25614.81, stdev=416292.15
    clat percentiles (nsec):
     |  1.00th=[    1576],  5.00th=[    1816], 10.00th=[    1944],
     | 20.00th=[    2128], 30.00th=[    2256], 40.00th=[    2416],
     | 50.00th=[    2576], 60.00th=[    2768], 70.00th=[    2992],
     | 80.00th=[    3312], 90.00th=[    3920], 95.00th=[    4640],
     | 99.00th=[  280576], 99.50th=[  978944], 99.90th=[ 5210112],
     | 99.95th=[ 8290304], 99.99th=[16187392]
   bw (  KiB/s): min=   84, max=42487, per=0.45%, avg=6206.19, stdev=8294.89, samples=119
   iops        : min=   42, max=21243, avg=3102.97, stdev=4147.46, samples=119
  write: IOPS=1542, BW=3084KiB/s (3158kB/s)(181MiB/60001msec); 0 zone resets
    clat (nsec): min=1303, max=325233k, avg=591998.42, stdev=6050759.32
     lat (nsec): min=1373, max=325234k, avg=592090.70, stdev=6050771.77
    clat percentiles (usec):
     |  1.00th=[     3],  5.00th=[     3], 10.00th=[     4], 20.00th=[     4],
     | 30.00th=[     5], 40.00th=[     5], 50.00th=[     6], 60.00th=[     7],
     | 70.00th=[    10], 80.00th=[    16], 90.00th=[    33], 95.00th=[    91],
     | 99.00th=[ 18744], 99.50th=[ 40109], 99.90th=[ 98042], 99.95th=[110625],
     | 99.99th=[156238]
   bw (  KiB/s): min=   40, max=20891, per=0.45%, avg=3046.78, stdev=4065.27, samples=119
   iops        : min=   20, max=10445, avg=1523.31, stdev=2032.62, samples=119
  lat (nsec)   : 750=0.01%, 1000=0.05%
  lat (usec)   : 2=8.42%, 4=61.56%, 10=19.43%, 20=4.14%, 50=2.88%
  lat (usec)   : 100=1.03%, 250=0.76%, 500=0.47%, 750=0.20%, 1000=0.10%
  lat (msec)   : 2=0.18%, 4=0.14%, 10=0.19%, 20=0.13%, 50=0.20%
  lat (msec)   : 100=0.09%, 250=0.03%, 500=0.01%
  cpu          : usr=0.60%, sys=4.87%, ctx=6319, majf=0, minf=21
  IO depths    : 1=100.0%, 2=0.0%, 4=0.0%, 8=0.0%, 16=0.0%, 32=0.0%, >=64=0.0%
     submit    : 0=0.0%, 4=100.0%, 8=0.0%, 16=0.0%, 32=0.0%, 64=0.0%, >=64=0.0%
     complete  : 0=0.0%, 4=100.0%, 8=0.0%, 16=0.0%, 32=0.0%, 64=0.0%, >=64=0.0%
     issued rwts: total=188362,92530,0,0 short=0,0,0,0 dropped=0,0,0,0
     latency   : target=0, window=0, percentile=100.00%, depth=1
job1.0: (groupid=0, jobs=1): err= 0: pid=8794: Tue Oct 24 20:34:30 2023
  read: IOPS=3084, BW=6168KiB/s (6316kB/s)(361MiB/60011msec)
    clat (nsec): min=741, max=55817k, avg=26707.06, stdev=419732.83
     lat (nsec): min=811, max=55817k, avg=26788.72, stdev=419746.19
    clat percentiles (nsec):
     |  1.00th=[    1544],  5.00th=[    1800], 10.00th=[    1928],
     | 20.00th=[    2096], 30.00th=[    2256], 40.00th=[    2384],
     | 50.00th=[    2544], 60.00th=[    2736], 70.00th=[    2960],
     | 80.00th=[    3312], 90.00th=[    3920], 95.00th=[    4640],
     | 99.00th=[  301056], 99.50th=[ 1105920], 99.90th=[ 5603328],
     | 99.95th=[ 8159232], 99.99th=[15794176]
   bw (  KiB/s): min=   92, max=46946, per=0.45%, avg=6092.08, stdev=8158.51, samples=119
   iops        : min=   46, max=23473, avg=3045.95, stdev=4079.26, samples=119
  write: IOPS=1516, BW=3033KiB/s (3106kB/s)(178MiB/60011msec); 0 zone resets
    clat (nsec): min=1283, max=320523k, avg=601146.61, stdev=6064124.73
     lat (nsec): min=1363, max=320523k, avg=601248.89, stdev=6064136.27
    clat percentiles (usec):
     |  1.00th=[     3],  5.00th=[     3], 10.00th=[     4], 20.00th=[     4],
     | 30.00th=[     5], 40.00th=[     5], 50.00th=[     6], 60.00th=[     7],
     | 70.00th=[     9], 80.00th=[    15], 90.00th=[    32], 95.00th=[    95],
     | 99.00th=[ 19268], 99.50th=[ 41157], 99.90th=[ 95945], 99.95th=[114820],
     | 99.99th=[160433]
   bw (  KiB/s): min=   40, max=23560, per=0.44%, avg=2994.62, stdev=4038.46, samples=119
   iops        : min=   20, max=11780, avg=1497.14, stdev=2019.24, samples=119
  lat (nsec)   : 750=0.01%, 1000=0.05%
  lat (usec)   : 2=9.18%, 4=61.05%, 10=19.27%, 20=4.16%, 50=2.79%
  lat (usec)   : 100=0.95%, 250=0.81%, 500=0.43%, 750=0.21%, 1000=0.10%
  lat (msec)   : 2=0.19%, 4=0.15%, 10=0.20%, 20=0.12%, 50=0.21%
  lat (msec)   : 100=0.09%, 250=0.03%, 500=0.01%
  cpu          : usr=0.61%, sys=4.66%, ctx=6356, majf=0, minf=23
  IO depths    : 1=100.0%, 2=0.0%, 4=0.0%, 8=0.0%, 16=0.0%, 32=0.0%, >=64=0.0%
     submit    : 0=0.0%, 4=100.0%, 8=0.0%, 16=0.0%, 32=0.0%, 64=0.0%, >=64=0.0%
     complete  : 0=0.0%, 4=100.0%, 8=0.0%, 16=0.0%, 32=0.0%, 64=0.0%, >=64=0.0%
     issued rwts: total=185080,91010,0,0 short=0,0,0,0 dropped=0,0,0,0
     latency   : target=0, window=0, percentile=100.00%, depth=1
job1.0: (groupid=0, jobs=1): err= 0: pid=8795: Tue Oct 24 20:34:30 2023
  read: IOPS=3542, BW=7085KiB/s (7255kB/s)(415MiB/60001msec)
    clat (nsec): min=742, max=74159k, avg=24480.77, stdev=456499.15
     lat (nsec): min=812, max=74159k, avg=24571.25, stdev=456547.99
    clat percentiles (nsec):
     |  1.00th=[    1560],  5.00th=[    1816], 10.00th=[    1960],
     | 20.00th=[    2128], 30.00th=[    2256], 40.00th=[    2416],
     | 50.00th=[    2576], 60.00th=[    2768], 70.00th=[    2992],
     | 80.00th=[    3312], 90.00th=[    3856], 95.00th=[    4512],
     | 99.00th=[  242688], 99.50th=[  897024], 99.90th=[ 4685824],
     | 99.95th=[ 7569408], 99.99th=[15663104]
   bw (  KiB/s): min=  132, max=38940, per=0.51%, avg=7027.06, stdev=8999.11, samples=119
   iops        : min=   66, max=19470, avg=3513.39, stdev=4499.55, samples=119
  write: IOPS=1742, BW=3484KiB/s (3568kB/s)(204MiB/60001msec); 0 zone resets
    clat (nsec): min=1292, max=354355k, avg=520160.21, stdev=5665833.25
     lat (nsec): min=1372, max=354355k, avg=520352.13, stdev=5665923.22
    clat percentiles (usec):
     |  1.00th=[     3],  5.00th=[     3], 10.00th=[     4], 20.00th=[     4],
     | 30.00th=[     5], 40.00th=[     5], 50.00th=[     6], 60.00th=[     7],
     | 70.00th=[     9], 80.00th=[    15], 90.00th=[    35], 95.00th=[    83],
     | 99.00th=[ 14615], 99.50th=[ 36439], 99.90th=[ 91751], 99.95th=[107480],
     | 99.99th=[145753]
   bw (  KiB/s): min=   44, max=19876, per=0.51%, avg=3455.18, stdev=4453.88, samples=119
   iops        : min=   22, max= 9938, avg=1727.46, stdev=2226.92, samples=119
  lat (nsec)   : 750=0.01%, 1000=0.06%
  lat (usec)   : 2=8.29%, 4=61.82%, 10=19.75%, 20=3.99%, 50=2.67%
  lat (usec)   : 100=1.06%, 250=0.77%, 500=0.42%, 750=0.19%, 1000=0.09%
  lat (msec)   : 2=0.17%, 4=0.15%, 10=0.17%, 20=0.11%, 50=0.17%
  lat (msec)   : 100=0.08%, 250=0.02%, 500=0.01%
  cpu          : usr=0.67%, sys=5.15%, ctx=6429, majf=0, minf=24
  IO depths    : 1=100.0%, 2=0.0%, 4=0.0%, 8=0.0%, 16=0.0%, 32=0.0%, >=64=0.0%
     submit    : 0=0.0%, 4=100.0%, 8=0.0%, 16=0.0%, 32=0.0%, 64=0.0%, >=64=0.0%
     complete  : 0=0.0%, 4=100.0%, 8=0.0%, 16=0.0%, 32=0.0%, 64=0.0%, >=64=0.0%
     issued rwts: total=212553,104528,0,0 short=0,0,0,0 dropped=0,0,0,0
     latency   : target=0, window=0, percentile=100.00%, depth=1
job2.0: (groupid=0, jobs=1): err= 0: pid=8796: Tue Oct 24 20:34:30 2023
  read: IOPS=2815, BW=11.0MiB/s (11.5MB/s)(686MiB/62339msec)
    clat (nsec): min=832, max=73665k, avg=30867.52, stdev=460307.66
     lat (nsec): min=902, max=73665k, avg=30959.43, stdev=460338.64
    clat percentiles (nsec):
     |  1.00th=[    1768],  5.00th=[    2064], 10.00th=[    2192],
     | 20.00th=[    2384], 30.00th=[    2544], 40.00th=[    2704],
     | 50.00th=[    2896], 60.00th=[    3120], 70.00th=[    3376],
     | 80.00th=[    3728], 90.00th=[    4384], 95.00th=[    5216],
     | 99.00th=[  436224], 99.50th=[ 1351680], 99.90th=[ 6324224],
     | 99.95th=[ 8716288], 99.99th=[15400960]
   bw (  KiB/s): min=  303, max=90574, per=0.86%, avg=11731.66, stdev=16226.74, samples=117
   iops        : min=   75, max=22643, avg=2932.75, stdev=4056.69, samples=117
  write: IOPS=1390, BW=5560KiB/s (5694kB/s)(339MiB/62339msec); 0 zone resets
    clat (nsec): min=1373, max=325236k, avg=610873.23, stdev=6175274.97
     lat (nsec): min=1462, max=325236k, avg=610977.11, stdev=6175289.62
    clat percentiles (usec):
     |  1.00th=[     3],  5.00th=[     4], 10.00th=[     4], 20.00th=[     5],
     | 30.00th=[     5], 40.00th=[     6], 50.00th=[     7], 60.00th=[     8],
     | 70.00th=[    10], 80.00th=[    15], 90.00th=[    31], 95.00th=[    74],
     | 99.00th=[ 19792], 99.50th=[ 40109], 99.90th=[ 98042], 99.95th=[110625],
     | 99.99th=[149947]
   bw (  KiB/s): min=  104, max=43192, per=0.86%, avg=5794.21, stdev=7897.40, samples=117
   iops        : min=   26, max=10798, avg=1448.38, stdev=1974.37, samples=117
  lat (nsec)   : 1000=0.03%
  lat (usec)   : 2=2.43%, 4=60.63%, 10=25.78%, 20=4.88%, 50=2.79%
  lat (usec)   : 100=0.99%, 250=0.76%, 500=0.42%, 750=0.21%, 1000=0.10%
  lat (msec)   : 2=0.17%, 4=0.14%, 10=0.22%, 20=0.14%, 50=0.20%
  lat (msec)   : 100=0.10%, 250=0.03%, 500=0.01%
  cpu          : usr=0.57%, sys=3.92%, ctx=8628, majf=0, minf=23
  IO depths    : 1=100.0%, 2=0.0%, 4=0.0%, 8=0.0%, 16=0.0%, 32=0.0%, >=64=0.0%
     submit    : 0=0.0%, 4=100.0%, 8=0.0%, 16=0.0%, 32=0.0%, 64=0.0%, >=64=0.0%
     complete  : 0=0.0%, 4=100.0%, 8=0.0%, 16=0.0%, 32=0.0%, 64=0.0%, >=64=0.0%
     issued rwts: total=175488,86657,0,0 short=0,0,0,0 dropped=0,0,0,0
     latency   : target=0, window=0, percentile=100.00%, depth=1
job2.0: (groupid=0, jobs=1): err= 0: pid=8797: Tue Oct 24 20:34:30 2023
  read: IOPS=2819, BW=11.0MiB/s (11.5MB/s)(687MiB/62333msec)
    clat (nsec): min=831, max=71210k, avg=32595.53, stdev=512978.40
     lat (nsec): min=891, max=71210k, avg=32668.40, stdev=512982.73
    clat percentiles (nsec):
     |  1.00th=[    1768],  5.00th=[    2064], 10.00th=[    2192],
     | 20.00th=[    2384], 30.00th=[    2544], 40.00th=[    2704],
     | 50.00th=[    2896], 60.00th=[    3088], 70.00th=[    3344],
     | 80.00th=[    3696], 90.00th=[    4320], 95.00th=[    5216],
     | 99.00th=[  444416], 99.50th=[ 1335296], 99.90th=[ 6586368],
     | 99.95th=[ 9633792], 99.99th=[19267584]
   bw (  KiB/s): min=  256, max=64256, per=0.86%, avg=11790.49, stdev=15058.25, samples=117
   iops        : min=   64, max=16064, avg=2947.47, stdev=3764.58, samples=117
  write: IOPS=1385, BW=5543KiB/s (5676kB/s)(337MiB/62333msec); 0 zone resets
    clat (nsec): min=1393, max=409470k, avg=609460.77, stdev=6190498.45
     lat (nsec): min=1473, max=409470k, avg=610052.65, stdev=6194352.87
    clat percentiles (usec):
     |  1.00th=[     3],  5.00th=[     4], 10.00th=[     4], 20.00th=[     5],
     | 30.00th=[     5], 40.00th=[     6], 50.00th=[     7], 60.00th=[     8],
     | 70.00th=[    10], 80.00th=[    15], 90.00th=[    30], 95.00th=[    70],
     | 99.00th=[ 20317], 99.50th=[ 40109], 99.90th=[ 96994], 99.95th=[111674],
     | 99.99th=[158335]
   bw (  KiB/s): min=   88, max=31775, per=0.86%, avg=5794.20, stdev=7438.95, samples=117
   iops        : min=   22, max= 7943, avg=1448.37, stdev=1859.74, samples=117
  lat (nsec)   : 1000=0.03%
  lat (usec)   : 2=2.39%, 4=61.07%, 10=25.49%, 20=4.71%, 50=2.95%
  lat (usec)   : 100=0.93%, 250=0.73%, 500=0.42%, 750=0.19%, 1000=0.10%
  lat (msec)   : 2=0.17%, 4=0.13%, 10=0.22%, 20=0.14%, 50=0.21%
  lat (msec)   : 100=0.10%, 250=0.03%, 500=0.01%
  cpu          : usr=0.49%, sys=3.96%, ctx=8675, majf=0, minf=24
  IO depths    : 1=100.0%, 2=0.0%, 4=0.0%, 8=0.0%, 16=0.0%, 32=0.0%, >=64=0.0%
     submit    : 0=0.0%, 4=100.0%, 8=0.0%, 16=0.0%, 32=0.0%, 64=0.0%, >=64=0.0%
     complete  : 0=0.0%, 4=100.0%, 8=0.0%, 16=0.0%, 32=0.0%, 64=0.0%, >=64=0.0%
     issued rwts: total=175761,86384,0,0 short=0,0,0,0 dropped=0,0,0,0
     latency   : target=0, window=0, percentile=100.00%, depth=1
job2.0: (groupid=0, jobs=1): err= 0: pid=8798: Tue Oct 24 20:34:30 2023
  read: IOPS=3265, BW=12.8MiB/s (13.4MB/s)(766MiB/60012msec)
    clat (nsec): min=822, max=38467k, avg=27924.68, stdev=415575.99
     lat (nsec): min=892, max=38467k, avg=27998.90, stdev=415584.15
    clat percentiles (nsec):
     |  1.00th=[    1768],  5.00th=[    2064], 10.00th=[    2192],
     | 20.00th=[    2384], 30.00th=[    2544], 40.00th=[    2704],
     | 50.00th=[    2864], 60.00th=[    3056], 70.00th=[    3312],
     | 80.00th=[    3664], 90.00th=[    4320], 95.00th=[    5088],
     | 99.00th=[  321536], 99.50th=[ 1105920], 99.90th=[ 5931008],
     | 99.95th=[ 8978432], 99.99th=[16318464]
   bw (  KiB/s): min=  152, max=72704, per=0.95%, avg=12966.58, stdev=15939.51, samples=118
   iops        : min=   38, max=18176, avg=3241.47, stdev=3984.88, samples=118
  write: IOPS=1612, BW=6448KiB/s (6603kB/s)(378MiB/60012msec); 0 zone resets
    clat (nsec): min=1373, max=304516k, avg=554661.34, stdev=5875448.29
     lat (nsec): min=1463, max=304516k, avg=554758.89, stdev=5875456.71
    clat percentiles (usec):
     |  1.00th=[     3],  5.00th=[     4], 10.00th=[     4], 20.00th=[     5],
     | 30.00th=[     5], 40.00th=[     6], 50.00th=[     7], 60.00th=[     8],
     | 70.00th=[    10], 80.00th=[    15], 90.00th=[    29], 95.00th=[    69],
     | 99.00th=[ 17171], 99.50th=[ 38011], 99.90th=[ 95945], 99.95th=[109577],
     | 99.99th=[156238]
   bw (  KiB/s): min=   72, max=35754, per=0.95%, avg=6400.86, stdev=7875.30, samples=118
   iops        : min=   18, max= 8938, avg=1600.06, stdev=1968.78, samples=118
  lat (nsec)   : 1000=0.03%
  lat (usec)   : 2=2.52%, 4=61.52%, 10=24.84%, 20=5.22%, 50=2.63%
  lat (usec)   : 100=0.95%, 250=0.77%, 500=0.37%, 750=0.17%, 1000=0.08%
  lat (msec)   : 2=0.14%, 4=0.11%, 10=0.20%, 20=0.12%, 50=0.19%
  lat (msec)   : 100=0.09%, 250=0.03%, 500=0.01%
  cpu          : usr=0.57%, sys=4.22%, ctx=7733, majf=0, minf=21
  IO depths    : 1=100.0%, 2=0.0%, 4=0.0%, 8=0.0%, 16=0.0%, 32=0.0%, >=64=0.0%
     submit    : 0=0.0%, 4=100.0%, 8=0.0%, 16=0.0%, 32=0.0%, 64=0.0%, >=64=0.0%
     complete  : 0=0.0%, 4=100.0%, 8=0.0%, 16=0.0%, 32=0.0%, 64=0.0%, >=64=0.0%
     issued rwts: total=195980,96742,0,0 short=0,0,0,0 dropped=0,0,0,0
     latency   : target=0, window=0, percentile=100.00%, depth=1
job2.0: (groupid=0, jobs=1): err= 0: pid=8799: Tue Oct 24 20:34:30 2023
  read: IOPS=2816, BW=11.0MiB/s (11.5MB/s)(686MiB/62337msec)
    clat (nsec): min=832, max=68585k, avg=30735.83, stdev=507653.97
     lat (nsec): min=892, max=68585k, avg=30819.21, stdev=507672.80
    clat percentiles (nsec):
     |  1.00th=[    1784],  5.00th=[    2096], 10.00th=[    2224],
     | 20.00th=[    2416], 30.00th=[    2608], 40.00th=[    2768],
     | 50.00th=[    2960], 60.00th=[    3184], 70.00th=[    3440],
     | 80.00th=[    3792], 90.00th=[    4448], 95.00th=[    5280],
     | 99.00th=[  382976], 99.50th=[ 1351680], 99.90th=[ 5931008],
     | 99.95th=[ 8454144], 99.99th=[20578304]
   bw (  KiB/s): min=  248, max=76221, per=0.86%, avg=11761.31, stdev=15019.41, samples=117
   iops        : min=   62, max=19055, avg=2940.15, stdev=3754.85, samples=117
  write: IOPS=1388, BW=5555KiB/s (5688kB/s)(338MiB/62337msec); 0 zone resets
    clat (nsec): min=1353, max=354304k, avg=613166.98, stdev=6218447.49
     lat (nsec): min=1443, max=354304k, avg=613270.09, stdev=6218459.00
    clat percentiles (usec):
     |  1.00th=[     3],  5.00th=[     4], 10.00th=[     4], 20.00th=[     5],
     | 30.00th=[     5], 40.00th=[     6], 50.00th=[     7], 60.00th=[     8],
     | 70.00th=[    10], 80.00th=[    16], 90.00th=[    33], 95.00th=[    81],
     | 99.00th=[ 20055], 99.50th=[ 40633], 99.90th=[ 95945], 99.95th=[111674],
     | 99.99th=[166724]
   bw (  KiB/s): min=  120, max=37607, per=0.86%, avg=5802.03, stdev=7377.09, samples=117
   iops        : min=   30, max= 9401, avg=1450.33, stdev=1844.25, samples=117
  lat (nsec)   : 1000=0.02%
  lat (usec)   : 2=2.20%, 4=60.05%, 10=26.48%, 20=4.85%, 50=2.88%
  lat (usec)   : 100=0.99%, 250=0.83%, 500=0.44%, 750=0.17%, 1000=0.09%
  lat (msec)   : 2=0.17%, 4=0.14%, 10=0.22%, 20=0.13%, 50=0.21%
  lat (msec)   : 100=0.10%, 250=0.03%, 500=0.01%
  cpu          : usr=0.56%, sys=3.99%, ctx=8818, majf=0, minf=24
  IO depths    : 1=100.0%, 2=0.0%, 4=0.0%, 8=0.0%, 16=0.0%, 32=0.0%, >=64=0.0%
     submit    : 0=0.0%, 4=100.0%, 8=0.0%, 16=0.0%, 32=0.0%, 64=0.0%, >=64=0.0%
     complete  : 0=0.0%, 4=100.0%, 8=0.0%, 16=0.0%, 32=0.0%, 64=0.0%, >=64=0.0%
     issued rwts: total=175575,86570,0,0 short=0,0,0,0 dropped=0,0,0,0
     latency   : target=0, window=0, percentile=100.00%, depth=1
job3.0: (groupid=0, jobs=1): err= 0: pid=8800: Tue Oct 24 20:34:30 2023
  read: IOPS=2418, BW=18.9MiB/s (19.8MB/s)(1134MiB/60004msec)
    clat (nsec): min=1133, max=73664k, avg=36136.38, stdev=474295.68
     lat (nsec): min=1193, max=73664k, avg=36213.19, stdev=474301.21
    clat percentiles (usec):
     |  1.00th=[    3],  5.00th=[    3], 10.00th=[    4], 20.00th=[    4],
     | 30.00th=[    4], 40.00th=[    5], 50.00th=[    5], 60.00th=[    5],
     | 70.00th=[    6], 80.00th=[    6], 90.00th=[    7], 95.00th=[    8],
     | 99.00th=[  553], 99.50th=[ 1663], 99.90th=[ 6652], 99.95th=[ 9241],
     | 99.99th=[16712]
   bw (  KiB/s): min=  383, max=115057, per=1.40%, avg=19126.60, stdev=24224.51, samples=119
   iops        : min=   47, max=14382, avg=2390.62, stdev=3028.05, samples=119
  write: IOPS=1189, BW=9515KiB/s (9744kB/s)(558MiB/60004msec); 0 zone resets
    clat (usec): min=2, max=491098, avg=754.45, stdev=6931.13
     lat (usec): min=2, max=491098, avg=754.57, stdev=6931.14
    clat percentiles (usec):
     |  1.00th=[     5],  5.00th=[     6], 10.00th=[     6], 20.00th=[     7],
     | 30.00th=[     7], 40.00th=[     8], 50.00th=[     9], 60.00th=[    11],
     | 70.00th=[    13], 80.00th=[    20], 90.00th=[    42], 95.00th=[   116],
     | 99.00th=[ 26870], 99.50th=[ 48497], 99.90th=[101188], 99.95th=[114820],
     | 99.99th=[170918]
   bw (  KiB/s): min=  160, max=56950, per=1.39%, avg=9406.29, stdev=11976.94, samples=119
   iops        : min=   20, max= 7118, avg=1175.61, stdev=1497.12, samples=119
  lat (usec)   : 2=0.04%, 4=25.65%, 10=58.32%, 20=8.02%, 50=3.72%
  lat (usec)   : 100=1.13%, 250=1.09%, 500=0.51%, 750=0.25%, 1000=0.11%
  lat (msec)   : 2=0.18%, 4=0.16%, 10=0.25%, 20=0.15%, 50=0.26%
  lat (msec)   : 100=0.12%, 250=0.03%, 500=0.01%
  cpu          : usr=0.44%, sys=4.28%, ctx=5394, majf=0, minf=22
  IO depths    : 1=100.0%, 2=0.0%, 4=0.0%, 8=0.0%, 16=0.0%, 32=0.0%, >=64=0.0%
     submit    : 0=0.0%, 4=100.0%, 8=0.0%, 16=0.0%, 32=0.0%, 64=0.0%, >=64=0.0%
     complete  : 0=0.0%, 4=100.0%, 8=0.0%, 16=0.0%, 32=0.0%, 64=0.0%, >=64=0.0%
     issued rwts: total=145142,71371,0,0 short=0,0,0,0 dropped=0,0,0,0
     latency   : target=0, window=0, percentile=100.00%, depth=1
job3.0: (groupid=0, jobs=1): err= 0: pid=8801: Tue Oct 24 20:34:30 2023
  read: IOPS=2171, BW=17.0MiB/s (17.8MB/s)(1018MiB/60007msec)
    clat (nsec): min=1132, max=62020k, avg=41959.53, stdev=539344.81
     lat (nsec): min=1202, max=62020k, avg=42034.34, stdev=539350.76
    clat percentiles (usec):
     |  1.00th=[    3],  5.00th=[    4], 10.00th=[    4], 20.00th=[    4],
     | 30.00th=[    4], 40.00th=[    5], 50.00th=[    5], 60.00th=[    5],
     | 70.00th=[    6], 80.00th=[    6], 90.00th=[    7], 95.00th=[    9],
     | 99.00th=[  725], 99.50th=[ 1942], 99.90th=[ 6915], 99.95th=[10552],
     | 99.99th=[21103]
   bw (  KiB/s): min=  592, max=100896, per=1.29%, avg=17670.72, stdev=20914.01, samples=116
   iops        : min=   74, max=12612, avg=2208.65, stdev=2614.27, samples=116
  write: IOPS=1077, BW=8623KiB/s (8830kB/s)(505MiB/60007msec); 0 zone resets
    clat (nsec): min=1944, max=307893k, avg=811983.87, stdev=7093903.53
     lat (usec): min=2, max=307893, avg=812.12, stdev=7093.91
    clat percentiles (usec):
     |  1.00th=[     5],  5.00th=[     6], 10.00th=[     6], 20.00th=[     7],
     | 30.00th=[     7], 40.00th=[     8], 50.00th=[     9], 60.00th=[    11],
     | 70.00th=[    14], 80.00th=[    21], 90.00th=[    45], 95.00th=[   137],
     | 99.00th=[ 28705], 99.50th=[ 49021], 99.90th=[104334], 99.95th=[116917],
     | 99.99th=[160433]
   bw (  KiB/s): min=  288, max=48672, per=1.30%, avg=8773.41, stdev=10407.34, samples=116
   iops        : min=   36, max= 6084, avg=1096.53, stdev=1300.91, samples=116
  lat (usec)   : 2=0.04%, 4=24.55%, 10=58.64%, 20=7.95%, 50=4.05%
  lat (usec)   : 100=1.25%, 250=1.12%, 500=0.64%, 750=0.30%, 1000=0.13%
  lat (msec)   : 2=0.23%, 4=0.19%, 10=0.28%, 20=0.18%, 50=0.29%
  lat (msec)   : 100=0.12%, 250=0.04%, 500=0.01%
  cpu          : usr=0.48%, sys=4.45%, ctx=7901, majf=0, minf=21
  IO depths    : 1=100.0%, 2=0.0%, 4=0.0%, 8=0.0%, 16=0.0%, 32=0.0%, >=64=0.0%
     submit    : 0=0.0%, 4=100.0%, 8=0.0%, 16=0.0%, 32=0.0%, 64=0.0%, >=64=0.0%
     complete  : 0=0.0%, 4=100.0%, 8=0.0%, 16=0.0%, 32=0.0%, 64=0.0%, >=64=0.0%
     issued rwts: total=130327,64681,0,0 short=0,0,0,0 dropped=0,0,0,0
     latency   : target=0, window=0, percentile=100.00%, depth=1
job3.0: (groupid=0, jobs=1): err= 0: pid=8802: Tue Oct 24 20:34:30 2023
  read: IOPS=2402, BW=18.8MiB/s (19.7MB/s)(1126MiB/60008msec)
    clat (nsec): min=1112, max=70305k, avg=38668.61, stdev=527355.52
     lat (nsec): min=1182, max=70306k, avg=38743.59, stdev=527362.43
    clat percentiles (usec):
     |  1.00th=[    3],  5.00th=[    3], 10.00th=[    4], 20.00th=[    4],
     | 30.00th=[    4], 40.00th=[    5], 50.00th=[    5], 60.00th=[    5],
     | 70.00th=[    5], 80.00th=[    6], 90.00th=[    7], 95.00th=[    8],
     | 99.00th=[  603], 99.50th=[ 1844], 99.90th=[ 6849], 99.95th=[ 9634],
     | 99.99th=[17433]
   bw (  KiB/s): min=  288, max=134479, per=1.39%, avg=19022.07, stdev=25394.22, samples=119
   iops        : min=   36, max=16809, avg=2377.57, stdev=3174.24, samples=119
  write: IOPS=1189, BW=9518KiB/s (9747kB/s)(558MiB/60008msec); 0 zone resets
    clat (usec): min=2, max=420397, avg=750.63, stdev=6863.81
     lat (usec): min=2, max=420397, avg=750.80, stdev=6863.83
    clat percentiles (usec):
     |  1.00th=[     5],  5.00th=[     6], 10.00th=[     6], 20.00th=[     7],
     | 30.00th=[     7], 40.00th=[     8], 50.00th=[     9], 60.00th=[    11],
     | 70.00th=[    13], 80.00th=[    20], 90.00th=[    41], 95.00th=[   102],
     | 99.00th=[ 26608], 99.50th=[ 47973], 99.90th=[102237], 99.95th=[114820],
     | 99.99th=[170918]
   bw (  KiB/s): min=  192, max=65885, per=1.39%, avg=9417.13, stdev=12567.86, samples=119
   iops        : min=   24, max= 8235, avg=1176.93, stdev=1570.96, samples=119
  lat (usec)   : 2=0.04%, 4=26.29%, 10=57.82%, 20=7.71%, 50=3.89%
  lat (usec)   : 100=1.22%, 250=0.98%, 500=0.51%, 750=0.21%, 1000=0.11%
  lat (msec)   : 2=0.20%, 4=0.19%, 10=0.26%, 20=0.15%, 50=0.26%
  lat (msec)   : 100=0.12%, 250=0.04%, 500=0.01%
  cpu          : usr=0.44%, sys=4.30%, ctx=5514, majf=0, minf=22
  IO depths    : 1=100.0%, 2=0.0%, 4=0.0%, 8=0.0%, 16=0.0%, 32=0.0%, >=64=0.0%
     submit    : 0=0.0%, 4=100.0%, 8=0.0%, 16=0.0%, 32=0.0%, 64=0.0%, >=64=0.0%
     complete  : 0=0.0%, 4=100.0%, 8=0.0%, 16=0.0%, 32=0.0%, 64=0.0%, >=64=0.0%
     issued rwts: total=144143,71396,0,0 short=0,0,0,0 dropped=0,0,0,0
     latency   : target=0, window=0, percentile=100.00%, depth=1
job3.0: (groupid=0, jobs=1): err= 0: pid=8803: Tue Oct 24 20:34:30 2023
  read: IOPS=2358, BW=18.4MiB/s (19.3MB/s)(1106MiB/60006msec)
    clat (nsec): min=1142, max=50973k, avg=39114.85, stdev=499181.18
     lat (nsec): min=1202, max=50973k, avg=39202.85, stdev=499211.08
    clat percentiles (usec):
     |  1.00th=[    3],  5.00th=[    4], 10.00th=[    4], 20.00th=[    4],
     | 30.00th=[    4], 40.00th=[    5], 50.00th=[    5], 60.00th=[    5],
     | 70.00th=[    6], 80.00th=[    6], 90.00th=[    7], 95.00th=[    9],
     | 99.00th=[  635], 99.50th=[ 1827], 99.90th=[ 7046], 99.95th=[10028],
     | 99.99th=[17957]
   bw (  KiB/s): min=  368, max=169805, per=1.37%, avg=18705.76, stdev=25572.16, samples=119
   iops        : min=   46, max=21225, avg=2338.04, stdev=3196.51, samples=119
  write: IOPS=1160, BW=9286KiB/s (9509kB/s)(544MiB/60006msec); 0 zone resets
    clat (nsec): min=1913, max=491348k, avg=769207.61, stdev=7030844.66
     lat (usec): min=2, max=491347, avg=769.33, stdev=7030.85
    clat percentiles (usec):
     |  1.00th=[     5],  5.00th=[     6], 10.00th=[     6], 20.00th=[     7],
     | 30.00th=[     7], 40.00th=[     8], 50.00th=[     9], 60.00th=[    11],
     | 70.00th=[    14], 80.00th=[    21], 90.00th=[    45], 95.00th=[   108],
     | 99.00th=[ 26608], 99.50th=[ 47973], 99.90th=[100140], 99.95th=[120062],
     | 99.99th=[168821]
   bw (  KiB/s): min=  256, max=83453, per=1.36%, avg=9199.75, stdev=12517.48, samples=119
   iops        : min=   32, max=10431, avg=1149.78, stdev=1564.65, samples=119
  lat (usec)   : 2=0.05%, 4=25.53%, 10=58.40%, 20=7.48%, 50=4.07%
  lat (usec)   : 100=1.35%, 250=0.99%, 500=0.50%, 750=0.27%, 1000=0.12%
  lat (msec)   : 2=0.22%, 4=0.17%, 10=0.25%, 20=0.17%, 50=0.27%
  lat (msec)   : 100=0.12%, 250=0.04%, 500=0.01%
  cpu          : usr=0.45%, sys=4.22%, ctx=5647, majf=0, minf=21
  IO depths    : 1=100.0%, 2=0.0%, 4=0.0%, 8=0.0%, 16=0.0%, 32=0.0%, >=64=0.0%
     submit    : 0=0.0%, 4=100.0%, 8=0.0%, 16=0.0%, 32=0.0%, 64=0.0%, >=64=0.0%
     complete  : 0=0.0%, 4=100.0%, 8=0.0%, 16=0.0%, 32=0.0%, 64=0.0%, >=64=0.0%
     issued rwts: total=141519,69651,0,0 short=0,0,0,0 dropped=0,0,0,0
     latency   : target=0, window=0, percentile=100.00%, depth=1
job4.0: (groupid=0, jobs=1): err= 0: pid=8804: Tue Oct 24 20:34:30 2023
  read: IOPS=1416, BW=22.1MiB/s (23.2MB/s)(1379MiB/62326msec)
    clat (nsec): min=1683, max=82142k, avg=63967.14, stdev=649854.85
     lat (nsec): min=1743, max=82143k, avg=64045.90, stdev=649864.18
    clat percentiles (usec):
     |  1.00th=[    5],  5.00th=[    6], 10.00th=[    6], 20.00th=[    7],
     | 30.00th=[    7], 40.00th=[    7], 50.00th=[    8], 60.00th=[    8],
     | 70.00th=[    9], 80.00th=[   10], 90.00th=[   12], 95.00th=[   17],
     | 99.00th=[ 1418], 99.50th=[ 2933], 99.90th=[ 8586], 99.95th=[11469],
     | 99.99th=[22938]
   bw (  KiB/s): min=  704, max=125265, per=1.75%, avg=23958.11, stdev=27505.59, samples=115
   iops        : min=   44, max= 7829, avg=1497.17, stdev=1719.09, samples=115
  write: IOPS=686, BW=10.7MiB/s (11.2MB/s)(669MiB/62326msec); 0 zone resets
    clat (usec): min=3, max=307939, avg=1204.92, stdev=8640.13
     lat (usec): min=3, max=307939, avg=1205.12, stdev=8640.15
    clat percentiles (usec):
     |  1.00th=[     8],  5.00th=[     9], 10.00th=[    10], 20.00th=[    11],
     | 30.00th=[    12], 40.00th=[    13], 50.00th=[    15], 60.00th=[    17],
     | 70.00th=[    22], 80.00th=[    35], 90.00th=[    80], 95.00th=[   273],
     | 99.00th=[ 41157], 99.50th=[ 65799], 99.90th=[112722], 99.95th=[123208],
     | 99.99th=[183501]
   bw (  KiB/s): min=  320, max=60560, per=1.72%, avg=11612.78, stdev=13296.20, samples=115
   iops        : min=   20, max= 3785, avg=725.58, stdev=831.04, samples=115
  lat (usec)   : 2=0.01%, 4=0.07%, 10=61.15%, 20=25.15%, 50=6.40%
  lat (usec)   : 100=2.10%, 250=1.62%, 500=0.92%, 750=0.42%, 1000=0.20%
  lat (msec)   : 2=0.35%, 4=0.30%, 10=0.40%, 20=0.25%, 50=0.41%
  lat (msec)   : 100=0.20%, 250=0.05%, 500=0.01%
  cpu          : usr=0.21%, sys=4.34%, ctx=10171, majf=0, minf=21
  IO depths    : 1=100.0%, 2=0.0%, 4=0.0%, 8=0.0%, 16=0.0%, 32=0.0%, >=64=0.0%
     submit    : 0=0.0%, 4=100.0%, 8=0.0%, 16=0.0%, 32=0.0%, 64=0.0%, >=64=0.0%
     complete  : 0=0.0%, 4=100.0%, 8=0.0%, 16=0.0%, 32=0.0%, 64=0.0%, >=64=0.0%
     issued rwts: total=88283,42790,0,0 short=0,0,0,0 dropped=0,0,0,0
     latency   : target=0, window=0, percentile=100.00%, depth=1
job4.0: (groupid=0, jobs=1): err= 0: pid=8805: Tue Oct 24 20:34:30 2023
  read: IOPS=1411, BW=22.1MiB/s (23.1MB/s)(1375MiB/62327msec)
    clat (nsec): min=1754, max=56121k, avg=61962.00, stdev=641629.96
     lat (nsec): min=1814, max=56121k, avg=62039.92, stdev=641635.16
    clat percentiles (usec):
     |  1.00th=[    5],  5.00th=[    6], 10.00th=[    6], 20.00th=[    6],
     | 30.00th=[    7], 40.00th=[    7], 50.00th=[    8], 60.00th=[    8],
     | 70.00th=[    9], 80.00th=[   10], 90.00th=[   12], 95.00th=[   16],
     | 99.00th=[ 1270], 99.50th=[ 2966], 99.90th=[ 8356], 99.95th=[11469],
     | 99.99th=[25560]
   bw (  KiB/s): min= 1056, max=163353, per=1.74%, avg=23708.91, stdev=27790.36, samples=115
   iops        : min=   66, max=10209, avg=1481.62, stdev=1736.89, samples=115
  write: IOPS=691, BW=10.8MiB/s (11.3MB/s)(673MiB/62327msec); 0 zone resets
    clat (usec): min=3, max=281265, avg=1196.88, stdev=8714.27
     lat (usec): min=3, max=281265, avg=1197.04, stdev=8714.29
    clat percentiles (usec):
     |  1.00th=[     8],  5.00th=[     9], 10.00th=[    10], 20.00th=[    11],
     | 30.00th=[    12], 40.00th=[    13], 50.00th=[    15], 60.00th=[    17],
     | 70.00th=[    22], 80.00th=[    34], 90.00th=[    78], 95.00th=[   269],
     | 99.00th=[ 40633], 99.50th=[ 65274], 99.90th=[111674], 99.95th=[131597],
     | 99.99th=[221250]
   bw (  KiB/s): min=  288, max=78803, per=1.72%, avg=11614.20, stdev=13466.50, samples=115
   iops        : min=   18, max= 4925, avg=725.69, stdev=841.63, samples=115
  lat (usec)   : 2=0.01%, 4=0.06%, 10=61.64%, 20=25.05%, 50=6.30%
  lat (usec)   : 100=1.97%, 250=1.56%, 500=0.91%, 750=0.42%, 1000=0.20%
  lat (msec)   : 2=0.31%, 4=0.28%, 10=0.41%, 20=0.25%, 50=0.39%
  lat (msec)   : 100=0.18%, 250=0.06%, 500=0.01%
  cpu          : usr=0.31%, sys=4.28%, ctx=10091, majf=0, minf=21
  IO depths    : 1=100.0%, 2=0.0%, 4=0.0%, 8=0.0%, 16=0.0%, 32=0.0%, >=64=0.0%
     submit    : 0=0.0%, 4=100.0%, 8=0.0%, 16=0.0%, 32=0.0%, 64=0.0%, >=64=0.0%
     complete  : 0=0.0%, 4=100.0%, 8=0.0%, 16=0.0%, 32=0.0%, 64=0.0%, >=64=0.0%
     issued rwts: total=87989,43084,0,0 short=0,0,0,0 dropped=0,0,0,0
     latency   : target=0, window=0, percentile=100.00%, depth=1
job4.0: (groupid=0, jobs=1): err= 0: pid=8806: Tue Oct 24 20:34:30 2023
  read: IOPS=1410, BW=22.0MiB/s (23.1MB/s)(1373MiB/62325msec)
    clat (nsec): min=1764, max=55630k, avg=65297.60, stdev=689742.32
     lat (nsec): min=1824, max=55630k, avg=65379.81, stdev=689752.08
    clat percentiles (usec):
     |  1.00th=[    5],  5.00th=[    6], 10.00th=[    6], 20.00th=[    7],
     | 30.00th=[    7], 40.00th=[    7], 50.00th=[    8], 60.00th=[    8],
     | 70.00th=[    9], 80.00th=[   10], 90.00th=[   12], 95.00th=[   16],
     | 99.00th=[ 1369], 99.50th=[ 3064], 99.90th=[ 9110], 99.95th=[11863],
     | 99.99th=[26608]
   bw (  KiB/s): min=  736, max=216849, per=1.76%, avg=24095.37, stdev=29651.83, samples=115
   iops        : min=   46, max=13553, avg=1505.77, stdev=1853.23, samples=115
  write: IOPS=693, BW=10.8MiB/s (11.4MB/s)(675MiB/62325msec); 0 zone resets
    clat (usec): min=3, max=312224, avg=1187.82, stdev=8674.08
     lat (usec): min=3, max=312224, avg=1188.01, stdev=8674.13
    clat percentiles (usec):
     |  1.00th=[     8],  5.00th=[     9], 10.00th=[    10], 20.00th=[    11],
     | 30.00th=[    12], 40.00th=[    14], 50.00th=[    15], 60.00th=[    18],
     | 70.00th=[    24], 80.00th=[    36], 90.00th=[    78], 95.00th=[   262],
     | 99.00th=[ 39584], 99.50th=[ 64226], 99.90th=[113771], 99.95th=[129500],
     | 99.99th=[208667]
   bw (  KiB/s): min=  448, max=106100, per=1.75%, avg=11830.68, stdev=14466.42, samples=115
   iops        : min=   28, max= 6631, avg=739.20, stdev=904.12, samples=115
  lat (usec)   : 2=0.01%, 4=0.06%, 10=60.46%, 20=25.20%, 50=7.15%
  lat (usec)   : 100=2.22%, 250=1.48%, 500=0.87%, 750=0.41%, 1000=0.21%
  lat (msec)   : 2=0.33%, 4=0.30%, 10=0.42%, 20=0.25%, 50=0.40%
  lat (msec)   : 100=0.19%, 250=0.06%, 500=0.01%
  cpu          : usr=0.26%, sys=4.32%, ctx=9809, majf=0, minf=21
  IO depths    : 1=100.0%, 2=0.0%, 4=0.0%, 8=0.0%, 16=0.0%, 32=0.0%, >=64=0.0%
     submit    : 0=0.0%, 4=100.0%, 8=0.0%, 16=0.0%, 32=0.0%, 64=0.0%, >=64=0.0%
     complete  : 0=0.0%, 4=100.0%, 8=0.0%, 16=0.0%, 32=0.0%, 64=0.0%, >=64=0.0%
     issued rwts: total=87879,43194,0,0 short=0,0,0,0 dropped=0,0,0,0
     latency   : target=0, window=0, percentile=100.00%, depth=1
job4.0: (groupid=0, jobs=1): err= 0: pid=8807: Tue Oct 24 20:34:30 2023
  read: IOPS=1404, BW=22.0MiB/s (23.0MB/s)(1368MiB/62325msec)
    clat (nsec): min=1743, max=48068k, avg=64864.58, stdev=616744.28
     lat (nsec): min=1803, max=48068k, avg=65026.89, stdev=617250.87
    clat percentiles (usec):
     |  1.00th=[    5],  5.00th=[    6], 10.00th=[    6], 20.00th=[    7],
     | 30.00th=[    7], 40.00th=[    8], 50.00th=[    8], 60.00th=[    9],
     | 70.00th=[    9], 80.00th=[   10], 90.00th=[   12], 95.00th=[   17],
     | 99.00th=[ 1434], 99.50th=[ 2999], 99.90th=[ 8979], 99.95th=[11731],
     | 99.99th=[21103]
   bw (  KiB/s): min=   63, max=154486, per=1.75%, avg=23913.21, stdev=29705.61, samples=114
   iops        : min=    3, max= 9655, avg=1494.37, stdev=1856.58, samples=114
  write: IOPS=698, BW=10.9MiB/s (11.4MB/s)(680MiB/62325msec); 0 zone resets
    clat (usec): min=3, max=309340, avg=1172.11, stdev=8616.33
     lat (usec): min=3, max=309341, avg=1172.26, stdev=8616.34
    clat percentiles (usec):
     |  1.00th=[     8],  5.00th=[     9], 10.00th=[    10], 20.00th=[    11],
     | 30.00th=[    12], 40.00th=[    13], 50.00th=[    15], 60.00th=[    17],
     | 70.00th=[    22], 80.00th=[    33], 90.00th=[    80], 95.00th=[   262],
     | 99.00th=[ 40633], 99.50th=[ 64750], 99.90th=[111674], 99.95th=[126354],
     | 99.99th=[210764]
   bw (  KiB/s): min=   31, max=75984, per=1.75%, avg=11868.36, stdev=14797.32, samples=114
   iops        : min=    1, max= 4749, avg=741.57, stdev=924.83, samples=114
  lat (usec)   : 2=0.01%, 4=0.06%, 10=60.07%, 20=26.14%, 50=6.68%
  lat (usec)   : 100=1.89%, 250=1.65%, 500=0.92%, 750=0.43%, 1000=0.22%
  lat (msec)   : 2=0.34%, 4=0.29%, 10=0.41%, 20=0.25%, 50=0.38%
  lat (msec)   : 100=0.19%, 250=0.06%, 500=0.01%
  cpu          : usr=0.31%, sys=4.27%, ctx=10399, majf=0, minf=22
  IO depths    : 1=100.0%, 2=0.0%, 4=0.0%, 8=0.0%, 16=0.0%, 32=0.0%, >=64=0.0%
     submit    : 0=0.0%, 4=100.0%, 8=0.0%, 16=0.0%, 32=0.0%, 64=0.0%, >=64=0.0%
     complete  : 0=0.0%, 4=100.0%, 8=0.0%, 16=0.0%, 32=0.0%, 64=0.0%, >=64=0.0%
     issued rwts: total=87564,43509,0,0 short=0,0,0,0 dropped=0,0,0,0
     latency   : target=0, window=0, percentile=100.00%, depth=1
job5.0: (groupid=0, jobs=1): err= 0: pid=8808: Tue Oct 24 20:34:30 2023
  read: IOPS=889, BW=27.8MiB/s (29.1MB/s)(1668MiB/60008msec)
    clat (usec): min=3, max=78671, avg=103.00, stdev=918.20
     lat (usec): min=3, max=78671, avg=103.14, stdev=918.28
    clat percentiles (usec):
     |  1.00th=[    9],  5.00th=[   10], 10.00th=[   11], 20.00th=[   11],
     | 30.00th=[   12], 40.00th=[   13], 50.00th=[   14], 60.00th=[   15],
     | 70.00th=[   16], 80.00th=[   18], 90.00th=[   23], 95.00th=[  124],
     | 99.00th=[ 2376], 99.50th=[ 4359], 99.90th=[10290], 99.95th=[13960],
     | 99.99th=[46400]
   bw (  KiB/s): min= 1218, max=178285, per=2.32%, avg=31621.35, stdev=37333.35, samples=104
   iops        : min=   38, max= 5571, avg=987.97, stdev=1166.65, samples=104
  write: IOPS=442, BW=13.8MiB/s (14.5MB/s)(829MiB/60008msec); 0 zone resets
    clat (usec): min=5, max=304474, avg=1729.91, stdev=10298.92
     lat (usec): min=6, max=304474, avg=1730.27, stdev=10298.96
    clat percentiles (usec):
     |  1.00th=[    13],  5.00th=[    15], 10.00th=[    16], 20.00th=[    18],
     | 30.00th=[    20], 40.00th=[    22], 50.00th=[    25], 60.00th=[    30],
     | 70.00th=[    38], 80.00th=[    57], 90.00th=[   165], 95.00th=[   988],
     | 99.00th=[ 52167], 99.50th=[ 78119], 99.90th=[122160], 99.95th=[141558],
     | 99.99th=[208667]
   bw (  KiB/s): min=  513, max=86899, per=2.32%, avg=15716.35, stdev=18539.88, samples=104
   iops        : min=   16, max= 2715, avg=490.93, stdev=579.39, samples=104
  lat (usec)   : 4=0.01%, 10=6.04%, 20=62.26%, 50=20.79%, 100=3.15%
  lat (usec)   : 250=2.25%, 500=1.53%, 750=0.71%, 1000=0.37%
  lat (msec)   : 2=0.51%, 4=0.42%, 10=0.64%, 20=0.34%, 50=0.62%
  lat (msec)   : 100=0.27%, 250=0.08%, 500=0.01%
  cpu          : usr=0.26%, sys=5.30%, ctx=6655, majf=0, minf=20
  IO depths    : 1=100.0%, 2=0.0%, 4=0.0%, 8=0.0%, 16=0.0%, 32=0.0%, >=64=0.0%
     submit    : 0=0.0%, 4=100.0%, 8=0.0%, 16=0.0%, 32=0.0%, 64=0.0%, >=64=0.0%
     complete  : 0=0.0%, 4=100.0%, 8=0.0%, 16=0.0%, 32=0.0%, 64=0.0%, >=64=0.0%
     issued rwts: total=53380,26536,0,0 short=0,0,0,0 dropped=0,0,0,0
     latency   : target=0, window=0, percentile=100.00%, depth=1
job5.0: (groupid=0, jobs=1): err= 0: pid=8809: Tue Oct 24 20:34:30 2023
  read: IOPS=1285, BW=40.2MiB/s (42.1MB/s)(2410MiB/60000msec)
    clat (usec): min=2, max=42538, avg=72.64, stdev=641.56
     lat (usec): min=2, max=42538, avg=72.81, stdev=641.72
    clat percentiles (usec):
     |  1.00th=[    9],  5.00th=[   10], 10.00th=[   10], 20.00th=[   11],
     | 30.00th=[   12], 40.00th=[   13], 50.00th=[   13], 60.00th=[   14],
     | 70.00th=[   16], 80.00th=[   17], 90.00th=[   21], 95.00th=[   28],
     | 99.00th=[ 1483], 99.50th=[ 3130], 99.90th=[ 9241], 99.95th=[11994],
     | 99.99th=[22676]
   bw (  KiB/s): min= 1277, max=246227, per=3.09%, avg=42223.52, stdev=47793.69, samples=114
   iops        : min=   39, max= 7694, avg=1319.27, stdev=1493.51, samples=114
  write: IOPS=635, BW=19.9MiB/s (20.8MB/s)(1192MiB/60000msec); 0 zone resets
    clat (usec): min=6, max=332194, avg=1316.60, stdev=9080.94
     lat (usec): min=6, max=332194, avg=1316.87, stdev=9080.96
    clat percentiles (usec):
     |  1.00th=[    13],  5.00th=[    15], 10.00th=[    16], 20.00th=[    18],
     | 30.00th=[    20], 40.00th=[    21], 50.00th=[    24], 60.00th=[    27],
     | 70.00th=[    34], 80.00th=[    49], 90.00th=[   102], 95.00th=[   355],
     | 99.00th=[ 43254], 99.50th=[ 68682], 99.90th=[115868], 99.95th=[133694],
     | 99.99th=[193987]
   bw (  KiB/s): min=  766, max=123656, per=3.09%, avg=20882.16, stdev=23625.13, samples=114
   iops        : min=   23, max= 3864, avg=652.32, stdev=738.26, samples=114
  lat (usec)   : 4=0.01%, 10=7.53%, 20=64.12%, 50=19.48%, 100=3.30%
  lat (usec)   : 250=1.75%, 500=1.02%, 750=0.48%, 1000=0.22%
  lat (msec)   : 2=0.36%, 4=0.30%, 10=0.44%, 20=0.26%, 50=0.45%
  lat (msec)   : 100=0.21%, 250=0.06%, 500=0.01%
  cpu          : usr=0.41%, sys=6.01%, ctx=9886, majf=0, minf=20
  IO depths    : 1=100.0%, 2=0.0%, 4=0.0%, 8=0.0%, 16=0.0%, 32=0.0%, >=64=0.0%
     submit    : 0=0.0%, 4=100.0%, 8=0.0%, 16=0.0%, 32=0.0%, 64=0.0%, >=64=0.0%
     complete  : 0=0.0%, 4=100.0%, 8=0.0%, 16=0.0%, 32=0.0%, 64=0.0%, >=64=0.0%
     issued rwts: total=77122,38134,0,0 short=0,0,0,0 dropped=0,0,0,0
     latency   : target=0, window=0, percentile=100.00%, depth=1
job5.0: (groupid=0, jobs=1): err= 0: pid=8810: Tue Oct 24 20:34:30 2023
  read: IOPS=879, BW=27.5MiB/s (28.8MB/s)(1648MiB/60001msec)
    clat (usec): min=3, max=77863, avg=105.83, stdev=805.60
     lat (usec): min=3, max=77863, avg=105.93, stdev=805.62
    clat percentiles (usec):
     |  1.00th=[    9],  5.00th=[   10], 10.00th=[   11], 20.00th=[   11],
     | 30.00th=[   12], 40.00th=[   13], 50.00th=[   14], 60.00th=[   15],
     | 70.00th=[   16], 80.00th=[   18], 90.00th=[   23], 95.00th=[  169],
     | 99.00th=[ 2606], 99.50th=[ 4621], 99.90th=[10421], 99.95th=[13173],
     | 99.99th=[21103]
   bw (  KiB/s): min= 1083, max=169939, per=2.30%, avg=31391.99, stdev=34973.78, samples=104
   iops        : min=   33, max= 5310, avg=980.81, stdev=1092.92, samples=104
  write: IOPS=427, BW=13.4MiB/s (14.0MB/s)(801MiB/60001msec); 0 zone resets
    clat (usec): min=8, max=307687, avg=1810.70, stdev=10513.98
     lat (usec): min=8, max=307687, avg=1811.02, stdev=10514.01
    clat percentiles (usec):
     |  1.00th=[    14],  5.00th=[    15], 10.00th=[    17], 20.00th=[    19],
     | 30.00th=[    20], 40.00th=[    22], 50.00th=[    25], 60.00th=[    30],
     | 70.00th=[    38], 80.00th=[    56], 90.00th=[   167], 95.00th=[  4752],
     | 99.00th=[ 52691], 99.50th=[ 78119], 99.90th=[119014], 99.95th=[143655],
     | 99.99th=[274727]
   bw (  KiB/s): min=  318, max=80865, per=2.26%, avg=15286.15, stdev=16840.69, samples=104
   iops        : min=    9, max= 2527, avg=477.50, stdev=526.30, samples=104
  lat (usec)   : 4=0.01%, 10=5.86%, 20=62.32%, 50=20.75%, 100=3.35%
  lat (usec)   : 250=1.98%, 500=1.50%, 750=0.74%, 1000=0.36%
  lat (msec)   : 2=0.57%, 4=0.48%, 10=0.72%, 20=0.36%, 50=0.65%
  lat (msec)   : 100=0.27%, 250=0.08%, 500=0.01%
  cpu          : usr=0.23%, sys=4.42%, ctx=9671, majf=0, minf=21
  IO depths    : 1=100.0%, 2=0.0%, 4=0.0%, 8=0.0%, 16=0.0%, 32=0.0%, >=64=0.0%
     submit    : 0=0.0%, 4=100.0%, 8=0.0%, 16=0.0%, 32=0.0%, 64=0.0%, >=64=0.0%
     complete  : 0=0.0%, 4=100.0%, 8=0.0%, 16=0.0%, 32=0.0%, 64=0.0%, >=64=0.0%
     issued rwts: total=52747,25646,0,0 short=0,0,0,0 dropped=0,0,0,0
     latency   : target=0, window=0, percentile=100.00%, depth=1
job5.0: (groupid=0, jobs=1): err= 0: pid=8811: Tue Oct 24 20:34:30 2023
  read: IOPS=1260, BW=39.4MiB/s (41.3MB/s)(2364MiB/60003msec)
    clat (usec): min=2, max=51895, avg=74.75, stdev=684.54
     lat (usec): min=2, max=51895, avg=74.83, stdev=684.54
    clat percentiles (usec):
     |  1.00th=[    9],  5.00th=[   10], 10.00th=[   11], 20.00th=[   11],
     | 30.00th=[   12], 40.00th=[   13], 50.00th=[   13], 60.00th=[   14],
     | 70.00th=[   16], 80.00th=[   17], 90.00th=[   21], 95.00th=[   29],
     | 99.00th=[ 1516], 99.50th=[ 3261], 99.90th=[ 8717], 99.95th=[11731],
     | 99.99th=[28181]
   bw (  KiB/s): min=  896, max=192697, per=3.08%, avg=42041.35, stdev=45984.88, samples=113
   iops        : min=   28, max= 6021, avg=1313.61, stdev=1436.98, samples=113
  write: IOPS=622, BW=19.5MiB/s (20.4MB/s)(1167MiB/60003msec); 0 zone resets
    clat (usec): min=5, max=409411, avg=1339.38, stdev=9229.25
     lat (usec): min=5, max=409412, avg=1339.66, stdev=9229.28
    clat percentiles (usec):
     |  1.00th=[    14],  5.00th=[    16], 10.00th=[    17], 20.00th=[    19],
     | 30.00th=[    20], 40.00th=[    22], 50.00th=[    24], 60.00th=[    28],
     | 70.00th=[    36], 80.00th=[    51], 90.00th=[   108], 95.00th=[   375],
     | 99.00th=[ 45351], 99.50th=[ 66323], 99.90th=[116917], 99.95th=[135267],
     | 99.99th=[210764]
   bw (  KiB/s): min=  256, max=97788, per=3.07%, avg=20756.97, stdev=22984.43, samples=113
   iops        : min=    8, max= 3055, avg=648.41, stdev=718.23, samples=113
  lat (usec)   : 4=0.01%, 10=6.46%, 20=64.33%, 50=19.87%, 100=3.55%
  lat (usec)   : 250=1.84%, 500=1.07%, 750=0.49%, 1000=0.25%
  lat (msec)   : 2=0.35%, 4=0.32%, 10=0.46%, 20=0.25%, 50=0.47%
  lat (msec)   : 100=0.21%, 250=0.06%, 500=0.01%
  cpu          : usr=0.32%, sys=6.26%, ctx=10065, majf=0, minf=20
  IO depths    : 1=100.0%, 2=0.0%, 4=0.0%, 8=0.0%, 16=0.0%, 32=0.0%, >=64=0.0%
     submit    : 0=0.0%, 4=100.0%, 8=0.0%, 16=0.0%, 32=0.0%, 64=0.0%, >=64=0.0%
     complete  : 0=0.0%, 4=100.0%, 8=0.0%, 16=0.0%, 32=0.0%, 64=0.0%, >=64=0.0%
     issued rwts: total=75642,37357,0,0 short=0,0,0,0 dropped=0,0,0,0
     latency   : target=0, window=0, percentile=100.00%, depth=1
job6.0: (groupid=0, jobs=1): err= 0: pid=8812: Tue Oct 24 20:34:30 2023
  read: IOPS=687, BW=43.0MiB/s (45.0MB/s)(2578MiB/60005msec)
    clat (usec): min=6, max=54333, avg=150.16, stdev=1012.46
     lat (usec): min=6, max=54333, avg=150.25, stdev=1012.47
    clat percentiles (usec):
     |  1.00th=[   17],  5.00th=[   19], 10.00th=[   20], 20.00th=[   22],
     | 30.00th=[   23], 40.00th=[   25], 50.00th=[   27], 60.00th=[   29],
     | 70.00th=[   31], 80.00th=[   35], 90.00th=[   44], 95.00th=[  338],
     | 99.00th=[ 3261], 99.50th=[ 6194], 99.90th=[13304], 99.95th=[18482],
     | 99.99th=[33817]
   bw (  KiB/s): min= 3072, max=221450, per=3.45%, avg=47139.93, stdev=47947.80, samples=111
   iops        : min=   48, max= 3460, avg=736.37, stdev=749.17, samples=111
  write: IOPS=335, BW=21.0MiB/s (22.0MB/s)(1258MiB/60005msec); 0 zone resets
    clat (usec): min=18, max=491353, avg=2381.54, stdev=12434.11
     lat (usec): min=18, max=491354, avg=2382.37, stdev=12434.15
    clat percentiles (usec):
     |  1.00th=[    25],  5.00th=[    28], 10.00th=[    30], 20.00th=[    33],
     | 30.00th=[    37], 40.00th=[    40], 50.00th=[    45], 60.00th=[    52],
     | 70.00th=[    67], 80.00th=[   103], 90.00th=[   297], 95.00th=[ 10421],
     | 99.00th=[ 65799], 99.50th=[ 93848], 99.90th=[124257], 99.95th=[152044],
     | 99.99th=[231736]
   bw (  KiB/s): min= 1408, max=108239, per=3.40%, avg=23024.63, stdev=24050.40, samples=111
   iops        : min=   22, max= 1691, avg=359.55, stdev=375.76, samples=111
  lat (usec)   : 10=0.01%, 20=7.85%, 50=72.78%, 100=8.49%, 250=3.42%
  lat (usec)   : 500=2.07%, 750=1.00%, 1000=0.47%
  lat (msec)   : 2=0.72%, 4=0.55%, 10=0.85%, 20=0.48%, 50=0.81%
  lat (msec)   : 100=0.36%, 250=0.13%, 500=0.01%
  cpu          : usr=0.20%, sys=5.59%, ctx=8991, majf=0, minf=21
  IO depths    : 1=100.0%, 2=0.0%, 4=0.0%, 8=0.0%, 16=0.0%, 32=0.0%, >=64=0.0%
     submit    : 0=0.0%, 4=100.0%, 8=0.0%, 16=0.0%, 32=0.0%, 64=0.0%, >=64=0.0%
     complete  : 0=0.0%, 4=100.0%, 8=0.0%, 16=0.0%, 32=0.0%, 64=0.0%, >=64=0.0%
     issued rwts: total=41243,20128,0,0 short=0,0,0,0 dropped=0,0,0,0
     latency   : target=0, window=0, percentile=100.00%, depth=1
job6.0: (groupid=0, jobs=1): err= 0: pid=8813: Tue Oct 24 20:34:30 2023
  read: IOPS=674, BW=42.1MiB/s (44.2MB/s)(2529MiB/60006msec)
    clat (usec): min=5, max=54502, avg=157.54, stdev=1123.98
     lat (usec): min=5, max=54502, avg=157.62, stdev=1123.99
    clat percentiles (usec):
     |  1.00th=[   17],  5.00th=[   19], 10.00th=[   20], 20.00th=[   22],
     | 30.00th=[   23], 40.00th=[   25], 50.00th=[   27], 60.00th=[   29],
     | 70.00th=[   31], 80.00th=[   35], 90.00th=[   44], 95.00th=[  371],
     | 99.00th=[ 3458], 99.50th=[ 5997], 99.90th=[14222], 99.95th=[20841],
     | 99.99th=[43779]
   bw (  KiB/s): min= 3462, max=210703, per=3.38%, avg=46217.43, stdev=43384.88, samples=111
   iops        : min=   54, max= 3292, avg=721.93, stdev=677.87, samples=111
  write: IOPS=333, BW=20.8MiB/s (21.9MB/s)(1251MiB/60006msec); 0 zone resets
    clat (usec): min=13, max=421509, avg=2379.84, stdev=12366.86
     lat (usec): min=13, max=421510, avg=2380.43, stdev=12366.91
    clat percentiles (usec):
     |  1.00th=[    24],  5.00th=[    28], 10.00th=[    30], 20.00th=[    34],
     | 30.00th=[    37], 40.00th=[    41], 50.00th=[    46], 60.00th=[    55],
     | 70.00th=[    70], 80.00th=[   106], 90.00th=[   310], 95.00th=[  9765],
     | 99.00th=[ 64750], 99.50th=[ 91751], 99.90th=[125305], 99.95th=[145753],
     | 99.99th=[250610]
   bw (  KiB/s): min= 1405, max=105479, per=3.38%, avg=22875.81, stdev=21473.12, samples=111
   iops        : min=   21, max= 1648, avg=357.19, stdev=335.49, samples=111
  lat (usec)   : 10=0.01%, 20=9.14%, 50=70.49%, 100=9.15%, 250=3.50%
  lat (usec)   : 500=2.19%, 750=1.07%, 1000=0.49%
  lat (msec)   : 2=0.73%, 4=0.60%, 10=0.83%, 20=0.48%, 50=0.80%
  lat (msec)   : 100=0.39%, 250=0.11%, 500=0.01%
  cpu          : usr=0.15%, sys=5.70%, ctx=9350, majf=0, minf=20
  IO depths    : 1=100.0%, 2=0.0%, 4=0.0%, 8=0.0%, 16=0.0%, 32=0.0%, >=64=0.0%
     submit    : 0=0.0%, 4=100.0%, 8=0.0%, 16=0.0%, 32=0.0%, 64=0.0%, >=64=0.0%
     complete  : 0=0.0%, 4=100.0%, 8=0.0%, 16=0.0%, 32=0.0%, 64=0.0%, >=64=0.0%
     issued rwts: total=40464,20018,0,0 short=0,0,0,0 dropped=0,0,0,0
     latency   : target=0, window=0, percentile=100.00%, depth=1
job6.0: (groupid=0, jobs=1): err= 0: pid=8814: Tue Oct 24 20:34:30 2023
  read: IOPS=680, BW=42.5MiB/s (44.6MB/s)(2551MiB/60001msec)
    clat (usec): min=7, max=66993, avg=137.32, stdev=942.95
     lat (usec): min=7, max=66993, avg=137.41, stdev=942.97
    clat percentiles (usec):
     |  1.00th=[   17],  5.00th=[   19], 10.00th=[   20], 20.00th=[   22],
     | 30.00th=[   23], 40.00th=[   25], 50.00th=[   27], 60.00th=[   29],
     | 70.00th=[   31], 80.00th=[   35], 90.00th=[   44], 95.00th=[  330],
     | 99.00th=[ 2900], 99.50th=[ 4948], 99.90th=[12780], 99.95th=[16712],
     | 99.99th=[31589]
   bw (  KiB/s): min= 2688, max=224699, per=3.40%, avg=46374.29, stdev=43436.80, samples=111
   iops        : min=   42, max= 3510, avg=724.36, stdev=678.66, samples=111
  write: IOPS=327, BW=20.5MiB/s (21.5MB/s)(1229MiB/60001msec); 0 zone resets
    clat (usec): min=20, max=409891, avg=2472.35, stdev=12535.24
     lat (usec): min=20, max=409892, avg=2473.07, stdev=12535.29
    clat percentiles (usec):
     |  1.00th=[    25],  5.00th=[    28], 10.00th=[    30], 20.00th=[    34],
     | 30.00th=[    37], 40.00th=[    41], 50.00th=[    46], 60.00th=[    54],
     | 70.00th=[    69], 80.00th=[   104], 90.00th=[   330], 95.00th=[ 12518],
     | 99.00th=[ 65799], 99.50th=[ 91751], 99.90th=[127402], 99.95th=[160433],
     | 99.99th=[244319]
   bw (  KiB/s): min= 1920, max=105606, per=3.30%, avg=22348.81, stdev=20560.38, samples=111
   iops        : min=   30, max= 1650, avg=348.95, stdev=321.25, samples=111
  lat (usec)   : 10=0.01%, 20=8.06%, 50=72.13%, 100=8.93%, 250=3.33%
  lat (usec)   : 500=2.07%, 750=1.04%, 1000=0.52%
  lat (msec)   : 2=0.73%, 4=0.61%, 10=0.76%, 20=0.45%, 50=0.81%
  lat (msec)   : 100=0.41%, 250=0.12%, 500=0.01%
  cpu          : usr=0.25%, sys=5.61%, ctx=9066, majf=0, minf=20
  IO depths    : 1=100.0%, 2=0.0%, 4=0.0%, 8=0.0%, 16=0.0%, 32=0.0%, >=64=0.0%
     submit    : 0=0.0%, 4=100.0%, 8=0.0%, 16=0.0%, 32=0.0%, 64=0.0%, >=64=0.0%
     complete  : 0=0.0%, 4=100.0%, 8=0.0%, 16=0.0%, 32=0.0%, 64=0.0%, >=64=0.0%
     issued rwts: total=40814,19669,0,0 short=0,0,0,0 dropped=0,0,0,0
     latency   : target=0, window=0, percentile=100.00%, depth=1
job6.0: (groupid=0, jobs=1): err= 0: pid=8815: Tue Oct 24 20:34:30 2023
  read: IOPS=669, BW=41.9MiB/s (43.9MB/s)(2512MiB/60001msec)
    clat (usec): min=6, max=74611, avg=147.21, stdev=1086.34
     lat (usec): min=6, max=74611, avg=147.89, stdev=1092.94
    clat percentiles (usec):
     |  1.00th=[   17],  5.00th=[   19], 10.00th=[   20], 20.00th=[   21],
     | 30.00th=[   23], 40.00th=[   24], 50.00th=[   26], 60.00th=[   28],
     | 70.00th=[   31], 80.00th=[   34], 90.00th=[   44], 95.00th=[  347],
     | 99.00th=[ 3097], 99.50th=[ 5735], 99.90th=[12256], 99.95th=[17695],
     | 99.99th=[42206]
   bw (  KiB/s): min= 1777, max=215808, per=3.35%, avg=45804.34, stdev=44396.42, samples=111
   iops        : min=   27, max= 3372, avg=715.46, stdev=693.68, samples=111
  write: IOPS=337, BW=21.1MiB/s (22.1MB/s)(1265MiB/60001msec); 0 zone resets
    clat (usec): min=10, max=307944, avg=2392.95, stdev=12318.56
     lat (usec): min=10, max=307945, avg=2393.49, stdev=12318.61
    clat percentiles (usec):
     |  1.00th=[    25],  5.00th=[    28], 10.00th=[    30], 20.00th=[    33],
     | 30.00th=[    36], 40.00th=[    40], 50.00th=[    45], 60.00th=[    52],
     | 70.00th=[    66], 80.00th=[   100], 90.00th=[   306], 95.00th=[ 10683],
     | 99.00th=[ 66323], 99.50th=[ 91751], 99.90th=[126354], 99.95th=[147850],
     | 99.99th=[267387]
   bw (  KiB/s): min= 1280, max=107776, per=3.40%, avg=23036.49, stdev=22380.75, samples=111
   iops        : min=   20, max= 1684, avg=359.70, stdev=349.70, samples=111
  lat (usec)   : 10=0.01%, 20=9.52%, 50=70.90%, 100=8.73%, 250=3.29%
  lat (usec)   : 500=2.06%, 750=1.07%, 1000=0.53%
  lat (msec)   : 2=0.71%, 4=0.56%, 10=0.81%, 20=0.49%, 50=0.80%
  lat (msec)   : 100=0.39%, 250=0.12%, 500=0.01%
  cpu          : usr=0.15%, sys=5.60%, ctx=9546, majf=0, minf=21
  IO depths    : 1=100.0%, 2=0.0%, 4=0.0%, 8=0.0%, 16=0.0%, 32=0.0%, >=64=0.0%
     submit    : 0=0.0%, 4=100.0%, 8=0.0%, 16=0.0%, 32=0.0%, 64=0.0%, >=64=0.0%
     complete  : 0=0.0%, 4=100.0%, 8=0.0%, 16=0.0%, 32=0.0%, 64=0.0%, >=64=0.0%
     issued rwts: total=40192,20235,0,0 short=0,0,0,0 dropped=0,0,0,0
     latency   : target=0, window=0, percentile=100.00%, depth=1
job7.0: (groupid=0, jobs=1): err= 0: pid=8816: Tue Oct 24 20:34:30 2023
  read: IOPS=354, BW=44.3MiB/s (46.5MB/s)(2763MiB/62339msec)
    clat (usec): min=18, max=50598, avg=288.62, stdev=1315.25
     lat (usec): min=18, max=50598, avg=288.72, stdev=1315.27
    clat percentiles (usec):
     |  1.00th=[   34],  5.00th=[   38], 10.00th=[   41], 20.00th=[   44],
     | 30.00th=[   48], 40.00th=[   51], 50.00th=[   55], 60.00th=[   60],
     | 70.00th=[   66], 80.00th=[   77], 90.00th=[  383], 95.00th=[ 1057],
     | 99.00th=[ 5473], 99.50th=[ 8717], 99.90th=[17171], 99.95th=[23725],
     | 99.99th=[36963]
   bw (  KiB/s): min= 4352, max=193410, per=3.97%, avg=54154.31, stdev=44000.95, samples=104
   iops        : min=   34, max= 1511, avg=422.86, stdev=343.75, samples=104
  write: IOPS=171, BW=21.4MiB/s (22.4MB/s)(1334MiB/62339msec); 0 zone resets
    clat (usec): min=22, max=415569, avg=4137.89, stdev=16112.44
     lat (usec): min=23, max=415574, avg=4139.82, stdev=16112.44
    clat percentiles (usec):
     |  1.00th=[    47],  5.00th=[    52], 10.00th=[    58], 20.00th=[    65],
     | 30.00th=[    73], 40.00th=[    83], 50.00th=[    96], 60.00th=[   120],
     | 70.00th=[   165], 80.00th=[   285], 90.00th=[  6063], 95.00th=[ 28443],
     | 99.00th=[ 89654], 99.50th=[107480], 99.90th=[152044], 99.95th=[170918],
     | 99.99th=[227541]
   bw (  KiB/s): min= 2304, max=94918, per=3.86%, avg=26141.46, stdev=21382.75, samples=104
   iops        : min=   18, max=  741, avg=203.99, stdev=166.98, samples=104
  lat (usec)   : 20=0.01%, 50=26.49%, 100=48.65%, 250=10.30%, 500=3.81%
  lat (usec)   : 750=2.04%, 1000=1.34%
  lat (msec)   : 2=1.62%, 4=1.19%, 10=1.48%, 20=0.86%, 50=1.37%
  lat (msec)   : 100=0.63%, 250=0.22%, 500=0.01%
  cpu          : usr=0.21%, sys=5.81%, ctx=13570, majf=0, minf=19
  IO depths    : 1=100.0%, 2=0.0%, 4=0.0%, 8=0.0%, 16=0.0%, 32=0.0%, >=64=0.0%
     submit    : 0=0.0%, 4=100.0%, 8=0.0%, 16=0.0%, 32=0.0%, 64=0.0%, >=64=0.0%
     complete  : 0=0.0%, 4=100.0%, 8=0.0%, 16=0.0%, 32=0.0%, 64=0.0%, >=64=0.0%
     issued rwts: total=22100,10669,0,0 short=0,0,0,0 dropped=0,0,0,0
     latency   : target=0, window=0, percentile=100.00%, depth=1
job7.0: (groupid=0, jobs=1): err= 0: pid=8817: Tue Oct 24 20:34:30 2023
  read: IOPS=349, BW=43.7MiB/s (45.8MB/s)(2722MiB/62320msec)
    clat (usec): min=19, max=54469, avg=301.60, stdev=1353.79
     lat (usec): min=19, max=54470, avg=301.92, stdev=1354.14
    clat percentiles (usec):
     |  1.00th=[   34],  5.00th=[   38], 10.00th=[   41], 20.00th=[   44],
     | 30.00th=[   48], 40.00th=[   51], 50.00th=[   55], 60.00th=[   60],
     | 70.00th=[   66], 80.00th=[   77], 90.00th=[  404], 95.00th=[ 1172],
     | 99.00th=[ 5735], 99.50th=[ 8455], 99.90th=[17695], 99.95th=[25035],
     | 99.99th=[36439]
   bw (  KiB/s): min=  341, max=258048, per=3.88%, avg=52933.66, stdev=46055.80, samples=105
   iops        : min=    2, max= 2016, avg=413.32, stdev=359.81, samples=105
  write: IOPS=176, BW=22.0MiB/s (23.1MB/s)(1374MiB/62320msec); 0 zone resets
    clat (usec): min=30, max=412876, avg=3998.22, stdev=15787.71
     lat (usec): min=32, max=412878, avg=4001.31, stdev=15789.12
    clat percentiles (usec):
     |  1.00th=[    47],  5.00th=[    53], 10.00th=[    58], 20.00th=[    65],
     | 30.00th=[    74], 40.00th=[    83], 50.00th=[    96], 60.00th=[   121],
     | 70.00th=[   169], 80.00th=[   293], 90.00th=[  5669], 95.00th=[ 27132],
     | 99.00th=[ 87557], 99.50th=[106431], 99.90th=[145753], 99.95th=[164627],
     | 99.99th=[242222]
   bw (  KiB/s): min=  341, max=136192, per=3.95%, avg=26719.19, stdev=23425.13, samples=105
   iops        : min=    2, max= 1064, avg=208.49, stdev=183.00, samples=105
  lat (usec)   : 20=0.01%, 50=26.37%, 100=48.45%, 250=10.10%, 500=4.11%
  lat (usec)   : 750=2.17%, 1000=1.17%
  lat (msec)   : 2=1.65%, 4=1.27%, 10=1.68%, 20=0.83%, 50=1.34%
  lat (msec)   : 100=0.64%, 250=0.22%, 500=0.01%
  cpu          : usr=0.14%, sys=6.16%, ctx=13906, majf=0, minf=18
  IO depths    : 1=100.0%, 2=0.0%, 4=0.0%, 8=0.0%, 16=0.0%, 32=0.0%, >=64=0.0%
     submit    : 0=0.0%, 4=100.0%, 8=0.0%, 16=0.0%, 32=0.0%, 64=0.0%, >=64=0.0%
     complete  : 0=0.0%, 4=100.0%, 8=0.0%, 16=0.0%, 32=0.0%, 64=0.0%, >=64=0.0%
     issued rwts: total=21777,10992,0,0 short=0,0,0,0 dropped=0,0,0,0
     latency   : target=0, window=0, percentile=100.00%, depth=1
job7.0: (groupid=0, jobs=1): err= 0: pid=8818: Tue Oct 24 20:34:30 2023
  read: IOPS=353, BW=44.2MiB/s (46.3MB/s)(2652MiB/60001msec)
    clat (usec): min=10, max=50471, avg=306.50, stdev=1409.41
     lat (usec): min=11, max=50471, avg=306.61, stdev=1409.43
    clat percentiles (usec):
     |  1.00th=[   34],  5.00th=[   39], 10.00th=[   41], 20.00th=[   45],
     | 30.00th=[   48], 40.00th=[   51], 50.00th=[   55], 60.00th=[   60],
     | 70.00th=[   65], 80.00th=[   76], 90.00th=[  392], 95.00th=[ 1156],
     | 99.00th=[ 5932], 99.50th=[ 8848], 99.90th=[17433], 99.95th=[21365],
     | 99.99th=[48497]
   bw (  KiB/s): min= 3840, max=243200, per=3.84%, avg=52501.98, stdev=42547.88, samples=103
   iops        : min=   30, max= 1900, avg=409.95, stdev=332.37, samples=103
  write: IOPS=171, BW=21.5MiB/s (22.5MB/s)(1289MiB/60001msec); 0 zone resets
    clat (usec): min=30, max=236133, avg=4248.27, stdev=15894.95
     lat (usec): min=32, max=236145, avg=4250.08, stdev=15894.99
    clat percentiles (usec):
     |  1.00th=[    47],  5.00th=[    53], 10.00th=[    58], 20.00th=[    65],
     | 30.00th=[    73], 40.00th=[    83], 50.00th=[    96], 60.00th=[   118],
     | 70.00th=[   163], 80.00th=[   310], 90.00th=[  6783], 95.00th=[ 28967],
     | 99.00th=[ 88605], 99.50th=[107480], 99.90th=[149947], 99.95th=[170918],
     | 99.99th=[210764]
   bw (  KiB/s): min= 3072, max=116224, per=3.77%, avg=25520.17, stdev=20615.27, samples=103
   iops        : min=   24, max=  908, avg=199.18, stdev=161.07, samples=103
  lat (usec)   : 20=0.02%, 50=25.81%, 100=49.63%, 250=9.68%, 500=3.67%
  lat (usec)   : 750=2.19%, 1000=1.19%
  lat (msec)   : 2=1.61%, 4=1.29%, 10=1.73%, 20=0.86%, 50=1.45%
  lat (msec)   : 100=0.63%, 250=0.24%
  cpu          : usr=0.12%, sys=5.90%, ctx=9375, majf=0, minf=22
  IO depths    : 1=100.0%, 2=0.0%, 4=0.0%, 8=0.0%, 16=0.0%, 32=0.0%, >=64=0.0%
     submit    : 0=0.0%, 4=100.0%, 8=0.0%, 16=0.0%, 32=0.0%, 64=0.0%, >=64=0.0%
     complete  : 0=0.0%, 4=100.0%, 8=0.0%, 16=0.0%, 32=0.0%, 64=0.0%, >=64=0.0%
     issued rwts: total=21215,10310,0,0 short=0,0,0,0 dropped=0,0,0,0
     latency   : target=0, window=0, percentile=100.00%, depth=1
job7.0: (groupid=0, jobs=1): err= 0: pid=8819: Tue Oct 24 20:34:30 2023
  read: IOPS=367, BW=45.9MiB/s (48.2MB/s)(2757MiB/60001msec)
    clat (usec): min=19, max=69859, avg=284.36, stdev=1531.56
     lat (usec): min=19, max=69859, avg=284.45, stdev=1531.57
    clat percentiles (usec):
     |  1.00th=[   34],  5.00th=[   38], 10.00th=[   41], 20.00th=[   44],
     | 30.00th=[   47], 40.00th=[   51], 50.00th=[   55], 60.00th=[   59],
     | 70.00th=[   64], 80.00th=[   74], 90.00th=[  310], 95.00th=[ 1037],
     | 99.00th=[ 5538], 99.50th=[ 8291], 99.90th=[17171], 99.95th=[24773],
     | 99.99th=[63701]
   bw (  KiB/s): min= 6095, max=267520, per=4.03%, avg=54965.79, stdev=48886.54, samples=102
   iops        : min=   47, max= 2090, avg=429.19, stdev=381.91, samples=102
  write: IOPS=177, BW=22.1MiB/s (23.2MB/s)(1328MiB/60001msec); 0 zone resets
    clat (usec): min=38, max=230122, avg=4120.86, stdev=15602.26
     lat (usec): min=40, max=230123, avg=4123.26, stdev=15604.41
    clat percentiles (usec):
     |  1.00th=[    47],  5.00th=[    52], 10.00th=[    57], 20.00th=[    64],
     | 30.00th=[    72], 40.00th=[    81], 50.00th=[    92], 60.00th=[   111],
     | 70.00th=[   147], 80.00th=[   262], 90.00th=[  6063], 95.00th=[ 28705],
     | 99.00th=[ 88605], 99.50th=[107480], 99.90th=[145753], 99.95th=[177210],
     | 99.99th=[212861]
   bw (  KiB/s): min= 3065, max=118784, per=3.91%, avg=26437.93, stdev=22659.76, samples=102
   iops        : min=   23, max=  928, avg=206.33, stdev=177.04, samples=102
  lat (usec)   : 20=0.01%, 50=27.46%, 100=49.38%, 250=9.46%, 500=3.32%
  lat (usec)   : 750=1.89%, 1000=1.13%
  lat (msec)   : 2=1.66%, 4=1.16%, 10=1.49%, 20=0.80%, 50=1.42%
  lat (msec)   : 100=0.60%, 250=0.24%
  cpu          : usr=0.19%, sys=5.70%, ctx=9204, majf=0, minf=19
  IO depths    : 1=100.0%, 2=0.0%, 4=0.0%, 8=0.0%, 16=0.0%, 32=0.0%, >=64=0.0%
     submit    : 0=0.0%, 4=100.0%, 8=0.0%, 16=0.0%, 32=0.0%, 64=0.0%, >=64=0.0%
     complete  : 0=0.0%, 4=100.0%, 8=0.0%, 16=0.0%, 32=0.0%, 64=0.0%, >=64=0.0%
     issued rwts: total=22053,10622,0,0 short=0,0,0,0 dropped=0,0,0,0
     latency   : target=0, window=0, percentile=100.00%, depth=1
job8.0: (groupid=0, jobs=1): err= 0: pid=8820: Tue Oct 24 20:34:30 2023
  read: IOPS=175, BW=44.0MiB/s (46.1MB/s)(2742MiB/62320msec)
    clat (usec): min=34, max=57723, avg=651.89, stdev=1938.83
     lat (usec): min=34, max=57723, avg=652.24, stdev=1938.91
    clat percentiles (usec):
     |  1.00th=[   68],  5.00th=[   78], 10.00th=[   85], 20.00th=[   95],
     | 30.00th=[  103], 40.00th=[  112], 50.00th=[  121], 60.00th=[  135],
     | 70.00th=[  159], 80.00th=[  529], 90.00th=[ 1500], 95.00th=[ 3064],
     | 99.00th=[ 9110], 99.50th=[12256], 99.90th=[21365], 99.95th=[29230],
     | 99.99th=[43254]
   bw (  KiB/s): min= 5039, max=249856, per=4.51%, avg=61615.66, stdev=46300.44, samples=91
   iops        : min=   19, max=  976, avg=240.47, stdev=180.89, samples=91
  write: IOPS=86, BW=21.7MiB/s (22.8MB/s)(1354MiB/62320msec); 0 zone resets
    clat (usec): min=79, max=216772, avg=6716.02, stdev=18561.93
     lat (usec): min=81, max=216774, avg=6726.21, stdev=18569.92
    clat percentiles (usec):
     |  1.00th=[    94],  5.00th=[   109], 10.00th=[   120], 20.00th=[   139],
     | 30.00th=[   159], 40.00th=[   190], 50.00th=[   227], 60.00th=[   297],
     | 70.00th=[   465], 80.00th=[  4228], 90.00th=[ 22414], 95.00th=[ 41157],
     | 99.00th=[103285], 99.50th=[112722], 99.90th=[149947], 99.95th=[173016],
     | 99.99th=[217056]
   bw (  KiB/s): min= 4031, max=132608, per=4.50%, avg=30423.77, stdev=22701.85, samples=91
   iops        : min=   15, max=  518, avg=118.59, stdev=88.73, samples=91
  lat (usec)   : 50=0.01%, 100=18.68%, 250=50.55%, 500=7.57%, 750=3.58%
  lat (usec)   : 1000=3.03%
  lat (msec)   : 2=4.46%, 4=3.03%, 10=3.45%, 20=1.90%, 50=2.47%
  lat (msec)   : 100=0.91%, 250=0.36%
  cpu          : usr=0.14%, sys=6.70%, ctx=12705, majf=0, minf=19
  IO depths    : 1=100.0%, 2=0.0%, 4=0.0%, 8=0.0%, 16=0.0%, 32=0.0%, >=64=0.0%
     submit    : 0=0.0%, 4=100.0%, 8=0.0%, 16=0.0%, 32=0.0%, 64=0.0%, >=64=0.0%
     complete  : 0=0.0%, 4=100.0%, 8=0.0%, 16=0.0%, 32=0.0%, 64=0.0%, >=64=0.0%
     issued rwts: total=10968,5417,0,0 short=0,0,0,0 dropped=0,0,0,0
     latency   : target=0, window=0, percentile=100.00%, depth=1
job8.0: (groupid=0, jobs=1): err= 0: pid=8821: Tue Oct 24 20:34:30 2023
  read: IOPS=232, BW=58.1MiB/s (60.9MB/s)(3430MiB/59030msec)
    clat (usec): min=32, max=49925, avg=553.26, stdev=1808.16
     lat (usec): min=32, max=49925, avg=553.39, stdev=1808.17
    clat percentiles (usec):
     |  1.00th=[   67],  5.00th=[   77], 10.00th=[   84], 20.00th=[   93],
     | 30.00th=[  100], 40.00th=[  108], 50.00th=[  116], 60.00th=[  127],
     | 70.00th=[  143], 80.00th=[  221], 90.00th=[ 1139], 95.00th=[ 2540],
     | 99.00th=[ 8455], 99.50th=[10945], 99.90th=[20841], 99.95th=[36439],
     | 99.99th=[44303]
   bw (  KiB/s): min=  498, max=324096, per=5.13%, avg=70005.05, stdev=57146.78, samples=100
   iops        : min=    1, max= 1266, avg=273.19, stdev=223.25, samples=100
  write: IOPS=114, BW=28.6MiB/s (30.0MB/s)(1690MiB/59030msec); 0 zone resets
    clat (usec): min=78, max=491228, avg=5910.48, stdev=18703.90
     lat (usec): min=80, max=491236, avg=5918.88, stdev=18707.62
    clat percentiles (usec):
     |  1.00th=[    92],  5.00th=[   104], 10.00th=[   114], 20.00th=[   129],
     | 30.00th=[   147], 40.00th=[   167], 50.00th=[   196], 60.00th=[   241],
     | 70.00th=[   338], 80.00th=[   701], 90.00th=[ 18482], 95.00th=[ 38536],
     | 99.00th=[100140], 99.50th=[112722], 99.90th=[145753], 99.95th=[181404],
     | 99.99th=[492831]
   bw (  KiB/s): min=  498, max=158208, per=5.10%, avg=34499.28, stdev=27800.09, samples=100
   iops        : min=    1, max=  618, avg=134.50, stdev=108.62, samples=100
  lat (usec)   : 50=0.01%, 100=21.23%, 250=52.93%, 500=6.85%, 750=3.26%
  lat (usec)   : 1000=2.34%
  lat (msec)   : 2=3.55%, 4=2.38%, 10=2.75%, 20=1.49%, 50=1.97%
  lat (msec)   : 100=0.89%, 250=0.34%, 500=0.01%
  cpu          : usr=0.21%, sys=7.52%, ctx=9552, majf=0, minf=19
  IO depths    : 1=100.0%, 2=0.0%, 4=0.0%, 8=0.0%, 16=0.0%, 32=0.0%, >=64=0.0%
     submit    : 0=0.0%, 4=100.0%, 8=0.0%, 16=0.0%, 32=0.0%, 64=0.0%, >=64=0.0%
     complete  : 0=0.0%, 4=100.0%, 8=0.0%, 16=0.0%, 32=0.0%, 64=0.0%, >=64=0.0%
     issued rwts: total=13720,6760,0,0 short=0,0,0,0 dropped=0,0,0,0
     latency   : target=0, window=0, percentile=100.00%, depth=1
job8.0: (groupid=0, jobs=1): err= 0: pid=8822: Tue Oct 24 20:34:30 2023
  read: IOPS=177, BW=44.3MiB/s (46.5MB/s)(2763MiB/62322msec)
    clat (usec): min=40, max=49749, avg=653.52, stdev=1891.44
     lat (usec): min=41, max=49749, avg=653.66, stdev=1891.47
    clat percentiles (usec):
     |  1.00th=[   68],  5.00th=[   79], 10.00th=[   85], 20.00th=[   95],
     | 30.00th=[  103], 40.00th=[  112], 50.00th=[  121], 60.00th=[  135],
     | 70.00th=[  161], 80.00th=[  553], 90.00th=[ 1483], 95.00th=[ 3130],
     | 99.00th=[ 8848], 99.50th=[11731], 99.90th=[21103], 99.95th=[28181],
     | 99.99th=[49546]
   bw (  KiB/s): min= 9689, max=201106, per=4.60%, avg=62765.12, stdev=41253.13, samples=90
   iops        : min=   37, max=  785, avg=244.92, stdev=161.12, samples=90
  write: IOPS=85, BW=21.4MiB/s (22.4MB/s)(1333MiB/62322msec); 0 zone resets
    clat (usec): min=78, max=242972, avg=6826.23, stdev=18923.65
     lat (usec): min=79, max=242979, avg=6832.30, stdev=18923.43
    clat percentiles (usec):
     |  1.00th=[    93],  5.00th=[   104], 10.00th=[   117], 20.00th=[   135],
     | 30.00th=[   155], 40.00th=[   182], 50.00th=[   221], 60.00th=[   289],
     | 70.00th=[   465], 80.00th=[  4621], 90.00th=[ 23200], 95.00th=[ 41681],
     | 99.00th=[103285], 99.50th=[116917], 99.90th=[154141], 99.95th=[175113],
     | 99.99th=[242222]
   bw (  KiB/s): min= 3569, max=95935, per=4.48%, avg=30283.11, stdev=19494.61, samples=90
   iops        : min=   13, max=  374, avg=118.03, stdev=76.17, samples=90
  lat (usec)   : 50=0.01%, 100=19.15%, 250=50.12%, 500=7.38%, 750=4.08%
  lat (usec)   : 1000=2.90%
  lat (msec)   : 2=4.08%, 4=3.16%, 10=3.50%, 20=1.78%, 50=2.59%
  lat (msec)   : 100=0.90%, 250=0.37%
  cpu          : usr=0.15%, sys=6.53%, ctx=12540, majf=0, minf=19
  IO depths    : 1=100.0%, 2=0.0%, 4=0.0%, 8=0.0%, 16=0.0%, 32=0.0%, >=64=0.0%
     submit    : 0=0.0%, 4=100.0%, 8=0.0%, 16=0.0%, 32=0.0%, 64=0.0%, >=64=0.0%
     complete  : 0=0.0%, 4=100.0%, 8=0.0%, 16=0.0%, 32=0.0%, 64=0.0%, >=64=0.0%
     issued rwts: total=11053,5332,0,0 short=0,0,0,0 dropped=0,0,0,0
     latency   : target=0, window=0, percentile=100.00%, depth=1
job8.0: (groupid=0, jobs=1): err= 0: pid=8823: Tue Oct 24 20:34:30 2023
  read: IOPS=177, BW=44.3MiB/s (46.5MB/s)(2761MiB/62321msec)
    clat (usec): min=38, max=46738, avg=677.05, stdev=1936.98
     lat (usec): min=38, max=46739, avg=677.18, stdev=1937.00
    clat percentiles (usec):
     |  1.00th=[   68],  5.00th=[   79], 10.00th=[   85], 20.00th=[   95],
     | 30.00th=[  104], 40.00th=[  113], 50.00th=[  123], 60.00th=[  137],
     | 70.00th=[  163], 80.00th=[  562], 90.00th=[ 1631], 95.00th=[ 3326],
     | 99.00th=[ 9503], 99.50th=[12125], 99.90th=[22676], 99.95th=[29754],
     | 99.99th=[38536]
   bw (  KiB/s): min= 4096, max=226244, per=4.54%, avg=62025.62, stdev=40962.32, samples=91
   iops        : min=   16, max=  883, avg=242.03, stdev=159.98, samples=91
  write: IOPS=85, BW=21.4MiB/s (22.5MB/s)(1335MiB/62321msec); 0 zone resets
    clat (usec): min=80, max=208175, avg=6798.24, stdev=18775.29
     lat (usec): min=82, max=208186, avg=6806.18, stdev=18780.23
    clat percentiles (usec):
     |  1.00th=[    94],  5.00th=[   109], 10.00th=[   121], 20.00th=[   141],
     | 30.00th=[   163], 40.00th=[   192], 50.00th=[   231], 60.00th=[   302],
     | 70.00th=[   445], 80.00th=[  4621], 90.00th=[ 22938], 95.00th=[ 41157],
     | 99.00th=[101188], 99.50th=[116917], 99.90th=[156238], 99.95th=[168821],
     | 99.99th=[208667]
   bw (  KiB/s): min= 1536, max=116456, per=4.43%, avg=29989.27, stdev=20202.76, samples=91
   iops        : min=    6, max=  454, avg=116.90, stdev=78.93, samples=91
  lat (usec)   : 50=0.01%, 100=18.26%, 250=49.95%, 500=8.34%, 750=4.03%
  lat (usec)   : 1000=2.56%
  lat (msec)   : 2=4.19%, 4=3.38%, 10=3.57%, 20=1.93%, 50=2.46%
  lat (msec)   : 100=0.96%, 250=0.34%
  cpu          : usr=0.18%, sys=7.05%, ctx=13303, majf=0, minf=21
  IO depths    : 1=100.0%, 2=0.0%, 4=0.0%, 8=0.0%, 16=0.0%, 32=0.0%, >=64=0.0%
     submit    : 0=0.0%, 4=100.0%, 8=0.0%, 16=0.0%, 32=0.0%, 64=0.0%, >=64=0.0%
     complete  : 0=0.0%, 4=100.0%, 8=0.0%, 16=0.0%, 32=0.0%, 64=0.0%, >=64=0.0%
     issued rwts: total=11045,5340,0,0 short=0,0,0,0 dropped=0,0,0,0
     latency   : target=0, window=0, percentile=100.00%, depth=1
job9.0: (groupid=0, jobs=1): err= 0: pid=8824: Tue Oct 24 20:34:30 2023
  read: IOPS=138, BW=69.5MiB/s (72.8MB/s)(3325MiB/47855msec)
    clat (usec): min=109, max=73933, avg=1093.66, stdev=3128.51
     lat (usec): min=109, max=73933, avg=1093.83, stdev=3128.55
    clat percentiles (usec):
     |  1.00th=[  131],  5.00th=[  151], 10.00th=[  163], 20.00th=[  186],
     | 30.00th=[  206], 40.00th=[  225], 50.00th=[  243], 60.00th=[  265],
     | 70.00th=[  297], 80.00th=[  429], 90.00th=[ 2802], 95.00th=[ 5538],
     | 99.00th=[14353], 99.50th=[18482], 99.90th=[39584], 99.95th=[45876],
     | 99.99th=[73925]
   bw (  KiB/s): min=17269, max=281798, per=6.44%, avg=87880.48, stdev=56037.18, samples=75
   iops        : min=   33, max=  550, avg=171.39, stdev=109.42, samples=75
  write: IOPS=75, BW=37.5MiB/s (39.3MB/s)(1796MiB/47855msec); 0 zone resets
    clat (usec): min=168, max=223595, avg=8046.07, stdev=21944.27
     lat (usec): min=172, max=223600, avg=8075.74, stdev=21955.52
    clat percentiles (usec):
     |  1.00th=[   192],  5.00th=[   210], 10.00th=[   229], 20.00th=[   258],
     | 30.00th=[   285], 40.00th=[   326], 50.00th=[   379], 60.00th=[   457],
     | 70.00th=[   603], 80.00th=[  1074], 90.00th=[ 30016], 95.00th=[ 53740],
     | 99.00th=[107480], 99.50th=[125305], 99.90th=[170918], 99.95th=[187696],
     | 99.99th=[223347]
   bw (  KiB/s): min= 8192, max=152806, per=6.99%, avg=47265.19, stdev=31669.07, samples=75
   iops        : min=   16, max=  298, avg=92.05, stdev=61.87, samples=75
  lat (usec)   : 250=41.25%, 500=33.72%, 750=4.71%, 1000=2.35%
  lat (msec)   : 2=3.66%, 4=3.86%, 10=3.75%, 20=1.79%, 50=2.94%
  lat (msec)   : 100=1.44%, 250=0.54%
  cpu          : usr=0.25%, sys=8.80%, ctx=9851, majf=0, minf=18
  IO depths    : 1=100.0%, 2=0.0%, 4=0.0%, 8=0.0%, 16=0.0%, 32=0.0%, >=64=0.0%
     submit    : 0=0.0%, 4=100.0%, 8=0.0%, 16=0.0%, 32=0.0%, 64=0.0%, >=64=0.0%
     complete  : 0=0.0%, 4=100.0%, 8=0.0%, 16=0.0%, 32=0.0%, 64=0.0%, >=64=0.0%
     issued rwts: total=6649,3591,0,0 short=0,0,0,0 dropped=0,0,0,0
     latency   : target=0, window=0, percentile=100.00%, depth=1
job9.0: (groupid=0, jobs=1): err= 0: pid=8825: Tue Oct 24 20:34:30 2023
  read: IOPS=141, BW=70.8MiB/s (74.2MB/s)(3445MiB/48680msec)
    clat (usec): min=92, max=76362, avg=1050.58, stdev=2858.58
     lat (usec): min=92, max=76362, avg=1050.72, stdev=2858.61
    clat percentiles (usec):
     |  1.00th=[  129],  5.00th=[  149], 10.00th=[  161], 20.00th=[  182],
     | 30.00th=[  200], 40.00th=[  221], 50.00th=[  239], 60.00th=[  262],
     | 70.00th=[  297], 80.00th=[  429], 90.00th=[ 2737], 95.00th=[ 5407],
     | 99.00th=[14091], 99.50th=[19268], 99.90th=[28705], 99.95th=[35914],
     | 99.99th=[76022]
   bw (  KiB/s): min= 7168, max=259591, per=6.50%, avg=88824.75, stdev=63946.45, samples=79
   iops        : min=   14, max=  507, avg=173.27, stdev=124.92, samples=79
  write: IOPS=68, BW=34.4MiB/s (36.1MB/s)(1676MiB/48680msec); 0 zone resets
    clat (usec): min=164, max=418570, avg=9154.22, stdev=24442.46
     lat (usec): min=168, max=418574, avg=9176.24, stdev=24449.32
    clat percentiles (usec):
     |  1.00th=[   188],  5.00th=[   208], 10.00th=[   225], 20.00th=[   255],
     | 30.00th=[   289], 40.00th=[   326], 50.00th=[   383], 60.00th=[   486],
     | 70.00th=[   660], 80.00th=[  1401], 90.00th=[ 34341], 95.00th=[ 60031],
     | 99.00th=[113771], 99.50th=[128451], 99.90th=[183501], 99.95th=[246416],
     | 99.99th=[417334]
   bw (  KiB/s): min= 6119, max=146725, per=6.38%, avg=43184.39, stdev=33139.78, samples=79
   iops        : min=   11, max=  286, avg=84.09, stdev=64.73, samples=79
  lat (usec)   : 100=0.01%, 250=43.36%, 500=31.07%, 750=4.91%, 1000=2.25%
  lat (msec)   : 2=3.85%, 4=3.82%, 10=3.92%, 20=1.71%, 50=3.12%
  lat (msec)   : 100=1.38%, 250=0.61%, 500=0.01%
  cpu          : usr=0.24%, sys=8.69%, ctx=5860, majf=0, minf=17
  IO depths    : 1=100.0%, 2=0.0%, 4=0.0%, 8=0.0%, 16=0.0%, 32=0.0%, >=64=0.0%
     submit    : 0=0.0%, 4=100.0%, 8=0.0%, 16=0.0%, 32=0.0%, 64=0.0%, >=64=0.0%
     complete  : 0=0.0%, 4=100.0%, 8=0.0%, 16=0.0%, 32=0.0%, 64=0.0%, >=64=0.0%
     issued rwts: total=6889,3351,0,0 short=0,0,0,0 dropped=0,0,0,0
     latency   : target=0, window=0, percentile=100.00%, depth=1
job9.0: (groupid=0, jobs=1): err= 0: pid=8826: Tue Oct 24 20:34:30 2023
  read: IOPS=141, BW=70.7MiB/s (74.1MB/s)(3423MiB/48404msec)
    clat (usec): min=99, max=69446, avg=1114.84, stdev=3137.14
     lat (usec): min=100, max=69446, avg=1115.01, stdev=3137.18
    clat percentiles (usec):
     |  1.00th=[  135],  5.00th=[  153], 10.00th=[  165], 20.00th=[  188],
     | 30.00th=[  208], 40.00th=[  227], 50.00th=[  247], 60.00th=[  273],
     | 70.00th=[  310], 80.00th=[  494], 90.00th=[ 2802], 95.00th=[ 5473],
     | 99.00th=[14222], 99.50th=[20579], 99.90th=[36963], 99.95th=[47449],
     | 99.99th=[69731]
   bw (  KiB/s): min=14336, max=283648, per=6.56%, avg=89512.57, stdev=54590.37, samples=77
   iops        : min=   28, max=  554, avg=174.57, stdev=106.66, samples=77
  write: IOPS=70, BW=35.1MiB/s (36.8MB/s)(1698MiB/48404msec); 0 zone resets
    clat (usec): min=176, max=491870, avg=8714.19, stdev=24234.65
     lat (usec): min=180, max=491874, avg=8741.27, stdev=24244.34
    clat percentiles (usec):
     |  1.00th=[   192],  5.00th=[   215], 10.00th=[   233], 20.00th=[   265],
     | 30.00th=[   297], 40.00th=[   334], 50.00th=[   388], 60.00th=[   474],
     | 70.00th=[   652], 80.00th=[  1188], 90.00th=[ 31065], 95.00th=[ 58983],
     | 99.00th=[112722], 99.50th=[130548], 99.90th=[175113], 99.95th=[208667],
     | 99.99th=[492831]
   bw (  KiB/s): min= 8175, max=134144, per=6.56%, avg=44380.51, stdev=28717.68, samples=77
   iops        : min=   15, max=  262, avg=86.43, stdev=56.14, samples=77
  lat (usec)   : 100=0.01%, 250=39.60%, 500=34.40%, 750=4.96%, 1000=2.46%
  lat (msec)   : 2=4.04%, 4=4.06%, 10=3.75%, 20=1.61%, 50=3.12%
  lat (msec)   : 100=1.45%, 250=0.53%, 500=0.01%
  cpu          : usr=0.23%, sys=8.71%, ctx=10119, majf=0, minf=18
  IO depths    : 1=100.0%, 2=0.0%, 4=0.0%, 8=0.0%, 16=0.0%, 32=0.0%, >=64=0.0%
     submit    : 0=0.0%, 4=100.0%, 8=0.0%, 16=0.0%, 32=0.0%, 64=0.0%, >=64=0.0%
     complete  : 0=0.0%, 4=100.0%, 8=0.0%, 16=0.0%, 32=0.0%, 64=0.0%, >=64=0.0%
     issued rwts: total=6845,3395,0,0 short=0,0,0,0 dropped=0,0,0,0
     latency   : target=0, window=0, percentile=100.00%, depth=1
job9.0: (groupid=0, jobs=1): err= 0: pid=8827: Tue Oct 24 20:34:30 2023
  read: IOPS=141, BW=70.7MiB/s (74.2MB/s)(3410MiB/48205msec)
    clat (usec): min=68, max=80203, avg=1002.23, stdev=2964.90
     lat (usec): min=68, max=80203, avg=1002.69, stdev=2964.98
    clat percentiles (usec):
     |  1.00th=[  131],  5.00th=[  149], 10.00th=[  163], 20.00th=[  182],
     | 30.00th=[  200], 40.00th=[  219], 50.00th=[  237], 60.00th=[  260],
     | 70.00th=[  297], 80.00th=[  383], 90.00th=[ 2376], 95.00th=[ 5145],
     | 99.00th=[13304], 99.50th=[17957], 99.90th=[35914], 99.95th=[51119],
     | 99.99th=[80217]
   bw (  KiB/s): min= 5120, max=258976, per=6.30%, avg=86074.04, stdev=56935.17, samples=80
   iops        : min=   10, max=  505, avg=167.90, stdev=111.19, samples=80
  write: IOPS=70, BW=35.5MiB/s (37.2MB/s)(1710MiB/48205msec); 0 zone resets
    clat (usec): min=171, max=354724, avg=9054.87, stdev=24161.26
     lat (usec): min=176, max=354731, avg=9085.98, stdev=24171.29
    clat percentiles (usec):
     |  1.00th=[   188],  5.00th=[   210], 10.00th=[   227], 20.00th=[   258],
     | 30.00th=[   289], 40.00th=[   330], 50.00th=[   388], 60.00th=[   482],
     | 70.00th=[   660], 80.00th=[  1418], 90.00th=[ 32375], 95.00th=[ 59507],
     | 99.00th=[111674], 99.50th=[131597], 99.90th=[185598], 99.95th=[246416],
     | 99.99th=[354419]
   bw (  KiB/s): min= 3072, max=120832, per=6.40%, avg=43319.40, stdev=25940.24, samples=80
   iops        : min=    6, max=  236, avg=84.38, stdev=50.70, samples=80
  lat (usec)   : 100=0.01%, 250=43.20%, 500=31.90%, 750=5.02%, 1000=2.42%
  lat (msec)   : 2=3.59%, 4=3.43%, 10=3.57%, 20=1.68%, 50=3.07%
  lat (msec)   : 100=1.52%, 250=0.57%, 500=0.01%
  cpu          : usr=0.22%, sys=9.10%, ctx=7194, majf=0, minf=18
  IO depths    : 1=100.0%, 2=0.0%, 4=0.0%, 8=0.0%, 16=0.0%, 32=0.0%, >=64=0.0%
     submit    : 0=0.0%, 4=100.0%, 8=0.0%, 16=0.0%, 32=0.0%, 64=0.0%, >=64=0.0%
     complete  : 0=0.0%, 4=100.0%, 8=0.0%, 16=0.0%, 32=0.0%, 64=0.0%, >=64=0.0%
     issued rwts: total=6820,3420,0,0 short=0,0,0,0 dropped=0,0,0,0
     latency   : target=0, window=0, percentile=100.00%, depth=1
job10.0: (groupid=0, jobs=1): err= 0: pid=8828: Tue Oct 24 20:34:30 2023
  read: IOPS=76, BW=76.0MiB/s (79.7MB/s)(3525MiB/46374msec)
    clat (usec): min=218, max=101538, avg=3054.27, stdev=6277.76
     lat (usec): min=218, max=101539, avg=3054.61, stdev=6277.86
    clat percentiles (usec):
     |  1.00th=[   265],  5.00th=[   318], 10.00th=[   351], 20.00th=[   408],
     | 30.00th=[   469], 40.00th=[   529], 50.00th=[   586], 60.00th=[   734],
     | 70.00th=[  2040], 80.00th=[  4293], 90.00th=[  8717], 95.00th=[ 13566],
     | 99.00th=[ 29230], 99.50th=[ 38536], 99.90th=[ 79168], 99.95th=[ 88605],
     | 99.99th=[101188]
   bw (  KiB/s): min= 6144, max=411648, per=8.24%, avg=112488.43, stdev=75427.39, samples=63
   iops        : min=    6, max=  402, avg=109.63, stdev=73.71, samples=63
  write: IOPS=34, BW=34.4MiB/s (36.1MB/s)(1595MiB/46374msec); 0 zone resets
    clat (usec): min=387, max=154505, avg=11700.80, stdev=23315.71
     lat (usec): min=394, max=154520, avg=11757.90, stdev=23329.87
    clat percentiles (usec):
     |  1.00th=[   420],  5.00th=[   453], 10.00th=[   482], 20.00th=[   553],
     | 30.00th=[   635], 40.00th=[   750], 50.00th=[   906], 60.00th=[  1156],
     | 70.00th=[  1876], 80.00th=[ 21627], 90.00th=[ 41681], 95.00th=[ 61080],
     | 99.00th=[113771], 99.50th=[129500], 99.90th=[143655], 99.95th=[154141],
     | 99.99th=[154141]
   bw (  KiB/s): min= 2048, max=178176, per=7.50%, avg=50733.70, stdev=35091.36, samples=63
   iops        : min=    2, max=  174, avg=49.27, stdev=34.28, samples=63
  lat (usec)   : 250=0.45%, 500=27.70%, 750=26.04%, 1000=6.72%
  lat (msec)   : 2=8.93%, 4=7.19%, 10=9.75%, 20=5.04%, 50=5.88%
  lat (msec)   : 100=1.78%, 250=0.55%
  cpu          : usr=0.25%, sys=12.55%, ctx=10408, majf=0, minf=17
  IO depths    : 1=100.0%, 2=0.0%, 4=0.0%, 8=0.0%, 16=0.0%, 32=0.0%, >=64=0.0%
     submit    : 0=0.0%, 4=100.0%, 8=0.0%, 16=0.0%, 32=0.0%, 64=0.0%, >=64=0.0%
     complete  : 0=0.0%, 4=100.0%, 8=0.0%, 16=0.0%, 32=0.0%, 64=0.0%, >=64=0.0%
     issued rwts: total=3525,1595,0,0 short=0,0,0,0 dropped=0,0,0,0
     latency   : target=0, window=0, percentile=100.00%, depth=1
job10.0: (groupid=0, jobs=1): err= 0: pid=8829: Tue Oct 24 20:34:30 2023
  read: IOPS=73, BW=73.3MiB/s (76.9MB/s)(3395MiB/46286msec)
    clat (usec): min=217, max=76878, avg=2719.01, stdev=5571.07
     lat (usec): min=218, max=76878, avg=2719.18, stdev=5571.10
    clat percentiles (usec):
     |  1.00th=[  273],  5.00th=[  322], 10.00th=[  351], 20.00th=[  408],
     | 30.00th=[  461], 40.00th=[  510], 50.00th=[  570], 60.00th=[  660],
     | 70.00th=[ 1303], 80.00th=[ 3720], 90.00th=[ 7767], 95.00th=[12780],
     | 99.00th=[27657], 99.50th=[34866], 99.90th=[67634], 99.95th=[71828],
     | 99.99th=[77071]
   bw (  KiB/s): min=10219, max=364544, per=7.58%, avg=103500.94, stdev=69040.47, samples=66
   iops        : min=    9, max=  356, avg=100.85, stdev=67.47, samples=66
  write: IOPS=37, BW=37.3MiB/s (39.1MB/s)(1725MiB/46286msec); 0 zone resets
    clat (usec): min=407, max=232869, avg=12746.17, stdev=25596.69
     lat (usec): min=413, max=232899, avg=12822.60, stdev=25604.70
    clat percentiles (usec):
     |  1.00th=[   429],  5.00th=[   474], 10.00th=[   510], 20.00th=[   578],
     | 30.00th=[   635], 40.00th=[   758], 50.00th=[   889], 60.00th=[  1123],
     | 70.00th=[  2089], 80.00th=[ 23462], 90.00th=[ 42730], 95.00th=[ 69731],
     | 99.00th=[114820], 99.50th=[125305], 99.90th=[175113], 99.95th=[233833],
     | 99.99th=[233833]
   bw (  KiB/s): min=12263, max=145408, per=7.75%, avg=52423.83, stdev=29745.40, samples=66
   iops        : min=   11, max=  142, avg=50.92, stdev=29.10, samples=66
  lat (usec)   : 250=0.21%, 500=27.44%, 750=28.09%, 1000=7.83%
  lat (msec)   : 2=8.81%, 4=5.88%, 10=8.34%, 20=4.86%, 50=5.80%
  lat (msec)   : 100=2.03%, 250=0.70%
  cpu          : usr=0.35%, sys=9.39%, ctx=12255, majf=0, minf=17
  IO depths    : 1=100.0%, 2=0.0%, 4=0.0%, 8=0.0%, 16=0.0%, 32=0.0%, >=64=0.0%
     submit    : 0=0.0%, 4=100.0%, 8=0.0%, 16=0.0%, 32=0.0%, 64=0.0%, >=64=0.0%
     complete  : 0=0.0%, 4=100.0%, 8=0.0%, 16=0.0%, 32=0.0%, 64=0.0%, >=64=0.0%
     issued rwts: total=3395,1725,0,0 short=0,0,0,0 dropped=0,0,0,0
     latency   : target=0, window=0, percentile=100.00%, depth=1
job10.0: (groupid=0, jobs=1): err= 0: pid=8830: Tue Oct 24 20:34:30 2023
  read: IOPS=70, BW=70.3MiB/s (73.8MB/s)(3279MiB/46619msec)
    clat (usec): min=219, max=85010, avg=2980.34, stdev=6356.94
     lat (usec): min=219, max=85010, avg=2980.72, stdev=6356.94
    clat percentiles (usec):
     |  1.00th=[  277],  5.00th=[  318], 10.00th=[  347], 20.00th=[  404],
     | 30.00th=[  457], 40.00th=[  519], 50.00th=[  578], 60.00th=[  668],
     | 70.00th=[ 1598], 80.00th=[ 3851], 90.00th=[ 8717], 95.00th=[13173],
     | 99.00th=[31327], 99.50th=[39584], 99.90th=[71828], 99.95th=[83362],
     | 99.99th=[85459]
   bw (  KiB/s): min= 4079, max=280576, per=7.22%, avg=98560.55, stdev=60219.72, samples=66
   iops        : min=    3, max=  274, avg=96.02, stdev=58.88, samples=66
  write: IOPS=39, BW=39.5MiB/s (41.4MB/s)(1841MiB/46619msec); 0 zone resets
    clat (usec): min=395, max=246420, avg=11825.08, stdev=24999.53
     lat (usec): min=404, max=246436, avg=11927.53, stdev=25077.98
    clat percentiles (usec):
     |  1.00th=[   424],  5.00th=[   465], 10.00th=[   506], 20.00th=[   570],
     | 30.00th=[   652], 40.00th=[   758], 50.00th=[   906], 60.00th=[  1139],
     | 70.00th=[  1745], 80.00th=[ 20055], 90.00th=[ 39584], 95.00th=[ 65799],
     | 99.00th=[115868], 99.50th=[135267], 99.90th=[189793], 99.95th=[246416],
     | 99.99th=[246416]
   bw (  KiB/s): min= 4096, max=139264, per=8.17%, avg=55267.89, stdev=33510.32, samples=66
   iops        : min=    4, max=  136, avg=53.70, stdev=32.77, samples=66
  lat (usec)   : 250=0.21%, 500=26.68%, 750=28.20%, 1000=7.25%
  lat (msec)   : 2=9.61%, 4=6.23%, 10=8.01%, 20=5.00%, 50=6.07%
  lat (msec)   : 100=1.99%, 250=0.74%
  cpu          : usr=0.33%, sys=9.49%, ctx=10749, majf=0, minf=17
  IO depths    : 1=100.0%, 2=0.0%, 4=0.0%, 8=0.0%, 16=0.0%, 32=0.0%, >=64=0.0%
     submit    : 0=0.0%, 4=100.0%, 8=0.0%, 16=0.0%, 32=0.0%, 64=0.0%, >=64=0.0%
     complete  : 0=0.0%, 4=100.0%, 8=0.0%, 16=0.0%, 32=0.0%, 64=0.0%, >=64=0.0%
     issued rwts: total=3279,1841,0,0 short=0,0,0,0 dropped=0,0,0,0
     latency   : target=0, window=0, percentile=100.00%, depth=1
job10.0: (groupid=0, jobs=1): err= 0: pid=8831: Tue Oct 24 20:34:30 2023
  read: IOPS=72, BW=72.9MiB/s (76.4MB/s)(3414MiB/46832msec)
    clat (usec): min=215, max=84079, avg=2858.80, stdev=6106.05
     lat (usec): min=215, max=84079, avg=2858.99, stdev=6106.09
    clat percentiles (usec):
     |  1.00th=[  260],  5.00th=[  314], 10.00th=[  347], 20.00th=[  400],
     | 30.00th=[  461], 40.00th=[  515], 50.00th=[  586], 60.00th=[  693],
     | 70.00th=[ 1614], 80.00th=[ 3851], 90.00th=[ 7701], 95.00th=[12256],
     | 99.00th=[32113], 99.50th=[41157], 99.90th=[73925], 99.95th=[81265],
     | 99.99th=[84411]
   bw (  KiB/s): min= 8143, max=401408, per=7.62%, avg=103990.07, stdev=71535.94, samples=67
   iops        : min=    7, max=  392, avg=101.31, stdev=69.91, samples=67
  write: IOPS=36, BW=36.4MiB/s (38.2MB/s)(1706MiB/46832msec); 0 zone resets
    clat (usec): min=389, max=247146, avg=13028.52, stdev=26164.94
     lat (usec): min=395, max=247153, avg=13117.68, stdev=26235.52
    clat percentiles (usec):
     |  1.00th=[   429],  5.00th=[   474], 10.00th=[   515], 20.00th=[   586],
     | 30.00th=[   668], 40.00th=[   791], 50.00th=[   938], 60.00th=[  1139],
     | 70.00th=[  2147], 80.00th=[ 24249], 90.00th=[ 44303], 95.00th=[ 74974],
     | 99.00th=[112722], 99.50th=[124257], 99.90th=[175113], 99.95th=[246416],
     | 99.99th=[246416]
   bw (  KiB/s): min= 6107, max=176128, per=7.67%, avg=51905.25, stdev=31434.57, samples=67
   iops        : min=    5, max=  172, avg=50.40, stdev=30.75, samples=67
  lat (usec)   : 250=0.45%, 500=26.89%, 750=26.52%, 1000=7.89%
  lat (msec)   : 2=9.28%, 4=6.89%, 10=8.89%, 20=4.38%, 50=5.86%
  lat (msec)   : 100=2.09%, 250=0.86%
  cpu          : usr=0.23%, sys=9.41%, ctx=9654, majf=0, minf=18
  IO depths    : 1=100.0%, 2=0.0%, 4=0.0%, 8=0.0%, 16=0.0%, 32=0.0%, >=64=0.0%
     submit    : 0=0.0%, 4=100.0%, 8=0.0%, 16=0.0%, 32=0.0%, 64=0.0%, >=64=0.0%
     complete  : 0=0.0%, 4=100.0%, 8=0.0%, 16=0.0%, 32=0.0%, 64=0.0%, >=64=0.0%
     issued rwts: total=3414,1706,0,0 short=0,0,0,0 dropped=0,0,0,0
     latency   : target=0, window=0, percentile=100.00%, depth=1

Run status group 0 (all jobs):
   READ: bw=1333MiB/s (1398MB/s), 3381KiB/s-76.0MiB/s (3463kB/s-79.7MB/s), io=81.2GiB (87.2GB), run=46286-62339msec
  WRITE: bw=661MiB/s (693MB/s), 1671KiB/s-39.5MiB/s (1711kB/s-41.4MB/s), io=40.2GiB (43.2GB), run=46286-62339msec

Disk stats (read/write):
  nvme0n1: ios=242381/414447, merge=0/681, ticks=450802/4693801, in_queue=5144739, util=92.02%
