job0.0: (g=0): rw=randrw, bs=(R) 64B-16.0KiB, (W) 64B-16.0KiB, (T) 64B-16.0KiB, ioengine=psync, iodepth=1
...
fio-3.28
Starting 4 processes

job0.0: (groupid=0, jobs=1): err= 0: pid=7560: Tue Oct 24 20:29:02 2023
  read: IOPS=12.8k, BW=89.0MiB/s (93.3MB/s)(3428MiB/38530msec)
    clat (nsec): min=690, max=10753k, avg=29858.71, stdev=78838.74
     lat (nsec): min=751, max=10753k, avg=29944.48, stdev=78854.74
    clat percentiles (nsec):
     |  1.00th=[   1336],  5.00th=[   1816], 10.00th=[   2064],
     | 20.00th=[   2576], 30.00th=[   3088], 40.00th=[   3568],
     | 50.00th=[   4256], 60.00th=[   5792], 70.00th=[   7456],
     | 80.00th=[  12864], 90.00th=[ 118272], 95.00th=[ 152576],
     | 99.00th=[ 234496], 99.50th=[ 296960], 99.90th=[ 708608],
     | 99.95th=[1019904], 99.99th=[1957888]
   bw (  KiB/s): min=  816, max=411114, per=25.52%, avg=92935.82, stdev=97430.15, samples=71
   iops        : min=   78, max=74414, avg=12779.04, stdev=16799.48, samples=71
  write: IOPS=6282, BW=43.9MiB/s (46.1MB/s)(1692MiB/38530msec); 0 zone resets
    clat (nsec): min=1032, max=11875k, avg=75845.74, stdev=196891.54
     lat (nsec): min=1122, max=11875k, avg=76017.50, stdev=196951.10
    clat percentiles (usec):
     |  1.00th=[    3],  5.00th=[    4], 10.00th=[    4], 20.00th=[    6],
     | 30.00th=[    7], 40.00th=[   10], 50.00th=[   12], 60.00th=[   14],
     | 70.00th=[   19], 80.00th=[   97], 90.00th=[  237], 95.00th=[  396],
     | 99.00th=[  791], 99.50th=[ 1020], 99.90th=[ 1778], 99.95th=[ 2278],
     | 99.99th=[ 6259]
   bw (  KiB/s): min=  400, max=200959, per=25.47%, avg=45869.01, stdev=47690.63, samples=71
   iops        : min=   44, max=36776, avg=6281.31, stdev=8228.68, samples=71
  lat (nsec)   : 750=0.02%, 1000=0.23%
  lat (usec)   : 2=5.58%, 4=29.17%, 10=32.14%, 20=11.11%, 50=1.52%
  lat (usec)   : 100=4.85%, 250=11.75%, 500=2.48%, 750=0.72%, 1000=0.23%
  lat (msec)   : 2=0.18%, 4=0.02%, 10=0.01%, 20=0.01%
  cpu          : usr=3.39%, sys=20.67%, ctx=249925, majf=0, minf=18
  IO depths    : 1=100.0%, 2=0.0%, 4=0.0%, 8=0.0%, 16=0.0%, 32=0.0%, >=64=0.0%
     submit    : 0=0.0%, 4=100.0%, 8=0.0%, 16=0.0%, 32=0.0%, 64=0.0%, >=64=0.0%
     complete  : 0=0.0%, 4=100.0%, 8=0.0%, 16=0.0%, 32=0.0%, 64=0.0%, >=64=0.0%
     issued rwts: total=492260,242055,0,0 short=0,0,0,0 dropped=0,0,0,0
     latency   : target=0, window=0, percentile=100.00%, depth=1
job0.0: (groupid=0, jobs=1): err= 0: pid=7561: Tue Oct 24 20:29:02 2023
  read: IOPS=12.7k, BW=88.9MiB/s (93.2MB/s)(3426MiB/38533msec)
    clat (nsec): min=691, max=14625k, avg=30081.23, stdev=85650.29
     lat (nsec): min=752, max=14625k, avg=30170.50, stdev=85680.13
    clat percentiles (nsec):
     |  1.00th=[   1336],  5.00th=[   1816], 10.00th=[   2064],
     | 20.00th=[   2608], 30.00th=[   3088], 40.00th=[   3568],
     | 50.00th=[   4256], 60.00th=[   5792], 70.00th=[   7456],
     | 80.00th=[  12864], 90.00th=[ 119296], 95.00th=[ 154624],
     | 99.00th=[ 236544], 99.50th=[ 301056], 99.90th=[ 716800],
     | 99.95th=[1073152], 99.99th=[1843200]
   bw (  KiB/s): min= 1080, max=420215, per=25.49%, avg=92811.56, stdev=97761.32, samples=71
   iops        : min=   86, max=76862, avg=12669.62, stdev=16829.38, samples=71
  write: IOPS=6271, BW=44.0MiB/s (46.1MB/s)(1694MiB/38533msec); 0 zone resets
    clat (nsec): min=1051, max=12513k, avg=76125.89, stdev=194759.34
     lat (nsec): min=1141, max=12513k, avg=76327.41, stdev=195013.54
    clat percentiles (usec):
     |  1.00th=[    3],  5.00th=[    4], 10.00th=[    5], 20.00th=[    6],
     | 30.00th=[    7], 40.00th=[   10], 50.00th=[   12], 60.00th=[   14],
     | 70.00th=[   19], 80.00th=[   97], 90.00th=[  237], 95.00th=[  396],
     | 99.00th=[  791], 99.50th=[ 1037], 99.90th=[ 1811], 99.95th=[ 2409],
     | 99.99th=[ 5735]
   bw (  KiB/s): min=  384, max=209178, per=25.46%, avg=45857.79, stdev=48461.33, samples=71
   iops        : min=   32, max=37888, avg=6265.87, stdev=8304.52, samples=71
  lat (nsec)   : 750=0.02%, 1000=0.22%
  lat (usec)   : 2=5.52%, 4=28.95%, 10=32.32%, 20=11.21%, 50=1.51%
  lat (usec)   : 100=4.77%, 250=11.81%, 500=2.51%, 750=0.73%, 1000=0.23%
  lat (msec)   : 2=0.19%, 4=0.02%, 10=0.01%, 20=0.01%
  cpu          : usr=3.09%, sys=21.03%, ctx=248322, majf=0, minf=19
  IO depths    : 1=100.0%, 2=0.0%, 4=0.0%, 8=0.0%, 16=0.0%, 32=0.0%, >=64=0.0%
     submit    : 0=0.0%, 4=100.0%, 8=0.0%, 16=0.0%, 32=0.0%, 64=0.0%, >=64=0.0%
     complete  : 0=0.0%, 4=100.0%, 8=0.0%, 16=0.0%, 32=0.0%, 64=0.0%, >=64=0.0%
     issued rwts: total=488780,241670,0,0 short=0,0,0,0 dropped=0,0,0,0
     latency   : target=0, window=0, percentile=100.00%, depth=1
job0.0: (groupid=0, jobs=1): err= 0: pid=7562: Tue Oct 24 20:29:02 2023
  read: IOPS=12.7k, BW=89.0MiB/s (93.3MB/s)(3429MiB/38530msec)
    clat (nsec): min=701, max=12067k, avg=29835.52, stdev=83823.23
     lat (nsec): min=761, max=12067k, avg=29924.18, stdev=83847.10
    clat percentiles (nsec):
     |  1.00th=[   1336],  5.00th=[   1816], 10.00th=[   2064],
     | 20.00th=[   2576], 30.00th=[   3088], 40.00th=[   3568],
     | 50.00th=[   4256], 60.00th=[   5792], 70.00th=[   7456],
     | 80.00th=[  12864], 90.00th=[ 118272], 95.00th=[ 152576],
     | 99.00th=[ 234496], 99.50th=[ 296960], 99.90th=[ 700416],
     | 99.95th=[1036288], 99.99th=[1859584]
   bw (  KiB/s): min=  896, max=410509, per=25.53%, avg=92955.69, stdev=97802.67, samples=71
   iops        : min=   74, max=73526, avg=12729.11, stdev=16744.27, samples=71
  write: IOPS=6295, BW=43.9MiB/s (46.0MB/s)(1691MiB/38530msec); 0 zone resets
    clat (nsec): min=1041, max=13642k, avg=76034.25, stdev=195726.76
     lat (nsec): min=1112, max=13643k, avg=76210.76, stdev=195789.45
    clat percentiles (usec):
     |  1.00th=[    3],  5.00th=[    4], 10.00th=[    4], 20.00th=[    6],
     | 30.00th=[    7], 40.00th=[   10], 50.00th=[   12], 60.00th=[   14],
     | 70.00th=[   19], 80.00th=[   97], 90.00th=[  237], 95.00th=[  396],
     | 99.00th=[  791], 99.50th=[ 1020], 99.90th=[ 1795], 99.95th=[ 2343],
     | 99.99th=[ 5735]
   bw (  KiB/s): min=  560, max=207034, per=25.44%, avg=45818.52, stdev=47937.63, samples=71
   iops        : min=   48, max=36654, avg=6290.85, stdev=8326.79, samples=71
  lat (nsec)   : 750=0.01%, 1000=0.21%
  lat (usec)   : 2=5.64%, 4=28.96%, 10=32.30%, 20=11.13%, 50=1.50%
  lat (usec)   : 100=4.81%, 250=11.76%, 500=2.51%, 750=0.72%, 1000=0.23%
  lat (msec)   : 2=0.18%, 4=0.02%, 10=0.01%, 20=0.01%
  cpu          : usr=3.33%, sys=20.87%, ctx=250079, majf=0, minf=19
  IO depths    : 1=100.0%, 2=0.0%, 4=0.0%, 8=0.0%, 16=0.0%, 32=0.0%, >=64=0.0%
     submit    : 0=0.0%, 4=100.0%, 8=0.0%, 16=0.0%, 32=0.0%, 64=0.0%, >=64=0.0%
     complete  : 0=0.0%, 4=100.0%, 8=0.0%, 16=0.0%, 32=0.0%, 64=0.0%, >=64=0.0%
     issued rwts: total=490463,242578,0,0 short=0,0,0,0 dropped=0,0,0,0
     latency   : target=0, window=0, percentile=100.00%, depth=1
job0.0: (groupid=0, jobs=1): err= 0: pid=7563: Tue Oct 24 20:29:02 2023
  read: IOPS=12.7k, BW=88.8MiB/s (93.1MB/s)(3420MiB/38512msec)
    clat (nsec): min=681, max=9711.6k, avg=29841.69, stdev=81802.27
     lat (nsec): min=741, max=9711.7k, avg=29929.43, stdev=81826.37
    clat percentiles (nsec):
     |  1.00th=[   1336],  5.00th=[   1816], 10.00th=[   2064],
     | 20.00th=[   2576], 30.00th=[   3088], 40.00th=[   3568],
     | 50.00th=[   4256], 60.00th=[   5792], 70.00th=[   7456],
     | 80.00th=[  12864], 90.00th=[ 118272], 95.00th=[ 152576],
     | 99.00th=[ 234496], 99.50th=[ 296960], 99.90th=[ 708608],
     | 99.95th=[1028096], 99.99th=[1843200]
   bw (  KiB/s): min=  960, max=420057, per=25.50%, avg=92870.92, stdev=98360.85, samples=71
   iops        : min=   74, max=75920, avg=12729.10, stdev=16989.31, samples=71
  write: IOPS=6299, BW=44.1MiB/s (46.3MB/s)(1700MiB/38512msec); 0 zone resets
    clat (nsec): min=1002, max=12835k, avg=76208.13, stdev=196123.41
     lat (nsec): min=1073, max=12836k, avg=76391.38, stdev=196233.66
    clat percentiles (usec):
     |  1.00th=[    3],  5.00th=[    4], 10.00th=[    4], 20.00th=[    6],
     | 30.00th=[    7], 40.00th=[   10], 50.00th=[   12], 60.00th=[   14],
     | 70.00th=[   19], 80.00th=[   98], 90.00th=[  237], 95.00th=[  396],
     | 99.00th=[  783], 99.50th=[ 1029], 99.90th=[ 1811], 99.95th=[ 2474],
     | 99.99th=[ 5407]
   bw (  KiB/s): min=  624, max=209355, per=25.63%, avg=46158.45, stdev=48598.00, samples=71
   iops        : min=   54, max=37580, avg=6309.37, stdev=8321.67, samples=71
  lat (nsec)   : 750=0.02%, 1000=0.21%
  lat (usec)   : 2=5.65%, 4=28.98%, 10=32.20%, 20=11.13%, 50=1.51%
  lat (usec)   : 100=4.87%, 250=11.75%, 500=2.51%, 750=0.73%, 1000=0.22%
  lat (msec)   : 2=0.18%, 4=0.02%, 10=0.01%, 20=0.01%
  cpu          : usr=3.45%, sys=20.50%, ctx=249012, majf=0, minf=18
  IO depths    : 1=100.0%, 2=0.0%, 4=0.0%, 8=0.0%, 16=0.0%, 32=0.0%, >=64=0.0%
     submit    : 0=0.0%, 4=100.0%, 8=0.0%, 16=0.0%, 32=0.0%, 64=0.0%, >=64=0.0%
     complete  : 0=0.0%, 4=100.0%, 8=0.0%, 16=0.0%, 32=0.0%, 64=0.0%, >=64=0.0%
     issued rwts: total=489491,242617,0,0 short=0,0,0,0 dropped=0,0,0,0
     latency   : target=0, window=0, percentile=100.00%, depth=1

Run status group 0 (all jobs):
   READ: bw=356MiB/s (373MB/s), 88.8MiB/s-89.0MiB/s (93.1MB/s-93.3MB/s), io=13.4GiB (14.4GB), run=38512-38533msec
  WRITE: bw=176MiB/s (184MB/s), 43.9MiB/s-44.1MiB/s (46.0MB/s-46.3MB/s), io=6777MiB (7107MB), run=38512-38533msec

Disk stats (read/write):
  nvme0n1: ios=580377/206803, merge=0/693, ticks=61688/682186, in_queue=743895, util=96.37%
