job0.0: (g=0): rw=randrw, bs=(R) 64B-16.0KiB, (W) 64B-16.0KiB, (T) 64B-16.0KiB, ioengine=psync, iodepth=1
fio-3.28
Starting 1 process

job0.0: (groupid=0, jobs=1): err= 0: pid=7314: Tue Oct 24 20:26:40 2023
  read: IOPS=6806, BW=48.1MiB/s (50.4MB/s)(2885MiB/60001msec)
    clat (nsec): min=661, max=6862.5k, avg=97195.56, stdev=82432.01
     lat (nsec): min=721, max=6862.9k, avg=97297.17, stdev=82444.53
    clat percentiles (nsec):
     |  1.00th=[   1608],  5.00th=[   2160], 10.00th=[   2512],
     | 20.00th=[   3504], 30.00th=[  73216], 40.00th=[  91648],
     | 50.00th=[  99840], 60.00th=[ 109056], 70.00th=[ 136192],
     | 80.00th=[ 156672], 90.00th=[ 185344], 95.00th=[ 214016],
     | 99.00th=[ 296960], 99.50th=[ 366592], 99.90th=[ 552960],
     | 99.95th=[ 684032], 99.99th=[1236992]
   bw (  KiB/s): min= 3189, max=78098, per=100.00%, avg=49379.14, stdev=12017.26, samples=119
   iops        : min=  690, max=15918, avg=6835.13, stdev=3136.37, samples=119
  write: IOPS=3347, BW=23.8MiB/s (24.9MB/s)(1425MiB/60001msec); 0 zone resets
    clat (nsec): min=1052, max=7576.4k, avg=85648.23, stdev=127722.80
     lat (nsec): min=1122, max=7576.7k, avg=85870.50, stdev=127754.16
    clat percentiles (usec):
     |  1.00th=[    3],  5.00th=[    4], 10.00th=[    4], 20.00th=[    6],
     | 30.00th=[    9], 40.00th=[   15], 50.00th=[   80], 60.00th=[   87],
     | 70.00th=[  104], 80.00th=[  155], 90.00th=[  180], 95.00th=[  204],
     | 99.00th=[  635], 99.50th=[  979], 99.90th=[ 1319], 99.95th=[ 1467],
     | 99.99th=[ 1827]
   bw (  KiB/s): min= 1762, max=38107, per=100.00%, avg=24398.12, stdev=5843.77, samples=119
   iops        : min=  338, max= 7740, avg=3361.06, stdev=1537.61, samples=119
  lat (nsec)   : 750=0.01%, 1000=0.09%
  lat (usec)   : 2=2.14%, 4=17.21%, 10=10.63%, 20=3.33%, 50=0.30%
  lat (usec)   : 100=22.40%, 250=41.84%, 500=1.58%, 750=0.16%, 1000=0.14%
  lat (msec)   : 2=0.16%, 4=0.01%, 10=0.01%
  cpu          : usr=2.25%, sys=17.03%, ctx=462563, majf=1, minf=18
  IO depths    : 1=100.0%, 2=0.0%, 4=0.0%, 8=0.0%, 16=0.0%, 32=0.0%, >=64=0.0%
     submit    : 0=0.0%, 4=100.0%, 8=0.0%, 16=0.0%, 32=0.0%, 64=0.0%, >=64=0.0%
     complete  : 0=0.0%, 4=100.0%, 8=0.0%, 16=0.0%, 32=0.0%, 64=0.0%, >=64=0.0%
     issued rwts: total=408385,200828,0,0 short=0,0,0,0 dropped=0,0,0,0
     latency   : target=0, window=0, percentile=100.00%, depth=1

Run status group 0 (all jobs):
   READ: bw=48.1MiB/s (50.4MB/s), 48.1MiB/s-48.1MiB/s (50.4MB/s-50.4MB/s), io=2885MiB (3025MB), run=60001-60001msec
  WRITE: bw=23.8MiB/s (24.9MB/s), 23.8MiB/s-23.8MiB/s (24.9MB/s-24.9MB/s), io=1425MiB (1494MB), run=60001-60001msec

Disk stats (read/write):
  nvme0n1: ios=450981/156287, merge=0/231, ticks=48068/26321, in_queue=74395, util=98.04%
