job0.0: (g=0): rw=randrw, bs=(R) 16.0KiB-16.0KiB, (W) 16.0KiB-16.0KiB, (T) 16.0KiB-16.0KiB, ioengine=psync, iodepth=1
...
job1.0: (g=0): rw=randrw, bs=(R) 16.0KiB-16.0KiB, (W) 16.0KiB-16.0KiB, (T) 16.0KiB-16.0KiB, ioengine=psync, iodepth=1
...
job2.0: (g=0): rw=randrw, bs=(R) 16.0KiB-16.0KiB, (W) 16.0KiB-16.0KiB, (T) 16.0KiB-16.0KiB, ioengine=psync, iodepth=1
...
job3.0: (g=0): rw=randrw, bs=(R) 16.0KiB-16.0KiB, (W) 16.0KiB-16.0KiB, (T) 16.0KiB-16.0KiB, ioengine=psync, iodepth=1
...
job4.0: (g=0): rw=randrw, bs=(R) 16.0KiB-16.0KiB, (W) 16.0KiB-16.0KiB, (T) 16.0KiB-16.0KiB, ioengine=psync, iodepth=1
...
job5.0: (g=0): rw=randrw, bs=(R) 16.0KiB-16.0KiB, (W) 16.0KiB-16.0KiB, (T) 16.0KiB-16.0KiB, ioengine=psync, iodepth=1
...
job6.0: (g=0): rw=randrw, bs=(R) 16.0KiB-16.0KiB, (W) 16.0KiB-16.0KiB, (T) 16.0KiB-16.0KiB, ioengine=psync, iodepth=1
...
job7.0: (g=0): rw=randrw, bs=(R) 16.0KiB-16.0KiB, (W) 16.0KiB-16.0KiB, (T) 16.0KiB-16.0KiB, ioengine=psync, iodepth=1
...
job8.0: (g=0): rw=randrw, bs=(R) 16.0KiB-16.0KiB, (W) 16.0KiB-16.0KiB, (T) 16.0KiB-16.0KiB, ioengine=psync, iodepth=1
...
fio-3.28
Starting 36 processes

job0.0: (groupid=0, jobs=1): err= 0: pid=5806: Tue Oct 24 21:08:40 2023
  read: IOPS=22.6k, BW=354MiB/s (371MB/s)(5120MiB/14468msec)
    clat (nsec): min=1202, max=36039k, avg=19274.15, stdev=320503.25
     lat (nsec): min=1253, max=36039k, avg=19328.83, stdev=320513.57
    clat percentiles (nsec):
     |  1.00th=[    1992],  5.00th=[    2192], 10.00th=[    2320],
     | 20.00th=[    2480], 30.00th=[    2640], 40.00th=[    2768],
     | 50.00th=[    2928], 60.00th=[    3088], 70.00th=[    3280],
     | 80.00th=[    3600], 90.00th=[    6304], 95.00th=[    7904],
     | 99.00th=[  264192], 99.50th=[  593920], 99.90th=[ 3162112],
     | 99.95th=[ 5799936], 99.99th=[13959168]
   bw (  KiB/s): min=10304, max=1886339, per=31.35%, avg=585885.27, stdev=689461.73, samples=15
   iops        : min=  644, max=117896, avg=36617.73, stdev=43091.34, samples=15
  lat (usec)   : 2=1.07%, 4=83.49%, 10=12.68%, 20=0.65%, 50=0.46%
  lat (usec)   : 100=0.14%, 250=0.48%, 500=0.42%, 750=0.22%, 1000=0.10%
  lat (msec)   : 2=0.14%, 4=0.08%, 10=0.06%, 20=0.01%, 50=0.01%
  cpu          : usr=1.26%, sys=12.84%, ctx=9713, majf=0, minf=13
  IO depths    : 1=100.0%, 2=0.0%, 4=0.0%, 8=0.0%, 16=0.0%, 32=0.0%, >=64=0.0%
     submit    : 0=0.0%, 4=100.0%, 8=0.0%, 16=0.0%, 32=0.0%, 64=0.0%, >=64=0.0%
     complete  : 0=0.0%, 4=100.0%, 8=0.0%, 16=0.0%, 32=0.0%, 64=0.0%, >=64=0.0%
     issued rwts: total=327680,0,0,0 short=0,0,0,0 dropped=0,0,0,0
     latency   : target=0, window=0, percentile=100.00%, depth=1
job0.0: (groupid=0, jobs=1): err= 0: pid=5807: Tue Oct 24 21:08:40 2023
  read: IOPS=22.6k, BW=353MiB/s (371MB/s)(5120MiB/14487msec)
    clat (nsec): min=1232, max=55958k, avg=19277.85, stdev=340657.85
     lat (nsec): min=1273, max=55958k, avg=19328.19, stdev=340659.74
    clat percentiles (nsec):
     |  1.00th=[    1992],  5.00th=[    2192], 10.00th=[    2320],
     | 20.00th=[    2512], 30.00th=[    2640], 40.00th=[    2800],
     | 50.00th=[    2928], 60.00th=[    3088], 70.00th=[    3312],
     | 80.00th=[    3664], 90.00th=[    6560], 95.00th=[    7968],
     | 99.00th=[  248832], 99.50th=[  593920], 99.90th=[ 3260416],
     | 99.95th=[ 5668864], 99.99th=[14090240]
   bw (  KiB/s): min= 8608, max=1783284, per=31.29%, avg=584661.40, stdev=671645.93, samples=15
   iops        : min=  538, max=111455, avg=36541.27, stdev=41977.77, samples=15
  lat (usec)   : 2=1.08%, 4=82.82%, 10=13.43%, 20=0.65%, 50=0.46%
  lat (usec)   : 100=0.12%, 250=0.45%, 500=0.39%, 750=0.20%, 1000=0.10%
  lat (msec)   : 2=0.14%, 4=0.09%, 10=0.06%, 20=0.02%, 50=0.01%
  lat (msec)   : 100=0.01%
  cpu          : usr=1.64%, sys=11.85%, ctx=8566, majf=0, minf=14
  IO depths    : 1=100.0%, 2=0.0%, 4=0.0%, 8=0.0%, 16=0.0%, 32=0.0%, >=64=0.0%
     submit    : 0=0.0%, 4=100.0%, 8=0.0%, 16=0.0%, 32=0.0%, 64=0.0%, >=64=0.0%
     complete  : 0=0.0%, 4=100.0%, 8=0.0%, 16=0.0%, 32=0.0%, 64=0.0%, >=64=0.0%
     issued rwts: total=327680,0,0,0 short=0,0,0,0 dropped=0,0,0,0
     latency   : target=0, window=0, percentile=100.00%, depth=1
job0.0: (groupid=0, jobs=1): err= 0: pid=5808: Tue Oct 24 21:08:40 2023
  read: IOPS=22.6k, BW=353MiB/s (370MB/s)(5120MiB/14514msec)
    clat (nsec): min=1212, max=82488k, avg=19053.48, stdev=369301.95
     lat (nsec): min=1263, max=82488k, avg=19142.62, stdev=369683.29
    clat percentiles (nsec):
     |  1.00th=[    1976],  5.00th=[    2192], 10.00th=[    2320],
     | 20.00th=[    2480], 30.00th=[    2640], 40.00th=[    2800],
     | 50.00th=[    2928], 60.00th=[    3088], 70.00th=[    3280],
     | 80.00th=[    3600], 90.00th=[    6176], 95.00th=[    7904],
     | 99.00th=[  257024], 99.50th=[  602112], 99.90th=[ 2965504],
     | 99.95th=[ 5079040], 99.99th=[14090240]
   bw (  KiB/s): min=10592, max=1862107, per=33.36%, avg=623479.14, stdev=701566.22, samples=14
   iops        : min=  662, max=116381, avg=38967.29, stdev=43847.72, samples=14
  lat (usec)   : 2=1.17%, 4=83.60%, 10=12.52%, 20=0.65%, 50=0.46%
  lat (usec)   : 100=0.12%, 250=0.45%, 500=0.41%, 750=0.21%, 1000=0.10%
  lat (msec)   : 2=0.15%, 4=0.09%, 10=0.05%, 20=0.01%, 50=0.01%
  lat (msec)   : 100=0.01%
  cpu          : usr=1.53%, sys=12.08%, ctx=9074, majf=0, minf=14
  IO depths    : 1=100.0%, 2=0.0%, 4=0.0%, 8=0.0%, 16=0.0%, 32=0.0%, >=64=0.0%
     submit    : 0=0.0%, 4=100.0%, 8=0.0%, 16=0.0%, 32=0.0%, 64=0.0%, >=64=0.0%
     complete  : 0=0.0%, 4=100.0%, 8=0.0%, 16=0.0%, 32=0.0%, 64=0.0%, >=64=0.0%
     issued rwts: total=327680,0,0,0 short=0,0,0,0 dropped=0,0,0,0
     latency   : target=0, window=0, percentile=100.00%, depth=1
job0.0: (groupid=0, jobs=1): err= 0: pid=5809: Tue Oct 24 21:08:40 2023
  read: IOPS=22.6k, BW=352MiB/s (370MB/s)(5120MiB/14528msec)
    clat (nsec): min=1162, max=76999k, avg=19627.97, stdev=372479.90
     lat (nsec): min=1202, max=76999k, avg=19741.93, stdev=373351.22
    clat percentiles (nsec):
     |  1.00th=[    1912],  5.00th=[    2160], 10.00th=[    2288],
     | 20.00th=[    2480], 30.00th=[    2608], 40.00th=[    2736],
     | 50.00th=[    2896], 60.00th=[    3024], 70.00th=[    3216],
     | 80.00th=[    3536], 90.00th=[    5792], 95.00th=[    7776],
     | 99.00th=[  259072], 99.50th=[  602112], 99.90th=[ 3293184],
     | 99.95th=[ 5537792], 99.99th=[14745600]
   bw (  KiB/s): min=12064, max=1872890, per=33.05%, avg=617671.50, stdev=717281.57, samples=14
   iops        : min=  754, max=117055, avg=38604.36, stdev=44830.02, samples=14
  lat (usec)   : 2=1.98%, 4=84.10%, 10=11.15%, 20=0.63%, 50=0.49%
  lat (usec)   : 100=0.14%, 250=0.48%, 500=0.42%, 750=0.21%, 1000=0.10%
  lat (msec)   : 2=0.14%, 4=0.08%, 10=0.06%, 20=0.01%, 50=0.01%
  lat (msec)   : 100=0.01%
  cpu          : usr=0.99%, sys=12.50%, ctx=8703, majf=0, minf=14
  IO depths    : 1=100.0%, 2=0.0%, 4=0.0%, 8=0.0%, 16=0.0%, 32=0.0%, >=64=0.0%
     submit    : 0=0.0%, 4=100.0%, 8=0.0%, 16=0.0%, 32=0.0%, 64=0.0%, >=64=0.0%
     complete  : 0=0.0%, 4=100.0%, 8=0.0%, 16=0.0%, 32=0.0%, 64=0.0%, >=64=0.0%
     issued rwts: total=327680,0,0,0 short=0,0,0,0 dropped=0,0,0,0
     latency   : target=0, window=0, percentile=100.00%, depth=1
job1.0: (groupid=0, jobs=1): err= 0: pid=5810: Tue Oct 24 21:08:40 2023
  read: IOPS=6980, BW=109MiB/s (114MB/s)(4498MiB/41236msec)
    clat (nsec): min=1182, max=66577k, avg=44313.03, stdev=652187.38
     lat (nsec): min=1222, max=66577k, avg=44368.10, stdev=652190.55
    clat percentiles (usec):
     |  1.00th=[    3],  5.00th=[    3], 10.00th=[    3], 20.00th=[    3],
     | 30.00th=[    3], 40.00th=[    3], 50.00th=[    4], 60.00th=[    4],
     | 70.00th=[    4], 80.00th=[    4], 90.00th=[    5], 95.00th=[    8],
     | 99.00th=[  494], 99.50th=[ 1926], 99.90th=[ 9110], 99.95th=[13435],
     | 99.99th=[26608]
   bw (  KiB/s): min= 3008, max=575168, per=7.85%, avg=146678.18, stdev=152112.13, samples=62
   iops        : min=  188, max=35948, avg=9167.27, stdev=9507.00, samples=62
  write: IOPS=965, BW=15.1MiB/s (15.8MB/s)(622MiB/41236msec); 0 zone resets
    clat (usec): min=2, max=357544, avg=411.64, stdev=5346.61
     lat (usec): min=2, max=357544, avg=411.75, stdev=5346.61
    clat percentiles (usec):
     |  1.00th=[     4],  5.00th=[     5], 10.00th=[     5], 20.00th=[     7],
     | 30.00th=[     8], 40.00th=[     9], 50.00th=[    10], 60.00th=[    11],
     | 70.00th=[    12], 80.00th=[    14], 90.00th=[    16], 95.00th=[    21],
     | 99.00th=[  6128], 99.50th=[ 22414], 99.90th=[ 87557], 99.95th=[115868],
     | 99.99th=[141558]
   bw (  KiB/s): min=  416, max=79904, per=1.10%, avg=20297.34, stdev=21013.72, samples=62
   iops        : min=   26, max= 4994, avg=1268.44, stdev=1313.33, samples=62
  lat (usec)   : 2=0.32%, 4=73.85%, 10=17.34%, 20=5.67%, 50=0.78%
  lat (usec)   : 100=0.19%, 250=0.40%, 500=0.40%, 750=0.19%, 1000=0.09%
  lat (msec)   : 2=0.17%, 4=0.21%, 10=0.22%, 20=0.09%, 50=0.05%
  lat (msec)   : 100=0.03%, 250=0.01%, 500=0.01%
  cpu          : usr=0.53%, sys=5.29%, ctx=12784, majf=0, minf=21
  IO depths    : 1=100.0%, 2=0.0%, 4=0.0%, 8=0.0%, 16=0.0%, 32=0.0%, >=64=0.0%
     submit    : 0=0.0%, 4=100.0%, 8=0.0%, 16=0.0%, 32=0.0%, 64=0.0%, >=64=0.0%
     complete  : 0=0.0%, 4=100.0%, 8=0.0%, 16=0.0%, 32=0.0%, 64=0.0%, >=64=0.0%
     issued rwts: total=287850,39830,0,0 short=0,0,0,0 dropped=0,0,0,0
     latency   : target=0, window=0, percentile=100.00%, depth=1
job1.0: (groupid=0, jobs=1): err= 0: pid=5811: Tue Oct 24 21:08:40 2023
  read: IOPS=7021, BW=110MiB/s (115MB/s)(4500MiB/41018msec)
    clat (nsec): min=1192, max=72234k, avg=44476.13, stdev=670166.63
     lat (nsec): min=1232, max=72234k, avg=44530.70, stdev=670169.69
    clat percentiles (usec):
     |  1.00th=[    3],  5.00th=[    3], 10.00th=[    3], 20.00th=[    3],
     | 30.00th=[    3], 40.00th=[    3], 50.00th=[    4], 60.00th=[    4],
     | 70.00th=[    4], 80.00th=[    4], 90.00th=[    5], 95.00th=[    8],
     | 99.00th=[  494], 99.50th=[ 1909], 99.90th=[ 9110], 99.95th=[13960],
     | 99.99th=[27132]
   bw (  KiB/s): min= 2400, max=531232, per=7.79%, avg=145536.52, stdev=161393.41, samples=61
   iops        : min=  150, max=33202, avg=9095.90, stdev=10087.10, samples=61
  write: IOPS=967, BW=15.1MiB/s (15.8MB/s)(620MiB/41018msec); 0 zone resets
    clat (usec): min=2, max=287807, avg=397.76, stdev=5042.24
     lat (usec): min=2, max=287807, avg=397.87, stdev=5042.24
    clat percentiles (usec):
     |  1.00th=[     4],  5.00th=[     5], 10.00th=[     5], 20.00th=[     7],
     | 30.00th=[     8], 40.00th=[     9], 50.00th=[    10], 60.00th=[    11],
     | 70.00th=[    12], 80.00th=[    14], 90.00th=[    16], 95.00th=[    21],
     | 99.00th=[  6325], 99.50th=[ 23200], 99.90th=[ 86508], 99.95th=[100140],
     | 99.99th=[132645]
   bw (  KiB/s): min=  288, max=75616, per=1.08%, avg=20090.49, stdev=22519.77, samples=61
   iops        : min=   18, max= 4726, avg=1255.56, stdev=1407.49, samples=61
  lat (usec)   : 2=0.31%, 4=75.09%, 10=16.18%, 20=5.61%, 50=0.74%
  lat (usec)   : 100=0.19%, 250=0.42%, 500=0.40%, 750=0.19%, 1000=0.10%
  lat (msec)   : 2=0.17%, 4=0.20%, 10=0.24%, 20=0.08%, 50=0.05%
  lat (msec)   : 100=0.03%, 250=0.01%, 500=0.01%
  cpu          : usr=0.45%, sys=5.94%, ctx=12632, majf=0, minf=20
  IO depths    : 1=100.0%, 2=0.0%, 4=0.0%, 8=0.0%, 16=0.0%, 32=0.0%, >=64=0.0%
     submit    : 0=0.0%, 4=100.0%, 8=0.0%, 16=0.0%, 32=0.0%, 64=0.0%, >=64=0.0%
     complete  : 0=0.0%, 4=100.0%, 8=0.0%, 16=0.0%, 32=0.0%, 64=0.0%, >=64=0.0%
     issued rwts: total=288004,39676,0,0 short=0,0,0,0 dropped=0,0,0,0
     latency   : target=0, window=0, percentile=100.00%, depth=1
job1.0: (groupid=0, jobs=1): err= 0: pid=5812: Tue Oct 24 21:08:40 2023
  read: IOPS=7048, BW=110MiB/s (115MB/s)(4500MiB/40862msec)
    clat (nsec): min=1182, max=55624k, avg=43741.01, stdev=655862.08
     lat (nsec): min=1223, max=55624k, avg=43796.36, stdev=655865.68
    clat percentiles (usec):
     |  1.00th=[    3],  5.00th=[    3], 10.00th=[    3], 20.00th=[    3],
     | 30.00th=[    3], 40.00th=[    3], 50.00th=[    4], 60.00th=[    4],
     | 70.00th=[    4], 80.00th=[    4], 90.00th=[    5], 95.00th=[    7],
     | 99.00th=[  478], 99.50th=[ 1844], 99.90th=[ 9372], 99.95th=[13566],
     | 99.99th=[27657]
   bw (  KiB/s): min= 2299, max=629408, per=7.82%, avg=146097.16, stdev=155383.59, samples=61
   iops        : min=  143, max=39338, avg=9130.95, stdev=9711.42, samples=61
  write: IOPS=970, BW=15.2MiB/s (15.9MB/s)(620MiB/40862msec); 0 zone resets
    clat (usec): min=2, max=357564, avg=406.70, stdev=5239.55
     lat (usec): min=2, max=357565, avg=406.81, stdev=5239.55
    clat percentiles (usec):
     |  1.00th=[     4],  5.00th=[     5], 10.00th=[     5], 20.00th=[     7],
     | 30.00th=[     8], 40.00th=[     9], 50.00th=[    10], 60.00th=[    11],
     | 70.00th=[    13], 80.00th=[    14], 90.00th=[    17], 95.00th=[    22],
     | 99.00th=[  6652], 99.50th=[ 21627], 99.90th=[ 86508], 99.95th=[105382],
     | 99.99th=[135267]
   bw (  KiB/s): min=  224, max=85632, per=1.09%, avg=20137.21, stdev=21299.71, samples=61
   iops        : min=   14, max= 5352, avg=1258.46, stdev=1331.21, samples=61
  lat (usec)   : 2=0.39%, 4=75.48%, 10=15.63%, 20=5.74%, 50=0.77%
  lat (usec)   : 100=0.18%, 250=0.41%, 500=0.36%, 750=0.19%, 1000=0.09%
  lat (msec)   : 2=0.17%, 4=0.20%, 10=0.22%, 20=0.09%, 50=0.05%
  lat (msec)   : 100=0.03%, 250=0.01%, 500=0.01%
  cpu          : usr=0.57%, sys=5.49%, ctx=12583, majf=0, minf=20
  IO depths    : 1=100.0%, 2=0.0%, 4=0.0%, 8=0.0%, 16=0.0%, 32=0.0%, >=64=0.0%
     submit    : 0=0.0%, 4=100.0%, 8=0.0%, 16=0.0%, 32=0.0%, 64=0.0%, >=64=0.0%
     complete  : 0=0.0%, 4=100.0%, 8=0.0%, 16=0.0%, 32=0.0%, 64=0.0%, >=64=0.0%
     issued rwts: total=288023,39657,0,0 short=0,0,0,0 dropped=0,0,0,0
     latency   : target=0, window=0, percentile=100.00%, depth=1
job1.0: (groupid=0, jobs=1): err= 0: pid=5813: Tue Oct 24 21:08:40 2023
  read: IOPS=7140, BW=112MiB/s (117MB/s)(4521MiB/40522msec)
    clat (nsec): min=1192, max=70298k, avg=44294.63, stdev=703354.80
     lat (nsec): min=1232, max=70298k, avg=44366.85, stdev=703405.56
    clat percentiles (usec):
     |  1.00th=[    3],  5.00th=[    3], 10.00th=[    3], 20.00th=[    3],
     | 30.00th=[    3], 40.00th=[    3], 50.00th=[    4], 60.00th=[    4],
     | 70.00th=[    4], 80.00th=[    4], 90.00th=[    5], 95.00th=[    8],
     | 99.00th=[  474], 99.50th=[ 1942], 99.90th=[ 8848], 99.95th=[13829],
     | 99.99th=[31065]
   bw (  KiB/s): min= 3104, max=774080, per=7.89%, avg=147516.12, stdev=175738.11, samples=59
   iops        : min=  194, max=48380, avg=9219.69, stdev=10983.69, samples=59
  write: IOPS=946, BW=14.8MiB/s (15.5MB/s)(599MiB/40522msec); 0 zone resets
    clat (usec): min=2, max=357537, avg=406.57, stdev=5313.84
     lat (usec): min=2, max=365465, avg=406.88, stdev=5327.88
    clat percentiles (usec):
     |  1.00th=[     4],  5.00th=[     5], 10.00th=[     5], 20.00th=[     7],
     | 30.00th=[     8], 40.00th=[     9], 50.00th=[    10], 60.00th=[    11],
     | 70.00th=[    12], 80.00th=[    14], 90.00th=[    17], 95.00th=[    21],
     | 99.00th=[  6390], 99.50th=[ 20841], 99.90th=[ 84411], 99.95th=[110625],
     | 99.99th=[147850]
   bw (  KiB/s): min=  256, max=104000, per=1.06%, avg=19553.54, stdev=23666.82, samples=59
   iops        : min=   16, max= 6500, avg=1221.98, stdev=1479.20, samples=59
  lat (usec)   : 2=0.41%, 4=74.65%, 10=16.81%, 20=5.35%, 50=0.76%
  lat (usec)   : 100=0.18%, 250=0.42%, 500=0.37%, 750=0.19%, 1000=0.09%
  lat (msec)   : 2=0.17%, 4=0.21%, 10=0.22%, 20=0.08%, 50=0.05%
  lat (msec)   : 100=0.03%, 250=0.01%, 500=0.01%
  cpu          : usr=0.60%, sys=5.32%, ctx=13304, majf=0, minf=20
  IO depths    : 1=100.0%, 2=0.0%, 4=0.0%, 8=0.0%, 16=0.0%, 32=0.0%, >=64=0.0%
     submit    : 0=0.0%, 4=100.0%, 8=0.0%, 16=0.0%, 32=0.0%, 64=0.0%, >=64=0.0%
     complete  : 0=0.0%, 4=100.0%, 8=0.0%, 16=0.0%, 32=0.0%, 64=0.0%, >=64=0.0%
     issued rwts: total=289340,38340,0,0 short=0,0,0,0 dropped=0,0,0,0
     latency   : target=0, window=0, percentile=100.00%, depth=1
job2.0: (groupid=0, jobs=1): err= 0: pid=5814: Tue Oct 24 21:08:40 2023
  read: IOPS=5938, BW=92.8MiB/s (97.3MB/s)(3838MiB/41359msec)
    clat (nsec): min=1203, max=60610k, avg=40738.80, stdev=582652.25
     lat (nsec): min=1253, max=60610k, avg=40797.47, stdev=582655.88
    clat percentiles (usec):
     |  1.00th=[    3],  5.00th=[    3], 10.00th=[    3], 20.00th=[    3],
     | 30.00th=[    3], 40.00th=[    3], 50.00th=[    4], 60.00th=[    4],
     | 70.00th=[    4], 80.00th=[    4], 90.00th=[    5], 95.00th=[    7],
     | 99.00th=[  474], 99.50th=[ 1713], 99.90th=[ 8455], 99.95th=[12387],
     | 99.99th=[22938]
   bw (  KiB/s): min=  448, max=408207, per=6.88%, avg=128628.52, stdev=118548.17, samples=60
   iops        : min=   28, max=25512, avg=8039.17, stdev=7409.20, samples=60
  write: IOPS=1984, BW=31.0MiB/s (32.5MB/s)(1282MiB/41359msec); 0 zone resets
    clat (usec): min=2, max=323824, avg=226.08, stdev=3778.92
     lat (usec): min=2, max=323825, avg=226.20, stdev=3778.93
    clat percentiles (usec):
     |  1.00th=[     4],  5.00th=[     5], 10.00th=[     5], 20.00th=[     7],
     | 30.00th=[     8], 40.00th=[     9], 50.00th=[    10], 60.00th=[    11],
     | 70.00th=[    12], 80.00th=[    14], 90.00th=[    16], 95.00th=[    20],
     | 99.00th=[   245], 99.50th=[  7570], 99.90th=[ 68682], 99.95th=[ 87557],
     | 99.99th=[122160]
   bw (  KiB/s): min=  192, max=135281, per=2.32%, avg=42948.43, stdev=39522.55, samples=60
   iops        : min=   12, max= 8455, avg=2684.18, stdev=2470.16, samples=60
  lat (usec)   : 2=0.19%, 4=63.55%, 10=22.45%, 20=10.92%, 50=1.09%
  lat (usec)   : 100=0.16%, 250=0.34%, 500=0.34%, 750=0.16%, 1000=0.08%
  lat (msec)   : 2=0.16%, 4=0.19%, 10=0.21%, 20=0.08%, 50=0.04%
  lat (msec)   : 100=0.03%, 250=0.01%, 500=0.01%
  cpu          : usr=0.69%, sys=5.52%, ctx=13345, majf=0, minf=20
  IO depths    : 1=100.0%, 2=0.0%, 4=0.0%, 8=0.0%, 16=0.0%, 32=0.0%, >=64=0.0%
     submit    : 0=0.0%, 4=100.0%, 8=0.0%, 16=0.0%, 32=0.0%, 64=0.0%, >=64=0.0%
     complete  : 0=0.0%, 4=100.0%, 8=0.0%, 16=0.0%, 32=0.0%, 64=0.0%, >=64=0.0%
     issued rwts: total=245610,82070,0,0 short=0,0,0,0 dropped=0,0,0,0
     latency   : target=0, window=0, percentile=100.00%, depth=1
job2.0: (groupid=0, jobs=1): err= 0: pid=5815: Tue Oct 24 21:08:40 2023
  read: IOPS=4950, BW=77.3MiB/s (81.1MB/s)(3850MiB/49775msec)
    clat (nsec): min=1192, max=66533k, avg=53785.05, stdev=652820.77
     lat (nsec): min=1232, max=66533k, avg=53907.61, stdev=653621.00
    clat percentiles (usec):
     |  1.00th=[    3],  5.00th=[    3], 10.00th=[    3], 20.00th=[    3],
     | 30.00th=[    3], 40.00th=[    3], 50.00th=[    4], 60.00th=[    4],
     | 70.00th=[    4], 80.00th=[    4], 90.00th=[    5], 95.00th=[    9],
     | 99.00th=[  914], 99.50th=[ 2802], 99.90th=[ 9110], 99.95th=[12780],
     | 99.99th=[23725]
   bw (  KiB/s): min=  384, max=421269, per=5.84%, avg=109102.14, stdev=109947.05, samples=72
   iops        : min=   24, max=26329, avg=6818.72, stdev=6871.62, samples=72
  write: IOPS=1632, BW=25.5MiB/s (26.8MB/s)(1270MiB/49775msec); 0 zone resets
    clat (usec): min=2, max=163978, avg=249.92, stdev=3743.52
     lat (usec): min=2, max=163979, avg=250.27, stdev=3747.06
    clat percentiles (usec):
     |  1.00th=[     4],  5.00th=[     5], 10.00th=[     6], 20.00th=[     8],
     | 30.00th=[     9], 40.00th=[    10], 50.00th=[    11], 60.00th=[    12],
     | 70.00th=[    13], 80.00th=[    15], 90.00th=[    17], 95.00th=[    21],
     | 99.00th=[  1778], 99.50th=[  9634], 99.90th=[ 67634], 99.95th=[ 84411],
     | 99.99th=[121111]
   bw (  KiB/s): min=   96, max=140518, per=1.94%, avg=35988.07, stdev=36307.22, samples=72
   iops        : min=    6, max= 8782, avg=2249.10, stdev=2269.16, samples=72
  lat (usec)   : 2=0.18%, 4=63.12%, 10=19.80%, 20=12.98%, 50=1.31%
  lat (usec)   : 100=0.21%, 250=0.58%, 500=0.47%, 750=0.25%, 1000=0.13%
  lat (msec)   : 2=0.23%, 4=0.29%, 10=0.27%, 20=0.09%, 50=0.06%
  lat (msec)   : 100=0.04%, 250=0.01%
  cpu          : usr=0.47%, sys=5.24%, ctx=15359, majf=0, minf=20
  IO depths    : 1=100.0%, 2=0.0%, 4=0.0%, 8=0.0%, 16=0.0%, 32=0.0%, >=64=0.0%
     submit    : 0=0.0%, 4=100.0%, 8=0.0%, 16=0.0%, 32=0.0%, 64=0.0%, >=64=0.0%
     complete  : 0=0.0%, 4=100.0%, 8=0.0%, 16=0.0%, 32=0.0%, 64=0.0%, >=64=0.0%
     issued rwts: total=246407,81273,0,0 short=0,0,0,0 dropped=0,0,0,0
     latency   : target=0, window=0, percentile=100.00%, depth=1
job2.0: (groupid=0, jobs=1): err= 0: pid=5816: Tue Oct 24 21:08:40 2023
  read: IOPS=4932, BW=77.1MiB/s (80.8MB/s)(3844MiB/49876msec)
    clat (nsec): min=1212, max=80359k, avg=58151.94, stdev=743482.29
     lat (nsec): min=1253, max=80360k, avg=58267.65, stdev=743827.12
    clat percentiles (usec):
     |  1.00th=[    3],  5.00th=[    3], 10.00th=[    3], 20.00th=[    3],
     | 30.00th=[    3], 40.00th=[    3], 50.00th=[    4], 60.00th=[    4],
     | 70.00th=[    4], 80.00th=[    4], 90.00th=[    5], 95.00th=[    9],
     | 99.00th=[  971], 99.50th=[ 2999], 99.90th=[ 9896], 99.95th=[14353],
     | 99.99th=[28705]
   bw (  KiB/s): min=  512, max=399038, per=5.69%, avg=106281.78, stdev=106916.31, samples=72
   iops        : min=   32, max=24939, avg=6642.44, stdev=6682.22, samples=72
  write: IOPS=1637, BW=25.6MiB/s (26.8MB/s)(1276MiB/49876msec); 0 zone resets
    clat (usec): min=2, max=156845, avg=242.95, stdev=3648.08
     lat (usec): min=2, max=156846, avg=243.06, stdev=3648.09
    clat percentiles (usec):
     |  1.00th=[     4],  5.00th=[     5], 10.00th=[     5], 20.00th=[     7],
     | 30.00th=[     8], 40.00th=[    10], 50.00th=[    11], 60.00th=[    12],
     | 70.00th=[    13], 80.00th=[    14], 90.00th=[    16], 95.00th=[    20],
     | 99.00th=[  1844], 99.50th=[  8848], 99.90th=[ 67634], 99.95th=[ 85459],
     | 99.99th=[120062]
   bw (  KiB/s): min=  256, max=134861, per=1.91%, avg=35304.78, stdev=35873.16, samples=72
   iops        : min=   16, max= 8428, avg=2206.37, stdev=2242.02, samples=72
  lat (usec)   : 2=0.18%, 4=63.72%, 10=19.80%, 20=12.39%, 50=1.21%
  lat (usec)   : 100=0.24%, 250=0.59%, 500=0.49%, 750=0.24%, 1000=0.13%
  lat (msec)   : 2=0.23%, 4=0.29%, 10=0.29%, 20=0.09%, 50=0.06%
  lat (msec)   : 100=0.03%, 250=0.01%
  cpu          : usr=0.64%, sys=5.46%, ctx=15145, majf=0, minf=20
  IO depths    : 1=100.0%, 2=0.0%, 4=0.0%, 8=0.0%, 16=0.0%, 32=0.0%, >=64=0.0%
     submit    : 0=0.0%, 4=100.0%, 8=0.0%, 16=0.0%, 32=0.0%, 64=0.0%, >=64=0.0%
     complete  : 0=0.0%, 4=100.0%, 8=0.0%, 16=0.0%, 32=0.0%, 64=0.0%, >=64=0.0%
     issued rwts: total=245990,81690,0,0 short=0,0,0,0 dropped=0,0,0,0
     latency   : target=0, window=0, percentile=100.00%, depth=1
job2.0: (groupid=0, jobs=1): err= 0: pid=5817: Tue Oct 24 21:08:40 2023
  read: IOPS=5834, BW=91.2MiB/s (95.6MB/s)(3840MiB/42121msec)
    clat (nsec): min=1172, max=79717k, avg=48383.64, stdev=711799.23
     lat (nsec): min=1212, max=79717k, avg=48438.59, stdev=711801.82
    clat percentiles (usec):
     |  1.00th=[    3],  5.00th=[    3], 10.00th=[    3], 20.00th=[    3],
     | 30.00th=[    3], 40.00th=[    3], 50.00th=[    4], 60.00th=[    4],
     | 70.00th=[    4], 80.00th=[    4], 90.00th=[    5], 95.00th=[    7],
     | 99.00th=[  537], 99.50th=[ 2245], 99.90th=[ 9896], 99.95th=[15533],
     | 99.99th=[29492]
   bw (  KiB/s): min= 2752, max=463264, per=6.35%, avg=118679.24, stdev=119161.78, samples=66
   iops        : min=  172, max=28954, avg=7417.32, stdev=7447.57, samples=66
  write: IOPS=1945, BW=30.4MiB/s (31.9MB/s)(1280MiB/42121msec); 0 zone resets
    clat (usec): min=2, max=295608, avg=237.74, stdev=3863.55
     lat (usec): min=2, max=295608, avg=237.85, stdev=3863.55
    clat percentiles (usec):
     |  1.00th=[     4],  5.00th=[     5], 10.00th=[     5], 20.00th=[     7],
     | 30.00th=[     8], 40.00th=[     9], 50.00th=[    10], 60.00th=[    11],
     | 70.00th=[    13], 80.00th=[    14], 90.00th=[    17], 95.00th=[    21],
     | 99.00th=[   330], 99.50th=[  7832], 99.90th=[ 71828], 99.95th=[ 87557],
     | 99.99th=[128451]
   bw (  KiB/s): min=  928, max=156480, per=2.14%, avg=39568.47, stdev=39731.57, samples=66
   iops        : min=   58, max= 9780, avg=2472.92, stdev=2483.20, samples=66
  lat (usec)   : 2=0.17%, 4=64.75%, 10=20.73%, 20=11.20%, 50=1.26%
  lat (usec)   : 100=0.21%, 250=0.32%, 500=0.32%, 750=0.16%, 1000=0.09%
  lat (msec)   : 2=0.16%, 4=0.20%, 10=0.23%, 20=0.09%, 50=0.05%
  lat (msec)   : 100=0.04%, 250=0.01%, 500=0.01%
  cpu          : usr=0.58%, sys=5.72%, ctx=13844, majf=0, minf=21
  IO depths    : 1=100.0%, 2=0.0%, 4=0.0%, 8=0.0%, 16=0.0%, 32=0.0%, >=64=0.0%
     submit    : 0=0.0%, 4=100.0%, 8=0.0%, 16=0.0%, 32=0.0%, 64=0.0%, >=64=0.0%
     complete  : 0=0.0%, 4=100.0%, 8=0.0%, 16=0.0%, 32=0.0%, 64=0.0%, >=64=0.0%
     issued rwts: total=245744,81936,0,0 short=0,0,0,0 dropped=0,0,0,0
     latency   : target=0, window=0, percentile=100.00%, depth=1
job3.0: (groupid=0, jobs=1): err= 0: pid=5818: Tue Oct 24 21:08:40 2023
  read: IOPS=4146, BW=64.8MiB/s (67.9MB/s)(3235MiB/49937msec)
    clat (nsec): min=1162, max=60289k, avg=52319.76, stdev=689143.49
     lat (nsec): min=1212, max=60289k, avg=52376.07, stdev=689145.91
    clat percentiles (usec):
     |  1.00th=[    3],  5.00th=[    3], 10.00th=[    3], 20.00th=[    3],
     | 30.00th=[    3], 40.00th=[    3], 50.00th=[    4], 60.00th=[    4],
     | 70.00th=[    4], 80.00th=[    4], 90.00th=[    5], 95.00th=[    9],
     | 99.00th=[  742], 99.50th=[ 2409], 99.90th=[ 9765], 99.95th=[13566],
     | 99.99th=[26870]
   bw (  KiB/s): min=  448, max=355142, per=4.82%, avg=90139.40, stdev=81801.94, samples=72
   iops        : min=   28, max=22196, avg=5633.57, stdev=5112.53, samples=72
  write: IOPS=2415, BW=37.7MiB/s (39.6MB/s)(1885MiB/49937msec); 0 zone resets
    clat (usec): min=2, max=184866, avg=191.45, stdev=3318.95
     lat (usec): min=2, max=184866, avg=191.69, stdev=3319.27
    clat percentiles (usec):
     |  1.00th=[     4],  5.00th=[     5], 10.00th=[     6], 20.00th=[     8],
     | 30.00th=[     9], 40.00th=[    10], 50.00th=[    11], 60.00th=[    12],
     | 70.00th=[    13], 80.00th=[    15], 90.00th=[    17], 95.00th=[    21],
     | 99.00th=[   108], 99.50th=[  6063], 99.90th=[ 60031], 99.95th=[ 79168],
     | 99.99th=[124257]
   bw (  KiB/s): min=  160, max=208705, per=2.84%, avg=52509.33, stdev=47833.43, samples=72
   iops        : min=   10, max=13044, avg=3281.69, stdev=2989.52, samples=72
  lat (usec)   : 2=0.12%, 4=53.66%, 10=22.31%, 20=19.70%, 50=1.90%
  lat (usec)   : 100=0.22%, 250=0.47%, 500=0.47%, 750=0.23%, 1000=0.11%
  lat (msec)   : 2=0.19%, 4=0.20%, 10=0.24%, 20=0.08%, 50=0.06%
  lat (msec)   : 100=0.04%, 250=0.01%
  cpu          : usr=0.58%, sys=5.23%, ctx=17671, majf=0, minf=20
  IO depths    : 1=100.0%, 2=0.0%, 4=0.0%, 8=0.0%, 16=0.0%, 32=0.0%, >=64=0.0%
     submit    : 0=0.0%, 4=100.0%, 8=0.0%, 16=0.0%, 32=0.0%, 64=0.0%, >=64=0.0%
     complete  : 0=0.0%, 4=100.0%, 8=0.0%, 16=0.0%, 32=0.0%, 64=0.0%, >=64=0.0%
     issued rwts: total=207050,120630,0,0 short=0,0,0,0 dropped=0,0,0,0
     latency   : target=0, window=0, percentile=100.00%, depth=1
job3.0: (groupid=0, jobs=1): err= 0: pid=5819: Tue Oct 24 21:08:40 2023
  read: IOPS=4111, BW=64.2MiB/s (67.4MB/s)(3223MiB/50176msec)
    clat (nsec): min=1212, max=70972k, avg=41911.72, stdev=587610.30
     lat (nsec): min=1252, max=70972k, avg=41987.18, stdev=587647.72
    clat percentiles (usec):
     |  1.00th=[    3],  5.00th=[    3], 10.00th=[    3], 20.00th=[    3],
     | 30.00th=[    3], 40.00th=[    4], 50.00th=[    4], 60.00th=[    4],
     | 70.00th=[    4], 80.00th=[    4], 90.00th=[    5], 95.00th=[    8],
     | 99.00th=[  603], 99.50th=[ 1532], 99.90th=[ 8291], 99.95th=[12256],
     | 99.99th=[22414]
   bw (  KiB/s): min=  287, max=317563, per=4.99%, avg=93234.15, stdev=75362.70, samples=68
   iops        : min=   17, max=19847, avg=5826.99, stdev=4710.13, samples=68
  write: IOPS=2419, BW=37.8MiB/s (39.6MB/s)(1897MiB/50176msec); 0 zone resets
    clat (usec): min=2, max=145053, avg=194.95, stdev=3239.47
     lat (usec): min=2, max=148042, avg=195.27, stdev=3245.30
    clat percentiles (usec):
     |  1.00th=[     4],  5.00th=[     5], 10.00th=[     6], 20.00th=[     8],
     | 30.00th=[     9], 40.00th=[    10], 50.00th=[    11], 60.00th=[    12],
     | 70.00th=[    13], 80.00th=[    15], 90.00th=[    17], 95.00th=[    21],
     | 99.00th=[   111], 99.50th=[  6456], 99.90th=[ 60031], 99.95th=[ 80217],
     | 99.99th=[122160]
   bw (  KiB/s): min=  159, max=188440, per=2.97%, avg=54920.97, stdev=44535.93, samples=68
   iops        : min=    9, max=11777, avg=3432.40, stdev=2783.44, samples=68
  lat (usec)   : 2=0.11%, 4=53.28%, 10=22.77%, 20=19.80%, 50=1.94%
  lat (usec)   : 100=0.20%, 250=0.43%, 500=0.42%, 750=0.21%, 1000=0.12%
  lat (msec)   : 2=0.18%, 4=0.16%, 10=0.19%, 20=0.09%, 50=0.06%
  lat (msec)   : 100=0.04%, 250=0.01%
  cpu          : usr=0.49%, sys=5.18%, ctx=18989, majf=0, minf=20
  IO depths    : 1=100.0%, 2=0.0%, 4=0.0%, 8=0.0%, 16=0.0%, 32=0.0%, >=64=0.0%
     submit    : 0=0.0%, 4=100.0%, 8=0.0%, 16=0.0%, 32=0.0%, 64=0.0%, >=64=0.0%
     complete  : 0=0.0%, 4=100.0%, 8=0.0%, 16=0.0%, 32=0.0%, 64=0.0%, >=64=0.0%
     issued rwts: total=206290,121390,0,0 short=0,0,0,0 dropped=0,0,0,0
     latency   : target=0, window=0, percentile=100.00%, depth=1
job3.0: (groupid=0, jobs=1): err= 0: pid=5820: Tue Oct 24 21:08:40 2023
  read: IOPS=4143, BW=64.7MiB/s (67.9MB/s)(3229MiB/49867msec)
    clat (nsec): min=1203, max=95105k, avg=52140.23, stdev=700427.39
     lat (nsec): min=1252, max=95106k, avg=52240.74, stdev=700694.44
    clat percentiles (usec):
     |  1.00th=[    3],  5.00th=[    3], 10.00th=[    3], 20.00th=[    3],
     | 30.00th=[    3], 40.00th=[    3], 50.00th=[    4], 60.00th=[    4],
     | 70.00th=[    4], 80.00th=[    4], 90.00th=[    6], 95.00th=[    9],
     | 99.00th=[  766], 99.50th=[ 2540], 99.90th=[ 9503], 99.95th=[13829],
     | 99.99th=[25822]
   bw (  KiB/s): min=  512, max=447871, per=5.00%, avg=93502.47, stdev=88954.69, samples=70
   iops        : min=   32, max=27991, avg=5843.74, stdev=5559.57, samples=70
  write: IOPS=2427, BW=37.9MiB/s (39.8MB/s)(1891MiB/49867msec); 0 zone resets
    clat (usec): min=2, max=180587, avg=184.38, stdev=3213.42
     lat (usec): min=2, max=180587, avg=184.49, stdev=3213.48
    clat percentiles (usec):
     |  1.00th=[     4],  5.00th=[     5], 10.00th=[     5], 20.00th=[     7],
     | 30.00th=[     8], 40.00th=[    10], 50.00th=[    11], 60.00th=[    12],
     | 70.00th=[    13], 80.00th=[    15], 90.00th=[    17], 95.00th=[    21],
     | 99.00th=[   108], 99.50th=[  5604], 99.90th=[ 57410], 99.95th=[ 77071],
     | 99.99th=[124257]
   bw (  KiB/s): min=  704, max=259366, per=2.96%, avg=54754.04, stdev=51510.11, samples=70
   iops        : min=   44, max=16210, avg=3421.97, stdev=3219.31, samples=70
  lat (usec)   : 2=0.12%, 4=53.56%, 10=23.54%, 20=18.65%, 50=1.86%
  lat (usec)   : 100=0.21%, 250=0.46%, 500=0.42%, 750=0.22%, 1000=0.11%
  lat (msec)   : 2=0.20%, 4=0.22%, 10=0.24%, 20=0.09%, 50=0.05%
  lat (msec)   : 100=0.04%, 250=0.01%
  cpu          : usr=0.54%, sys=5.26%, ctx=19140, majf=0, minf=20
  IO depths    : 1=100.0%, 2=0.0%, 4=0.0%, 8=0.0%, 16=0.0%, 32=0.0%, >=64=0.0%
     submit    : 0=0.0%, 4=100.0%, 8=0.0%, 16=0.0%, 32=0.0%, 64=0.0%, >=64=0.0%
     complete  : 0=0.0%, 4=100.0%, 8=0.0%, 16=0.0%, 32=0.0%, 64=0.0%, >=64=0.0%
     issued rwts: total=206646,121034,0,0 short=0,0,0,0 dropped=0,0,0,0
     latency   : target=0, window=0, percentile=100.00%, depth=1
job3.0: (groupid=0, jobs=1): err= 0: pid=5821: Tue Oct 24 21:08:40 2023
  read: IOPS=4108, BW=64.2MiB/s (67.3MB/s)(3214MiB/50066msec)
    clat (nsec): min=1212, max=70228k, avg=41766.82, stdev=589320.64
     lat (nsec): min=1252, max=70228k, avg=41824.42, stdev=589322.21
    clat percentiles (usec):
     |  1.00th=[    3],  5.00th=[    3], 10.00th=[    3], 20.00th=[    3],
     | 30.00th=[    3], 40.00th=[    4], 50.00th=[    4], 60.00th=[    4],
     | 70.00th=[    4], 80.00th=[    4], 90.00th=[    5], 95.00th=[    8],
     | 99.00th=[  594], 99.50th=[ 1582], 99.90th=[ 8029], 99.95th=[11731],
     | 99.99th=[22938]
   bw (  KiB/s): min=  415, max=300966, per=4.83%, avg=90223.45, stdev=76008.22, samples=71
   iops        : min=   25, max=18810, avg=5638.83, stdev=4750.45, samples=71
  write: IOPS=2436, BW=38.1MiB/s (39.9MB/s)(1906MiB/50066msec); 0 zone resets
    clat (usec): min=2, max=288201, avg=208.31, stdev=3505.21
     lat (usec): min=2, max=288201, avg=208.43, stdev=3505.22
    clat percentiles (usec):
     |  1.00th=[     4],  5.00th=[     5], 10.00th=[     6], 20.00th=[     8],
     | 30.00th=[     9], 40.00th=[    10], 50.00th=[    11], 60.00th=[    12],
     | 70.00th=[    14], 80.00th=[    15], 90.00th=[    18], 95.00th=[    23],
     | 99.00th=[   155], 99.50th=[  6456], 99.90th=[ 63701], 99.95th=[ 82314],
     | 99.99th=[117965]
   bw (  KiB/s): min=  415, max=180055, per=2.89%, avg=53475.21, stdev=45065.91, samples=71
   iops        : min=   25, max=11253, avg=3342.04, stdev=2816.56, samples=71
  lat (usec)   : 2=0.11%, 4=52.15%, 10=24.14%, 20=19.23%, 50=2.27%
  lat (usec)   : 100=0.23%, 250=0.41%, 500=0.41%, 750=0.22%, 1000=0.10%
  lat (msec)   : 2=0.17%, 4=0.17%, 10=0.20%, 20=0.08%, 50=0.06%
  lat (msec)   : 100=0.04%, 250=0.01%, 500=0.01%
  cpu          : usr=0.49%, sys=5.29%, ctx=18843, majf=0, minf=21
  IO depths    : 1=100.0%, 2=0.0%, 4=0.0%, 8=0.0%, 16=0.0%, 32=0.0%, >=64=0.0%
     submit    : 0=0.0%, 4=100.0%, 8=0.0%, 16=0.0%, 32=0.0%, 64=0.0%, >=64=0.0%
     complete  : 0=0.0%, 4=100.0%, 8=0.0%, 16=0.0%, 32=0.0%, 64=0.0%, >=64=0.0%
     issued rwts: total=205680,122000,0,0 short=0,0,0,0 dropped=0,0,0,0
     latency   : target=0, window=0, percentile=100.00%, depth=1
job4.0: (groupid=0, jobs=1): err= 0: pid=5822: Tue Oct 24 21:08:40 2023
  read: IOPS=3275, BW=51.2MiB/s (53.7MB/s)(2583MiB/50471msec)
    clat (nsec): min=1222, max=67415k, avg=47131.24, stdev=632225.47
     lat (nsec): min=1262, max=67415k, avg=47188.97, stdev=632227.90
    clat percentiles (usec):
     |  1.00th=[    3],  5.00th=[    3], 10.00th=[    3], 20.00th=[    3],
     | 30.00th=[    3], 40.00th=[    4], 50.00th=[    4], 60.00th=[    4],
     | 70.00th=[    4], 80.00th=[    4], 90.00th=[    5], 95.00th=[    9],
     | 99.00th=[  693], 99.50th=[ 1991], 99.90th=[ 8848], 99.95th=[12780],
     | 99.99th=[20317]
   bw (  KiB/s): min=   95, max=201996, per=3.80%, avg=70980.43, stdev=56573.48, samples=72
   iops        : min=    5, max=12624, avg=4436.12, stdev=3535.77, samples=72
  write: IOPS=3216, BW=50.3MiB/s (52.7MB/s)(2537MiB/50471msec); 0 zone resets
    clat (usec): min=2, max=191625, avg=161.15, stdev=2932.50
     lat (usec): min=2, max=191625, avg=161.29, stdev=2933.20
    clat percentiles (usec):
     |  1.00th=[     4],  5.00th=[     5], 10.00th=[     6], 20.00th=[     8],
     | 30.00th=[     9], 40.00th=[    11], 50.00th=[    11], 60.00th=[    12],
     | 70.00th=[    14], 80.00th=[    15], 90.00th=[    18], 95.00th=[    22],
     | 99.00th=[    57], 99.50th=[  4293], 99.90th=[ 50070], 99.95th=[ 74974],
     | 99.99th=[111674]
   bw (  KiB/s): min=   63, max=198642, per=3.77%, avg=69763.14, stdev=55795.53, samples=72
   iops        : min=    3, max=12415, avg=4360.06, stdev=3487.24, samples=72
  lat (usec)   : 2=0.08%, 4=42.84%, 10=25.04%, 20=27.29%, 50=2.73%
  lat (usec)   : 100=0.23%, 250=0.38%, 500=0.38%, 750=0.20%, 1000=0.10%
  lat (msec)   : 2=0.17%, 4=0.16%, 10=0.20%, 20=0.08%, 50=0.06%
  lat (msec)   : 100=0.04%, 250=0.01%
  cpu          : usr=0.59%, sys=5.73%, ctx=21588, majf=0, minf=20
  IO depths    : 1=100.0%, 2=0.0%, 4=0.0%, 8=0.0%, 16=0.0%, 32=0.0%, >=64=0.0%
     submit    : 0=0.0%, 4=100.0%, 8=0.0%, 16=0.0%, 32=0.0%, 64=0.0%, >=64=0.0%
     complete  : 0=0.0%, 4=100.0%, 8=0.0%, 16=0.0%, 32=0.0%, 64=0.0%, >=64=0.0%
     issued rwts: total=165320,162360,0,0 short=0,0,0,0 dropped=0,0,0,0
     latency   : target=0, window=0, percentile=100.00%, depth=1
job4.0: (groupid=0, jobs=1): err= 0: pid=5823: Tue Oct 24 21:08:40 2023
  read: IOPS=3265, BW=51.0MiB/s (53.5MB/s)(2557MiB/50116msec)
    clat (nsec): min=1242, max=84096k, avg=48582.33, stdev=670675.05
     lat (nsec): min=1282, max=84096k, avg=48640.92, stdev=670676.61
    clat percentiles (usec):
     |  1.00th=[    3],  5.00th=[    3], 10.00th=[    3], 20.00th=[    3],
     | 30.00th=[    3], 40.00th=[    4], 50.00th=[    4], 60.00th=[    4],
     | 70.00th=[    4], 80.00th=[    4], 90.00th=[    6], 95.00th=[    9],
     | 99.00th=[  725], 99.50th=[ 2089], 99.90th=[ 9241], 99.95th=[13304],
     | 99.99th=[24773]
   bw (  KiB/s): min=   95, max=266858, per=3.62%, avg=67639.51, stdev=53877.02, samples=75
   iops        : min=    5, max=16678, avg=4227.32, stdev=3367.26, samples=75
  write: IOPS=3273, BW=51.1MiB/s (53.6MB/s)(2563MiB/50116msec); 0 zone resets
    clat (usec): min=2, max=287895, avg=166.95, stdev=3104.45
     lat (usec): min=2, max=287895, avg=167.15, stdev=3104.59
    clat percentiles (usec):
     |  1.00th=[     4],  5.00th=[     5], 10.00th=[     6], 20.00th=[     8],
     | 30.00th=[     9], 40.00th=[    10], 50.00th=[    11], 60.00th=[    12],
     | 70.00th=[    14], 80.00th=[    15], 90.00th=[    18], 95.00th=[    22],
     | 99.00th=[    64], 99.50th=[  4113], 99.90th=[ 53216], 99.95th=[ 76022],
     | 99.99th=[120062]
   bw (  KiB/s): min=   63, max=268487, per=3.66%, avg=67826.64, stdev=53775.28, samples=75
   iops        : min=    3, max=16780, avg=4238.99, stdev=3360.89, samples=75
  lat (usec)   : 2=0.07%, 4=41.30%, 10=27.06%, 20=26.73%, 50=2.85%
  lat (usec)   : 100=0.23%, 250=0.36%, 500=0.35%, 750=0.20%, 1000=0.10%
  lat (msec)   : 2=0.17%, 4=0.18%, 10=0.19%, 20=0.08%, 50=0.06%
  lat (msec)   : 100=0.04%, 250=0.01%, 500=0.01%
  cpu          : usr=0.56%, sys=5.97%, ctx=18533, majf=0, minf=20
  IO depths    : 1=100.0%, 2=0.0%, 4=0.0%, 8=0.0%, 16=0.0%, 32=0.0%, >=64=0.0%
     submit    : 0=0.0%, 4=100.0%, 8=0.0%, 16=0.0%, 32=0.0%, 64=0.0%, >=64=0.0%
     complete  : 0=0.0%, 4=100.0%, 8=0.0%, 16=0.0%, 32=0.0%, 64=0.0%, >=64=0.0%
     issued rwts: total=163635,164045,0,0 short=0,0,0,0 dropped=0,0,0,0
     latency   : target=0, window=0, percentile=100.00%, depth=1
job4.0: (groupid=0, jobs=1): err= 0: pid=5824: Tue Oct 24 21:08:40 2023
  read: IOPS=3248, BW=50.8MiB/s (53.2MB/s)(2560MiB/50442msec)
    clat (nsec): min=1223, max=69864k, avg=63113.43, stdev=810807.58
     lat (nsec): min=1263, max=69864k, avg=63174.18, stdev=810811.28
    clat percentiles (usec):
     |  1.00th=[    3],  5.00th=[    3], 10.00th=[    3], 20.00th=[    3],
     | 30.00th=[    3], 40.00th=[    4], 50.00th=[    4], 60.00th=[    4],
     | 70.00th=[    4], 80.00th=[    5], 90.00th=[    6], 95.00th=[    9],
     | 99.00th=[  963], 99.50th=[ 3032], 99.90th=[11469], 99.95th=[17957],
     | 99.99th=[31327]
   bw (  KiB/s): min= 1472, max=199083, per=3.45%, avg=64452.80, stdev=51292.70, samples=79
   iops        : min=   92, max=12442, avg=4028.15, stdev=3205.68, samples=79
  write: IOPS=3247, BW=50.7MiB/s (53.2MB/s)(2560MiB/50442msec); 0 zone resets
    clat (usec): min=2, max=325277, avg=170.46, stdev=3158.60
     lat (usec): min=2, max=325278, avg=170.58, stdev=3158.60
    clat percentiles (usec):
     |  1.00th=[     4],  5.00th=[     5], 10.00th=[     6], 20.00th=[     8],
     | 30.00th=[     9], 40.00th=[    11], 50.00th=[    12], 60.00th=[    12],
     | 70.00th=[    14], 80.00th=[    15], 90.00th=[    18], 95.00th=[    22],
     | 99.00th=[    64], 99.50th=[  4293], 99.90th=[ 53740], 99.95th=[ 74974],
     | 99.99th=[119014]
   bw (  KiB/s): min= 1568, max=197881, per=3.48%, avg=64487.05, stdev=51650.70, samples=79
   iops        : min=   98, max=12367, avg=4030.30, stdev=3228.07, samples=79
  lat (usec)   : 2=0.06%, 4=40.52%, 10=26.45%, 20=28.03%, 50=2.79%
  lat (usec)   : 100=0.24%, 250=0.39%, 500=0.36%, 750=0.20%, 1000=0.12%
  lat (msec)   : 2=0.18%, 4=0.21%, 10=0.23%, 20=0.09%, 50=0.08%
  lat (msec)   : 100=0.05%, 250=0.01%, 500=0.01%
  cpu          : usr=0.42%, sys=6.16%, ctx=17630, majf=0, minf=20
  IO depths    : 1=100.0%, 2=0.0%, 4=0.0%, 8=0.0%, 16=0.0%, 32=0.0%, >=64=0.0%
     submit    : 0=0.0%, 4=100.0%, 8=0.0%, 16=0.0%, 32=0.0%, 64=0.0%, >=64=0.0%
     complete  : 0=0.0%, 4=100.0%, 8=0.0%, 16=0.0%, 32=0.0%, 64=0.0%, >=64=0.0%
     issued rwts: total=163860,163820,0,0 short=0,0,0,0 dropped=0,0,0,0
     latency   : target=0, window=0, percentile=100.00%, depth=1
job4.0: (groupid=0, jobs=1): err= 0: pid=5825: Tue Oct 24 21:08:40 2023
  read: IOPS=3232, BW=50.5MiB/s (53.0MB/s)(2552MiB/50532msec)
    clat (nsec): min=1202, max=83543k, avg=52234.67, stdev=755530.28
     lat (nsec): min=1252, max=83543k, avg=52293.26, stdev=755532.15
    clat percentiles (usec):
     |  1.00th=[    3],  5.00th=[    3], 10.00th=[    3], 20.00th=[    3],
     | 30.00th=[    3], 40.00th=[    4], 50.00th=[    4], 60.00th=[    4],
     | 70.00th=[    4], 80.00th=[    4], 90.00th=[    5], 95.00th=[    9],
     | 99.00th=[  734], 99.50th=[ 2212], 99.90th=[ 9896], 99.95th=[14353],
     | 99.99th=[29754]
   bw (  KiB/s): min=   95, max=207904, per=3.53%, avg=65887.71, stdev=53605.49, samples=77
   iops        : min=    5, max=12994, avg=4117.82, stdev=3350.28, samples=77
  write: IOPS=3252, BW=50.8MiB/s (53.3MB/s)(2568MiB/50532msec); 0 zone resets
    clat (usec): min=2, max=206489, avg=170.60, stdev=3057.42
     lat (usec): min=2, max=206489, avg=170.71, stdev=3057.42
    clat percentiles (usec):
     |  1.00th=[     4],  5.00th=[     5], 10.00th=[     6], 20.00th=[     8],
     | 30.00th=[     9], 40.00th=[    10], 50.00th=[    11], 60.00th=[    12],
     | 70.00th=[    14], 80.00th=[    15], 90.00th=[    18], 95.00th=[    23],
     | 99.00th=[    71], 99.50th=[  4883], 99.90th=[ 53216], 99.95th=[ 76022],
     | 99.99th=[115868]
   bw (  KiB/s): min=  127, max=208224, per=3.58%, avg=66305.79, stdev=53581.54, samples=77
   iops        : min=    7, max=13014, avg=4143.95, stdev=3348.82, samples=77
  lat (usec)   : 2=0.07%, 4=42.46%, 10=25.50%, 20=26.87%, 50=3.09%
  lat (usec)   : 100=0.25%, 250=0.35%, 500=0.35%, 750=0.19%, 1000=0.10%
  lat (msec)   : 2=0.17%, 4=0.18%, 10=0.21%, 20=0.09%, 50=0.07%
  lat (msec)   : 100=0.05%, 250=0.01%
  cpu          : usr=0.61%, sys=5.74%, ctx=19243, majf=0, minf=20
  IO depths    : 1=100.0%, 2=0.0%, 4=0.0%, 8=0.0%, 16=0.0%, 32=0.0%, >=64=0.0%
     submit    : 0=0.0%, 4=100.0%, 8=0.0%, 16=0.0%, 32=0.0%, 64=0.0%, >=64=0.0%
     complete  : 0=0.0%, 4=100.0%, 8=0.0%, 16=0.0%, 32=0.0%, 64=0.0%, >=64=0.0%
     issued rwts: total=163320,164360,0,0 short=0,0,0,0 dropped=0,0,0,0
     latency   : target=0, window=0, percentile=100.00%, depth=1
job5.0: (groupid=0, jobs=1): err= 0: pid=5826: Tue Oct 24 21:08:40 2023
  read: IOPS=2447, BW=38.2MiB/s (40.1MB/s)(1936MiB/50636msec)
    clat (nsec): min=1242, max=76310k, avg=58668.54, stdev=765556.10
     lat (nsec): min=1282, max=76310k, avg=58815.16, stdev=765859.40
    clat percentiles (usec):
     |  1.00th=[    3],  5.00th=[    3], 10.00th=[    3], 20.00th=[    3],
     | 30.00th=[    4], 40.00th=[    4], 50.00th=[    4], 60.00th=[    4],
     | 70.00th=[    4], 80.00th=[    5], 90.00th=[    6], 95.00th=[   10],
     | 99.00th=[  889], 99.50th=[ 2573], 99.90th=[10028], 99.95th=[15401],
     | 99.99th=[32637]
   bw (  KiB/s): min=  127, max=125154, per=2.58%, avg=48166.75, stdev=32448.19, samples=79
   iops        : min=    7, max= 7822, avg=3010.28, stdev=2027.94, samples=79
  write: IOPS=4023, BW=62.9MiB/s (65.9MB/s)(3184MiB/50636msec); 0 zone resets
    clat (usec): min=2, max=291105, avg=150.13, stdev=2926.74
     lat (usec): min=2, max=291106, avg=150.25, stdev=2926.74
    clat percentiles (usec):
     |  1.00th=[     4],  5.00th=[     5], 10.00th=[     6], 20.00th=[     8],
     | 30.00th=[     9], 40.00th=[    11], 50.00th=[    12], 60.00th=[    13],
     | 70.00th=[    15], 80.00th=[    16], 90.00th=[    19], 95.00th=[    24],
     | 99.00th=[    59], 99.50th=[  3032], 99.90th=[ 47449], 99.95th=[ 71828],
     | 99.99th=[119014]
   bw (  KiB/s): min=  223, max=206418, per=4.27%, avg=79162.35, stdev=53552.72, samples=79
   iops        : min=   13, max=12901, avg=4947.48, stdev=3346.97, samples=79
  lat (usec)   : 2=0.05%, 4=30.86%, 10=27.70%, 20=34.83%, 50=4.53%
  lat (usec)   : 100=0.29%, 250=0.36%, 500=0.36%, 750=0.18%, 1000=0.10%
  lat (msec)   : 2=0.17%, 4=0.15%, 10=0.21%, 20=0.08%, 50=0.08%
  lat (msec)   : 100=0.05%, 250=0.01%, 500=0.01%
  cpu          : usr=0.49%, sys=6.80%, ctx=20044, majf=0, minf=21
  IO depths    : 1=100.0%, 2=0.0%, 4=0.0%, 8=0.0%, 16=0.0%, 32=0.0%, >=64=0.0%
     submit    : 0=0.0%, 4=100.0%, 8=0.0%, 16=0.0%, 32=0.0%, 64=0.0%, >=64=0.0%
     complete  : 0=0.0%, 4=100.0%, 8=0.0%, 16=0.0%, 32=0.0%, 64=0.0%, >=64=0.0%
     issued rwts: total=123930,203750,0,0 short=0,0,0,0 dropped=0,0,0,0
     latency   : target=0, window=0, percentile=100.00%, depth=1
job5.0: (groupid=0, jobs=1): err= 0: pid=5827: Tue Oct 24 21:08:40 2023
  read: IOPS=2450, BW=38.3MiB/s (40.1MB/s)(1934MiB/50525msec)
    clat (nsec): min=1192, max=76914k, avg=68952.72, stdev=857368.22
     lat (nsec): min=1232, max=76914k, avg=69012.41, stdev=857370.35
    clat percentiles (usec):
     |  1.00th=[    3],  5.00th=[    3], 10.00th=[    3], 20.00th=[    3],
     | 30.00th=[    4], 40.00th=[    4], 50.00th=[    4], 60.00th=[    4],
     | 70.00th=[    4], 80.00th=[    5], 90.00th=[    6], 95.00th=[   10],
     | 99.00th=[ 1156], 99.50th=[ 3261], 99.90th=[12911], 99.95th=[17171],
     | 99.99th=[31851]
   bw (  KiB/s): min=  127, max=164047, per=2.59%, avg=48337.59, stdev=35363.22, samples=80
   iops        : min=    7, max=10252, avg=3020.95, stdev=2210.13, samples=80
  write: IOPS=4035, BW=63.1MiB/s (66.1MB/s)(3186MiB/50525msec); 0 zone resets
    clat (usec): min=2, max=346259, avg=145.96, stdev=2856.06
     lat (usec): min=2, max=346259, avg=146.08, stdev=2856.06
    clat percentiles (usec):
     |  1.00th=[     4],  5.00th=[     5], 10.00th=[     6], 20.00th=[     8],
     | 30.00th=[    10], 40.00th=[    11], 50.00th=[    12], 60.00th=[    13],
     | 70.00th=[    15], 80.00th=[    16], 90.00th=[    19], 95.00th=[    23],
     | 99.00th=[    61], 99.50th=[  3130], 99.90th=[ 43779], 99.95th=[ 71828],
     | 99.99th=[113771]
   bw (  KiB/s): min=  255, max=269913, per=4.30%, avg=79571.96, stdev=57935.40, samples=80
   iops        : min=   15, max=16869, avg=4973.08, stdev=3620.93, samples=80
  lat (usec)   : 2=0.05%, 4=30.99%, 10=26.70%, 20=35.95%, 50=4.29%
  lat (usec)   : 100=0.31%, 250=0.32%, 500=0.31%, 750=0.16%, 1000=0.10%
  lat (msec)   : 2=0.18%, 4=0.19%, 10=0.22%, 20=0.09%, 50=0.08%
  lat (msec)   : 100=0.05%, 250=0.01%, 500=0.01%
  cpu          : usr=0.56%, sys=6.70%, ctx=18488, majf=0, minf=20
  IO depths    : 1=100.0%, 2=0.0%, 4=0.0%, 8=0.0%, 16=0.0%, 32=0.0%, >=64=0.0%
     submit    : 0=0.0%, 4=100.0%, 8=0.0%, 16=0.0%, 32=0.0%, 64=0.0%, >=64=0.0%
     complete  : 0=0.0%, 4=100.0%, 8=0.0%, 16=0.0%, 32=0.0%, 64=0.0%, >=64=0.0%
     issued rwts: total=123791,203889,0,0 short=0,0,0,0 dropped=0,0,0,0
     latency   : target=0, window=0, percentile=100.00%, depth=1
job5.0: (groupid=0, jobs=1): err= 0: pid=5828: Tue Oct 24 21:08:40 2023
  read: IOPS=2468, BW=38.6MiB/s (40.4MB/s)(1946MiB/50460msec)
    clat (nsec): min=1232, max=79213k, avg=78699.60, stdev=913407.22
     lat (nsec): min=1272, max=79213k, avg=78758.99, stdev=913410.45
    clat percentiles (usec):
     |  1.00th=[    3],  5.00th=[    3], 10.00th=[    3], 20.00th=[    3],
     | 30.00th=[    4], 40.00th=[    4], 50.00th=[    4], 60.00th=[    4],
     | 70.00th=[    4], 80.00th=[    4], 90.00th=[    6], 95.00th=[   11],
     | 99.00th=[ 1516], 99.50th=[ 4080], 99.90th=[12911], 99.95th=[19268],
     | 99.99th=[32113]
   bw (  KiB/s): min= 2368, max=172332, per=2.57%, avg=48019.11, stdev=36407.98, samples=81
   iops        : min=  148, max=10770, avg=3001.06, stdev=2275.44, samples=81
  write: IOPS=4025, BW=62.9MiB/s (66.0MB/s)(3174MiB/50460msec); 0 zone resets
    clat (usec): min=2, max=235815, avg=144.53, stdev=2898.69
     lat (usec): min=2, max=235815, avg=144.64, stdev=2898.70
    clat percentiles (usec):
     |  1.00th=[     4],  5.00th=[     5], 10.00th=[     7], 20.00th=[     8],
     | 30.00th=[     9], 40.00th=[    11], 50.00th=[    12], 60.00th=[    13],
     | 70.00th=[    15], 80.00th=[    16], 90.00th=[    19], 95.00th=[    23],
     | 99.00th=[    55], 99.50th=[  2343], 99.90th=[ 46924], 99.95th=[ 72877],
     | 99.99th=[116917]
   bw (  KiB/s): min= 4448, max=285723, per=4.23%, avg=78259.74, stdev=59036.51, samples=81
   iops        : min=  278, max=17857, avg=4891.10, stdev=3689.73, samples=81
  lat (usec)   : 2=0.05%, 4=31.40%, 10=27.05%, 20=35.14%, 50=4.25%
  lat (usec)   : 100=0.31%, 250=0.35%, 500=0.35%, 750=0.18%, 1000=0.09%
  lat (msec)   : 2=0.17%, 4=0.20%, 10=0.23%, 20=0.09%, 50=0.08%
  lat (msec)   : 100=0.05%, 250=0.01%
  cpu          : usr=0.59%, sys=7.02%, ctx=19157, majf=0, minf=20
  IO depths    : 1=100.0%, 2=0.0%, 4=0.0%, 8=0.0%, 16=0.0%, 32=0.0%, >=64=0.0%
     submit    : 0=0.0%, 4=100.0%, 8=0.0%, 16=0.0%, 32=0.0%, 64=0.0%, >=64=0.0%
     complete  : 0=0.0%, 4=100.0%, 8=0.0%, 16=0.0%, 32=0.0%, 64=0.0%, >=64=0.0%
     issued rwts: total=124560,203120,0,0 short=0,0,0,0 dropped=0,0,0,0
     latency   : target=0, window=0, percentile=100.00%, depth=1
job5.0: (groupid=0, jobs=1): err= 0: pid=5829: Tue Oct 24 21:08:40 2023
  read: IOPS=2470, BW=38.6MiB/s (40.5MB/s)(1953MiB/50590msec)
    clat (nsec): min=1182, max=82661k, avg=79395.61, stdev=899497.32
     lat (nsec): min=1232, max=82661k, avg=79455.43, stdev=899499.83
    clat percentiles (usec):
     |  1.00th=[    3],  5.00th=[    3], 10.00th=[    3], 20.00th=[    3],
     | 30.00th=[    4], 40.00th=[    4], 50.00th=[    4], 60.00th=[    4],
     | 70.00th=[    4], 80.00th=[    5], 90.00th=[    6], 95.00th=[   11],
     | 99.00th=[ 1631], 99.50th=[ 4293], 99.90th=[13435], 99.95th=[18744],
     | 99.99th=[30802]
   bw (  KiB/s): min= 2400, max=141386, per=2.45%, avg=45861.36, stdev=32805.98, samples=84
   iops        : min=  150, max= 8836, avg=2866.20, stdev=2050.29, samples=84
  write: IOPS=4006, BW=62.6MiB/s (65.6MB/s)(3167MiB/50590msec); 0 zone resets
    clat (usec): min=2, max=288186, avg=152.30, stdev=2955.40
     lat (usec): min=2, max=288186, avg=152.47, stdev=2955.58
    clat percentiles (usec):
     |  1.00th=[     4],  5.00th=[     5], 10.00th=[     6], 20.00th=[     8],
     | 30.00th=[    10], 40.00th=[    11], 50.00th=[    12], 60.00th=[    13],
     | 70.00th=[    15], 80.00th=[    16], 90.00th=[    20], 95.00th=[    24],
     | 99.00th=[    61], 99.50th=[  3097], 99.90th=[ 47449], 99.95th=[ 73925],
     | 99.99th=[115868]
   bw (  KiB/s): min= 3296, max=238788, per=4.01%, avg=74342.64, stdev=53259.48, samples=84
   iops        : min=  206, max=14924, avg=4646.30, stdev=3328.66, samples=84
  lat (usec)   : 2=0.05%, 4=31.20%, 10=26.18%, 20=35.74%, 50=4.70%
  lat (usec)   : 100=0.30%, 250=0.36%, 500=0.32%, 750=0.17%, 1000=0.10%
  lat (msec)   : 2=0.17%, 4=0.22%, 10=0.25%, 20=0.10%, 50=0.08%
  lat (msec)   : 100=0.05%, 250=0.01%, 500=0.01%
  cpu          : usr=0.59%, sys=7.03%, ctx=18767, majf=0, minf=20
  IO depths    : 1=100.0%, 2=0.0%, 4=0.0%, 8=0.0%, 16=0.0%, 32=0.0%, >=64=0.0%
     submit    : 0=0.0%, 4=100.0%, 8=0.0%, 16=0.0%, 32=0.0%, 64=0.0%, >=64=0.0%
     complete  : 0=0.0%, 4=100.0%, 8=0.0%, 16=0.0%, 32=0.0%, 64=0.0%, >=64=0.0%
     issued rwts: total=124985,202695,0,0 short=0,0,0,0 dropped=0,0,0,0
     latency   : target=0, window=0, percentile=100.00%, depth=1
job6.0: (groupid=0, jobs=1): err= 0: pid=5830: Tue Oct 24 21:08:40 2023
  read: IOPS=1630, BW=25.5MiB/s (26.7MB/s)(1287MiB/50548msec)
    clat (nsec): min=1252, max=61783k, avg=109834.18, stdev=1118559.86
     lat (nsec): min=1292, max=61783k, avg=109901.60, stdev=1118563.10
    clat percentiles (usec):
     |  1.00th=[    3],  5.00th=[    3], 10.00th=[    3], 20.00th=[    3],
     | 30.00th=[    4], 40.00th=[    4], 50.00th=[    4], 60.00th=[    4],
     | 70.00th=[    4], 80.00th=[    5], 90.00th=[    7], 95.00th=[   46],
     | 99.00th=[ 2769], 99.50th=[ 5276], 99.90th=[17957], 99.95th=[24249],
     | 99.99th=[39060]
   bw (  KiB/s): min= 1696, max=89907, per=1.64%, avg=30570.07, stdev=21431.61, samples=84
   iops        : min=  106, max= 5619, avg=1910.52, stdev=1339.44, samples=84
  write: IOPS=4852, BW=75.8MiB/s (79.5MB/s)(3833MiB/50548msec); 0 zone resets
    clat (usec): min=2, max=295616, avg=129.26, stdev=2669.44
     lat (usec): min=2, max=295616, avg=129.38, stdev=2669.44
    clat percentiles (usec):
     |  1.00th=[     4],  5.00th=[     5], 10.00th=[     7], 20.00th=[     8],
     | 30.00th=[    10], 40.00th=[    11], 50.00th=[    12], 60.00th=[    13],
     | 70.00th=[    15], 80.00th=[    16], 90.00th=[    19], 95.00th=[    24],
     | 99.00th=[    57], 99.50th=[  2114], 99.90th=[ 38536], 99.95th=[ 66323],
     | 99.99th=[109577]
   bw (  KiB/s): min= 5568, max=267959, per=4.92%, avg=91049.19, stdev=63820.32, samples=84
   iops        : min=  348, max=16747, avg=5690.46, stdev=3988.72, samples=84
  lat (usec)   : 2=0.03%, 4=20.33%, 10=29.07%, 20=43.09%, 50=5.41%
  lat (usec)   : 100=0.37%, 250=0.30%, 500=0.28%, 750=0.15%, 1000=0.08%
  lat (msec)   : 2=0.18%, 4=0.22%, 10=0.24%, 20=0.09%, 50=0.09%
  lat (msec)   : 100=0.05%, 250=0.01%, 500=0.01%
  cpu          : usr=0.54%, sys=7.65%, ctx=20435, majf=0, minf=20
  IO depths    : 1=100.0%, 2=0.0%, 4=0.0%, 8=0.0%, 16=0.0%, 32=0.0%, >=64=0.0%
     submit    : 0=0.0%, 4=100.0%, 8=0.0%, 16=0.0%, 32=0.0%, 64=0.0%, >=64=0.0%
     complete  : 0=0.0%, 4=100.0%, 8=0.0%, 16=0.0%, 32=0.0%, 64=0.0%, >=64=0.0%
     issued rwts: total=82397,245283,0,0 short=0,0,0,0 dropped=0,0,0,0
     latency   : target=0, window=0, percentile=100.00%, depth=1
job6.0: (groupid=0, jobs=1): err= 0: pid=5831: Tue Oct 24 21:08:40 2023
  read: IOPS=1616, BW=25.3MiB/s (26.5MB/s)(1280MiB/50678msec)
    clat (nsec): min=1233, max=51579k, avg=129255.83, stdev=1178090.67
     lat (nsec): min=1282, max=51579k, avg=129321.31, stdev=1178093.72
    clat percentiles (usec):
     |  1.00th=[    3],  5.00th=[    3], 10.00th=[    3], 20.00th=[    3],
     | 30.00th=[    4], 40.00th=[    4], 50.00th=[    4], 60.00th=[    4],
     | 70.00th=[    4], 80.00th=[    5], 90.00th=[    7], 95.00th=[   78],
     | 99.00th=[ 3458], 99.50th=[ 6652], 99.90th=[19530], 99.95th=[24511],
     | 99.99th=[34341]
   bw (  KiB/s): min=  704, max=73587, per=1.51%, avg=28256.89, stdev=18965.25, samples=88
   iops        : min=   44, max= 4599, avg=1765.91, stdev=1185.29, samples=88
  write: IOPS=4849, BW=75.8MiB/s (79.4MB/s)(3840MiB/50678msec); 0 zone resets
    clat (usec): min=2, max=289687, avg=130.67, stdev=2712.66
     lat (usec): min=2, max=289687, avg=130.83, stdev=2713.37
    clat percentiles (usec):
     |  1.00th=[     4],  5.00th=[     5], 10.00th=[     7], 20.00th=[     8],
     | 30.00th=[    10], 40.00th=[    11], 50.00th=[    12], 60.00th=[    14],
     | 70.00th=[    15], 80.00th=[    17], 90.00th=[    20], 95.00th=[    25],
     | 99.00th=[    60], 99.50th=[  1860], 99.90th=[ 38011], 99.95th=[ 69731],
     | 99.99th=[108528]
   bw (  KiB/s): min= 2112, max=212649, per=4.57%, avg=84629.08, stdev=56417.44, samples=88
   iops        : min=  132, max=13290, avg=5289.16, stdev=3526.05, samples=88
  lat (usec)   : 2=0.04%, 4=19.57%, 10=28.55%, 20=43.32%, 50=6.31%
  lat (usec)   : 100=0.41%, 250=0.34%, 500=0.29%, 750=0.16%, 1000=0.09%
  lat (msec)   : 2=0.18%, 4=0.25%, 10=0.26%, 20=0.10%, 50=0.09%
  lat (msec)   : 100=0.05%, 250=0.01%, 500=0.01%
  cpu          : usr=0.61%, sys=7.93%, ctx=21267, majf=0, minf=20
  IO depths    : 1=100.0%, 2=0.0%, 4=0.0%, 8=0.0%, 16=0.0%, 32=0.0%, >=64=0.0%
     submit    : 0=0.0%, 4=100.0%, 8=0.0%, 16=0.0%, 32=0.0%, 64=0.0%, >=64=0.0%
     complete  : 0=0.0%, 4=100.0%, 8=0.0%, 16=0.0%, 32=0.0%, 64=0.0%, >=64=0.0%
     issued rwts: total=81940,245740,0,0 short=0,0,0,0 dropped=0,0,0,0
     latency   : target=0, window=0, percentile=100.00%, depth=1
job6.0: (groupid=0, jobs=1): err= 0: pid=5832: Tue Oct 24 21:08:40 2023
  read: IOPS=1616, BW=25.3MiB/s (26.5MB/s)(1278MiB/50616msec)
    clat (nsec): min=1262, max=58985k, avg=130567.26, stdev=1197225.89
     lat (nsec): min=1303, max=58985k, avg=130634.72, stdev=1197230.13
    clat percentiles (usec):
     |  1.00th=[    3],  5.00th=[    3], 10.00th=[    3], 20.00th=[    4],
     | 30.00th=[    4], 40.00th=[    4], 50.00th=[    4], 60.00th=[    4],
     | 70.00th=[    4], 80.00th=[    5], 90.00th=[    7], 95.00th=[   64],
     | 99.00th=[ 3490], 99.50th=[ 6390], 99.90th=[19006], 99.95th=[23462],
     | 99.99th=[36439]
   bw (  KiB/s): min= 1760, max=86720, per=1.48%, avg=27710.60, stdev=19795.20, samples=91
   iops        : min=  110, max= 5420, avg=1731.76, stdev=1237.16, samples=91
  write: IOPS=4857, BW=75.9MiB/s (79.6MB/s)(3842MiB/50616msec); 0 zone resets
    clat (usec): min=2, max=317275, avg=135.26, stdev=2796.66
     lat (usec): min=2, max=317275, avg=135.40, stdev=2796.66
    clat percentiles (usec):
     |  1.00th=[     4],  5.00th=[     5], 10.00th=[     7], 20.00th=[     8],
     | 30.00th=[    10], 40.00th=[    11], 50.00th=[    12], 60.00th=[    14],
     | 70.00th=[    15], 80.00th=[    17], 90.00th=[    20], 95.00th=[    25],
     | 99.00th=[    63], 99.50th=[  2376], 99.90th=[ 40109], 99.95th=[ 68682],
     | 99.99th=[106431]
   bw (  KiB/s): min= 6080, max=267040, per=4.49%, avg=83228.95, stdev=59207.08, samples=91
   iops        : min=  380, max=16690, avg=5201.67, stdev=3700.40, samples=91
  lat (usec)   : 2=0.03%, 4=18.78%, 10=29.36%, 20=43.31%, 50=6.31%
  lat (usec)   : 100=0.41%, 250=0.29%, 500=0.28%, 750=0.15%, 1000=0.09%
  lat (msec)   : 2=0.20%, 4=0.26%, 10=0.27%, 20=0.11%, 50=0.09%
  lat (msec)   : 100=0.05%, 250=0.01%, 500=0.01%
  cpu          : usr=0.73%, sys=7.72%, ctx=22438, majf=0, minf=20
  IO depths    : 1=100.0%, 2=0.0%, 4=0.0%, 8=0.0%, 16=0.0%, 32=0.0%, >=64=0.0%
     submit    : 0=0.0%, 4=100.0%, 8=0.0%, 16=0.0%, 32=0.0%, 64=0.0%, >=64=0.0%
     complete  : 0=0.0%, 4=100.0%, 8=0.0%, 16=0.0%, 32=0.0%, 64=0.0%, >=64=0.0%
     issued rwts: total=81815,245865,0,0 short=0,0,0,0 dropped=0,0,0,0
     latency   : target=0, window=0, percentile=100.00%, depth=1
job6.0: (groupid=0, jobs=1): err= 0: pid=5833: Tue Oct 24 21:08:40 2023
  read: IOPS=1628, BW=25.4MiB/s (26.7MB/s)(1285MiB/50519msec)
    clat (nsec): min=1272, max=81909k, avg=119358.05, stdev=1151360.64
     lat (nsec): min=1312, max=81909k, avg=119421.14, stdev=1151363.70
    clat percentiles (usec):
     |  1.00th=[    3],  5.00th=[    3], 10.00th=[    3], 20.00th=[    3],
     | 30.00th=[    4], 40.00th=[    4], 50.00th=[    4], 60.00th=[    4],
     | 70.00th=[    4], 80.00th=[    5], 90.00th=[    7], 95.00th=[   42],
     | 99.00th=[ 3326], 99.50th=[ 6128], 99.90th=[17171], 99.95th=[23987],
     | 99.99th=[34866]
   bw (  KiB/s): min=  640, max=125818, per=1.58%, avg=29558.22, stdev=21391.22, samples=87
   iops        : min=   40, max= 7863, avg=1847.25, stdev=1336.87, samples=87
  write: IOPS=4857, BW=75.9MiB/s (79.6MB/s)(3835MiB/50519msec); 0 zone resets
    clat (usec): min=2, max=224167, avg=130.78, stdev=2699.92
     lat (usec): min=2, max=224168, avg=130.90, stdev=2699.92
    clat percentiles (usec):
     |  1.00th=[     4],  5.00th=[     5], 10.00th=[     7], 20.00th=[     8],
     | 30.00th=[    10], 40.00th=[    11], 50.00th=[    12], 60.00th=[    13],
     | 70.00th=[    15], 80.00th=[    16], 90.00th=[    20], 95.00th=[    24],
     | 99.00th=[    59], 99.50th=[  1991], 99.90th=[ 38011], 99.95th=[ 68682],
     | 99.99th=[111674]
   bw (  KiB/s): min= 2912, max=368284, per=4.76%, avg=88169.75, stdev=63766.48, samples=87
   iops        : min=  182, max=23017, avg=5510.45, stdev=3985.30, samples=87
  lat (usec)   : 2=0.03%, 4=19.90%, 10=29.07%, 20=42.96%, 50=5.96%
  lat (usec)   : 100=0.38%, 250=0.28%, 500=0.27%, 750=0.16%, 1000=0.08%
  lat (msec)   : 2=0.18%, 4=0.22%, 10=0.26%, 20=0.10%, 50=0.08%
  lat (msec)   : 100=0.05%, 250=0.01%
  cpu          : usr=0.51%, sys=7.81%, ctx=21425, majf=0, minf=21
  IO depths    : 1=100.0%, 2=0.0%, 4=0.0%, 8=0.0%, 16=0.0%, 32=0.0%, >=64=0.0%
     submit    : 0=0.0%, 4=100.0%, 8=0.0%, 16=0.0%, 32=0.0%, 64=0.0%, >=64=0.0%
     complete  : 0=0.0%, 4=100.0%, 8=0.0%, 16=0.0%, 32=0.0%, 64=0.0%, >=64=0.0%
     issued rwts: total=82265,245415,0,0 short=0,0,0,0 dropped=0,0,0,0
     latency   : target=0, window=0, percentile=100.00%, depth=1
job7.0: (groupid=0, jobs=1): err= 0: pid=5834: Tue Oct 24 21:08:40 2023
  read: IOPS=849, BW=13.3MiB/s (13.9MB/s)(673MiB/50729msec)
    clat (nsec): min=1253, max=43037k, avg=177967.16, stdev=1423180.30
     lat (nsec): min=1293, max=43037k, avg=178029.64, stdev=1423183.49
    clat percentiles (usec):
     |  1.00th=[    3],  5.00th=[    3], 10.00th=[    3], 20.00th=[    4],
     | 30.00th=[    4], 40.00th=[    4], 50.00th=[    4], 60.00th=[    4],
     | 70.00th=[    4], 80.00th=[    5], 90.00th=[   10], 95.00th=[  260],
     | 99.00th=[ 4817], 99.50th=[ 8455], 99.90th=[22938], 99.95th=[29754],
     | 99.99th=[36963]
   bw (  KiB/s): min= 1152, max=36175, per=0.80%, avg=15024.59, stdev=8721.58, samples=86
   iops        : min=   72, max= 2260, avg=938.91, stdev=545.04, samples=86
  write: IOPS=5609, BW=87.7MiB/s (91.9MB/s)(4447MiB/50729msec); 0 zone resets
    clat (usec): min=2, max=294766, avg=119.12, stdev=2560.77
     lat (usec): min=2, max=294766, avg=119.24, stdev=2560.78
    clat percentiles (usec):
     |  1.00th=[     4],  5.00th=[     5], 10.00th=[     6], 20.00th=[     8],
     | 30.00th=[    10], 40.00th=[    11], 50.00th=[    12], 60.00th=[    14],
     | 70.00th=[    15], 80.00th=[    17], 90.00th=[    20], 95.00th=[    25],
     | 99.00th=[    62], 99.50th=[  1663], 99.90th=[ 32375], 99.95th=[ 61080],
     | 99.99th=[106431]
   bw (  KiB/s): min= 5792, max=244494, per=5.36%, avg=99351.42, stdev=57585.83, samples=86
   iops        : min=  362, max=15280, avg=6209.33, stdev=3599.03, samples=86
  lat (usec)   : 2=0.02%, 4=11.40%, 10=29.68%, 20=49.55%, 50=7.39%
  lat (usec)   : 100=0.46%, 250=0.24%, 500=0.21%, 750=0.12%, 1000=0.07%
  lat (msec)   : 2=0.16%, 4=0.21%, 10=0.23%, 20=0.10%, 50=0.09%
  lat (msec)   : 100=0.04%, 250=0.01%, 500=0.01%
  cpu          : usr=0.68%, sys=8.26%, ctx=28154, majf=0, minf=21
  IO depths    : 1=100.0%, 2=0.0%, 4=0.0%, 8=0.0%, 16=0.0%, 32=0.0%, >=64=0.0%
     submit    : 0=0.0%, 4=100.0%, 8=0.0%, 16=0.0%, 32=0.0%, 64=0.0%, >=64=0.0%
     complete  : 0=0.0%, 4=100.0%, 8=0.0%, 16=0.0%, 32=0.0%, 64=0.0%, >=64=0.0%
     issued rwts: total=43095,284585,0,0 short=0,0,0,0 dropped=0,0,0,0
     latency   : target=0, window=0, percentile=100.00%, depth=1
job7.0: (groupid=0, jobs=1): err= 0: pid=5835: Tue Oct 24 21:08:40 2023
  read: IOPS=828, BW=12.9MiB/s (13.6MB/s)(655MiB/50653msec)
    clat (nsec): min=1282, max=59124k, avg=208808.80, stdev=1533438.90
     lat (nsec): min=1332, max=59124k, avg=208870.89, stdev=1533443.76
    clat percentiles (usec):
     |  1.00th=[    3],  5.00th=[    3], 10.00th=[    3], 20.00th=[    4],
     | 30.00th=[    4], 40.00th=[    4], 50.00th=[    4], 60.00th=[    4],
     | 70.00th=[    5], 80.00th=[    5], 90.00th=[   11], 95.00th=[  359],
     | 99.00th=[ 5669], 99.50th=[ 9241], 99.90th=[22938], 99.95th=[30802],
     | 99.99th=[38011]
   bw (  KiB/s): min=  798, max=45217, per=0.80%, avg=14965.88, stdev=9047.70, samples=86
   iops        : min=   49, max= 2826, avg=935.23, stdev=565.47, samples=86
  write: IOPS=5641, BW=88.1MiB/s (92.4MB/s)(4465MiB/50653msec); 0 zone resets
    clat (usec): min=2, max=346277, avg=115.19, stdev=2421.18
     lat (usec): min=2, max=346278, avg=115.32, stdev=2421.52
    clat percentiles (usec):
     |  1.00th=[     4],  5.00th=[     5], 10.00th=[     7], 20.00th=[     8],
     | 30.00th=[    10], 40.00th=[    11], 50.00th=[    12], 60.00th=[    14],
     | 70.00th=[    15], 80.00th=[    16], 90.00th=[    20], 95.00th=[    25],
     | 99.00th=[    61], 99.50th=[  1745], 99.90th=[ 32113], 99.95th=[ 61604],
     | 99.99th=[103285]
   bw (  KiB/s): min= 5109, max=320316, per=5.51%, avg=102035.16, stdev=61432.71, samples=86
   iops        : min=  319, max=20019, avg=6377.06, stdev=3839.48, samples=86
  lat (usec)   : 2=0.01%, 4=9.70%, 10=30.96%, 20=50.04%, 50=7.28%
  lat (usec)   : 100=0.46%, 250=0.24%, 500=0.20%, 750=0.11%, 1000=0.07%
  lat (msec)   : 2=0.17%, 4=0.25%, 10=0.26%, 20=0.11%, 50=0.09%
  lat (msec)   : 100=0.05%, 250=0.01%, 500=0.01%
  cpu          : usr=0.59%, sys=8.44%, ctx=22826, majf=0, minf=20
  IO depths    : 1=100.0%, 2=0.0%, 4=0.0%, 8=0.0%, 16=0.0%, 32=0.0%, >=64=0.0%
     submit    : 0=0.0%, 4=100.0%, 8=0.0%, 16=0.0%, 32=0.0%, 64=0.0%, >=64=0.0%
     complete  : 0=0.0%, 4=100.0%, 8=0.0%, 16=0.0%, 32=0.0%, 64=0.0%, >=64=0.0%
     issued rwts: total=41944,285736,0,0 short=0,0,0,0 dropped=0,0,0,0
     latency   : target=0, window=0, percentile=100.00%, depth=1
job7.0: (groupid=0, jobs=1): err= 0: pid=5836: Tue Oct 24 21:08:40 2023
  read: IOPS=829, BW=13.0MiB/s (13.6MB/s)(657MiB/50709msec)
    clat (nsec): min=1292, max=66430k, avg=175137.22, stdev=1492299.76
     lat (nsec): min=1332, max=66430k, avg=175198.37, stdev=1492302.58
    clat percentiles (usec):
     |  1.00th=[    3],  5.00th=[    3], 10.00th=[    3], 20.00th=[    4],
     | 30.00th=[    4], 40.00th=[    4], 50.00th=[    4], 60.00th=[    4],
     | 70.00th=[    4], 80.00th=[    5], 90.00th=[   10], 95.00th=[  249],
     | 99.00th=[ 4424], 99.50th=[ 7635], 99.90th=[23725], 99.95th=[28705],
     | 99.99th=[53216]
   bw (  KiB/s): min= 1792, max=40505, per=0.82%, avg=15305.24, stdev=8254.48, samples=82
   iops        : min=  112, max= 2531, avg=956.46, stdev=515.85, samples=82
  write: IOPS=5632, BW=88.0MiB/s (92.3MB/s)(4463MiB/50709msec); 0 zone resets
    clat (usec): min=2, max=191179, avg=113.62, stdev=2403.39
     lat (usec): min=2, max=191180, avg=113.74, stdev=2403.40
    clat percentiles (usec):
     |  1.00th=[     4],  5.00th=[     5], 10.00th=[     6], 20.00th=[     8],
     | 30.00th=[     9], 40.00th=[    11], 50.00th=[    12], 60.00th=[    13],
     | 70.00th=[    15], 80.00th=[    16], 90.00th=[    20], 95.00th=[    25],
     | 99.00th=[    61], 99.50th=[  1598], 99.90th=[ 31851], 99.95th=[ 60556],
     | 99.99th=[110625]
   bw (  KiB/s): min=12192, max=271462, per=5.62%, avg=104042.85, stdev=55559.40, samples=82
   iops        : min=  762, max=16966, avg=6502.55, stdev=3472.39, samples=82
  lat (usec)   : 2=0.01%, 4=10.45%, 10=31.65%, 20=48.97%, 50=7.01%
  lat (usec)   : 100=0.45%, 250=0.23%, 500=0.20%, 750=0.12%, 1000=0.07%
  lat (msec)   : 2=0.17%, 4=0.21%, 10=0.23%, 20=0.09%, 50=0.08%
  lat (msec)   : 100=0.04%, 250=0.01%
  cpu          : usr=0.61%, sys=8.31%, ctx=21385, majf=0, minf=20
  IO depths    : 1=100.0%, 2=0.0%, 4=0.0%, 8=0.0%, 16=0.0%, 32=0.0%, >=64=0.0%
     submit    : 0=0.0%, 4=100.0%, 8=0.0%, 16=0.0%, 32=0.0%, 64=0.0%, >=64=0.0%
     complete  : 0=0.0%, 4=100.0%, 8=0.0%, 16=0.0%, 32=0.0%, 64=0.0%, >=64=0.0%
     issued rwts: total=42045,285635,0,0 short=0,0,0,0 dropped=0,0,0,0
     latency   : target=0, window=0, percentile=100.00%, depth=1
job7.0: (groupid=0, jobs=1): err= 0: pid=5837: Tue Oct 24 21:08:40 2023
  read: IOPS=843, BW=13.2MiB/s (13.8MB/s)(668MiB/50700msec)
    clat (nsec): min=1302, max=61961k, avg=198043.97, stdev=1502553.03
     lat (nsec): min=1343, max=61961k, avg=198105.22, stdev=1502556.32
    clat percentiles (usec):
     |  1.00th=[    3],  5.00th=[    3], 10.00th=[    3], 20.00th=[    4],
     | 30.00th=[    4], 40.00th=[    4], 50.00th=[    4], 60.00th=[    4],
     | 70.00th=[    5], 80.00th=[    5], 90.00th=[   11], 95.00th=[  355],
     | 99.00th=[ 5276], 99.50th=[ 8717], 99.90th=[23462], 99.95th=[30278],
     | 99.99th=[42206]
   bw (  KiB/s): min= 2144, max=37280, per=0.83%, avg=15457.42, stdev=8450.28, samples=84
   iops        : min=  134, max= 2330, avg=965.93, stdev=528.08, samples=84
  write: IOPS=5619, BW=87.8MiB/s (92.1MB/s)(4452MiB/50700msec); 0 zone resets
    clat (usec): min=2, max=346479, avg=114.93, stdev=2470.72
     lat (usec): min=2, max=346480, avg=115.09, stdev=2470.81
    clat percentiles (usec):
     |  1.00th=[     4],  5.00th=[     5], 10.00th=[     6], 20.00th=[     8],
     | 30.00th=[     9], 40.00th=[    11], 50.00th=[    12], 60.00th=[    13],
     | 70.00th=[    15], 80.00th=[    16], 90.00th=[    20], 95.00th=[    25],
     | 99.00th=[    60], 99.50th=[  1516], 99.90th=[ 31327], 99.95th=[ 58459],
     | 99.99th=[104334]
   bw (  KiB/s): min=10784, max=260173, per=5.56%, avg=103017.27, stdev=56752.49, samples=84
   iops        : min=  674, max=16260, avg=6438.45, stdev=3546.94, samples=84
  lat (usec)   : 2=0.02%, 4=10.11%, 10=32.88%, 20=47.91%, 50=7.07%
  lat (usec)   : 100=0.45%, 250=0.24%, 500=0.22%, 750=0.12%, 1000=0.08%
  lat (msec)   : 2=0.17%, 4=0.23%, 10=0.25%, 20=0.09%, 50=0.09%
  lat (msec)   : 100=0.05%, 250=0.01%, 500=0.01%
  cpu          : usr=0.49%, sys=8.43%, ctx=24589, majf=0, minf=20
  IO depths    : 1=100.0%, 2=0.0%, 4=0.0%, 8=0.0%, 16=0.0%, 32=0.0%, >=64=0.0%
     submit    : 0=0.0%, 4=100.0%, 8=0.0%, 16=0.0%, 32=0.0%, 64=0.0%, >=64=0.0%
     complete  : 0=0.0%, 4=100.0%, 8=0.0%, 16=0.0%, 32=0.0%, 64=0.0%, >=64=0.0%
     issued rwts: total=42760,284920,0,0 short=0,0,0,0 dropped=0,0,0,0
     latency   : target=0, window=0, percentile=100.00%, depth=1
job8.0: (groupid=0, jobs=1): err= 0: pid=5838: Tue Oct 24 21:08:40 2023
  write: IOPS=7432, BW=116MiB/s (122MB/s)(5120MiB/44087msec); 0 zone resets
    clat (usec): min=2, max=289967, avg=100.35, stdev=2235.05
     lat (usec): min=2, max=289967, avg=100.48, stdev=2235.05
    clat percentiles (usec):
     |  1.00th=[    4],  5.00th=[    5], 10.00th=[    6], 20.00th=[    8],
     | 30.00th=[    9], 40.00th=[   11], 50.00th=[   12], 60.00th=[   14],
     | 70.00th=[   16], 80.00th=[   18], 90.00th=[   23], 95.00th=[   29],
     | 99.00th=[   72], 99.50th=[ 1598], 99.90th=[22938], 99.95th=[52167],
     | 99.99th=[99091]
   bw (  KiB/s): min=15008, max=335424, per=8.06%, avg=149255.70, stdev=65026.63, samples=69
   iops        : min=  938, max=20964, avg=9328.36, stdev=4064.20, samples=69
  lat (usec)   : 4=1.65%, 10=35.60%, 20=49.26%, 50=11.98%, 100=0.70%
  lat (usec)   : 250=0.15%, 500=0.06%, 750=0.03%, 1000=0.02%
  lat (msec)   : 2=0.09%, 4=0.12%, 10=0.17%, 20=0.07%, 50=0.06%
  lat (msec)   : 100=0.04%, 250=0.01%, 500=0.01%
  cpu          : usr=0.77%, sys=11.28%, ctx=40118, majf=0, minf=14
  IO depths    : 1=100.0%, 2=0.0%, 4=0.0%, 8=0.0%, 16=0.0%, 32=0.0%, >=64=0.0%
     submit    : 0=0.0%, 4=100.0%, 8=0.0%, 16=0.0%, 32=0.0%, 64=0.0%, >=64=0.0%
     complete  : 0=0.0%, 4=100.0%, 8=0.0%, 16=0.0%, 32=0.0%, 64=0.0%, >=64=0.0%
     issued rwts: total=0,327680,0,0 short=0,0,0,0 dropped=0,0,0,0
     latency   : target=0, window=0, percentile=100.00%, depth=1
job8.0: (groupid=0, jobs=1): err= 0: pid=5839: Tue Oct 24 21:08:40 2023
  write: IOPS=7402, BW=116MiB/s (121MB/s)(5120MiB/44269msec); 0 zone resets
    clat (usec): min=2, max=210419, avg=104.51, stdev=2269.65
     lat (usec): min=2, max=210419, avg=104.66, stdev=2270.69
    clat percentiles (usec):
     |  1.00th=[    4],  5.00th=[    5], 10.00th=[    6], 20.00th=[    8],
     | 30.00th=[    9], 40.00th=[   11], 50.00th=[   13], 60.00th=[   14],
     | 70.00th=[   16], 80.00th=[   19], 90.00th=[   24], 95.00th=[   30],
     | 99.00th=[   77], 99.50th=[ 1713], 99.90th=[24249], 99.95th=[55837],
     | 99.99th=[99091]
   bw (  KiB/s): min=10443, max=288000, per=7.78%, avg=143990.69, stdev=61757.57, samples=72
   iops        : min=  652, max=18000, avg=8999.29, stdev=3859.89, samples=72
  lat (usec)   : 4=1.78%, 10=33.61%, 20=49.56%, 50=13.45%, 100=0.76%
  lat (usec)   : 250=0.17%, 500=0.06%, 750=0.03%, 1000=0.02%
  lat (msec)   : 2=0.10%, 4=0.12%, 10=0.16%, 20=0.07%, 50=0.06%
  lat (msec)   : 100=0.05%, 250=0.01%
  cpu          : usr=0.61%, sys=11.32%, ctx=38975, majf=0, minf=14
  IO depths    : 1=100.0%, 2=0.0%, 4=0.0%, 8=0.0%, 16=0.0%, 32=0.0%, >=64=0.0%
     submit    : 0=0.0%, 4=100.0%, 8=0.0%, 16=0.0%, 32=0.0%, 64=0.0%, >=64=0.0%
     complete  : 0=0.0%, 4=100.0%, 8=0.0%, 16=0.0%, 32=0.0%, 64=0.0%, >=64=0.0%
     issued rwts: total=0,327680,0,0 short=0,0,0,0 dropped=0,0,0,0
     latency   : target=0, window=0, percentile=100.00%, depth=1
job8.0: (groupid=0, jobs=1): err= 0: pid=5840: Tue Oct 24 21:08:40 2023
  write: IOPS=7398, BW=116MiB/s (121MB/s)(5120MiB/44289msec); 0 zone resets
    clat (usec): min=2, max=204799, avg=101.79, stdev=2237.47
     lat (usec): min=2, max=204799, avg=101.92, stdev=2237.47
    clat percentiles (usec):
     |  1.00th=[     4],  5.00th=[     5], 10.00th=[     5], 20.00th=[     8],
     | 30.00th=[     9], 40.00th=[    11], 50.00th=[    12], 60.00th=[    14],
     | 70.00th=[    16], 80.00th=[    18], 90.00th=[    23], 95.00th=[    30],
     | 99.00th=[    73], 99.50th=[  1516], 99.90th=[ 23462], 99.95th=[ 55313],
     | 99.99th=[101188]
   bw (  KiB/s): min=17756, max=548000, per=7.99%, avg=147893.07, stdev=80782.48, samples=70
   iops        : min= 1109, max=34250, avg=9243.20, stdev=5048.96, samples=70
  lat (usec)   : 4=2.23%, 10=35.39%, 20=47.85%, 50=12.96%, 100=0.74%
  lat (usec)   : 250=0.16%, 500=0.06%, 750=0.03%, 1000=0.02%
  lat (msec)   : 2=0.10%, 4=0.12%, 10=0.17%, 20=0.06%, 50=0.05%
  lat (msec)   : 100=0.05%, 250=0.01%
  cpu          : usr=0.74%, sys=10.95%, ctx=38823, majf=0, minf=14
  IO depths    : 1=100.0%, 2=0.0%, 4=0.0%, 8=0.0%, 16=0.0%, 32=0.0%, >=64=0.0%
     submit    : 0=0.0%, 4=100.0%, 8=0.0%, 16=0.0%, 32=0.0%, 64=0.0%, >=64=0.0%
     complete  : 0=0.0%, 4=100.0%, 8=0.0%, 16=0.0%, 32=0.0%, 64=0.0%, >=64=0.0%
     issued rwts: total=0,327680,0,0 short=0,0,0,0 dropped=0,0,0,0
     latency   : target=0, window=0, percentile=100.00%, depth=1
job8.0: (groupid=0, jobs=1): err= 0: pid=5841: Tue Oct 24 21:08:40 2023
  write: IOPS=7396, BW=116MiB/s (121MB/s)(5120MiB/44301msec); 0 zone resets
    clat (usec): min=2, max=314034, avg=101.75, stdev=2261.32
     lat (usec): min=2, max=314034, avg=101.88, stdev=2261.33
    clat percentiles (usec):
     |  1.00th=[     4],  5.00th=[     5], 10.00th=[     6], 20.00th=[     8],
     | 30.00th=[     9], 40.00th=[    11], 50.00th=[    12], 60.00th=[    14],
     | 70.00th=[    16], 80.00th=[    18], 90.00th=[    23], 95.00th=[    30],
     | 99.00th=[    70], 99.50th=[  1401], 99.90th=[ 24249], 99.95th=[ 55837],
     | 99.99th=[100140]
   bw (  KiB/s): min= 5269, max=323712, per=7.95%, avg=147206.71, stdev=68375.99, samples=70
   iops        : min=  329, max=20232, avg=9200.31, stdev=4273.54, samples=70
  lat (usec)   : 4=1.86%, 10=34.39%, 20=49.76%, 50=12.48%, 100=0.71%
  lat (usec)   : 250=0.15%, 500=0.06%, 750=0.02%, 1000=0.02%
  lat (msec)   : 2=0.09%, 4=0.11%, 10=0.16%, 20=0.06%, 50=0.06%
  lat (msec)   : 100=0.05%, 250=0.01%, 500=0.01%
  cpu          : usr=0.58%, sys=11.21%, ctx=36469, majf=0, minf=15
  IO depths    : 1=100.0%, 2=0.0%, 4=0.0%, 8=0.0%, 16=0.0%, 32=0.0%, >=64=0.0%
     submit    : 0=0.0%, 4=100.0%, 8=0.0%, 16=0.0%, 32=0.0%, 64=0.0%, >=64=0.0%
     complete  : 0=0.0%, 4=100.0%, 8=0.0%, 16=0.0%, 32=0.0%, 64=0.0%, >=64=0.0%
     issued rwts: total=0,327680,0,0 short=0,0,0,0 dropped=0,0,0,0
     latency   : target=0, window=0, percentile=100.00%, depth=1

Run status group 0 (all jobs):
   READ: bw=1825MiB/s (1914MB/s), 12.9MiB/s-354MiB/s (13.6MB/s-371MB/s), io=90.4GiB (97.1GB), run=14468-50729msec
  WRITE: bw=1808MiB/s (1896MB/s), 14.8MiB/s-116MiB/s (15.5MB/s-122MB/s), io=89.6GiB (96.2GB), run=40522-50729msec

Disk stats (read/write):
  nvme0n1: ios=281078/319393, merge=0/258, ticks=706291/5159410, in_queue=5865775, util=85.93%
