job0.0: (g=0): rw=rw, bs=(R) 16.0KiB-16.0KiB, (W) 16.0KiB-16.0KiB, (T) 16.0KiB-16.0KiB, ioengine=psync, iodepth=1
...
job1.0: (g=0): rw=rw, bs=(R) 16.0KiB-16.0KiB, (W) 16.0KiB-16.0KiB, (T) 16.0KiB-16.0KiB, ioengine=psync, iodepth=1
...
job2.0: (g=0): rw=rw, bs=(R) 16.0KiB-16.0KiB, (W) 16.0KiB-16.0KiB, (T) 16.0KiB-16.0KiB, ioengine=psync, iodepth=1
...
job3.0: (g=0): rw=rw, bs=(R) 16.0KiB-16.0KiB, (W) 16.0KiB-16.0KiB, (T) 16.0KiB-16.0KiB, ioengine=psync, iodepth=1
...
job4.0: (g=0): rw=rw, bs=(R) 16.0KiB-16.0KiB, (W) 16.0KiB-16.0KiB, (T) 16.0KiB-16.0KiB, ioengine=psync, iodepth=1
...
job5.0: (g=0): rw=rw, bs=(R) 16.0KiB-16.0KiB, (W) 16.0KiB-16.0KiB, (T) 16.0KiB-16.0KiB, ioengine=psync, iodepth=1
...
job6.0: (g=0): rw=rw, bs=(R) 16.0KiB-16.0KiB, (W) 16.0KiB-16.0KiB, (T) 16.0KiB-16.0KiB, ioengine=psync, iodepth=1
...
job7.0: (g=0): rw=rw, bs=(R) 16.0KiB-16.0KiB, (W) 16.0KiB-16.0KiB, (T) 16.0KiB-16.0KiB, ioengine=psync, iodepth=1
...
job8.0: (g=0): rw=rw, bs=(R) 16.0KiB-16.0KiB, (W) 16.0KiB-16.0KiB, (T) 16.0KiB-16.0KiB, ioengine=psync, iodepth=1
...
fio-3.28
Starting 18 processes

job0.0: (groupid=0, jobs=1): err= 0: pid=10151: Tue Oct 24 20:42:27 2023
  read: IOPS=19.0k, BW=298MiB/s (312MB/s)(5120MiB/17210msec)
    clat (nsec): min=1172, max=52025k, avg=40267.15, stdev=469209.99
     lat (nsec): min=1212, max=52025k, avg=40342.99, stdev=469210.85
    clat percentiles (nsec):
     |  1.00th=[    1736],  5.00th=[    2024], 10.00th=[    2224],
     | 20.00th=[    2544], 30.00th=[    2960], 40.00th=[    3888],
     | 50.00th=[    4448], 60.00th=[    5024], 70.00th=[    5664],
     | 80.00th=[    6560], 90.00th=[   10304], 95.00th=[   15936],
     | 99.00th=[  585728], 99.50th=[ 1761280], 99.90th=[ 6717440],
     | 99.95th=[ 8093696], 99.99th=[13959168]
   bw (  KiB/s): min=27369, max=1497320, per=15.40%, avg=332895.29, stdev=275490.15, samples=31
   iops        : min= 1710, max=93582, avg=20805.84, stdev=17218.12, samples=31
  lat (usec)   : 2=4.49%, 4=37.20%, 10=48.10%, 20=6.03%, 50=0.76%
  lat (usec)   : 100=0.31%, 250=1.28%, 500=0.71%, 750=0.28%, 1000=0.15%
  lat (msec)   : 2=0.22%, 4=0.22%, 10=0.22%, 20=0.02%, 50=0.01%
  lat (msec)   : 100=0.01%
  cpu          : usr=1.82%, sys=17.51%, ctx=14000, majf=0, minf=17
  IO depths    : 1=100.0%, 2=0.0%, 4=0.0%, 8=0.0%, 16=0.0%, 32=0.0%, >=64=0.0%
     submit    : 0=0.0%, 4=100.0%, 8=0.0%, 16=0.0%, 32=0.0%, 64=0.0%, >=64=0.0%
     complete  : 0=0.0%, 4=100.0%, 8=0.0%, 16=0.0%, 32=0.0%, 64=0.0%, >=64=0.0%
     issued rwts: total=327680,0,0,0 short=0,0,0,0 dropped=0,0,0,0
     latency   : target=0, window=0, percentile=100.00%, depth=1
job0.0: (groupid=0, jobs=1): err= 0: pid=10152: Tue Oct 24 20:42:27 2023
  read: IOPS=19.0k, BW=298MiB/s (312MB/s)(5120MiB/17208msec)
    clat (nsec): min=1122, max=52003k, avg=40285.63, stdev=467743.98
     lat (nsec): min=1162, max=52003k, avg=40389.03, stdev=467920.81
    clat percentiles (nsec):
     |  1.00th=[    1720],  5.00th=[    2024], 10.00th=[    2224],
     | 20.00th=[    2576], 30.00th=[    2960], 40.00th=[    3888],
     | 50.00th=[    4448], 60.00th=[    5024], 70.00th=[    5728],
     | 80.00th=[    6624], 90.00th=[    9408], 95.00th=[   16064],
     | 99.00th=[  585728], 99.50th=[ 1761280], 99.90th=[ 6651904],
     | 99.95th=[ 8224768], 99.99th=[14483456]
   bw (  KiB/s): min=26347, max=1497320, per=15.40%, avg=332893.19, stdev=278719.61, samples=31
   iops        : min= 1646, max=93582, avg=20805.71, stdev=17419.96, samples=31
  lat (usec)   : 2=4.55%, 4=37.27%, 10=48.58%, 20=5.37%, 50=0.81%
  lat (usec)   : 100=0.32%, 250=1.32%, 500=0.67%, 750=0.28%, 1000=0.16%
  lat (msec)   : 2=0.21%, 4=0.22%, 10=0.23%, 20=0.02%, 50=0.01%
  lat (msec)   : 100=0.01%
  cpu          : usr=2.12%, sys=16.78%, ctx=13857, majf=0, minf=15
  IO depths    : 1=100.0%, 2=0.0%, 4=0.0%, 8=0.0%, 16=0.0%, 32=0.0%, >=64=0.0%
     submit    : 0=0.0%, 4=100.0%, 8=0.0%, 16=0.0%, 32=0.0%, 64=0.0%, >=64=0.0%
     complete  : 0=0.0%, 4=100.0%, 8=0.0%, 16=0.0%, 32=0.0%, 64=0.0%, >=64=0.0%
     issued rwts: total=327680,0,0,0 short=0,0,0,0 dropped=0,0,0,0
     latency   : target=0, window=0, percentile=100.00%, depth=1
job1.0: (groupid=0, jobs=1): err= 0: pid=10153: Tue Oct 24 20:42:27 2023
  read: IOPS=14.9k, BW=233MiB/s (245MB/s)(4501MiB/19285msec)
    clat (nsec): min=1173, max=49369k, avg=14826.64, stdev=329128.09
     lat (nsec): min=1213, max=49369k, avg=14928.87, stdev=329671.30
    clat percentiles (nsec):
     |  1.00th=[    1720],  5.00th=[    1960], 10.00th=[    2096],
     | 20.00th=[    2320], 30.00th=[    2480], 40.00th=[    2704],
     | 50.00th=[    3024], 60.00th=[    3920], 70.00th=[    4768],
     | 80.00th=[    5536], 90.00th=[    6624], 95.00th=[    7712],
     | 99.00th=[   29056], 99.50th=[  171008], 99.90th=[ 3260416],
     | 99.95th=[ 5603328], 99.99th=[11075584]
   bw (  KiB/s): min=29536, max=860736, per=11.20%, avg=241929.03, stdev=189397.63, samples=37
   iops        : min= 1846, max=53796, avg=15120.49, stdev=11837.37, samples=37
  write: IOPS=2052, BW=32.1MiB/s (33.6MB/s)(619MiB/19285msec); 0 zone resets
    clat (usec): min=2, max=71396, avg=294.14, stdev=2501.87
     lat (usec): min=2, max=71397, avg=294.30, stdev=2501.89
    clat percentiles (usec):
     |  1.00th=[    4],  5.00th=[    5], 10.00th=[    6], 20.00th=[    8],
     | 30.00th=[    9], 40.00th=[   10], 50.00th=[   11], 60.00th=[   13],
     | 70.00th=[   15], 80.00th=[   18], 90.00th=[   23], 95.00th=[   30],
     | 99.00th=[11863], 99.50th=[19006], 99.90th=[36963], 99.95th=[43779],
     | 99.99th=[53740]
   bw (  KiB/s): min= 4448, max=116704, per=1.58%, avg=33262.14, stdev=25971.47, samples=37
   iops        : min=  278, max= 7294, avg=2078.78, stdev=1623.18, samples=37
  lat (usec)   : 2=5.55%, 4=48.27%, 10=36.92%, 20=6.43%, 50=1.76%
  lat (usec)   : 100=0.18%, 250=0.29%, 500=0.11%, 750=0.05%, 1000=0.02%
  lat (msec)   : 2=0.05%, 4=0.07%, 10=0.12%, 20=0.10%, 50=0.05%
  lat (msec)   : 100=0.01%
  cpu          : usr=1.24%, sys=11.50%, ctx=10440, majf=0, minf=22
  IO depths    : 1=100.0%, 2=0.0%, 4=0.0%, 8=0.0%, 16=0.0%, 32=0.0%, >=64=0.0%
     submit    : 0=0.0%, 4=100.0%, 8=0.0%, 16=0.0%, 32=0.0%, 64=0.0%, >=64=0.0%
     complete  : 0=0.0%, 4=100.0%, 8=0.0%, 16=0.0%, 32=0.0%, 64=0.0%, >=64=0.0%
     issued rwts: total=288092,39588,0,0 short=0,0,0,0 dropped=0,0,0,0
     latency   : target=0, window=0, percentile=100.00%, depth=1
job1.0: (groupid=0, jobs=1): err= 0: pid=10154: Tue Oct 24 20:42:27 2023
  read: IOPS=14.9k, BW=234MiB/s (245MB/s)(4507MiB/19298msec)
    clat (nsec): min=1172, max=49570k, avg=15656.05, stdev=341393.89
     lat (nsec): min=1212, max=49570k, avg=15718.54, stdev=341396.41
    clat percentiles (nsec):
     |  1.00th=[    1672],  5.00th=[    1928], 10.00th=[    2096],
     | 20.00th=[    2320], 30.00th=[    2512], 40.00th=[    2736],
     | 50.00th=[    3056], 60.00th=[    3952], 70.00th=[    4832],
     | 80.00th=[    5600], 90.00th=[    6752], 95.00th=[    7968],
     | 99.00th=[   22144], 99.50th=[  201728], 99.90th=[ 3424256],
     | 99.95th=[ 5537792], 99.99th=[11730944]
   bw (  KiB/s): min=24192, max=1006688, per=11.18%, avg=241635.84, stdev=208592.05, samples=37
   iops        : min= 1512, max=62918, avg=15102.11, stdev=13037.01, samples=37
  write: IOPS=2031, BW=31.7MiB/s (33.3MB/s)(613MiB/19298msec); 0 zone resets
    clat (usec): min=2, max=67110, avg=286.73, stdev=2467.62
     lat (usec): min=2, max=67111, avg=287.16, stdev=2470.70
    clat percentiles (usec):
     |  1.00th=[    4],  5.00th=[    5], 10.00th=[    6], 20.00th=[    8],
     | 30.00th=[    9], 40.00th=[   10], 50.00th=[   12], 60.00th=[   13],
     | 70.00th=[   15], 80.00th=[   18], 90.00th=[   23], 95.00th=[   31],
     | 99.00th=[11469], 99.50th=[18744], 99.90th=[36439], 99.95th=[42206],
     | 99.99th=[54789]
   bw (  KiB/s): min= 3968, max=136160, per=1.56%, avg=32870.89, stdev=28274.41, samples=37
   iops        : min=  248, max= 8510, avg=2054.32, stdev=1767.18, samples=37
  lat (usec)   : 2=6.28%, 4=47.03%, 10=37.19%, 20=6.85%, 50=1.56%
  lat (usec)   : 100=0.19%, 250=0.28%, 500=0.15%, 750=0.06%, 1000=0.02%
  lat (msec)   : 2=0.05%, 4=0.07%, 10=0.12%, 20=0.10%, 50=0.05%
  lat (msec)   : 100=0.01%
  cpu          : usr=1.13%, sys=12.27%, ctx=10830, majf=0, minf=21
  IO depths    : 1=100.0%, 2=0.0%, 4=0.0%, 8=0.0%, 16=0.0%, 32=0.0%, >=64=0.0%
     submit    : 0=0.0%, 4=100.0%, 8=0.0%, 16=0.0%, 32=0.0%, 64=0.0%, >=64=0.0%
     complete  : 0=0.0%, 4=100.0%, 8=0.0%, 16=0.0%, 32=0.0%, 64=0.0%, >=64=0.0%
     issued rwts: total=288479,39201,0,0 short=0,0,0,0 dropped=0,0,0,0
     latency   : target=0, window=0, percentile=100.00%, depth=1
job2.0: (groupid=0, jobs=1): err= 0: pid=10155: Tue Oct 24 20:42:27 2023
  read: IOPS=12.3k, BW=192MiB/s (202MB/s)(3835MiB/19947msec)
    clat (nsec): min=1173, max=40978k, avg=14837.19, stdev=319665.31
     lat (nsec): min=1213, max=40978k, avg=14909.48, stdev=319681.59
    clat percentiles (nsec):
     |  1.00th=[    1800],  5.00th=[    2040], 10.00th=[    2192],
     | 20.00th=[    2384], 30.00th=[    2576], 40.00th=[    2800],
     | 50.00th=[    3088], 60.00th=[    3888], 70.00th=[    4704],
     | 80.00th=[    5472], 90.00th=[    6624], 95.00th=[    8384],
     | 99.00th=[   19072], 99.50th=[  164864], 99.90th=[ 3457024],
     | 99.95th=[ 5144576], 99.99th=[13041664]
   bw (  KiB/s): min=  448, max=583584, per=9.27%, avg=200254.32, stdev=154318.77, samples=37
   iops        : min=   28, max=36474, avg=12515.81, stdev=9644.92, samples=37
  write: IOPS=4123, BW=64.4MiB/s (67.6MB/s)(1285MiB/19947msec); 0 zone resets
    clat (usec): min=2, max=86161, avg=157.32, stdev=1787.87
     lat (usec): min=2, max=86161, avg=157.46, stdev=1787.88
    clat percentiles (usec):
     |  1.00th=[    4],  5.00th=[    5], 10.00th=[    6], 20.00th=[    8],
     | 30.00th=[    9], 40.00th=[   10], 50.00th=[   11], 60.00th=[   13],
     | 70.00th=[   15], 80.00th=[   18], 90.00th=[   23], 95.00th=[   30],
     | 99.00th=[ 1450], 99.50th=[11863], 99.90th=[27657], 99.95th=[34866],
     | 99.99th=[52691]
   bw (  KiB/s): min=  288, max=196576, per=3.19%, avg=67115.73, stdev=51930.73, samples=37
   iops        : min=   18, max=12286, avg=4194.65, stdev=3245.67, samples=37
  lat (usec)   : 2=2.91%, 4=43.81%, 10=36.24%, 20=12.56%, 50=3.31%
  lat (usec)   : 100=0.32%, 250=0.29%, 500=0.08%, 750=0.04%, 1000=0.02%
  lat (msec)   : 2=0.05%, 4=0.07%, 10=0.12%, 20=0.10%, 50=0.06%
  lat (msec)   : 100=0.01%
  cpu          : usr=1.25%, sys=13.87%, ctx=11394, majf=0, minf=22
  IO depths    : 1=100.0%, 2=0.0%, 4=0.0%, 8=0.0%, 16=0.0%, 32=0.0%, >=64=0.0%
     submit    : 0=0.0%, 4=100.0%, 8=0.0%, 16=0.0%, 32=0.0%, 64=0.0%, >=64=0.0%
     complete  : 0=0.0%, 4=100.0%, 8=0.0%, 16=0.0%, 32=0.0%, 64=0.0%, >=64=0.0%
     issued rwts: total=245420,82260,0,0 short=0,0,0,0 dropped=0,0,0,0
     latency   : target=0, window=0, percentile=100.00%, depth=1
job2.0: (groupid=0, jobs=1): err= 0: pid=10156: Tue Oct 24 20:42:27 2023
  read: IOPS=12.3k, BW=193MiB/s (202MB/s)(3843MiB/19951msec)
    clat (nsec): min=1182, max=52314k, avg=14827.84, stdev=307324.13
     lat (nsec): min=1222, max=52314k, avg=14890.85, stdev=307327.38
    clat percentiles (nsec):
     |  1.00th=[    1720],  5.00th=[    1992], 10.00th=[    2160],
     | 20.00th=[    2352], 30.00th=[    2544], 40.00th=[    2768],
     | 50.00th=[    3088], 60.00th=[    3952], 70.00th=[    4768],
     | 80.00th=[    5472], 90.00th=[    6624], 95.00th=[    8032],
     | 99.00th=[   36608], 99.50th=[  185344], 99.90th=[ 3293184],
     | 99.95th=[ 4816896], 99.99th=[11337728]
   bw (  KiB/s): min=20768, max=534304, per=9.49%, avg=205084.36, stdev=157538.80, samples=36
   iops        : min= 1298, max=33394, avg=12817.67, stdev=9846.17, samples=36
  write: IOPS=4097, BW=64.0MiB/s (67.1MB/s)(1277MiB/19951msec); 0 zone resets
    clat (usec): min=2, max=86718, avg=157.87, stdev=1794.16
     lat (usec): min=2, max=86718, avg=158.00, stdev=1794.21
    clat percentiles (usec):
     |  1.00th=[    4],  5.00th=[    5], 10.00th=[    6], 20.00th=[    8],
     | 30.00th=[    9], 40.00th=[   10], 50.00th=[   11], 60.00th=[   13],
     | 70.00th=[   15], 80.00th=[   18], 90.00th=[   22], 95.00th=[   27],
     | 99.00th=[ 1287], 99.50th=[12387], 99.90th=[27657], 99.95th=[34866],
     | 99.99th=[51119]
   bw (  KiB/s): min= 7061, max=180160, per=3.24%, avg=68245.61, stdev=52552.57, samples=36
   iops        : min=  441, max=11260, avg=4265.28, stdev=3284.56, samples=36
  lat (usec)   : 2=3.81%, 4=42.58%, 10=36.77%, 20=12.71%, 50=2.89%
  lat (usec)   : 100=0.33%, 250=0.34%, 500=0.09%, 750=0.05%, 1000=0.02%
  lat (msec)   : 2=0.05%, 4=0.07%, 10=0.12%, 20=0.10%, 50=0.05%
  lat (msec)   : 100=0.01%
  cpu          : usr=1.28%, sys=13.18%, ctx=14281, majf=0, minf=21
  IO depths    : 1=100.0%, 2=0.0%, 4=0.0%, 8=0.0%, 16=0.0%, 32=0.0%, >=64=0.0%
     submit    : 0=0.0%, 4=100.0%, 8=0.0%, 16=0.0%, 32=0.0%, 64=0.0%, >=64=0.0%
     complete  : 0=0.0%, 4=100.0%, 8=0.0%, 16=0.0%, 32=0.0%, 64=0.0%, >=64=0.0%
     issued rwts: total=245932,81748,0,0 short=0,0,0,0 dropped=0,0,0,0
     latency   : target=0, window=0, percentile=100.00%, depth=1
job3.0: (groupid=0, jobs=1): err= 0: pid=10157: Tue Oct 24 20:42:27 2023
  read: IOPS=11.0k, BW=172MiB/s (180MB/s)(3238MiB/18855msec)
    clat (nsec): min=1142, max=39204k, avg=11046.99, stdev=249406.67
     lat (nsec): min=1182, max=39204k, avg=11112.56, stdev=249413.91
    clat percentiles (nsec):
     |  1.00th=[   1768],  5.00th=[   2064], 10.00th=[   2224],
     | 20.00th=[   2416], 30.00th=[   2608], 40.00th=[   2832],
     | 50.00th=[   3152], 60.00th=[   4128], 70.00th=[   5024],
     | 80.00th=[   5856], 90.00th=[   7136], 95.00th=[   8896],
     | 99.00th=[  17792], 99.50th=[  25472], 99.90th=[1908736],
     | 99.95th=[3948544], 99.99th=[9895936]
   bw (  KiB/s): min=20534, max=596672, per=8.46%, avg=182852.60, stdev=122249.09, samples=35
   iops        : min= 1283, max=37292, avg=11428.17, stdev=7640.58, samples=35
  write: IOPS=6389, BW=99.8MiB/s (105MB/s)(1882MiB/18855msec); 0 zone resets
    clat (usec): min=2, max=86793, avg=113.28, stdev=1511.33
     lat (usec): min=2, max=86793, avg=113.41, stdev=1511.34
    clat percentiles (usec):
     |  1.00th=[    4],  5.00th=[    5], 10.00th=[    6], 20.00th=[    8],
     | 30.00th=[    9], 40.00th=[   10], 50.00th=[   11], 60.00th=[   13],
     | 70.00th=[   14], 80.00th=[   18], 90.00th=[   22], 95.00th=[   26],
     | 99.00th=[   93], 99.50th=[ 7832], 99.90th=[25297], 99.95th=[33162],
     | 99.99th=[46400]
   bw (  KiB/s): min=12327, max=349344, per=5.05%, avg=106336.86, stdev=71201.41, samples=35
   iops        : min=  770, max=21834, avg=6645.94, stdev=4450.09, samples=35
  lat (usec)   : 2=2.19%, 4=36.35%, 10=38.45%, 20=17.89%, 50=4.22%
  lat (usec)   : 100=0.36%, 250=0.13%, 500=0.04%, 750=0.03%, 1000=0.01%
  lat (msec)   : 2=0.03%, 4=0.04%, 10=0.10%, 20=0.10%, 50=0.06%
  lat (msec)   : 100=0.01%
  cpu          : usr=1.08%, sys=14.74%, ctx=8761, majf=0, minf=20
  IO depths    : 1=100.0%, 2=0.0%, 4=0.0%, 8=0.0%, 16=0.0%, 32=0.0%, >=64=0.0%
     submit    : 0=0.0%, 4=100.0%, 8=0.0%, 16=0.0%, 32=0.0%, 64=0.0%, >=64=0.0%
     complete  : 0=0.0%, 4=100.0%, 8=0.0%, 16=0.0%, 32=0.0%, 64=0.0%, >=64=0.0%
     issued rwts: total=207205,120475,0,0 short=0,0,0,0 dropped=0,0,0,0
     latency   : target=0, window=0, percentile=100.00%, depth=1
job3.0: (groupid=0, jobs=1): err= 0: pid=10158: Tue Oct 24 20:42:27 2023
  read: IOPS=11.0k, BW=172MiB/s (180MB/s)(3227MiB/18789msec)
    clat (nsec): min=1152, max=39891k, avg=10002.03, stdev=230154.33
     lat (nsec): min=1182, max=39891k, avg=10068.05, stdev=230162.13
    clat percentiles (nsec):
     |  1.00th=[   1832],  5.00th=[   2064], 10.00th=[   2224],
     | 20.00th=[   2448], 30.00th=[   2640], 40.00th=[   2832],
     | 50.00th=[   3152], 60.00th=[   4128], 70.00th=[   5024],
     | 80.00th=[   5856], 90.00th=[   7072], 95.00th=[   8640],
     | 99.00th=[  17280], 99.50th=[  21120], 99.90th=[1351680],
     | 99.95th=[3686400], 99.99th=[9371648]
   bw (  KiB/s): min= 5856, max=611648, per=8.44%, avg=182302.29, stdev=131032.54, samples=35
   iops        : min=  366, max=38228, avg=11393.77, stdev=8189.54, samples=35
  write: IOPS=6447, BW=101MiB/s (106MB/s)(1893MiB/18789msec); 0 zone resets
    clat (usec): min=2, max=86761, avg=111.37, stdev=1505.61
     lat (usec): min=2, max=86761, avg=111.50, stdev=1505.62
    clat percentiles (usec):
     |  1.00th=[    4],  5.00th=[    5], 10.00th=[    6], 20.00th=[    7],
     | 30.00th=[    9], 40.00th=[   10], 50.00th=[   11], 60.00th=[   13],
     | 70.00th=[   15], 80.00th=[   18], 90.00th=[   23], 95.00th=[   28],
     | 99.00th=[   86], 99.50th=[ 7242], 99.90th=[24511], 99.95th=[32637],
     | 99.99th=[49546]
   bw (  KiB/s): min= 3808, max=359168, per=5.08%, avg=106964.54, stdev=76739.06, samples=35
   iops        : min=  238, max=22448, avg=6685.17, stdev=4796.19, samples=35
  lat (usec)   : 2=1.99%, 4=36.51%, 10=38.59%, 20=17.44%, 50=4.60%
  lat (usec)   : 100=0.36%, 250=0.12%, 500=0.04%, 750=0.02%, 1000=0.02%
  lat (msec)   : 2=0.02%, 4=0.04%, 10=0.09%, 20=0.09%, 50=0.06%
  lat (msec)   : 100=0.01%
  cpu          : usr=1.40%, sys=14.51%, ctx=8981, majf=0, minf=20
  IO depths    : 1=100.0%, 2=0.0%, 4=0.0%, 8=0.0%, 16=0.0%, 32=0.0%, >=64=0.0%
     submit    : 0=0.0%, 4=100.0%, 8=0.0%, 16=0.0%, 32=0.0%, 64=0.0%, >=64=0.0%
     complete  : 0=0.0%, 4=100.0%, 8=0.0%, 16=0.0%, 32=0.0%, 64=0.0%, >=64=0.0%
     issued rwts: total=206535,121145,0,0 short=0,0,0,0 dropped=0,0,0,0
     latency   : target=0, window=0, percentile=100.00%, depth=1
job4.0: (groupid=0, jobs=1): err= 0: pid=10159: Tue Oct 24 20:42:27 2023
  read: IOPS=9572, BW=150MiB/s (157MB/s)(2553MiB/17067msec)
    clat (nsec): min=1172, max=28651k, avg=7364.34, stdev=130872.51
     lat (nsec): min=1212, max=28651k, avg=7425.92, stdev=130873.51
    clat percentiles (nsec):
     |  1.00th=[   1928],  5.00th=[   2224], 10.00th=[   2384],
     | 20.00th=[   2640], 30.00th=[   2832], 40.00th=[   3152],
     | 50.00th=[   3984], 60.00th=[   5024], 70.00th=[   5856],
     | 80.00th=[   6944], 90.00th=[  10816], 95.00th=[  16512],
     | 99.00th=[  20864], 99.50th=[  22400], 99.90th=[  76288],
     | 99.95th=[ 428032], 99.99th=[5668864]
   bw (  KiB/s): min=29760, max=392096, per=7.10%, avg=153409.65, stdev=84686.63, samples=34
   iops        : min= 1860, max=24506, avg=9588.03, stdev=5292.91, samples=34
  write: IOPS=9627, BW=150MiB/s (158MB/s)(2567MiB/17067msec); 0 zone resets
    clat (usec): min=2, max=78829, avg=88.99, stdev=1313.91
     lat (usec): min=2, max=78829, avg=89.20, stdev=1316.76
    clat percentiles (usec):
     |  1.00th=[    4],  5.00th=[    5], 10.00th=[    6], 20.00th=[    8],
     | 30.00th=[    9], 40.00th=[   10], 50.00th=[   12], 60.00th=[   13],
     | 70.00th=[   15], 80.00th=[   18], 90.00th=[   23], 95.00th=[   28],
     | 99.00th=[   79], 99.50th=[ 1778], 99.90th=[21103], 99.95th=[28967],
     | 99.99th=[48497]
   bw (  KiB/s): min=30752, max=395648, per=7.32%, avg=154279.35, stdev=84765.31, samples=34
   iops        : min= 1922, max=24728, avg=9642.32, stdev=5297.81, samples=34
  lat (usec)   : 2=0.69%, 4=25.78%, 10=38.88%, 20=26.67%, 50=7.07%
  lat (usec)   : 100=0.47%, 250=0.09%, 500=0.05%, 750=0.02%, 1000=0.01%
  lat (msec)   : 2=0.02%, 4=0.03%, 10=0.08%, 20=0.10%, 50=0.05%
  lat (msec)   : 100=0.01%
  cpu          : usr=1.61%, sys=18.79%, ctx=7296, majf=0, minf=20
  IO depths    : 1=100.0%, 2=0.0%, 4=0.0%, 8=0.0%, 16=0.0%, 32=0.0%, >=64=0.0%
     submit    : 0=0.0%, 4=100.0%, 8=0.0%, 16=0.0%, 32=0.0%, 64=0.0%, >=64=0.0%
     complete  : 0=0.0%, 4=100.0%, 8=0.0%, 16=0.0%, 32=0.0%, 64=0.0%, >=64=0.0%
     issued rwts: total=163372,164308,0,0 short=0,0,0,0 dropped=0,0,0,0
     latency   : target=0, window=0, percentile=100.00%, depth=1
job4.0: (groupid=0, jobs=1): err= 0: pid=10160: Tue Oct 24 20:42:27 2023
  read: IOPS=9777, BW=153MiB/s (160MB/s)(2565MiB/16786msec)
    clat (nsec): min=1162, max=48136k, avg=7910.93, stdev=169491.64
     lat (nsec): min=1202, max=48136k, avg=8018.80, stdev=170450.46
    clat percentiles (nsec):
     |  1.00th=[   1544],  5.00th=[   2160], 10.00th=[   2352],
     | 20.00th=[   2576], 30.00th=[   2800], 40.00th=[   3088],
     | 50.00th=[   3824], 60.00th=[   4960], 70.00th=[   5728],
     | 80.00th=[   6688], 90.00th=[   8640], 95.00th=[  14656],
     | 99.00th=[  18816], 99.50th=[  21888], 99.90th=[ 301056],
     | 99.95th=[1036288], 99.99th=[5734400]
   bw (  KiB/s): min=31392, max=499104, per=7.08%, avg=152905.55, stdev=93065.19, samples=33
   iops        : min= 1962, max=31194, avg=9556.45, stdev=5816.55, samples=33
  write: IOPS=9743, BW=152MiB/s (160MB/s)(2555MiB/16786msec); 0 zone resets
    clat (usec): min=2, max=83335, avg=87.46, stdev=1298.70
     lat (usec): min=2, max=83335, avg=87.65, stdev=1298.86
    clat percentiles (usec):
     |  1.00th=[    4],  5.00th=[    5], 10.00th=[    6], 20.00th=[    8],
     | 30.00th=[    9], 40.00th=[   10], 50.00th=[   12], 60.00th=[   13],
     | 70.00th=[   15], 80.00th=[   18], 90.00th=[   23], 95.00th=[   28],
     | 99.00th=[   77], 99.50th=[ 1483], 99.90th=[21890], 99.95th=[29754],
     | 99.99th=[42730]
   bw (  KiB/s): min=30080, max=506656, per=7.23%, avg=152257.76, stdev=94329.18, samples=33
   iops        : min= 1880, max=31666, avg=9516.00, stdev=5895.57, samples=33
  lat (usec)   : 2=1.37%, 4=25.77%, 10=40.16%, 20=25.23%, 50=6.52%
  lat (usec)   : 100=0.48%, 250=0.11%, 500=0.04%, 750=0.02%, 1000=0.01%
  lat (msec)   : 2=0.02%, 4=0.03%, 10=0.08%, 20=0.09%, 50=0.06%
  lat (msec)   : 100=0.01%
  cpu          : usr=1.54%, sys=18.84%, ctx=8901, majf=0, minf=21
  IO depths    : 1=100.0%, 2=0.0%, 4=0.0%, 8=0.0%, 16=0.0%, 32=0.0%, >=64=0.0%
     submit    : 0=0.0%, 4=100.0%, 8=0.0%, 16=0.0%, 32=0.0%, 64=0.0%, >=64=0.0%
     complete  : 0=0.0%, 4=100.0%, 8=0.0%, 16=0.0%, 32=0.0%, 64=0.0%, >=64=0.0%
     issued rwts: total=164130,163550,0,0 short=0,0,0,0 dropped=0,0,0,0
     latency   : target=0, window=0, percentile=100.00%, depth=1
job5.0: (groupid=0, jobs=1): err= 0: pid=10161: Tue Oct 24 20:42:27 2023
  read: IOPS=6642, BW=104MiB/s (109MB/s)(1946MiB/18747msec)
    clat (nsec): min=1233, max=46509k, avg=11891.15, stdev=292092.07
     lat (nsec): min=1273, max=46509k, avg=11951.37, stdev=292092.88
    clat percentiles (usec):
     |  1.00th=[    3],  5.00th=[    3], 10.00th=[    3], 20.00th=[    3],
     | 30.00th=[    3], 40.00th=[    3], 50.00th=[    4], 60.00th=[    4],
     | 70.00th=[    5], 80.00th=[    6], 90.00th=[    8], 95.00th=[    9],
     | 99.00th=[   16], 99.50th=[   72], 99.90th=[ 1909], 99.95th=[ 4555],
     | 99.99th=[11863]
   bw (  KiB/s): min=26592, max=402816, per=5.03%, avg=108712.44, stdev=81427.68, samples=36
   iops        : min= 1662, max=25176, avg=6794.39, stdev=5089.26, samples=36
  write: IOPS=10.8k, BW=169MiB/s (178MB/s)(3174MiB/18747msec); 0 zone resets
    clat (usec): min=2, max=83350, avg=75.96, stdev=1172.72
     lat (usec): min=2, max=83351, avg=76.09, stdev=1172.73
    clat percentiles (usec):
     |  1.00th=[    4],  5.00th=[    5], 10.00th=[    6], 20.00th=[    8],
     | 30.00th=[    9], 40.00th=[   10], 50.00th=[   11], 60.00th=[   13],
     | 70.00th=[   14], 80.00th=[   17], 90.00th=[   22], 95.00th=[   26],
     | 99.00th=[   71], 99.50th=[  578], 99.90th=[19006], 99.95th=[26346],
     | 99.99th=[42206]
   bw (  KiB/s): min=43008, max=661792, per=8.42%, avg=177318.44, stdev=133549.67, samples=36
   iops        : min= 2688, max=41362, avg=11082.31, stdev=8346.87, samples=36
  lat (usec)   : 2=0.36%, 4=26.46%, 10=36.38%, 20=28.50%, 50=7.26%
  lat (usec)   : 100=0.43%, 250=0.19%, 500=0.05%, 750=0.02%, 1000=0.01%
  lat (msec)   : 2=0.03%, 4=0.04%, 10=0.10%, 20=0.11%, 50=0.05%
  lat (msec)   : 100=0.01%
  cpu          : usr=1.50%, sys=18.72%, ctx=9596, majf=0, minf=21
  IO depths    : 1=100.0%, 2=0.0%, 4=0.0%, 8=0.0%, 16=0.0%, 32=0.0%, >=64=0.0%
     submit    : 0=0.0%, 4=100.0%, 8=0.0%, 16=0.0%, 32=0.0%, 64=0.0%, >=64=0.0%
     complete  : 0=0.0%, 4=100.0%, 8=0.0%, 16=0.0%, 32=0.0%, 64=0.0%, >=64=0.0%
     issued rwts: total=124535,203145,0,0 short=0,0,0,0 dropped=0,0,0,0
     latency   : target=0, window=0, percentile=100.00%, depth=1
job5.0: (groupid=0, jobs=1): err= 0: pid=10162: Tue Oct 24 20:42:27 2023
  read: IOPS=6582, BW=103MiB/s (108MB/s)(1933MiB/18790msec)
    clat (nsec): min=1192, max=49762k, avg=11272.51, stdev=314464.30
     lat (nsec): min=1232, max=49762k, avg=11334.43, stdev=314468.26
    clat percentiles (nsec):
     |  1.00th=[    1960],  5.00th=[    2288], 10.00th=[    2448],
     | 20.00th=[    2640], 30.00th=[    2800], 40.00th=[    2992],
     | 50.00th=[    3248], 60.00th=[    3760], 70.00th=[    5024],
     | 80.00th=[    5984], 90.00th=[    7264], 95.00th=[    8640],
     | 99.00th=[   15808], 99.50th=[   22912], 99.90th=[ 1011712],
     | 99.95th=[ 3817472], 99.99th=[13828096]
   bw (  KiB/s): min=15328, max=501600, per=4.95%, avg=106994.58, stdev=94360.04, samples=36
   iops        : min=  958, max=31350, avg=6687.08, stdev=5897.54, samples=36
  write: IOPS=10.9k, BW=170MiB/s (178MB/s)(3187MiB/18790msec); 0 zone resets
    clat (usec): min=2, max=90839, avg=75.48, stdev=1165.15
     lat (usec): min=2, max=90839, avg=75.60, stdev=1165.16
    clat percentiles (usec):
     |  1.00th=[    3],  5.00th=[    4], 10.00th=[    6], 20.00th=[    7],
     | 30.00th=[    9], 40.00th=[   10], 50.00th=[   11], 60.00th=[   12],
     | 70.00th=[   14], 80.00th=[   17], 90.00th=[   22], 95.00th=[   27],
     | 99.00th=[   86], 99.50th=[  502], 99.90th=[18744], 99.95th=[25560],
     | 99.99th=[42730]
   bw (  KiB/s): min=25376, max=823392, per=8.37%, avg=176382.00, stdev=154699.55, samples=36
   iops        : min= 1586, max=51462, avg=11023.78, stdev=9668.75, samples=36
  lat (usec)   : 2=0.46%, 4=26.36%, 10=38.05%, 20=26.80%, 50=7.08%
  lat (usec)   : 100=0.66%, 250=0.19%, 500=0.05%, 750=0.02%, 1000=0.01%
  lat (msec)   : 2=0.02%, 4=0.04%, 10=0.09%, 20=0.11%, 50=0.05%
  lat (msec)   : 100=0.01%
  cpu          : usr=1.21%, sys=19.14%, ctx=10278, majf=0, minf=21
  IO depths    : 1=100.0%, 2=0.0%, 4=0.0%, 8=0.0%, 16=0.0%, 32=0.0%, >=64=0.0%
     submit    : 0=0.0%, 4=100.0%, 8=0.0%, 16=0.0%, 32=0.0%, 64=0.0%, >=64=0.0%
     complete  : 0=0.0%, 4=100.0%, 8=0.0%, 16=0.0%, 32=0.0%, 64=0.0%, >=64=0.0%
     issued rwts: total=123686,203994,0,0 short=0,0,0,0 dropped=0,0,0,0
     latency   : target=0, window=0, percentile=100.00%, depth=1
job6.0: (groupid=0, jobs=1): err= 0: pid=10163: Tue Oct 24 20:42:27 2023
  read: IOPS=4095, BW=64.0MiB/s (67.1MB/s)(1288MiB/20124msec)
    clat (nsec): min=1223, max=44546k, avg=15920.66, stdev=374403.06
     lat (nsec): min=1263, max=44546k, avg=15988.97, stdev=374412.22
    clat percentiles (usec):
     |  1.00th=[    3],  5.00th=[    3], 10.00th=[    3], 20.00th=[    3],
     | 30.00th=[    3], 40.00th=[    4], 50.00th=[    4], 60.00th=[    4],
     | 70.00th=[    5], 80.00th=[    7], 90.00th=[    8], 95.00th=[    9],
     | 99.00th=[   84], 99.50th=[  147], 99.90th=[ 3097], 99.95th=[ 5538],
     | 99.99th=[17957]
   bw (  KiB/s): min= 9728, max=172256, per=3.02%, avg=65173.10, stdev=43517.97, samples=40
   iops        : min=  608, max=10766, avg=4073.15, stdev=2719.92, samples=40
  write: IOPS=12.2k, BW=190MiB/s (200MB/s)(3832MiB/20124msec); 0 zone resets
    clat (usec): min=2, max=84430, avg=69.99, stdev=1097.83
     lat (usec): min=2, max=84430, avg=70.17, stdev=1098.11
    clat percentiles (usec):
     |  1.00th=[    4],  5.00th=[    5], 10.00th=[    6], 20.00th=[    7],
     | 30.00th=[    9], 40.00th=[   10], 50.00th=[   11], 60.00th=[   13],
     | 70.00th=[   14], 80.00th=[   17], 90.00th=[   22], 95.00th=[   26],
     | 99.00th=[   64], 99.50th=[  420], 99.90th=[17695], 99.95th=[24511],
     | 99.99th=[41157]
   bw (  KiB/s): min=29120, max=521088, per=9.20%, avg=193880.68, stdev=129390.24, samples=40
   iops        : min= 1820, max=32568, avg=12117.45, stdev=8086.91, samples=40
  lat (usec)   : 2=0.11%, 4=18.75%, 10=38.15%, 20=33.33%, 50=8.41%
  lat (usec)   : 100=0.59%, 250=0.19%, 500=0.05%, 750=0.02%, 1000=0.01%
  lat (msec)   : 2=0.03%, 4=0.05%, 10=0.13%, 20=0.11%, 50=0.06%
  lat (msec)   : 100=0.01%
  cpu          : usr=1.21%, sys=19.05%, ctx=18119, majf=0, minf=21
  IO depths    : 1=100.0%, 2=0.0%, 4=0.0%, 8=0.0%, 16=0.0%, 32=0.0%, >=64=0.0%
     submit    : 0=0.0%, 4=100.0%, 8=0.0%, 16=0.0%, 32=0.0%, 64=0.0%, >=64=0.0%
     complete  : 0=0.0%, 4=100.0%, 8=0.0%, 16=0.0%, 32=0.0%, 64=0.0%, >=64=0.0%
     issued rwts: total=82422,245258,0,0 short=0,0,0,0 dropped=0,0,0,0
     latency   : target=0, window=0, percentile=100.00%, depth=1
job6.0: (groupid=0, jobs=1): err= 0: pid=10164: Tue Oct 24 20:42:27 2023
  read: IOPS=4067, BW=63.6MiB/s (66.6MB/s)(1274MiB/20049msec)
    clat (nsec): min=1273, max=51409k, avg=16189.30, stdev=438644.65
     lat (nsec): min=1313, max=51409k, avg=16248.40, stdev=438646.60
    clat percentiles (usec):
     |  1.00th=[    3],  5.00th=[    3], 10.00th=[    3], 20.00th=[    3],
     | 30.00th=[    3], 40.00th=[    4], 50.00th=[    4], 60.00th=[    4],
     | 70.00th=[    5], 80.00th=[    6], 90.00th=[    8], 95.00th=[    9],
     | 99.00th=[   16], 99.50th=[  147], 99.90th=[ 3097], 99.95th=[ 6587],
     | 99.99th=[23987]
   bw (  KiB/s): min= 6112, max=212448, per=3.09%, avg=66845.64, stdev=51224.94, samples=39
   iops        : min=  382, max=13278, avg=4177.74, stdev=3201.58, samples=39
  write: IOPS=12.3k, BW=192MiB/s (201MB/s)(3846MiB/20049msec); 0 zone resets
    clat (usec): min=2, max=92425, avg=68.04, stdev=1083.17
     lat (usec): min=2, max=92425, avg=68.21, stdev=1083.88
    clat percentiles (usec):
     |  1.00th=[    4],  5.00th=[    5], 10.00th=[    6], 20.00th=[    7],
     | 30.00th=[    9], 40.00th=[   10], 50.00th=[   11], 60.00th=[   12],
     | 70.00th=[   14], 80.00th=[   16], 90.00th=[   21], 95.00th=[   26],
     | 99.00th=[   58], 99.50th=[  314], 99.90th=[17695], 99.95th=[24249],
     | 99.99th=[41157]
   bw (  KiB/s): min=18528, max=644224, per=9.58%, avg=201730.31, stdev=154143.78, samples=39
   iops        : min= 1158, max=40264, avg=12608.05, stdev=9634.02, samples=39
  lat (usec)   : 2=0.05%, 4=19.88%, 10=38.61%, 20=32.79%, 50=7.60%
  lat (usec)   : 100=0.44%, 250=0.18%, 500=0.05%, 750=0.02%, 1000=0.01%
  lat (msec)   : 2=0.03%, 4=0.04%, 10=0.12%, 20=0.11%, 50=0.06%
  lat (msec)   : 100=0.01%
  cpu          : usr=1.39%, sys=19.06%, ctx=16943, majf=0, minf=21
  IO depths    : 1=100.0%, 2=0.0%, 4=0.0%, 8=0.0%, 16=0.0%, 32=0.0%, >=64=0.0%
     submit    : 0=0.0%, 4=100.0%, 8=0.0%, 16=0.0%, 32=0.0%, 64=0.0%, >=64=0.0%
     complete  : 0=0.0%, 4=100.0%, 8=0.0%, 16=0.0%, 32=0.0%, 64=0.0%, >=64=0.0%
     issued rwts: total=81558,246122,0,0 short=0,0,0,0 dropped=0,0,0,0
     latency   : target=0, window=0, percentile=100.00%, depth=1
job7.0: (groupid=0, jobs=1): err= 0: pid=10165: Tue Oct 24 20:42:27 2023
  read: IOPS=1941, BW=30.3MiB/s (31.8MB/s)(664MiB/21895msec)
    clat (nsec): min=1232, max=33333k, avg=12772.83, stdev=322564.54
     lat (nsec): min=1282, max=33334k, avg=12835.58, stdev=322564.93
    clat percentiles (usec):
     |  1.00th=[    3],  5.00th=[    3], 10.00th=[    3], 20.00th=[    3],
     | 30.00th=[    4], 40.00th=[    4], 50.00th=[    4], 60.00th=[    4],
     | 70.00th=[    5], 80.00th=[    7], 90.00th=[    9], 95.00th=[   10],
     | 99.00th=[   19], 99.50th=[   60], 99.90th=[ 1811], 99.95th=[ 4686],
     | 99.99th=[15926]
   bw (  KiB/s): min= 3776, max=92128, per=1.44%, avg=31114.98, stdev=20408.35, samples=41
   iops        : min=  236, max= 5758, avg=1944.61, stdev=1275.54, samples=41
  write: IOPS=13.0k, BW=204MiB/s (213MB/s)(4456MiB/21895msec); 0 zone resets
    clat (usec): min=2, max=86748, avg=61.48, stdev=1003.57
     lat (usec): min=2, max=86748, avg=61.68, stdev=1004.40
    clat percentiles (usec):
     |  1.00th=[    4],  5.00th=[    5], 10.00th=[    6], 20.00th=[    8],
     | 30.00th=[    9], 40.00th=[   10], 50.00th=[   12], 60.00th=[   13],
     | 70.00th=[   15], 80.00th=[   17], 90.00th=[   22], 95.00th=[   26],
     | 99.00th=[   55], 99.50th=[  190], 99.90th=[16581], 99.95th=[23200],
     | 99.99th=[40109]
   bw (  KiB/s): min=26880, max=598272, per=9.89%, avg=208411.00, stdev=135514.92, samples=41
   iops        : min= 1680, max=37392, avg=13025.61, stdev=8469.71, samples=41
  lat (usec)   : 2=0.05%, 4=11.55%, 10=37.03%, 20=40.52%, 50=9.74%
  lat (usec)   : 100=0.56%, 250=0.12%, 500=0.05%, 750=0.02%, 1000=0.01%
  lat (msec)   : 2=0.03%, 4=0.04%, 10=0.13%, 20=0.10%, 50=0.06%
  lat (msec)   : 100=0.01%
  cpu          : usr=1.05%, sys=20.07%, ctx=48079, majf=0, minf=20
  IO depths    : 1=100.0%, 2=0.0%, 4=0.0%, 8=0.0%, 16=0.0%, 32=0.0%, >=64=0.0%
     submit    : 0=0.0%, 4=100.0%, 8=0.0%, 16=0.0%, 32=0.0%, 64=0.0%, >=64=0.0%
     complete  : 0=0.0%, 4=100.0%, 8=0.0%, 16=0.0%, 32=0.0%, 64=0.0%, >=64=0.0%
     issued rwts: total=42513,285167,0,0 short=0,0,0,0 dropped=0,0,0,0
     latency   : target=0, window=0, percentile=100.00%, depth=1
job7.0: (groupid=0, jobs=1): err= 0: pid=10166: Tue Oct 24 20:42:27 2023
  read: IOPS=1916, BW=29.9MiB/s (31.4MB/s)(657MiB/21925msec)
    clat (nsec): min=1242, max=41090k, avg=11850.80, stdev=308103.44
     lat (nsec): min=1292, max=41090k, avg=11912.77, stdev=308104.56
    clat percentiles (usec):
     |  1.00th=[    3],  5.00th=[    3], 10.00th=[    3], 20.00th=[    3],
     | 30.00th=[    4], 40.00th=[    4], 50.00th=[    4], 60.00th=[    5],
     | 70.00th=[    6], 80.00th=[    7], 90.00th=[    9], 95.00th=[   10],
     | 99.00th=[   26], 99.50th=[   86], 99.90th=[  717], 99.95th=[ 3458],
     | 99.99th=[12256]
   bw (  KiB/s): min= 3360, max=95008, per=1.41%, avg=30568.71, stdev=20667.38, samples=41
   iops        : min=  210, max= 5938, avg=1910.46, stdev=1291.74, samples=41
  write: IOPS=13.0k, BW=204MiB/s (213MB/s)(4463MiB/21925msec); 0 zone resets
    clat (usec): min=2, max=83397, avg=62.15, stdev=1026.02
     lat (usec): min=2, max=83399, avg=62.28, stdev=1026.09
    clat percentiles (usec):
     |  1.00th=[    3],  5.00th=[    4], 10.00th=[    6], 20.00th=[    7],
     | 30.00th=[    9], 40.00th=[   10], 50.00th=[   11], 60.00th=[   13],
     | 70.00th=[   14], 80.00th=[   17], 90.00th=[   21], 95.00th=[   25],
     | 99.00th=[   56], 99.50th=[  190], 99.90th=[16188], 99.95th=[22938],
     | 99.99th=[41681]
   bw (  KiB/s): min=19872, max=651424, per=9.88%, avg=208125.17, stdev=141995.97, samples=41
   iops        : min= 1242, max=40714, avg=13007.73, stdev=8874.78, samples=41
  lat (usec)   : 2=0.03%, 4=12.60%, 10=37.27%, 20=40.09%, 50=8.94%
  lat (usec)   : 100=0.49%, 250=0.15%, 500=0.05%, 750=0.02%, 1000=0.01%
  lat (msec)   : 2=0.02%, 4=0.04%, 10=0.12%, 20=0.11%, 50=0.06%
  lat (msec)   : 100=0.01%
  cpu          : usr=1.26%, sys=19.28%, ctx=52980, majf=0, minf=20
  IO depths    : 1=100.0%, 2=0.0%, 4=0.0%, 8=0.0%, 16=0.0%, 32=0.0%, >=64=0.0%
     submit    : 0=0.0%, 4=100.0%, 8=0.0%, 16=0.0%, 32=0.0%, 64=0.0%, >=64=0.0%
     complete  : 0=0.0%, 4=100.0%, 8=0.0%, 16=0.0%, 32=0.0%, 64=0.0%, >=64=0.0%
     issued rwts: total=42025,285655,0,0 short=0,0,0,0 dropped=0,0,0,0
     latency   : target=0, window=0, percentile=100.00%, depth=1
job8.0: (groupid=0, jobs=1): err= 0: pid=10167: Tue Oct 24 20:42:27 2023
  write: IOPS=14.7k, BW=230MiB/s (241MB/s)(5120MiB/22305msec); 0 zone resets
    clat (usec): min=2, max=83309, avg=56.07, stdev=958.68
     lat (usec): min=2, max=83309, avg=56.22, stdev=958.79
    clat percentiles (usec):
     |  1.00th=[    3],  5.00th=[    4], 10.00th=[    6], 20.00th=[    8],
     | 30.00th=[    9], 40.00th=[   10], 50.00th=[   11], 60.00th=[   13],
     | 70.00th=[   15], 80.00th=[   17], 90.00th=[   21], 95.00th=[   25],
     | 99.00th=[   57], 99.50th=[  180], 99.90th=[15401], 99.95th=[21890],
     | 99.99th=[40109]
   bw (  KiB/s): min=22048, max=969344, per=10.96%, avg=230956.98, stdev=180238.82, samples=41
   iops        : min= 1378, max=60584, avg=14434.71, stdev=11264.96, samples=41
  lat (usec)   : 4=5.13%, 10=37.88%, 20=46.03%, 50=9.80%, 100=0.55%
  lat (usec)   : 250=0.16%, 500=0.06%, 750=0.03%, 1000=0.01%
  lat (msec)   : 2=0.03%, 4=0.04%, 10=0.11%, 20=0.10%, 50=0.06%
  lat (msec)   : 100=0.01%
  cpu          : usr=1.24%, sys=20.62%, ctx=58780, majf=0, minf=15
  IO depths    : 1=100.0%, 2=0.0%, 4=0.0%, 8=0.0%, 16=0.0%, 32=0.0%, >=64=0.0%
     submit    : 0=0.0%, 4=100.0%, 8=0.0%, 16=0.0%, 32=0.0%, 64=0.0%, >=64=0.0%
     complete  : 0=0.0%, 4=100.0%, 8=0.0%, 16=0.0%, 32=0.0%, 64=0.0%, >=64=0.0%
     issued rwts: total=0,327680,0,0 short=0,0,0,0 dropped=0,0,0,0
     latency   : target=0, window=0, percentile=100.00%, depth=1
job8.0: (groupid=0, jobs=1): err= 0: pid=10168: Tue Oct 24 20:42:27 2023
  write: IOPS=14.7k, BW=230MiB/s (241MB/s)(5120MiB/22273msec); 0 zone resets
    clat (usec): min=2, max=86725, avg=56.49, stdev=952.53
     lat (usec): min=2, max=86726, avg=56.63, stdev=952.56
    clat percentiles (usec):
     |  1.00th=[    4],  5.00th=[    5], 10.00th=[    6], 20.00th=[    8],
     | 30.00th=[    9], 40.00th=[   10], 50.00th=[   11], 60.00th=[   13],
     | 70.00th=[   14], 80.00th=[   17], 90.00th=[   22], 95.00th=[   26],
     | 99.00th=[   62], 99.50th=[  139], 99.90th=[15270], 99.95th=[21890],
     | 99.99th=[40109]
   bw (  KiB/s): min=19104, max=1139872, per=10.99%, avg=231547.90, stdev=202497.54, samples=42
   iops        : min= 1194, max=71242, avg=14471.64, stdev=12656.12, samples=42
  lat (usec)   : 4=3.32%, 10=40.36%, 20=44.47%, 50=10.62%, 100=0.67%
  lat (usec)   : 250=0.11%, 500=0.05%, 750=0.02%, 1000=0.01%
  lat (msec)   : 2=0.03%, 4=0.04%, 10=0.12%, 20=0.11%, 50=0.06%
  lat (msec)   : 100=0.01%
  cpu          : usr=1.13%, sys=21.21%, ctx=49076, majf=0, minf=15
  IO depths    : 1=100.0%, 2=0.0%, 4=0.0%, 8=0.0%, 16=0.0%, 32=0.0%, >=64=0.0%
     submit    : 0=0.0%, 4=100.0%, 8=0.0%, 16=0.0%, 32=0.0%, 64=0.0%, >=64=0.0%
     complete  : 0=0.0%, 4=100.0%, 8=0.0%, 16=0.0%, 32=0.0%, 64=0.0%, >=64=0.0%
     issued rwts: total=0,327680,0,0 short=0,0,0,0 dropped=0,0,0,0
     latency   : target=0, window=0, percentile=100.00%, depth=1

Run status group 0 (all jobs):
   READ: bw=2110MiB/s (2213MB/s), 29.9MiB/s-298MiB/s (31.4MB/s-312MB/s), io=45.2GiB (48.5GB), run=16786-21925msec
  WRITE: bw=2057MiB/s (2157MB/s), 31.7MiB/s-230MiB/s (33.3MB/s-241MB/s), io=44.8GiB (48.1GB), run=16786-22305msec

Disk stats (read/write):
  nvme0n1: ios=26311/72109, merge=0/221, ticks=31233/799193, in_queue=830438, util=86.80%
