job0.0: (g=0): rw=rw, bs=(R) 16.0KiB-16.0KiB, (W) 16.0KiB-16.0KiB, (T) 16.0KiB-16.0KiB, ioengine=psync, iodepth=1
...
job1.0: (g=0): rw=rw, bs=(R) 16.0KiB-16.0KiB, (W) 16.0KiB-16.0KiB, (T) 16.0KiB-16.0KiB, ioengine=psync, iodepth=1
...
job2.0: (g=0): rw=rw, bs=(R) 16.0KiB-16.0KiB, (W) 16.0KiB-16.0KiB, (T) 16.0KiB-16.0KiB, ioengine=psync, iodepth=1
...
job3.0: (g=0): rw=rw, bs=(R) 16.0KiB-16.0KiB, (W) 16.0KiB-16.0KiB, (T) 16.0KiB-16.0KiB, ioengine=psync, iodepth=1
...
job4.0: (g=0): rw=rw, bs=(R) 16.0KiB-16.0KiB, (W) 16.0KiB-16.0KiB, (T) 16.0KiB-16.0KiB, ioengine=psync, iodepth=1
...
job5.0: (g=0): rw=rw, bs=(R) 16.0KiB-16.0KiB, (W) 16.0KiB-16.0KiB, (T) 16.0KiB-16.0KiB, ioengine=psync, iodepth=1
...
job6.0: (g=0): rw=rw, bs=(R) 16.0KiB-16.0KiB, (W) 16.0KiB-16.0KiB, (T) 16.0KiB-16.0KiB, ioengine=psync, iodepth=1
...
job7.0: (g=0): rw=rw, bs=(R) 16.0KiB-16.0KiB, (W) 16.0KiB-16.0KiB, (T) 16.0KiB-16.0KiB, ioengine=psync, iodepth=1
...
job8.0: (g=0): rw=rw, bs=(R) 16.0KiB-16.0KiB, (W) 16.0KiB-16.0KiB, (T) 16.0KiB-16.0KiB, ioengine=psync, iodepth=1
...
fio-3.28
Starting 36 processes

job0.0: (groupid=0, jobs=1): err= 0: pid=10694: Tue Oct 24 20:46:04 2023
  read: IOPS=17.3k, BW=270MiB/s (283MB/s)(5120MiB/18971msec)
    clat (nsec): min=1172, max=58776k, avg=43227.93, stdev=584517.00
     lat (nsec): min=1222, max=58776k, avg=43293.97, stdev=584528.14
    clat percentiles (nsec):
     |  1.00th=[    1544],  5.00th=[    1832], 10.00th=[    1976],
     | 20.00th=[    2160], 30.00th=[    2320], 40.00th=[    2448],
     | 50.00th=[    2576], 60.00th=[    2736], 70.00th=[    2928],
     | 80.00th=[    3248], 90.00th=[    4128], 95.00th=[    6496],
     | 99.00th=[  577536], 99.50th=[ 2441216], 99.90th=[ 7700480],
     | 99.95th=[ 9633792], 99.99th=[22151168]
   bw (  KiB/s): min=11392, max=1239296, per=12.97%, avg=321205.03, stdev=303170.82, samples=32
   iops        : min=  712, max=77456, avg=20075.19, stdev=18948.19, samples=32
  lat (usec)   : 2=11.20%, 4=77.86%, 10=7.45%, 20=0.91%, 50=0.15%
  lat (usec)   : 100=0.30%, 250=0.57%, 500=0.46%, 750=0.22%, 1000=0.11%
  lat (msec)   : 2=0.19%, 4=0.24%, 10=0.28%, 20=0.03%, 50=0.01%
  lat (msec)   : 100=0.01%
  cpu          : usr=1.10%, sys=8.71%, ctx=9986, majf=0, minf=15
  IO depths    : 1=100.0%, 2=0.0%, 4=0.0%, 8=0.0%, 16=0.0%, 32=0.0%, >=64=0.0%
     submit    : 0=0.0%, 4=100.0%, 8=0.0%, 16=0.0%, 32=0.0%, 64=0.0%, >=64=0.0%
     complete  : 0=0.0%, 4=100.0%, 8=0.0%, 16=0.0%, 32=0.0%, 64=0.0%, >=64=0.0%
     issued rwts: total=327680,0,0,0 short=0,0,0,0 dropped=0,0,0,0
     latency   : target=0, window=0, percentile=100.00%, depth=1
job0.0: (groupid=0, jobs=1): err= 0: pid=10695: Tue Oct 24 20:46:04 2023
  read: IOPS=17.3k, BW=270MiB/s (283MB/s)(5120MiB/18985msec)
    clat (nsec): min=1152, max=61996k, avg=43609.52, stdev=596988.99
     lat (nsec): min=1193, max=61996k, avg=43663.88, stdev=596990.55
    clat percentiles (nsec):
     |  1.00th=[    1528],  5.00th=[    1800], 10.00th=[    1944],
     | 20.00th=[    2128], 30.00th=[    2288], 40.00th=[    2448],
     | 50.00th=[    2576], 60.00th=[    2736], 70.00th=[    2960],
     | 80.00th=[    3312], 90.00th=[    4448], 95.00th=[    6752],
     | 99.00th=[  602112], 99.50th=[ 2375680], 99.90th=[ 7700480],
     | 99.95th=[ 9764864], 99.99th=[22937600]
   bw (  KiB/s): min=11392, max=1239296, per=12.97%, avg=321086.59, stdev=285440.00, samples=32
   iops        : min=  712, max=77456, avg=20067.72, stdev=17840.01, samples=32
  lat (usec)   : 2=12.78%, 4=74.71%, 10=9.08%, 20=0.85%, 50=0.15%
  lat (usec)   : 100=0.30%, 250=0.56%, 500=0.46%, 750=0.24%, 1000=0.11%
  lat (msec)   : 2=0.21%, 4=0.23%, 10=0.27%, 20=0.03%, 50=0.01%
  lat (msec)   : 100=0.01%
  cpu          : usr=0.90%, sys=8.85%, ctx=10059, majf=0, minf=15
  IO depths    : 1=100.0%, 2=0.0%, 4=0.0%, 8=0.0%, 16=0.0%, 32=0.0%, >=64=0.0%
     submit    : 0=0.0%, 4=100.0%, 8=0.0%, 16=0.0%, 32=0.0%, 64=0.0%, >=64=0.0%
     complete  : 0=0.0%, 4=100.0%, 8=0.0%, 16=0.0%, 32=0.0%, 64=0.0%, >=64=0.0%
     issued rwts: total=327680,0,0,0 short=0,0,0,0 dropped=0,0,0,0
     latency   : target=0, window=0, percentile=100.00%, depth=1
job0.0: (groupid=0, jobs=1): err= 0: pid=10696: Tue Oct 24 20:46:04 2023
  read: IOPS=17.3k, BW=270MiB/s (283MB/s)(5120MiB/18981msec)
    clat (nsec): min=1162, max=59030k, avg=43495.00, stdev=584590.84
     lat (nsec): min=1212, max=59030k, avg=43549.55, stdev=584591.43
    clat percentiles (nsec):
     |  1.00th=[    1544],  5.00th=[    1832], 10.00th=[    1976],
     | 20.00th=[    2160], 30.00th=[    2320], 40.00th=[    2448],
     | 50.00th=[    2608], 60.00th=[    2768], 70.00th=[    2992],
     | 80.00th=[    3344], 90.00th=[    4640], 95.00th=[    7072],
     | 99.00th=[  585728], 99.50th=[ 2408448], 99.90th=[ 7831552],
     | 99.95th=[ 9895936], 99.99th=[22413312]
   bw (  KiB/s): min=11392, max=1239296, per=12.97%, avg=321090.41, stdev=284697.57, samples=32
   iops        : min=  712, max=77456, avg=20068.00, stdev=17793.59, samples=32
  lat (usec)   : 2=11.15%, 4=75.49%, 10=9.93%, 20=0.76%, 50=0.15%
  lat (usec)   : 100=0.33%, 250=0.62%, 500=0.48%, 750=0.23%, 1000=0.10%
  lat (msec)   : 2=0.20%, 4=0.24%, 10=0.27%, 20=0.03%, 50=0.01%
  lat (msec)   : 100=0.01%
  cpu          : usr=0.83%, sys=9.01%, ctx=10286, majf=0, minf=15
  IO depths    : 1=100.0%, 2=0.0%, 4=0.0%, 8=0.0%, 16=0.0%, 32=0.0%, >=64=0.0%
     submit    : 0=0.0%, 4=100.0%, 8=0.0%, 16=0.0%, 32=0.0%, 64=0.0%, >=64=0.0%
     complete  : 0=0.0%, 4=100.0%, 8=0.0%, 16=0.0%, 32=0.0%, 64=0.0%, >=64=0.0%
     issued rwts: total=327680,0,0,0 short=0,0,0,0 dropped=0,0,0,0
     latency   : target=0, window=0, percentile=100.00%, depth=1
job0.0: (groupid=0, jobs=1): err= 0: pid=10697: Tue Oct 24 20:46:04 2023
  read: IOPS=17.3k, BW=270MiB/s (283MB/s)(5120MiB/18983msec)
    clat (nsec): min=1172, max=62234k, avg=43316.31, stdev=594636.14
     lat (nsec): min=1212, max=62234k, avg=43369.88, stdev=594636.75
    clat percentiles (nsec):
     |  1.00th=[    1528],  5.00th=[    1816], 10.00th=[    1944],
     | 20.00th=[    2160], 30.00th=[    2288], 40.00th=[    2448],
     | 50.00th=[    2608], 60.00th=[    2768], 70.00th=[    2992],
     | 80.00th=[    3344], 90.00th=[    4384], 95.00th=[    6560],
     | 99.00th=[  585728], 99.50th=[ 2375680], 99.90th=[ 7634944],
     | 99.95th=[10027008], 99.99th=[22937600]
   bw (  KiB/s): min=11392, max=1239296, per=12.97%, avg=321063.25, stdev=287307.93, samples=32
   iops        : min=  712, max=77456, avg=20066.31, stdev=17956.77, samples=32
  lat (usec)   : 2=12.43%, 4=74.88%, 10=9.33%, 20=0.76%, 50=0.15%
  lat (usec)   : 100=0.30%, 250=0.59%, 500=0.46%, 750=0.23%, 1000=0.11%
  lat (msec)   : 2=0.21%, 4=0.24%, 10=0.26%, 20=0.04%, 50=0.01%
  lat (msec)   : 100=0.01%
  cpu          : usr=1.41%, sys=8.19%, ctx=10038, majf=0, minf=15
  IO depths    : 1=100.0%, 2=0.0%, 4=0.0%, 8=0.0%, 16=0.0%, 32=0.0%, >=64=0.0%
     submit    : 0=0.0%, 4=100.0%, 8=0.0%, 16=0.0%, 32=0.0%, 64=0.0%, >=64=0.0%
     complete  : 0=0.0%, 4=100.0%, 8=0.0%, 16=0.0%, 32=0.0%, 64=0.0%, >=64=0.0%
     issued rwts: total=327680,0,0,0 short=0,0,0,0 dropped=0,0,0,0
     latency   : target=0, window=0, percentile=100.00%, depth=1
job1.0: (groupid=0, jobs=1): err= 0: pid=10698: Tue Oct 24 20:46:04 2023
  read: IOPS=9563, BW=149MiB/s (157MB/s)(4500MiB/30116msec)
    clat (nsec): min=1132, max=133513k, avg=14314.92, stdev=392900.51
     lat (nsec): min=1172, max=133514k, avg=14378.80, stdev=392906.50
    clat percentiles (nsec):
     |  1.00th=[    1864],  5.00th=[    2096], 10.00th=[    2224],
     | 20.00th=[    2384], 30.00th=[    2544], 40.00th=[    2672],
     | 50.00th=[    2832], 60.00th=[    3024], 70.00th=[    3248],
     | 80.00th=[    3600], 90.00th=[    4384], 95.00th=[    5856],
     | 99.00th=[   13376], 99.50th=[   38656], 99.90th=[ 3620864],
     | 99.95th=[ 6258688], 99.99th=[12386304]
   bw (  KiB/s): min=11392, max=447105, per=7.57%, avg=187542.90, stdev=118593.42, samples=49
   iops        : min=  712, max=27944, avg=11721.27, stdev=7412.05, samples=49
  write: IOPS=1317, BW=20.6MiB/s (21.6MB/s)(620MiB/30116msec); 0 zone resets
    clat (usec): min=2, max=233271, avg=468.57, stdev=4801.86
     lat (usec): min=2, max=233271, avg=468.68, stdev=4801.86
    clat percentiles (usec):
     |  1.00th=[     4],  5.00th=[     5], 10.00th=[     5], 20.00th=[     7],
     | 30.00th=[     8], 40.00th=[     9], 50.00th=[    10], 60.00th=[    11],
     | 70.00th=[    12], 80.00th=[    14], 90.00th=[    17], 95.00th=[    22],
     | 99.00th=[ 17957], 99.50th=[ 33162], 99.90th=[ 62129], 99.95th=[ 79168],
     | 99.99th=[143655]
   bw (  KiB/s): min= 1344, max=62211, per=1.06%, avg=25834.10, stdev=16339.60, samples=49
   iops        : min=   84, max= 3888, avg=1614.45, stdev=1021.14, samples=49
  lat (usec)   : 2=2.45%, 4=73.83%, 10=14.66%, 20=7.76%, 50=0.63%
  lat (usec)   : 100=0.09%, 250=0.12%, 500=0.06%, 750=0.02%, 1000=0.02%
  lat (msec)   : 2=0.05%, 4=0.05%, 10=0.09%, 20=0.05%, 50=0.09%
  lat (msec)   : 100=0.03%, 250=0.01%
  cpu          : usr=0.61%, sys=6.94%, ctx=4739, majf=0, minf=22
  IO depths    : 1=100.0%, 2=0.0%, 4=0.0%, 8=0.0%, 16=0.0%, 32=0.0%, >=64=0.0%
     submit    : 0=0.0%, 4=100.0%, 8=0.0%, 16=0.0%, 32=0.0%, 64=0.0%, >=64=0.0%
     complete  : 0=0.0%, 4=100.0%, 8=0.0%, 16=0.0%, 32=0.0%, 64=0.0%, >=64=0.0%
     issued rwts: total=288011,39669,0,0 short=0,0,0,0 dropped=0,0,0,0
     latency   : target=0, window=0, percentile=100.00%, depth=1
job1.0: (groupid=0, jobs=1): err= 0: pid=10699: Tue Oct 24 20:46:04 2023
  read: IOPS=7742, BW=121MiB/s (127MB/s)(4505MiB/37234msec)
    clat (nsec): min=1192, max=62726k, avg=23974.99, stdev=494983.86
     lat (nsec): min=1242, max=62726k, avg=24032.58, stdev=494984.72
    clat percentiles (nsec):
     |  1.00th=[    1736],  5.00th=[    2024], 10.00th=[    2160],
     | 20.00th=[    2352], 30.00th=[    2480], 40.00th=[    2640],
     | 50.00th=[    2800], 60.00th=[    2960], 70.00th=[    3152],
     | 80.00th=[    3472], 90.00th=[    4192], 95.00th=[    5408],
     | 99.00th=[   47360], 99.50th=[  358400], 99.90th=[ 5996544],
     | 99.95th=[ 8585216], 99.99th=[19267584]
   bw (  KiB/s): min= 8416, max=526304, per=5.73%, avg=142004.64, stdev=125630.60, samples=64
   iops        : min=  526, max=32894, avg=8875.09, stdev=7851.82, samples=64
  write: IOPS=1057, BW=16.5MiB/s (17.3MB/s)(615MiB/37234msec); 0 zone resets
    clat (usec): min=2, max=240322, avg=586.44, stdev=5415.71
     lat (usec): min=2, max=240322, avg=586.55, stdev=5415.72
    clat percentiles (usec):
     |  1.00th=[     4],  5.00th=[     5], 10.00th=[     6], 20.00th=[     7],
     | 30.00th=[     8], 40.00th=[    10], 50.00th=[    11], 60.00th=[    12],
     | 70.00th=[    13], 80.00th=[    15], 90.00th=[    18], 95.00th=[    23],
     | 99.00th=[ 23200], 99.50th=[ 39060], 99.90th=[ 69731], 99.95th=[ 85459],
     | 99.99th=[179307]
   bw (  KiB/s): min=  992, max=72256, per=0.79%, avg=19399.72, stdev=17347.53, samples=64
   iops        : min=   62, max= 4516, avg=1212.28, stdev=1084.14, samples=64
  lat (usec)   : 2=3.76%, 4=74.30%, 10=12.44%, 20=7.77%, 50=0.59%
  lat (usec)   : 100=0.21%, 250=0.22%, 500=0.09%, 750=0.06%, 1000=0.03%
  lat (msec)   : 2=0.08%, 4=0.10%, 10=0.14%, 20=0.08%, 50=0.11%
  lat (msec)   : 100=0.03%, 250=0.01%
  cpu          : usr=0.67%, sys=5.86%, ctx=6036, majf=0, minf=21
  IO depths    : 1=100.0%, 2=0.0%, 4=0.0%, 8=0.0%, 16=0.0%, 32=0.0%, >=64=0.0%
     submit    : 0=0.0%, 4=100.0%, 8=0.0%, 16=0.0%, 32=0.0%, 64=0.0%, >=64=0.0%
     complete  : 0=0.0%, 4=100.0%, 8=0.0%, 16=0.0%, 32=0.0%, 64=0.0%, >=64=0.0%
     issued rwts: total=288297,39383,0,0 short=0,0,0,0 dropped=0,0,0,0
     latency   : target=0, window=0, percentile=100.00%, depth=1
job1.0: (groupid=0, jobs=1): err= 0: pid=10700: Tue Oct 24 20:46:04 2023
  read: IOPS=9564, BW=149MiB/s (157MB/s)(4501MiB/30121msec)
    clat (nsec): min=1142, max=45710k, avg=14965.96, stdev=330266.02
     lat (nsec): min=1192, max=45711k, avg=15024.49, stdev=330267.25
    clat percentiles (nsec):
     |  1.00th=[    1800],  5.00th=[    2064], 10.00th=[    2192],
     | 20.00th=[    2352], 30.00th=[    2512], 40.00th=[    2640],
     | 50.00th=[    2800], 60.00th=[    2960], 70.00th=[    3184],
     | 80.00th=[    3472], 90.00th=[    4192], 95.00th=[    5472],
     | 99.00th=[   12224], 99.50th=[   63744], 99.90th=[ 3948544],
     | 99.95th=[ 6324224], 99.99th=[13041664]
   bw (  KiB/s): min=25069, max=560768, per=7.43%, avg=183976.76, stdev=128679.49, samples=50
   iops        : min= 1566, max=35048, avg=11498.36, stdev=8042.38, samples=50
  write: IOPS=1314, BW=20.5MiB/s (21.5MB/s)(619MiB/30121msec); 0 zone resets
    clat (usec): min=2, max=221113, avg=479.11, stdev=4867.07
     lat (usec): min=2, max=221114, avg=479.23, stdev=4867.07
    clat percentiles (usec):
     |  1.00th=[     4],  5.00th=[     5], 10.00th=[     5], 20.00th=[     7],
     | 30.00th=[     8], 40.00th=[     9], 50.00th=[    10], 60.00th=[    11],
     | 70.00th=[    12], 80.00th=[    14], 90.00th=[    18], 95.00th=[    24],
     | 99.00th=[ 18220], 99.50th=[ 35914], 99.90th=[ 65274], 99.95th=[ 86508],
     | 99.99th=[162530]
   bw (  KiB/s): min= 3481, max=74336, per=1.03%, avg=25284.32, stdev=17530.70, samples=50
   iops        : min=  217, max= 4646, avg=1580.06, stdev=1095.60, samples=50
  lat (usec)   : 2=3.25%, 4=74.69%, 10=13.87%, 20=6.79%, 50=0.70%
  lat (usec)   : 100=0.11%, 250=0.11%, 500=0.06%, 750=0.03%, 1000=0.02%
  lat (msec)   : 2=0.05%, 4=0.07%, 10=0.09%, 20=0.05%, 50=0.09%
  lat (msec)   : 100=0.03%, 250=0.01%
  cpu          : usr=0.47%, sys=6.58%, ctx=4762, majf=0, minf=21
  IO depths    : 1=100.0%, 2=0.0%, 4=0.0%, 8=0.0%, 16=0.0%, 32=0.0%, >=64=0.0%
     submit    : 0=0.0%, 4=100.0%, 8=0.0%, 16=0.0%, 32=0.0%, 64=0.0%, >=64=0.0%
     complete  : 0=0.0%, 4=100.0%, 8=0.0%, 16=0.0%, 32=0.0%, 64=0.0%, >=64=0.0%
     issued rwts: total=288088,39592,0,0 short=0,0,0,0 dropped=0,0,0,0
     latency   : target=0, window=0, percentile=100.00%, depth=1
job1.0: (groupid=0, jobs=1): err= 0: pid=10701: Tue Oct 24 20:46:04 2023
  read: IOPS=9562, BW=149MiB/s (157MB/s)(4520MiB/30249msec)
    clat (nsec): min=1162, max=57569k, avg=17492.88, stdev=400123.67
     lat (nsec): min=1203, max=57569k, avg=17552.27, stdev=400125.22
    clat percentiles (nsec):
     |  1.00th=[    1816],  5.00th=[    2064], 10.00th=[    2192],
     | 20.00th=[    2384], 30.00th=[    2512], 40.00th=[    2672],
     | 50.00th=[    2800], 60.00th=[    2960], 70.00th=[    3184],
     | 80.00th=[    3504], 90.00th=[    4320], 95.00th=[    5792],
     | 99.00th=[   14016], 99.50th=[   95744], 99.90th=[ 4620288],
     | 99.95th=[ 7176192], 99.99th=[15269888]
   bw (  KiB/s): min=23536, max=484598, per=7.43%, avg=183974.88, stdev=124730.50, samples=50
   iops        : min= 1471, max=30287, avg=11498.30, stdev=7795.63, samples=50
  write: IOPS=1270, BW=19.8MiB/s (20.8MB/s)(600MiB/30249msec); 0 zone resets
    clat (usec): min=2, max=288594, avg=481.20, stdev=5007.87
     lat (usec): min=2, max=288594, avg=481.31, stdev=5007.88
    clat percentiles (usec):
     |  1.00th=[     4],  5.00th=[     5], 10.00th=[     5], 20.00th=[     7],
     | 30.00th=[     8], 40.00th=[     9], 50.00th=[    10], 60.00th=[    11],
     | 70.00th=[    13], 80.00th=[    14], 90.00th=[    17], 95.00th=[    22],
     | 99.00th=[ 18482], 99.50th=[ 35390], 99.90th=[ 64226], 99.95th=[ 80217],
     | 99.99th=[164627]
   bw (  KiB/s): min= 3417, max=64255, per=1.00%, avg=24436.82, stdev=16757.24, samples=50
   iops        : min=  213, max= 4015, avg=1527.14, stdev=1047.25, samples=50
  lat (usec)   : 2=2.93%, 4=74.82%, 10=13.67%, 20=7.20%, 50=0.61%
  lat (usec)   : 100=0.12%, 250=0.13%, 500=0.08%, 750=0.03%, 1000=0.02%
  lat (msec)   : 2=0.05%, 4=0.07%, 10=0.11%, 20=0.05%, 50=0.09%
  lat (msec)   : 100=0.02%, 250=0.01%, 500=0.01%
  cpu          : usr=0.64%, sys=6.85%, ctx=4516, majf=0, minf=21
  IO depths    : 1=100.0%, 2=0.0%, 4=0.0%, 8=0.0%, 16=0.0%, 32=0.0%, >=64=0.0%
     submit    : 0=0.0%, 4=100.0%, 8=0.0%, 16=0.0%, 32=0.0%, 64=0.0%, >=64=0.0%
     complete  : 0=0.0%, 4=100.0%, 8=0.0%, 16=0.0%, 32=0.0%, 64=0.0%, >=64=0.0%
     issued rwts: total=289263,38417,0,0 short=0,0,0,0 dropped=0,0,0,0
     latency   : target=0, window=0, percentile=100.00%, depth=1
job2.0: (groupid=0, jobs=1): err= 0: pid=10702: Tue Oct 24 20:46:04 2023
  read: IOPS=7549, BW=118MiB/s (124MB/s)(3837MiB/32529msec)
    clat (nsec): min=1132, max=63992k, avg=17402.51, stdev=405187.71
     lat (nsec): min=1172, max=63992k, avg=17465.02, stdev=405190.83
    clat percentiles (nsec):
     |  1.00th=[    1880],  5.00th=[    2128], 10.00th=[    2256],
     | 20.00th=[    2416], 30.00th=[    2544], 40.00th=[    2672],
     | 50.00th=[    2832], 60.00th=[    2960], 70.00th=[    3152],
     | 80.00th=[    3440], 90.00th=[    3952], 95.00th=[    4576],
     | 99.00th=[   11584], 99.50th=[   89600], 99.90th=[ 4620288],
     | 99.95th=[ 7831552], 99.99th=[17170432]
   bw (  KiB/s): min= 8256, max=349924, per=5.42%, avg=134123.54, stdev=99936.39, samples=56
   iops        : min=  516, max=21870, avg=8382.57, stdev=6245.97, samples=56
  write: IOPS=2524, BW=39.4MiB/s (41.4MB/s)(1283MiB/32529msec); 0 zone resets
    clat (usec): min=2, max=235749, avg=276.82, stdev=3792.37
     lat (usec): min=2, max=235749, avg=276.96, stdev=3792.39
    clat percentiles (usec):
     |  1.00th=[     4],  5.00th=[     5], 10.00th=[     6], 20.00th=[     7],
     | 30.00th=[     8], 40.00th=[    10], 50.00th=[    11], 60.00th=[    12],
     | 70.00th=[    13], 80.00th=[    14], 90.00th=[    17], 95.00th=[    20],
     | 99.00th=[   123], 99.50th=[ 21365], 99.90th=[ 57934], 99.95th=[ 68682],
     | 99.99th=[121111]
   bw (  KiB/s): min= 2496, max=119057, per=1.83%, avg=44840.61, stdev=33592.16, samples=56
   iops        : min=  156, max= 7441, avg=2802.36, stdev=2099.45, samples=56
  lat (usec)   : 2=1.75%, 4=66.65%, 10=17.62%, 20=12.24%, 50=0.96%
  lat (usec)   : 100=0.16%, 250=0.12%, 500=0.06%, 750=0.03%, 1000=0.02%
  lat (msec)   : 2=0.04%, 4=0.05%, 10=0.08%, 20=0.07%, 50=0.10%
  lat (msec)   : 100=0.03%, 250=0.01%
  cpu          : usr=0.64%, sys=6.70%, ctx=6036, majf=0, minf=21
  IO depths    : 1=100.0%, 2=0.0%, 4=0.0%, 8=0.0%, 16=0.0%, 32=0.0%, >=64=0.0%
     submit    : 0=0.0%, 4=100.0%, 8=0.0%, 16=0.0%, 32=0.0%, 64=0.0%, >=64=0.0%
     complete  : 0=0.0%, 4=100.0%, 8=0.0%, 16=0.0%, 32=0.0%, 64=0.0%, >=64=0.0%
     issued rwts: total=245575,82105,0,0 short=0,0,0,0 dropped=0,0,0,0
     latency   : target=0, window=0, percentile=100.00%, depth=1
job2.0: (groupid=0, jobs=1): err= 0: pid=10703: Tue Oct 24 20:46:04 2023
  read: IOPS=7482, BW=117MiB/s (123MB/s)(3848MiB/32916msec)
    clat (nsec): min=1192, max=56063k, avg=17763.63, stdev=382826.75
     lat (nsec): min=1232, max=56063k, avg=17831.12, stdev=382843.06
    clat percentiles (nsec):
     |  1.00th=[    1896],  5.00th=[    2128], 10.00th=[    2256],
     | 20.00th=[    2416], 30.00th=[    2576], 40.00th=[    2704],
     | 50.00th=[    2832], 60.00th=[    2992], 70.00th=[    3152],
     | 80.00th=[    3440], 90.00th=[    3920], 95.00th=[    4512],
     | 99.00th=[   11712], 99.50th=[   96768], 99.90th=[ 4947968],
     | 99.95th=[ 7503872], 99.99th=[17432576]
   bw (  KiB/s): min=10602, max=382592, per=5.76%, avg=142549.31, stdev=107690.96, samples=55
   iops        : min=  662, max=23912, avg=8909.15, stdev=6730.66, samples=55
  write: IOPS=2472, BW=38.6MiB/s (40.5MB/s)(1272MiB/32916msec); 0 zone resets
    clat (usec): min=2, max=243694, avg=278.22, stdev=3576.81
     lat (usec): min=2, max=243695, avg=278.34, stdev=3576.82
    clat percentiles (usec):
     |  1.00th=[     4],  5.00th=[     5], 10.00th=[     5], 20.00th=[     7],
     | 30.00th=[     8], 40.00th=[     9], 50.00th=[    11], 60.00th=[    12],
     | 70.00th=[    13], 80.00th=[    14], 90.00th=[    16], 95.00th=[    20],
     | 99.00th=[   178], 99.50th=[ 21627], 99.90th=[ 55837], 99.95th=[ 69731],
     | 99.99th=[111674]
   bw (  KiB/s): min= 3417, max=125952, per=1.93%, avg=47102.53, stdev=35504.60, samples=55
   iops        : min=  213, max= 7872, avg=2943.69, stdev=2219.00, samples=55
  lat (usec)   : 2=1.59%, 4=67.59%, 10=17.36%, 20=11.69%, 50=0.97%
  lat (usec)   : 100=0.15%, 250=0.13%, 500=0.06%, 750=0.03%, 1000=0.02%
  lat (msec)   : 2=0.04%, 4=0.06%, 10=0.10%, 20=0.07%, 50=0.11%
  lat (msec)   : 100=0.03%, 250=0.01%
  cpu          : usr=0.64%, sys=6.52%, ctx=4496, majf=0, minf=21
  IO depths    : 1=100.0%, 2=0.0%, 4=0.0%, 8=0.0%, 16=0.0%, 32=0.0%, >=64=0.0%
     submit    : 0=0.0%, 4=100.0%, 8=0.0%, 16=0.0%, 32=0.0%, 64=0.0%, >=64=0.0%
     complete  : 0=0.0%, 4=100.0%, 8=0.0%, 16=0.0%, 32=0.0%, 64=0.0%, >=64=0.0%
     issued rwts: total=246300,81380,0,0 short=0,0,0,0 dropped=0,0,0,0
     latency   : target=0, window=0, percentile=100.00%, depth=1
job2.0: (groupid=0, jobs=1): err= 0: pid=10704: Tue Oct 24 20:46:04 2023
  read: IOPS=7562, BW=118MiB/s (124MB/s)(3841MiB/32502msec)
    clat (nsec): min=1122, max=62371k, avg=17707.48, stdev=428795.67
     lat (nsec): min=1182, max=62371k, avg=17766.26, stdev=428796.35
    clat percentiles (nsec):
     |  1.00th=[    1848],  5.00th=[    2096], 10.00th=[    2224],
     | 20.00th=[    2384], 30.00th=[    2544], 40.00th=[    2672],
     | 50.00th=[    2800], 60.00th=[    2960], 70.00th=[    3152],
     | 80.00th=[    3408], 90.00th=[    3952], 95.00th=[    4576],
     | 99.00th=[   10048], 99.50th=[   91648], 99.90th=[ 4882432],
     | 99.95th=[ 7700480], 99.99th=[15532032]
   bw (  KiB/s): min= 9229, max=368192, per=5.42%, avg=134192.43, stdev=92220.67, samples=56
   iops        : min=  576, max=23012, avg=8386.87, stdev=5763.79, samples=56
  write: IOPS=2518, BW=39.4MiB/s (41.3MB/s)(1279MiB/32502msec); 0 zone resets
    clat (usec): min=2, max=233607, avg=276.57, stdev=3720.47
     lat (usec): min=2, max=233608, avg=276.68, stdev=3720.48
    clat percentiles (usec):
     |  1.00th=[     4],  5.00th=[     5], 10.00th=[     5], 20.00th=[     7],
     | 30.00th=[     8], 40.00th=[    10], 50.00th=[    11], 60.00th=[    12],
     | 70.00th=[    13], 80.00th=[    14], 90.00th=[    16], 95.00th=[    20],
     | 99.00th=[   106], 99.50th=[ 21627], 99.90th=[ 57410], 99.95th=[ 73925],
     | 99.99th=[121111]
   bw (  KiB/s): min= 2906, max=121920, per=1.83%, avg=44685.00, stdev=30804.18, samples=56
   iops        : min=  181, max= 7620, avg=2792.68, stdev=1925.22, samples=56
  lat (usec)   : 2=1.96%, 4=66.84%, 10=17.39%, 20=12.11%, 50=0.92%
  lat (usec)   : 100=0.18%, 250=0.11%, 500=0.06%, 750=0.04%, 1000=0.02%
  lat (msec)   : 2=0.04%, 4=0.05%, 10=0.09%, 20=0.06%, 50=0.10%
  lat (msec)   : 100=0.03%, 250=0.01%
  cpu          : usr=0.50%, sys=6.70%, ctx=6804, majf=0, minf=21
  IO depths    : 1=100.0%, 2=0.0%, 4=0.0%, 8=0.0%, 16=0.0%, 32=0.0%, >=64=0.0%
     submit    : 0=0.0%, 4=100.0%, 8=0.0%, 16=0.0%, 32=0.0%, 64=0.0%, >=64=0.0%
     complete  : 0=0.0%, 4=100.0%, 8=0.0%, 16=0.0%, 32=0.0%, 64=0.0%, >=64=0.0%
     issued rwts: total=245809,81871,0,0 short=0,0,0,0 dropped=0,0,0,0
     latency   : target=0, window=0, percentile=100.00%, depth=1
job2.0: (groupid=0, jobs=1): err= 0: pid=10705: Tue Oct 24 20:46:04 2023
  read: IOPS=7554, BW=118MiB/s (124MB/s)(3841MiB/32541msec)
    clat (nsec): min=1122, max=61643k, avg=18149.25, stdev=409151.12
     lat (nsec): min=1162, max=61643k, avg=18209.93, stdev=409153.48
    clat percentiles (nsec):
     |  1.00th=[    1864],  5.00th=[    2096], 10.00th=[    2224],
     | 20.00th=[    2416], 30.00th=[    2544], 40.00th=[    2672],
     | 50.00th=[    2800], 60.00th=[    2960], 70.00th=[    3120],
     | 80.00th=[    3376], 90.00th=[    3888], 95.00th=[    4512],
     | 99.00th=[   10304], 99.50th=[  112128], 99.90th=[ 4816896],
     | 99.95th=[ 7700480], 99.99th=[18219008]
   bw (  KiB/s): min=11424, max=386528, per=5.42%, avg=134157.36, stdev=102373.18, samples=56
   iops        : min=  714, max=24158, avg=8384.68, stdev=6398.26, samples=56
  write: IOPS=2515, BW=39.3MiB/s (41.2MB/s)(1279MiB/32541msec); 0 zone resets
    clat (usec): min=2, max=230047, avg=276.49, stdev=3511.97
     lat (usec): min=2, max=233413, avg=276.64, stdev=3514.69
    clat percentiles (usec):
     |  1.00th=[    4],  5.00th=[    5], 10.00th=[    6], 20.00th=[    7],
     | 30.00th=[    8], 40.00th=[    9], 50.00th=[   10], 60.00th=[   11],
     | 70.00th=[   13], 80.00th=[   14], 90.00th=[   17], 95.00th=[   21],
     | 99.00th=[  153], 99.50th=[22152], 99.90th=[55837], 99.95th=[66847],
     | 99.99th=[99091]
   bw (  KiB/s): min= 3936, max=127520, per=1.83%, avg=44704.43, stdev=34104.66, samples=56
   iops        : min=  246, max= 7970, avg=2793.89, stdev=2131.56, samples=56
  lat (usec)   : 2=1.98%, 4=67.25%, 10=17.62%, 20=11.16%, 50=1.15%
  lat (usec)   : 100=0.18%, 250=0.15%, 500=0.06%, 750=0.04%, 1000=0.02%
  lat (msec)   : 2=0.04%, 4=0.05%, 10=0.10%, 20=0.06%, 50=0.11%
  lat (msec)   : 100=0.03%, 250=0.01%
  cpu          : usr=0.58%, sys=6.75%, ctx=4224, majf=0, minf=22
  IO depths    : 1=100.0%, 2=0.0%, 4=0.0%, 8=0.0%, 16=0.0%, 32=0.0%, >=64=0.0%
     submit    : 0=0.0%, 4=100.0%, 8=0.0%, 16=0.0%, 32=0.0%, 64=0.0%, >=64=0.0%
     complete  : 0=0.0%, 4=100.0%, 8=0.0%, 16=0.0%, 32=0.0%, 64=0.0%, >=64=0.0%
     issued rwts: total=245834,81846,0,0 short=0,0,0,0 dropped=0,0,0,0
     latency   : target=0, window=0, percentile=100.00%, depth=1
job3.0: (groupid=0, jobs=1): err= 0: pid=10706: Tue Oct 24 20:46:04 2023
  read: IOPS=7036, BW=110MiB/s (115MB/s)(3230MiB/29381msec)
    clat (nsec): min=1182, max=29224k, avg=7371.06, stdev=169302.49
     lat (nsec): min=1232, max=29224k, avg=7428.90, stdev=169302.93
    clat percentiles (nsec):
     |  1.00th=[   1976],  5.00th=[   2224], 10.00th=[   2352],
     | 20.00th=[   2544], 30.00th=[   2704], 40.00th=[   2832],
     | 50.00th=[   2992], 60.00th=[   3152], 70.00th=[   3408],
     | 80.00th=[   3792], 90.00th=[   4896], 95.00th=[  11328],
     | 99.00th=[  14144], 99.50th=[  16512], 99.90th=[ 264192],
     | 99.95th=[2310144], 99.99th=[8585216]
   bw (  KiB/s): min=44928, max=295072, per=5.25%, avg=130055.74, stdev=57995.56, samples=50
   iops        : min= 2808, max=18442, avg=8128.30, stdev=3624.68, samples=50
  write: IOPS=4115, BW=64.3MiB/s (67.4MB/s)(1890MiB/29381msec); 0 zone resets
    clat (usec): min=2, max=271541, avg=187.04, stdev=3087.50
     lat (usec): min=2, max=271542, avg=187.15, stdev=3087.50
    clat percentiles (usec):
     |  1.00th=[     4],  5.00th=[     5], 10.00th=[     5], 20.00th=[     7],
     | 30.00th=[     8], 40.00th=[    10], 50.00th=[    11], 60.00th=[    12],
     | 70.00th=[    13], 80.00th=[    15], 90.00th=[    17], 95.00th=[    21],
     | 99.00th=[    49], 99.50th=[  8455], 99.90th=[ 47973], 99.95th=[ 60556],
     | 99.99th=[108528]
   bw (  KiB/s): min=27008, max=174240, per=3.11%, avg=76089.82, stdev=34255.56, samples=50
   iops        : min= 1688, max=10890, avg=4755.44, stdev=2140.93, samples=50
  lat (usec)   : 2=0.74%, 4=53.32%, 10=21.79%, 20=21.91%, 50=1.77%
  lat (usec)   : 100=0.09%, 250=0.08%, 500=0.03%, 750=0.01%, 1000=0.01%
  lat (msec)   : 2=0.01%, 4=0.02%, 10=0.03%, 20=0.05%, 50=0.10%
  lat (msec)   : 100=0.03%, 250=0.01%, 500=0.01%
  cpu          : usr=0.75%, sys=8.37%, ctx=4226, majf=0, minf=23
  IO depths    : 1=100.0%, 2=0.0%, 4=0.0%, 8=0.0%, 16=0.0%, 32=0.0%, >=64=0.0%
     submit    : 0=0.0%, 4=100.0%, 8=0.0%, 16=0.0%, 32=0.0%, 64=0.0%, >=64=0.0%
     complete  : 0=0.0%, 4=100.0%, 8=0.0%, 16=0.0%, 32=0.0%, 64=0.0%, >=64=0.0%
     issued rwts: total=206751,120929,0,0 short=0,0,0,0 dropped=0,0,0,0
     latency   : target=0, window=0, percentile=100.00%, depth=1
job3.0: (groupid=0, jobs=1): err= 0: pid=10707: Tue Oct 24 20:46:04 2023
  read: IOPS=7024, BW=110MiB/s (115MB/s)(3219MiB/29326msec)
    clat (nsec): min=1132, max=25591k, avg=9564.66, stdev=232018.20
     lat (nsec): min=1182, max=25591k, avg=9622.82, stdev=232018.62
    clat percentiles (nsec):
     |  1.00th=[    1944],  5.00th=[    2192], 10.00th=[    2320],
     | 20.00th=[    2512], 30.00th=[    2640], 40.00th=[    2800],
     | 50.00th=[    2928], 60.00th=[    3088], 70.00th=[    3312],
     | 80.00th=[    3632], 90.00th=[    4256], 95.00th=[    5216],
     | 99.00th=[   12224], 99.50th=[   15936], 99.90th=[ 1368064],
     | 99.95th=[ 4014080], 99.99th=[11730944]
   bw (  KiB/s): min=16192, max=296928, per=5.04%, avg=124921.19, stdev=62566.60, samples=52
   iops        : min= 1012, max=18558, avg=7807.42, stdev=3910.38, samples=52
  write: IOPS=4149, BW=64.8MiB/s (68.0MB/s)(1901MiB/29326msec); 0 zone resets
    clat (usec): min=2, max=230096, avg=183.83, stdev=3035.49
     lat (usec): min=2, max=230096, avg=183.94, stdev=3035.49
    clat percentiles (usec):
     |  1.00th=[     4],  5.00th=[     5], 10.00th=[     5], 20.00th=[     7],
     | 30.00th=[     8], 40.00th=[    10], 50.00th=[    11], 60.00th=[    12],
     | 70.00th=[    13], 80.00th=[    15], 90.00th=[    17], 95.00th=[    21],
     | 99.00th=[    50], 99.50th=[  7111], 99.90th=[ 46400], 99.95th=[ 60031],
     | 99.99th=[107480]
   bw (  KiB/s): min=11072, max=172768, per=3.02%, avg=73801.13, stdev=36784.12, samples=52
   iops        : min=  692, max=10798, avg=4612.44, stdev=2298.99, samples=52
  lat (usec)   : 2=0.92%, 4=55.42%, 10=21.46%, 20=19.84%, 50=1.81%
  lat (usec)   : 100=0.12%, 250=0.09%, 500=0.04%, 750=0.01%, 1000=0.01%
  lat (msec)   : 2=0.02%, 4=0.03%, 10=0.04%, 20=0.05%, 50=0.10%
  lat (msec)   : 100=0.03%, 250=0.01%
  cpu          : usr=0.53%, sys=8.51%, ctx=4058, majf=0, minf=22
  IO depths    : 1=100.0%, 2=0.0%, 4=0.0%, 8=0.0%, 16=0.0%, 32=0.0%, >=64=0.0%
     submit    : 0=0.0%, 4=100.0%, 8=0.0%, 16=0.0%, 32=0.0%, 64=0.0%, >=64=0.0%
     complete  : 0=0.0%, 4=100.0%, 8=0.0%, 16=0.0%, 32=0.0%, 64=0.0%, >=64=0.0%
     issued rwts: total=205987,121693,0,0 short=0,0,0,0 dropped=0,0,0,0
     latency   : target=0, window=0, percentile=100.00%, depth=1
job3.0: (groupid=0, jobs=1): err= 0: pid=10708: Tue Oct 24 20:46:04 2023
  read: IOPS=7029, BW=110MiB/s (115MB/s)(3218MiB/29297msec)
    clat (nsec): min=1132, max=55265k, avg=9237.80, stdev=264162.27
     lat (nsec): min=1182, max=55265k, avg=9315.56, stdev=264263.21
    clat percentiles (nsec):
     |  1.00th=[    1864],  5.00th=[    2192], 10.00th=[    2320],
     | 20.00th=[    2512], 30.00th=[    2640], 40.00th=[    2800],
     | 50.00th=[    2960], 60.00th=[    3120], 70.00th=[    3312],
     | 80.00th=[    3664], 90.00th=[    4384], 95.00th=[    5280],
     | 99.00th=[   12224], 99.50th=[   16192], 99.90th=[ 1105920],
     | 99.95th=[ 3686400], 99.99th=[11075584]
   bw (  KiB/s): min=35392, max=260183, per=5.04%, avg=124833.87, stdev=59744.41, samples=52
   iops        : min= 2212, max=16261, avg=7802.00, stdev=3734.00, samples=52
  write: IOPS=4155, BW=64.9MiB/s (68.1MB/s)(1902MiB/29297msec); 0 zone resets
    clat (usec): min=2, max=285448, avg=188.91, stdev=3211.51
     lat (usec): min=2, max=285449, avg=189.03, stdev=3211.52
    clat percentiles (usec):
     |  1.00th=[     4],  5.00th=[     5], 10.00th=[     5], 20.00th=[     7],
     | 30.00th=[     8], 40.00th=[    10], 50.00th=[    11], 60.00th=[    12],
     | 70.00th=[    13], 80.00th=[    15], 90.00th=[    18], 95.00th=[    22],
     | 99.00th=[    48], 99.50th=[  8848], 99.90th=[ 47449], 99.95th=[ 62129],
     | 99.99th=[110625]
   bw (  KiB/s): min=21472, max=159233, per=3.02%, avg=73720.40, stdev=35298.58, samples=52
   iops        : min= 1342, max= 9952, avg=4607.42, stdev=2206.14, samples=52
  lat (usec)   : 2=1.15%, 4=54.40%, 10=23.17%, 20=18.84%, 50=1.94%
  lat (usec)   : 100=0.10%, 250=0.07%, 500=0.04%, 750=0.01%, 1000=0.01%
  lat (msec)   : 2=0.02%, 4=0.02%, 10=0.04%, 20=0.06%, 50=0.10%
  lat (msec)   : 100=0.03%, 250=0.01%, 500=0.01%
  cpu          : usr=0.73%, sys=8.11%, ctx=4177, majf=0, minf=21
  IO depths    : 1=100.0%, 2=0.0%, 4=0.0%, 8=0.0%, 16=0.0%, 32=0.0%, >=64=0.0%
     submit    : 0=0.0%, 4=100.0%, 8=0.0%, 16=0.0%, 32=0.0%, 64=0.0%, >=64=0.0%
     complete  : 0=0.0%, 4=100.0%, 8=0.0%, 16=0.0%, 32=0.0%, 64=0.0%, >=64=0.0%
     issued rwts: total=205950,121730,0,0 short=0,0,0,0 dropped=0,0,0,0
     latency   : target=0, window=0, percentile=100.00%, depth=1
job3.0: (groupid=0, jobs=1): err= 0: pid=10709: Tue Oct 24 20:46:04 2023
  read: IOPS=7106, BW=111MiB/s (116MB/s)(3223MiB/29022msec)
    clat (nsec): min=1152, max=54989k, avg=10307.27, stdev=308815.34
     lat (nsec): min=1192, max=54989k, avg=10416.43, stdev=309222.65
    clat percentiles (nsec):
     |  1.00th=[    1928],  5.00th=[    2192], 10.00th=[    2352],
     | 20.00th=[    2512], 30.00th=[    2672], 40.00th=[    2832],
     | 50.00th=[    2960], 60.00th=[    3152], 70.00th=[    3344],
     | 80.00th=[    3696], 90.00th=[    4320], 95.00th=[    5216],
     | 99.00th=[   12608], 99.50th=[   23936], 99.90th=[ 1171456],
     | 99.95th=[ 4227072], 99.99th=[11337728]
   bw (  KiB/s): min=13760, max=264384, per=5.07%, avg=125481.18, stdev=59644.60, samples=51
   iops        : min=  860, max=16524, avg=7842.45, stdev=3727.77, samples=51
  write: IOPS=4183, BW=65.4MiB/s (68.5MB/s)(1897MiB/29022msec); 0 zone resets
    clat (usec): min=2, max=285451, avg=183.85, stdev=3054.72
     lat (usec): min=2, max=285451, avg=183.97, stdev=3054.73
    clat percentiles (usec):
     |  1.00th=[     4],  5.00th=[     5], 10.00th=[     5], 20.00th=[     7],
     | 30.00th=[     8], 40.00th=[    10], 50.00th=[    11], 60.00th=[    12],
     | 70.00th=[    13], 80.00th=[    15], 90.00th=[    18], 95.00th=[    22],
     | 99.00th=[    50], 99.50th=[  6456], 99.90th=[ 47973], 99.95th=[ 61080],
     | 99.99th=[111674]
   bw (  KiB/s): min= 6560, max=155616, per=3.02%, avg=73901.75, stdev=35323.12, samples=51
   iops        : min=  410, max= 9726, avg=4618.71, stdev=2207.65, samples=51
  lat (usec)   : 2=0.90%, 4=54.87%, 10=23.18%, 20=18.47%, 50=2.03%
  lat (usec)   : 100=0.13%, 250=0.08%, 500=0.04%, 750=0.02%, 1000=0.01%
  lat (msec)   : 2=0.02%, 4=0.02%, 10=0.04%, 20=0.05%, 50=0.10%
  lat (msec)   : 100=0.03%, 250=0.01%, 500=0.01%
  cpu          : usr=0.73%, sys=8.18%, ctx=4213, majf=0, minf=21
  IO depths    : 1=100.0%, 2=0.0%, 4=0.0%, 8=0.0%, 16=0.0%, 32=0.0%, >=64=0.0%
     submit    : 0=0.0%, 4=100.0%, 8=0.0%, 16=0.0%, 32=0.0%, 64=0.0%, >=64=0.0%
     complete  : 0=0.0%, 4=100.0%, 8=0.0%, 16=0.0%, 32=0.0%, 64=0.0%, >=64=0.0%
     issued rwts: total=206258,121422,0,0 short=0,0,0,0 dropped=0,0,0,0
     latency   : target=0, window=0, percentile=100.00%, depth=1
job4.0: (groupid=0, jobs=1): err= 0: pid=10710: Tue Oct 24 20:46:04 2023
  read: IOPS=5101, BW=79.7MiB/s (83.6MB/s)(2583MiB/32404msec)
    clat (nsec): min=1142, max=51942k, avg=14255.86, stdev=339635.81
     lat (nsec): min=1192, max=51942k, avg=14340.16, stdev=339763.06
    clat percentiles (nsec):
     |  1.00th=[    1640],  5.00th=[    2320], 10.00th=[    2480],
     | 20.00th=[    2672], 30.00th=[    2832], 40.00th=[    2992],
     | 50.00th=[    3152], 60.00th=[    3344], 70.00th=[    3600],
     | 80.00th=[    3984], 90.00th=[    5088], 95.00th=[   11456],
     | 99.00th=[   14272], 99.50th=[   25728], 99.90th=[ 3751936],
     | 99.95th=[ 6586368], 99.99th=[14483456]
   bw (  KiB/s): min= 6304, max=189120, per=3.50%, avg=86670.13, stdev=53041.99, samples=60
   iops        : min=  394, max=11820, avg=5416.73, stdev=3315.04, samples=60
  write: IOPS=5011, BW=78.3MiB/s (82.1MB/s)(2537MiB/32404msec); 0 zone resets
    clat (usec): min=2, max=235742, avg=162.11, stdev=2775.36
     lat (usec): min=2, max=235742, avg=162.22, stdev=2775.37
    clat percentiles (usec):
     |  1.00th=[    4],  5.00th=[    5], 10.00th=[    6], 20.00th=[    8],
     | 30.00th=[    9], 40.00th=[   10], 50.00th=[   11], 60.00th=[   12],
     | 70.00th=[   14], 80.00th=[   15], 90.00th=[   18], 95.00th=[   21],
     | 99.00th=[   46], 99.50th=[ 1123], 99.90th=[43254], 99.95th=[58459],
     | 99.99th=[96994]
   bw (  KiB/s): min= 6912, max=185625, per=3.49%, avg=85214.62, stdev=52370.68, samples=60
   iops        : min=  432, max=11601, avg=5325.77, stdev=3273.14, samples=60
  lat (usec)   : 2=0.80%, 4=41.41%, 10=25.41%, 20=29.30%, 50=2.43%
  lat (usec)   : 100=0.15%, 250=0.12%, 500=0.04%, 750=0.01%, 1000=0.01%
  lat (msec)   : 2=0.02%, 4=0.02%, 10=0.07%, 20=0.06%, 50=0.11%
  lat (msec)   : 100=0.03%, 250=0.01%
  cpu          : usr=0.67%, sys=8.53%, ctx=4112, majf=0, minf=21
  IO depths    : 1=100.0%, 2=0.0%, 4=0.0%, 8=0.0%, 16=0.0%, 32=0.0%, >=64=0.0%
     submit    : 0=0.0%, 4=100.0%, 8=0.0%, 16=0.0%, 32=0.0%, 64=0.0%, >=64=0.0%
     complete  : 0=0.0%, 4=100.0%, 8=0.0%, 16=0.0%, 32=0.0%, 64=0.0%, >=64=0.0%
     issued rwts: total=165299,162381,0,0 short=0,0,0,0 dropped=0,0,0,0
     latency   : target=0, window=0, percentile=100.00%, depth=1
job4.0: (groupid=0, jobs=1): err= 0: pid=10711: Tue Oct 24 20:46:04 2023
  read: IOPS=5213, BW=81.5MiB/s (85.4MB/s)(2563MiB/31465msec)
    clat (nsec): min=1112, max=133579k, avg=9674.92, stdev=399641.61
     lat (nsec): min=1152, max=133580k, avg=9805.17, stdev=399993.37
    clat percentiles (nsec):
     |  1.00th=[    1240],  5.00th=[    1480], 10.00th=[    1960],
     | 20.00th=[    2480], 30.00th=[    2704], 40.00th=[    2928],
     | 50.00th=[    3120], 60.00th=[    3376], 70.00th=[    3728],
     | 80.00th=[    4768], 90.00th=[   11072], 95.00th=[   11840],
     | 99.00th=[   22912], 99.50th=[   24448], 99.90th=[  325632],
     | 99.95th=[ 2244608], 99.99th=[11206656]
   bw (  KiB/s): min=   63, max=211768, per=3.92%, avg=97054.85, stdev=47048.58, samples=53
   iops        : min=    3, max=13235, avg=6065.75, stdev=2940.55, samples=53
  write: IOPS=5200, BW=81.3MiB/s (85.2MB/s)(2557MiB/31465msec); 0 zone resets
    clat (usec): min=2, max=240169, avg=146.50, stdev=2585.80
     lat (usec): min=2, max=240170, avg=146.66, stdev=2586.22
    clat percentiles (usec):
     |  1.00th=[    4],  5.00th=[    4], 10.00th=[    5], 20.00th=[    7],
     | 30.00th=[    8], 40.00th=[    9], 50.00th=[   11], 60.00th=[   12],
     | 70.00th=[   13], 80.00th=[   15], 90.00th=[   17], 95.00th=[   20],
     | 99.00th=[   44], 99.50th=[  627], 99.90th=[40633], 99.95th=[53740],
     | 99.99th=[91751]
   bw (  KiB/s): min=   63, max=211960, per=3.96%, avg=96778.51, stdev=47016.50, samples=53
   iops        : min=    3, max=13247, avg=6048.53, stdev=2938.55, samples=53
  lat (usec)   : 2=5.16%, 4=35.06%, 10=27.30%, 20=29.55%, 50=2.38%
  lat (usec)   : 100=0.12%, 250=0.10%, 500=0.04%, 750=0.01%, 1000=0.01%
  lat (msec)   : 2=0.01%, 4=0.02%, 10=0.05%, 20=0.06%, 50=0.10%
  lat (msec)   : 100=0.03%, 250=0.01%
  cpu          : usr=0.67%, sys=8.96%, ctx=3795, majf=0, minf=21
  IO depths    : 1=100.0%, 2=0.0%, 4=0.0%, 8=0.0%, 16=0.0%, 32=0.0%, >=64=0.0%
     submit    : 0=0.0%, 4=100.0%, 8=0.0%, 16=0.0%, 32=0.0%, 64=0.0%, >=64=0.0%
     complete  : 0=0.0%, 4=100.0%, 8=0.0%, 16=0.0%, 32=0.0%, 64=0.0%, >=64=0.0%
     issued rwts: total=164035,163645,0,0 short=0,0,0,0 dropped=0,0,0,0
     latency   : target=0, window=0, percentile=100.00%, depth=1
job4.0: (groupid=0, jobs=1): err= 0: pid=10712: Tue Oct 24 20:46:04 2023
  read: IOPS=4660, BW=72.8MiB/s (76.3MB/s)(2562MiB/35187msec)
    clat (nsec): min=1112, max=268458k, avg=19915.81, stdev=802721.69
     lat (nsec): min=1152, max=268458k, avg=19975.51, stdev=802722.65
    clat percentiles (nsec):
     |  1.00th=[    1240],  5.00th=[    1368], 10.00th=[    1976],
     | 20.00th=[    2384], 30.00th=[    2576], 40.00th=[    2736],
     | 50.00th=[    2896], 60.00th=[    3088], 70.00th=[    3344],
     | 80.00th=[    3824], 90.00th=[    7648], 95.00th=[   11712],
     | 99.00th=[   23424], 99.50th=[   84480], 99.90th=[ 4554752],
     | 99.95th=[ 7634944], 99.99th=[19005440]
   bw (  KiB/s): min=11784, max=323353, per=3.24%, avg=80241.86, stdev=59886.68, samples=64
   iops        : min=  736, max=20209, avg=5014.94, stdev=3742.81, samples=64
  write: IOPS=4652, BW=72.7MiB/s (76.2MB/s)(2558MiB/35187msec); 0 zone resets
    clat (usec): min=2, max=283294, avg=170.36, stdev=2969.34
     lat (usec): min=2, max=283295, avg=170.47, stdev=2969.34
    clat percentiles (usec):
     |  1.00th=[     4],  5.00th=[     5], 10.00th=[     6], 20.00th=[     8],
     | 30.00th=[     9], 40.00th=[    10], 50.00th=[    11], 60.00th=[    13],
     | 70.00th=[    14], 80.00th=[    15], 90.00th=[    18], 95.00th=[    21],
     | 99.00th=[    49], 99.50th=[  3884], 99.90th=[ 44827], 99.95th=[ 56886],
     | 99.99th=[104334]
   bw (  KiB/s): min=10538, max=320159, per=3.28%, avg=80119.38, stdev=59704.10, samples=64
   iops        : min=  658, max=20009, avg=5007.30, stdev=3731.39, samples=64
  lat (usec)   : 2=5.14%, 4=37.43%, 10=22.91%, 20=31.11%, 50=2.63%
  lat (usec)   : 100=0.21%, 250=0.12%, 500=0.04%, 750=0.02%, 1000=0.01%
  lat (msec)   : 2=0.02%, 4=0.05%, 10=0.08%, 20=0.07%, 50=0.12%
  lat (msec)   : 100=0.03%, 250=0.01%, 500=0.01%
  cpu          : usr=0.65%, sys=8.40%, ctx=8121, majf=0, minf=22
  IO depths    : 1=100.0%, 2=0.0%, 4=0.0%, 8=0.0%, 16=0.0%, 32=0.0%, >=64=0.0%
     submit    : 0=0.0%, 4=100.0%, 8=0.0%, 16=0.0%, 32=0.0%, 64=0.0%, >=64=0.0%
     complete  : 0=0.0%, 4=100.0%, 8=0.0%, 16=0.0%, 32=0.0%, 64=0.0%, >=64=0.0%
     issued rwts: total=163973,163707,0,0 short=0,0,0,0 dropped=0,0,0,0
     latency   : target=0, window=0, percentile=100.00%, depth=1
job4.0: (groupid=0, jobs=1): err= 0: pid=10713: Tue Oct 24 20:46:04 2023
  read: IOPS=5865, BW=91.6MiB/s (96.1MB/s)(2559MiB/27927msec)
    clat (nsec): min=1122, max=252333k, avg=7978.55, stdev=652701.79
     lat (nsec): min=1162, max=252333k, avg=8038.81, stdev=652702.19
    clat percentiles (nsec):
     |  1.00th=[   1288],  5.00th=[   2128], 10.00th=[   2416],
     | 20.00th=[   2640], 30.00th=[   2832], 40.00th=[   2992],
     | 50.00th=[   3184], 60.00th=[   3440], 70.00th=[   3760],
     | 80.00th=[   4576], 90.00th=[  11072], 95.00th=[  11840],
     | 99.00th=[  14656], 99.50th=[  18048], 99.90th=[  49408],
     | 99.95th=[ 301056], 99.99th=[5537792]
   bw (  KiB/s): min=20704, max=206208, per=4.18%, avg=103633.96, stdev=45068.86, samples=50
   iops        : min= 1294, max=12888, avg=6476.98, stdev=2816.77, samples=50
  write: IOPS=5868, BW=91.7MiB/s (96.1MB/s)(2561MiB/27927msec); 0 zone resets
    clat (usec): min=2, max=267433, avg=141.40, stdev=2626.70
     lat (usec): min=2, max=267433, avg=141.52, stdev=2626.70
    clat percentiles (usec):
     |  1.00th=[     4],  5.00th=[     4], 10.00th=[     5], 20.00th=[     7],
     | 30.00th=[     8], 40.00th=[    10], 50.00th=[    11], 60.00th=[    12],
     | 70.00th=[    13], 80.00th=[    15], 90.00th=[    17], 95.00th=[    20],
     | 99.00th=[    44], 99.50th=[   306], 99.90th=[ 41681], 99.95th=[ 52691],
     | 99.99th=[104334]
   bw (  KiB/s): min=21088, max=209088, per=4.24%, avg=103658.42, stdev=45256.72, samples=50
   iops        : min= 1318, max=13068, avg=6478.50, stdev=2828.51, samples=50
  lat (usec)   : 2=2.06%, 4=38.20%, 10=25.90%, 20=31.14%, 50=2.20%
  lat (usec)   : 100=0.10%, 250=0.09%, 500=0.04%, 750=0.01%, 1000=0.01%
  lat (msec)   : 2=0.01%, 4=0.01%, 10=0.04%, 20=0.06%, 50=0.09%
  lat (msec)   : 100=0.03%, 250=0.01%, 500=0.01%
  cpu          : usr=0.70%, sys=10.18%, ctx=3164, majf=0, minf=22
  IO depths    : 1=100.0%, 2=0.0%, 4=0.0%, 8=0.0%, 16=0.0%, 32=0.0%, >=64=0.0%
     submit    : 0=0.0%, 4=100.0%, 8=0.0%, 16=0.0%, 32=0.0%, 64=0.0%, >=64=0.0%
     complete  : 0=0.0%, 4=100.0%, 8=0.0%, 16=0.0%, 32=0.0%, 64=0.0%, >=64=0.0%
     issued rwts: total=163802,163878,0,0 short=0,0,0,0 dropped=0,0,0,0
     latency   : target=0, window=0, percentile=100.00%, depth=1
job5.0: (groupid=0, jobs=1): err= 0: pid=10714: Tue Oct 24 20:46:04 2023
  read: IOPS=3357, BW=52.5MiB/s (55.0MB/s)(1931MiB/36799msec)
    clat (nsec): min=1152, max=58867k, avg=16867.24, stdev=408425.43
     lat (nsec): min=1202, max=58867k, avg=16929.06, stdev=408425.86
    clat percentiles (usec):
     |  1.00th=[    3],  5.00th=[    3], 10.00th=[    3], 20.00th=[    3],
     | 30.00th=[    3], 40.00th=[    4], 50.00th=[    4], 60.00th=[    4],
     | 70.00th=[    4], 80.00th=[    5], 90.00th=[    6], 95.00th=[   12],
     | 99.00th=[   16], 99.50th=[   77], 99.90th=[ 4047], 99.95th=[ 7439],
     | 99.99th=[17171]
   bw (  KiB/s): min= 3992, max=135840, per=2.50%, avg=61809.35, stdev=33599.00, samples=63
   iops        : min=  249, max= 8490, avg=3862.94, stdev=2099.88, samples=63
  write: IOPS=5546, BW=86.7MiB/s (90.9MB/s)(3189MiB/36799msec); 0 zone resets
    clat (usec): min=2, max=204093, avg=136.99, stdev=2357.15
     lat (usec): min=2, max=204093, avg=137.14, stdev=2357.47
    clat percentiles (usec):
     |  1.00th=[    4],  5.00th=[    5], 10.00th=[    6], 20.00th=[    8],
     | 30.00th=[    9], 40.00th=[   11], 50.00th=[   12], 60.00th=[   13],
     | 70.00th=[   15], 80.00th=[   16], 90.00th=[   20], 95.00th=[   24],
     | 99.00th=[   51], 99.50th=[ 1500], 99.90th=[38011], 99.95th=[50070],
     | 99.99th=[87557]
   bw (  KiB/s): min= 6674, max=224943, per=4.18%, avg=102139.90, stdev=55206.86, samples=63
   iops        : min=  417, max=14058, avg=6383.60, stdev=3450.39, samples=63
  lat (usec)   : 2=0.25%, 4=30.76%, 10=27.82%, 20=35.57%, 50=4.74%
  lat (usec)   : 100=0.25%, 250=0.14%, 500=0.05%, 750=0.02%, 1000=0.01%
  lat (msec)   : 2=0.03%, 4=0.04%, 10=0.08%, 20=0.09%, 50=0.12%
  lat (msec)   : 100=0.03%, 250=0.01%
  cpu          : usr=0.61%, sys=9.76%, ctx=6869, majf=0, minf=22
  IO depths    : 1=100.0%, 2=0.0%, 4=0.0%, 8=0.0%, 16=0.0%, 32=0.0%, >=64=0.0%
     submit    : 0=0.0%, 4=100.0%, 8=0.0%, 16=0.0%, 32=0.0%, 64=0.0%, >=64=0.0%
     complete  : 0=0.0%, 4=100.0%, 8=0.0%, 16=0.0%, 32=0.0%, 64=0.0%, >=64=0.0%
     issued rwts: total=123560,204120,0,0 short=0,0,0,0 dropped=0,0,0,0
     latency   : target=0, window=0, percentile=100.00%, depth=1
job5.0: (groupid=0, jobs=1): err= 0: pid=10715: Tue Oct 24 20:46:04 2023
  read: IOPS=3396, BW=53.1MiB/s (55.6MB/s)(1946MiB/36674msec)
    clat (nsec): min=1243, max=58855k, avg=24828.21, stdev=586931.37
     lat (nsec): min=1283, max=58855k, avg=24902.84, stdev=586951.94
    clat percentiles (usec):
     |  1.00th=[    3],  5.00th=[    3], 10.00th=[    3], 20.00th=[    3],
     | 30.00th=[    3], 40.00th=[    4], 50.00th=[    4], 60.00th=[    4],
     | 70.00th=[    4], 80.00th=[    4], 90.00th=[    5], 95.00th=[    7],
     | 99.00th=[   17], 99.50th=[  109], 99.90th=[ 6325], 99.95th=[ 8979],
     | 99.99th=[27395]
   bw (  KiB/s): min= 2368, max=139968, per=2.31%, avg=57140.51, stdev=33919.30, samples=69
   iops        : min=  148, max= 8748, avg=3571.10, stdev=2119.89, samples=69
  write: IOPS=5538, BW=86.5MiB/s (90.7MB/s)(3174MiB/36674msec); 0 zone resets
    clat (usec): min=2, max=230281, avg=144.96, stdev=2580.46
     lat (usec): min=2, max=230281, avg=145.16, stdev=2581.39
    clat percentiles (usec):
     |  1.00th=[    4],  5.00th=[    5], 10.00th=[    6], 20.00th=[    8],
     | 30.00th=[    9], 40.00th=[   10], 50.00th=[   11], 60.00th=[   13],
     | 70.00th=[   14], 80.00th=[   16], 90.00th=[   19], 95.00th=[   23],
     | 99.00th=[   48], 99.50th=[  392], 99.90th=[40633], 99.95th=[53216],
     | 99.99th=[95945]
   bw (  KiB/s): min= 3744, max=223904, per=3.81%, avg=93182.83, stdev=55551.99, samples=69
   iops        : min=  234, max=13994, avg=5823.75, stdev=3471.93, samples=69
  lat (usec)   : 2=0.22%, 4=33.29%, 10=28.82%, 20=32.63%, 50=4.16%
  lat (usec)   : 100=0.27%, 250=0.14%, 500=0.04%, 750=0.02%, 1000=0.01%
  lat (msec)   : 2=0.02%, 4=0.04%, 10=0.09%, 20=0.08%, 50=0.13%
  lat (msec)   : 100=0.03%, 250=0.01%
  cpu          : usr=0.61%, sys=8.89%, ctx=6823, majf=0, minf=21
  IO depths    : 1=100.0%, 2=0.0%, 4=0.0%, 8=0.0%, 16=0.0%, 32=0.0%, >=64=0.0%
     submit    : 0=0.0%, 4=100.0%, 8=0.0%, 16=0.0%, 32=0.0%, 64=0.0%, >=64=0.0%
     complete  : 0=0.0%, 4=100.0%, 8=0.0%, 16=0.0%, 32=0.0%, 64=0.0%, >=64=0.0%
     issued rwts: total=124545,203135,0,0 short=0,0,0,0 dropped=0,0,0,0
     latency   : target=0, window=0, percentile=100.00%, depth=1
job5.0: (groupid=0, jobs=1): err= 0: pid=10716: Tue Oct 24 20:46:04 2023
  read: IOPS=3388, BW=52.9MiB/s (55.5MB/s)(1946MiB/36756msec)
    clat (nsec): min=1133, max=54446k, avg=20986.15, stdev=539187.16
     lat (nsec): min=1173, max=54446k, avg=21047.94, stdev=539187.43
    clat percentiles (usec):
     |  1.00th=[    3],  5.00th=[    3], 10.00th=[    3], 20.00th=[    3],
     | 30.00th=[    3], 40.00th=[    4], 50.00th=[    4], 60.00th=[    4],
     | 70.00th=[    4], 80.00th=[    5], 90.00th=[    6], 95.00th=[   12],
     | 99.00th=[   15], 99.50th=[   91], 99.90th=[ 4948], 99.95th=[ 7767],
     | 99.99th=[27132]
   bw (  KiB/s): min= 6642, max=155168, per=2.45%, avg=60723.55, stdev=32861.49, samples=65
   iops        : min=  415, max= 9698, avg=3795.05, stdev=2053.82, samples=65
  write: IOPS=5526, BW=86.4MiB/s (90.6MB/s)(3174MiB/36756msec); 0 zone resets
    clat (usec): min=2, max=237458, avg=138.58, stdev=2444.21
     lat (usec): min=2, max=237458, avg=138.72, stdev=2444.61
    clat percentiles (usec):
     |  1.00th=[    4],  5.00th=[    5], 10.00th=[    6], 20.00th=[    7],
     | 30.00th=[    9], 40.00th=[   10], 50.00th=[   11], 60.00th=[   13],
     | 70.00th=[   14], 80.00th=[   16], 90.00th=[   18], 95.00th=[   22],
     | 99.00th=[   48], 99.50th=[  791], 99.90th=[38536], 99.95th=[50594],
     | 99.99th=[92799]
   bw (  KiB/s): min= 9548, max=249696, per=4.05%, avg=98999.82, stdev=53193.23, samples=65
   iops        : min=  596, max=15606, avg=6187.32, stdev=3324.55, samples=65
  lat (usec)   : 2=0.25%, 4=30.56%, 10=30.37%, 20=34.70%, 50=3.28%
  lat (usec)   : 100=0.22%, 250=0.14%, 500=0.05%, 750=0.02%, 1000=0.01%
  lat (msec)   : 2=0.03%, 4=0.04%, 10=0.09%, 20=0.08%, 50=0.12%
  lat (msec)   : 100=0.03%, 250=0.01%
  cpu          : usr=0.58%, sys=9.16%, ctx=6987, majf=0, minf=21
  IO depths    : 1=100.0%, 2=0.0%, 4=0.0%, 8=0.0%, 16=0.0%, 32=0.0%, >=64=0.0%
     submit    : 0=0.0%, 4=100.0%, 8=0.0%, 16=0.0%, 32=0.0%, 64=0.0%, >=64=0.0%
     complete  : 0=0.0%, 4=100.0%, 8=0.0%, 16=0.0%, 32=0.0%, 64=0.0%, >=64=0.0%
     issued rwts: total=124532,203148,0,0 short=0,0,0,0 dropped=0,0,0,0
     latency   : target=0, window=0, percentile=100.00%, depth=1
job5.0: (groupid=0, jobs=1): err= 0: pid=10717: Tue Oct 24 20:46:04 2023
  read: IOPS=3406, BW=53.2MiB/s (55.8MB/s)(1953MiB/36696msec)
    clat (nsec): min=1192, max=58227k, avg=18901.31, stdev=427246.21
     lat (nsec): min=1242, max=58227k, avg=18996.37, stdev=427406.25
    clat percentiles (usec):
     |  1.00th=[    3],  5.00th=[    3], 10.00th=[    3], 20.00th=[    3],
     | 30.00th=[    3], 40.00th=[    4], 50.00th=[    4], 60.00th=[    4],
     | 70.00th=[    4], 80.00th=[    5], 90.00th=[    6], 95.00th=[   12],
     | 99.00th=[   18], 99.50th=[   89], 99.90th=[ 5014], 99.95th=[ 8160],
     | 99.99th=[16581]
   bw (  KiB/s): min= 6674, max=147992, per=2.51%, avg=62106.92, stdev=33606.33, samples=64
   iops        : min=  417, max= 9249, avg=3881.56, stdev=2100.34, samples=64
  write: IOPS=5523, BW=86.3MiB/s (90.5MB/s)(3167MiB/36696msec); 0 zone resets
    clat (usec): min=2, max=231954, avg=140.88, stdev=2473.51
     lat (usec): min=2, max=231955, avg=140.99, stdev=2473.51
    clat percentiles (usec):
     |  1.00th=[    4],  5.00th=[    5], 10.00th=[    5], 20.00th=[    7],
     | 30.00th=[    9], 40.00th=[   10], 50.00th=[   11], 60.00th=[   13],
     | 70.00th=[   14], 80.00th=[   15], 90.00th=[   18], 95.00th=[   22],
     | 99.00th=[   50], 99.50th=[ 1860], 99.90th=[39060], 99.95th=[52167],
     | 99.99th=[87557]
   bw (  KiB/s): min= 9836, max=232143, per=4.12%, avg=100697.80, stdev=54736.24, samples=64
   iops        : min=  614, max=14508, avg=6293.47, stdev=3420.96, samples=64
  lat (usec)   : 2=0.21%, 4=31.12%, 10=29.70%, 20=34.52%, 50=3.58%
  lat (usec)   : 100=0.25%, 250=0.14%, 500=0.04%, 750=0.02%, 1000=0.01%
  lat (msec)   : 2=0.03%, 4=0.05%, 10=0.09%, 20=0.09%, 50=0.12%
  lat (msec)   : 100=0.03%, 250=0.01%
  cpu          : usr=0.63%, sys=9.20%, ctx=7703, majf=0, minf=21
  IO depths    : 1=100.0%, 2=0.0%, 4=0.0%, 8=0.0%, 16=0.0%, 32=0.0%, >=64=0.0%
     submit    : 0=0.0%, 4=100.0%, 8=0.0%, 16=0.0%, 32=0.0%, 64=0.0%, >=64=0.0%
     complete  : 0=0.0%, 4=100.0%, 8=0.0%, 16=0.0%, 32=0.0%, 64=0.0%, >=64=0.0%
     issued rwts: total=124992,202688,0,0 short=0,0,0,0 dropped=0,0,0,0
     latency   : target=0, window=0, percentile=100.00%, depth=1
job6.0: (groupid=0, jobs=1): err= 0: pid=10718: Tue Oct 24 20:46:04 2023
  read: IOPS=2326, BW=36.3MiB/s (38.1MB/s)(1286MiB/35374msec)
    clat (nsec): min=1182, max=231011k, avg=21045.12, stdev=932277.58
     lat (nsec): min=1222, max=231012k, avg=21105.40, stdev=932277.80
    clat percentiles (usec):
     |  1.00th=[    3],  5.00th=[    3], 10.00th=[    3], 20.00th=[    3],
     | 30.00th=[    3], 40.00th=[    4], 50.00th=[    4], 60.00th=[    4],
     | 70.00th=[    4], 80.00th=[    5], 90.00th=[    5], 95.00th=[   12],
     | 99.00th=[   15], 99.50th=[   88], 99.90th=[ 4490], 99.95th=[ 7898],
     | 99.99th=[28181]
   bw (  KiB/s): min= 5568, max=151409, per=1.61%, avg=39927.08, stdev=24629.79, samples=63
   iops        : min=  348, max= 9463, avg=2495.30, stdev=1539.28, samples=63
  write: IOPS=6937, BW=108MiB/s (114MB/s)(3834MiB/35374msec); 0 zone resets
    clat (usec): min=2, max=266870, avg=117.91, stdev=2276.34
     lat (usec): min=2, max=266871, avg=118.03, stdev=2276.34
    clat percentiles (usec):
     |  1.00th=[    4],  5.00th=[    5], 10.00th=[    5], 20.00th=[    8],
     | 30.00th=[    9], 40.00th=[   11], 50.00th=[   12], 60.00th=[   13],
     | 70.00th=[   14], 80.00th=[   15], 90.00th=[   18], 95.00th=[   21],
     | 99.00th=[   42], 99.50th=[  186], 99.90th=[35914], 99.95th=[50070],
     | 99.99th=[83362]
   bw (  KiB/s): min=16544, max=455984, per=4.88%, avg=119204.25, stdev=73731.43, samples=63
   iops        : min= 1034, max=28499, avg=7450.14, stdev=4608.24, samples=63
  lat (usec)   : 2=0.08%, 4=23.14%, 10=30.05%, 20=42.76%, 50=3.20%
  lat (usec)   : 100=0.20%, 250=0.13%, 500=0.05%, 750=0.02%, 1000=0.01%
  lat (msec)   : 2=0.02%, 4=0.03%, 10=0.07%, 20=0.08%, 50=0.12%
  lat (msec)   : 100=0.03%, 250=0.01%, 500=0.01%
  cpu          : usr=0.47%, sys=10.46%, ctx=7620, majf=0, minf=21
  IO depths    : 1=100.0%, 2=0.0%, 4=0.0%, 8=0.0%, 16=0.0%, 32=0.0%, >=64=0.0%
     submit    : 0=0.0%, 4=100.0%, 8=0.0%, 16=0.0%, 32=0.0%, 64=0.0%, >=64=0.0%
     complete  : 0=0.0%, 4=100.0%, 8=0.0%, 16=0.0%, 32=0.0%, 64=0.0%, >=64=0.0%
     issued rwts: total=82284,245396,0,0 short=0,0,0,0 dropped=0,0,0,0
     latency   : target=0, window=0, percentile=100.00%, depth=1
job6.0: (groupid=0, jobs=1): err= 0: pid=10719: Tue Oct 24 20:46:04 2023
  read: IOPS=2141, BW=33.5MiB/s (35.1MB/s)(1280MiB/38231msec)
    clat (nsec): min=1192, max=44347k, avg=19205.11, stdev=407229.07
     lat (nsec): min=1242, max=44347k, avg=19271.41, stdev=407231.66
    clat percentiles (usec):
     |  1.00th=[    3],  5.00th=[    3], 10.00th=[    3], 20.00th=[    3],
     | 30.00th=[    4], 40.00th=[    4], 50.00th=[    4], 60.00th=[    4],
     | 70.00th=[    5], 80.00th=[    5], 90.00th=[   12], 95.00th=[   13],
     | 99.00th=[   26], 99.50th=[   94], 99.90th=[ 5342], 99.95th=[ 7570],
     | 99.99th=[16581]
   bw (  KiB/s): min= 3328, max=127652, per=1.52%, avg=37715.43, stdev=24540.98, samples=68
   iops        : min=  208, max= 7978, avg=2357.06, stdev=1533.79, samples=68
  write: IOPS=6429, BW=100MiB/s (105MB/s)(3840MiB/38231msec); 0 zone resets
    clat (usec): min=2, max=200748, avg=123.34, stdev=2242.74
     lat (usec): min=2, max=200749, avg=123.46, stdev=2242.75
    clat percentiles (usec):
     |  1.00th=[    4],  5.00th=[    5], 10.00th=[    7], 20.00th=[    8],
     | 30.00th=[   10], 40.00th=[   11], 50.00th=[   12], 60.00th=[   13],
     | 70.00th=[   15], 80.00th=[   16], 90.00th=[   19], 95.00th=[   23],
     | 99.00th=[   46], 99.50th=[  334], 99.90th=[35914], 99.95th=[47973],
     | 99.99th=[82314]
   bw (  KiB/s): min= 9504, max=373617, per=4.63%, avg=113125.29, stdev=73420.04, samples=68
   iops        : min=  594, max=23351, avg=7070.18, stdev=4588.73, samples=68
  lat (usec)   : 2=0.05%, 4=18.51%, 10=30.18%, 20=45.08%, 50=5.30%
  lat (usec)   : 100=0.28%, 250=0.14%, 500=0.04%, 750=0.01%, 1000=0.01%
  lat (msec)   : 2=0.02%, 4=0.04%, 10=0.09%, 20=0.09%, 50=0.12%
  lat (msec)   : 100=0.03%, 250=0.01%
  cpu          : usr=0.69%, sys=10.20%, ctx=11994, majf=0, minf=21
  IO depths    : 1=100.0%, 2=0.0%, 4=0.0%, 8=0.0%, 16=0.0%, 32=0.0%, >=64=0.0%
     submit    : 0=0.0%, 4=100.0%, 8=0.0%, 16=0.0%, 32=0.0%, 64=0.0%, >=64=0.0%
     complete  : 0=0.0%, 4=100.0%, 8=0.0%, 16=0.0%, 32=0.0%, 64=0.0%, >=64=0.0%
     issued rwts: total=81890,245790,0,0 short=0,0,0,0 dropped=0,0,0,0
     latency   : target=0, window=0, percentile=100.00%, depth=1
job6.0: (groupid=0, jobs=1): err= 0: pid=10720: Tue Oct 24 20:46:04 2023
  read: IOPS=2139, BW=33.4MiB/s (35.1MB/s)(1280MiB/38285msec)
    clat (nsec): min=1293, max=56301k, avg=23139.66, stdev=542631.43
     lat (nsec): min=1353, max=56301k, avg=23227.55, stdev=542668.38
    clat percentiles (usec):
     |  1.00th=[    3],  5.00th=[    3], 10.00th=[    3], 20.00th=[    3],
     | 30.00th=[    4], 40.00th=[    4], 50.00th=[    4], 60.00th=[    4],
     | 70.00th=[    5], 80.00th=[    5], 90.00th=[   11], 95.00th=[   13],
     | 99.00th=[   31], 99.50th=[   97], 99.90th=[ 5800], 99.95th=[ 8848],
     | 99.99th=[21365]
   bw (  KiB/s): min= 2139, max=151072, per=1.59%, avg=39438.75, stdev=26618.90, samples=65
   iops        : min=  133, max= 9442, avg=2464.74, stdev=1663.63, samples=65
  write: IOPS=6419, BW=100MiB/s (105MB/s)(3840MiB/38285msec); 0 zone resets
    clat (usec): min=2, max=240291, avg=120.86, stdev=2229.81
     lat (usec): min=2, max=240291, avg=120.99, stdev=2230.15
    clat percentiles (usec):
     |  1.00th=[    4],  5.00th=[    5], 10.00th=[    6], 20.00th=[    8],
     | 30.00th=[   10], 40.00th=[   11], 50.00th=[   12], 60.00th=[   13],
     | 70.00th=[   15], 80.00th=[   16], 90.00th=[   20], 95.00th=[   23],
     | 99.00th=[   44], 99.50th=[  235], 99.90th=[35390], 99.95th=[48497],
     | 99.99th=[83362]
   bw (  KiB/s): min=   96, max=452352, per=4.77%, avg=116467.09, stdev=80672.07, samples=66
   iops        : min=    6, max=28272, avg=7279.05, stdev=5041.96, samples=66
  lat (usec)   : 2=0.05%, 4=18.75%, 10=30.10%, 20=44.64%, 50=5.61%
  lat (usec)   : 100=0.27%, 250=0.13%, 500=0.04%, 750=0.02%, 1000=0.01%
  lat (msec)   : 2=0.02%, 4=0.03%, 10=0.09%, 20=0.09%, 50=0.12%
  lat (msec)   : 100=0.03%, 250=0.01%
  cpu          : usr=0.60%, sys=10.69%, ctx=11548, majf=0, minf=21
  IO depths    : 1=100.0%, 2=0.0%, 4=0.0%, 8=0.0%, 16=0.0%, 32=0.0%, >=64=0.0%
     submit    : 0=0.0%, 4=100.0%, 8=0.0%, 16=0.0%, 32=0.0%, 64=0.0%, >=64=0.0%
     complete  : 0=0.0%, 4=100.0%, 8=0.0%, 16=0.0%, 32=0.0%, 64=0.0%, >=64=0.0%
     issued rwts: total=81918,245762,0,0 short=0,0,0,0 dropped=0,0,0,0
     latency   : target=0, window=0, percentile=100.00%, depth=1
job6.0: (groupid=0, jobs=1): err= 0: pid=10721: Tue Oct 24 20:46:04 2023
  read: IOPS=2317, BW=36.2MiB/s (38.0MB/s)(1281MiB/35373msec)
    clat (nsec): min=1212, max=37157k, avg=19088.13, stdev=417166.43
     lat (nsec): min=1262, max=37157k, avg=19149.03, stdev=417167.09
    clat percentiles (usec):
     |  1.00th=[    3],  5.00th=[    3], 10.00th=[    3], 20.00th=[    3],
     | 30.00th=[    4], 40.00th=[    4], 50.00th=[    4], 60.00th=[    4],
     | 70.00th=[    5], 80.00th=[    5], 90.00th=[    8], 95.00th=[   12],
     | 99.00th=[   24], 99.50th=[   93], 99.90th=[ 4883], 99.95th=[ 7832],
     | 99.99th=[18744]
   bw (  KiB/s): min= 2496, max=142914, per=1.65%, avg=40821.74, stdev=25378.76, samples=62
   iops        : min=  156, max= 8932, avg=2551.23, stdev=1586.12, samples=62
  write: IOPS=6946, BW=109MiB/s (114MB/s)(3839MiB/35373msec); 0 zone resets
    clat (usec): min=2, max=266801, avg=115.43, stdev=2296.37
     lat (usec): min=2, max=266801, avg=115.55, stdev=2296.37
    clat percentiles (usec):
     |  1.00th=[    4],  5.00th=[    5], 10.00th=[    6], 20.00th=[    8],
     | 30.00th=[    9], 40.00th=[   10], 50.00th=[   11], 60.00th=[   13],
     | 70.00th=[   14], 80.00th=[   15], 90.00th=[   18], 95.00th=[   21],
     | 99.00th=[   41], 99.50th=[  182], 99.90th=[35390], 99.95th=[47973],
     | 99.99th=[87557]
   bw (  KiB/s): min= 8832, max=421013, per=5.01%, avg=122346.05, stdev=75233.36, samples=62
   iops        : min=  552, max=26313, avg=7646.48, stdev=4702.02, samples=62
  lat (usec)   : 2=0.09%, 4=20.12%, 10=32.99%, 20=42.75%, 50=3.30%
  lat (usec)   : 100=0.20%, 250=0.14%, 500=0.05%, 750=0.02%, 1000=0.01%
  lat (msec)   : 2=0.02%, 4=0.03%, 10=0.07%, 20=0.08%, 50=0.12%
  lat (msec)   : 100=0.03%, 250=0.01%, 500=0.01%
  cpu          : usr=0.83%, sys=10.19%, ctx=6797, majf=0, minf=22
  IO depths    : 1=100.0%, 2=0.0%, 4=0.0%, 8=0.0%, 16=0.0%, 32=0.0%, >=64=0.0%
     submit    : 0=0.0%, 4=100.0%, 8=0.0%, 16=0.0%, 32=0.0%, 64=0.0%, >=64=0.0%
     complete  : 0=0.0%, 4=100.0%, 8=0.0%, 16=0.0%, 32=0.0%, 64=0.0%, >=64=0.0%
     issued rwts: total=81979,245701,0,0 short=0,0,0,0 dropped=0,0,0,0
     latency   : target=0, window=0, percentile=100.00%, depth=1
job7.0: (groupid=0, jobs=1): err= 0: pid=10722: Tue Oct 24 20:46:04 2023
  read: IOPS=1136, BW=17.8MiB/s (18.6MB/s)(671MiB/37800msec)
    clat (nsec): min=1192, max=252454k, avg=33138.00, stdev=1406142.84
     lat (nsec): min=1232, max=252454k, avg=33201.02, stdev=1406143.39
    clat percentiles (usec):
     |  1.00th=[    3],  5.00th=[    3], 10.00th=[    3], 20.00th=[    4],
     | 30.00th=[    4], 40.00th=[    4], 50.00th=[    4], 60.00th=[    4],
     | 70.00th=[    5], 80.00th=[    5], 90.00th=[    6], 95.00th=[   12],
     | 99.00th=[   30], 99.50th=[  114], 99.90th=[ 6849], 99.95th=[11731],
     | 99.99th=[27657]
   bw (  KiB/s): min= 1152, max=67097, per=0.82%, avg=20401.92, stdev=12662.54, samples=66
   iops        : min=   72, max= 4193, avg=1274.95, stdev=791.31, samples=66
  write: IOPS=7532, BW=118MiB/s (123MB/s)(4449MiB/37800msec); 0 zone resets
    clat (usec): min=2, max=262395, avg=106.48, stdev=2120.34
     lat (usec): min=2, max=262395, avg=106.60, stdev=2120.34
    clat percentiles (usec):
     |  1.00th=[    4],  5.00th=[    5], 10.00th=[    7], 20.00th=[    8],
     | 30.00th=[   10], 40.00th=[   11], 50.00th=[   13], 60.00th=[   14],
     | 70.00th=[   15], 80.00th=[   17], 90.00th=[   19], 95.00th=[   22],
     | 99.00th=[   41], 99.50th=[  141], 99.90th=[32375], 99.95th=[45876],
     | 99.99th=[81265]
   bw (  KiB/s): min= 8736, max=439664, per=5.54%, avg=135312.41, stdev=83996.56, samples=66
   iops        : min=  546, max=27479, avg=8456.89, stdev=5249.73, samples=66
  lat (usec)   : 2=0.03%, 4=11.16%, 10=28.32%, 20=54.29%, 50=5.41%
  lat (usec)   : 100=0.22%, 250=0.14%, 500=0.04%, 750=0.01%, 1000=0.01%
  lat (msec)   : 2=0.01%, 4=0.03%, 10=0.08%, 20=0.08%, 50=0.13%
  lat (msec)   : 100=0.03%, 250=0.01%, 500=0.01%
  cpu          : usr=0.58%, sys=11.48%, ctx=7798, majf=0, minf=23
  IO depths    : 1=100.0%, 2=0.0%, 4=0.0%, 8=0.0%, 16=0.0%, 32=0.0%, >=64=0.0%
     submit    : 0=0.0%, 4=100.0%, 8=0.0%, 16=0.0%, 32=0.0%, 64=0.0%, >=64=0.0%
     complete  : 0=0.0%, 4=100.0%, 8=0.0%, 16=0.0%, 32=0.0%, 64=0.0%, >=64=0.0%
     issued rwts: total=42955,284725,0,0 short=0,0,0,0 dropped=0,0,0,0
     latency   : target=0, window=0, percentile=100.00%, depth=1
job7.0: (groupid=0, jobs=1): err= 0: pid=10723: Tue Oct 24 20:46:04 2023
  read: IOPS=1110, BW=17.4MiB/s (18.2MB/s)(656MiB/37818msec)
    clat (nsec): min=1282, max=42212k, avg=25931.04, stdev=597404.29
     lat (nsec): min=1343, max=42212k, avg=25993.91, stdev=597404.66
    clat percentiles (usec):
     |  1.00th=[    3],  5.00th=[    3], 10.00th=[    3], 20.00th=[    4],
     | 30.00th=[    4], 40.00th=[    4], 50.00th=[    4], 60.00th=[    4],
     | 70.00th=[    5], 80.00th=[    5], 90.00th=[    6], 95.00th=[   12],
     | 99.00th=[   19], 99.50th=[  106], 99.90th=[ 6390], 99.95th=[11469],
     | 99.99th=[30278]
   bw (  KiB/s): min= 1152, max=58730, per=0.82%, avg=20328.20, stdev=12519.08, samples=65
   iops        : min=   72, max= 3670, avg=1270.35, stdev=782.40, samples=65
  write: IOPS=7554, BW=118MiB/s (124MB/s)(4464MiB/37818msec); 0 zone resets
    clat (usec): min=2, max=272310, avg=104.98, stdev=2160.78
     lat (usec): min=2, max=272310, avg=105.10, stdev=2160.78
    clat percentiles (usec):
     |  1.00th=[    4],  5.00th=[    5], 10.00th=[    6], 20.00th=[    8],
     | 30.00th=[   10], 40.00th=[   11], 50.00th=[   12], 60.00th=[   14],
     | 70.00th=[   15], 80.00th=[   16], 90.00th=[   19], 95.00th=[   22],
     | 99.00th=[   41], 99.50th=[  153], 99.90th=[31589], 99.95th=[45351],
     | 99.99th=[81265]
   bw (  KiB/s): min=10592, max=405333, per=5.66%, avg=138208.54, stdev=84822.03, samples=65
   iops        : min=  662, max=25333, avg=8637.86, stdev=5301.27, samples=65
  lat (usec)   : 2=0.03%, 4=11.70%, 10=30.51%, 20=51.62%, 50=5.38%
  lat (usec)   : 100=0.19%, 250=0.15%, 500=0.05%, 750=0.01%, 1000=0.01%
  lat (msec)   : 2=0.01%, 4=0.03%, 10=0.08%, 20=0.09%, 50=0.12%
  lat (msec)   : 100=0.03%, 250=0.01%, 500=0.01%
  cpu          : usr=0.65%, sys=11.14%, ctx=11234, majf=0, minf=21
  IO depths    : 1=100.0%, 2=0.0%, 4=0.0%, 8=0.0%, 16=0.0%, 32=0.0%, >=64=0.0%
     submit    : 0=0.0%, 4=100.0%, 8=0.0%, 16=0.0%, 32=0.0%, 64=0.0%, >=64=0.0%
     complete  : 0=0.0%, 4=100.0%, 8=0.0%, 16=0.0%, 32=0.0%, 64=0.0%, >=64=0.0%
     issued rwts: total=41995,285685,0,0 short=0,0,0,0 dropped=0,0,0,0
     latency   : target=0, window=0, percentile=100.00%, depth=1
job7.0: (groupid=0, jobs=1): err= 0: pid=10724: Tue Oct 24 20:46:04 2023
  read: IOPS=1108, BW=17.3MiB/s (18.2MB/s)(656MiB/37873msec)
    clat (nsec): min=1202, max=227466k, avg=32577.57, stdev=1259195.62
     lat (nsec): min=1252, max=227466k, avg=32638.71, stdev=1259196.31
    clat percentiles (usec):
     |  1.00th=[    3],  5.00th=[    3], 10.00th=[    3], 20.00th=[    4],
     | 30.00th=[    4], 40.00th=[    4], 50.00th=[    4], 60.00th=[    4],
     | 70.00th=[    5], 80.00th=[    5], 90.00th=[    6], 95.00th=[    8],
     | 99.00th=[   19], 99.50th=[  108], 99.90th=[ 7635], 99.95th=[11469],
     | 99.99th=[29754]
   bw (  KiB/s): min=   95, max=62754, per=0.78%, avg=19376.18, stdev=12768.53, samples=68
   iops        : min=    5, max= 3922, avg=1210.81, stdev=797.97, samples=68
  write: IOPS=7543, BW=118MiB/s (124MB/s)(4464MiB/37873msec); 0 zone resets
    clat (usec): min=2, max=266779, avg=107.78, stdev=2144.84
     lat (usec): min=2, max=266779, avg=107.93, stdev=2145.00
    clat percentiles (usec):
     |  1.00th=[    4],  5.00th=[    5], 10.00th=[    6], 20.00th=[    8],
     | 30.00th=[    9], 40.00th=[   11], 50.00th=[   12], 60.00th=[   13],
     | 70.00th=[   14], 80.00th=[   16], 90.00th=[   18], 95.00th=[   21],
     | 99.00th=[   40], 99.50th=[  157], 99.90th=[32375], 99.95th=[45351],
     | 99.99th=[81265]
   bw (  KiB/s): min=  415, max=414243, per=5.39%, avg=131796.59, stdev=86664.48, samples=68
   iops        : min=   25, max=25890, avg=8237.15, stdev=5416.49, samples=68
  lat (usec)   : 2=0.04%, 4=11.51%, 10=34.31%, 20=49.13%, 50=4.27%
  lat (usec)   : 100=0.18%, 250=0.13%, 500=0.04%, 750=0.01%, 1000=0.01%
  lat (msec)   : 2=0.02%, 4=0.02%, 10=0.09%, 20=0.09%, 50=0.13%
  lat (msec)   : 100=0.03%, 250=0.01%, 500=0.01%
  cpu          : usr=0.76%, sys=10.41%, ctx=9440, majf=0, minf=21
  IO depths    : 1=100.0%, 2=0.0%, 4=0.0%, 8=0.0%, 16=0.0%, 32=0.0%, >=64=0.0%
     submit    : 0=0.0%, 4=100.0%, 8=0.0%, 16=0.0%, 32=0.0%, 64=0.0%, >=64=0.0%
     complete  : 0=0.0%, 4=100.0%, 8=0.0%, 16=0.0%, 32=0.0%, 64=0.0%, >=64=0.0%
     issued rwts: total=41987,285693,0,0 short=0,0,0,0 dropped=0,0,0,0
     latency   : target=0, window=0, percentile=100.00%, depth=1
job7.0: (groupid=0, jobs=1): err= 0: pid=10725: Tue Oct 24 20:46:04 2023
  read: IOPS=1133, BW=17.7MiB/s (18.6MB/s)(670MiB/37830msec)
    clat (nsec): min=1213, max=267873k, avg=36878.17, stdev=1554262.36
     lat (nsec): min=1263, max=267873k, avg=36938.81, stdev=1554262.68
    clat percentiles (usec):
     |  1.00th=[    3],  5.00th=[    3], 10.00th=[    3], 20.00th=[    4],
     | 30.00th=[    4], 40.00th=[    4], 50.00th=[    4], 60.00th=[    4],
     | 70.00th=[    4], 80.00th=[    5], 90.00th=[    6], 95.00th=[    8],
     | 99.00th=[   46], 99.50th=[  117], 99.90th=[ 7373], 99.95th=[13435],
     | 99.99th=[42206]
   bw (  KiB/s): min= 3264, max=59912, per=0.83%, avg=20626.34, stdev=12040.63, samples=65
   iops        : min=  204, max= 3744, avg=1288.98, stdev=752.47, samples=65
  write: IOPS=7528, BW=118MiB/s (123MB/s)(4450MiB/37830msec); 0 zone resets
    clat (usec): min=2, max=272078, avg=104.29, stdev=2076.24
     lat (usec): min=2, max=272078, avg=104.45, stdev=2076.40
    clat percentiles (usec):
     |  1.00th=[    4],  5.00th=[    5], 10.00th=[    7], 20.00th=[    8],
     | 30.00th=[   10], 40.00th=[   11], 50.00th=[   12], 60.00th=[   14],
     | 70.00th=[   15], 80.00th=[   16], 90.00th=[   19], 95.00th=[   22],
     | 99.00th=[   43], 99.50th=[  202], 99.90th=[31327], 99.95th=[44303],
     | 99.99th=[73925]
   bw (  KiB/s): min=   63, max=401053, per=5.52%, avg=134783.20, stdev=81130.63, samples=66
   iops        : min=    3, max=25065, avg=8423.74, stdev=5070.58, samples=66
  lat (usec)   : 2=0.03%, 4=11.12%, 10=30.49%, 20=52.36%, 50=5.15%
  lat (usec)   : 100=0.22%, 250=0.17%, 500=0.05%, 750=0.02%, 1000=0.01%
  lat (msec)   : 2=0.02%, 4=0.04%, 10=0.08%, 20=0.09%, 50=0.12%
  lat (msec)   : 100=0.03%, 250=0.01%, 500=0.01%
  cpu          : usr=0.58%, sys=11.27%, ctx=9988, majf=0, minf=22
  IO depths    : 1=100.0%, 2=0.0%, 4=0.0%, 8=0.0%, 16=0.0%, 32=0.0%, >=64=0.0%
     submit    : 0=0.0%, 4=100.0%, 8=0.0%, 16=0.0%, 32=0.0%, 64=0.0%, >=64=0.0%
     complete  : 0=0.0%, 4=100.0%, 8=0.0%, 16=0.0%, 32=0.0%, 64=0.0%, >=64=0.0%
     issued rwts: total=42863,284817,0,0 short=0,0,0,0 dropped=0,0,0,0
     latency   : target=0, window=0, percentile=100.00%, depth=1
job8.0: (groupid=0, jobs=1): err= 0: pid=10726: Tue Oct 24 20:46:04 2023
  write: IOPS=8527, BW=133MiB/s (140MB/s)(5120MiB/38427msec); 0 zone resets
    clat (usec): min=2, max=270122, avg=101.86, stdev=2107.71
     lat (usec): min=2, max=270122, avg=102.05, stdev=2109.16
    clat percentiles (usec):
     |  1.00th=[    4],  5.00th=[    5], 10.00th=[    6], 20.00th=[    8],
     | 30.00th=[   10], 40.00th=[   11], 50.00th=[   12], 60.00th=[   14],
     | 70.00th=[   15], 80.00th=[   17], 90.00th=[   20], 95.00th=[   23],
     | 99.00th=[   43], 99.50th=[  137], 99.90th=[30802], 99.95th=[44827],
     | 99.99th=[83362]
   bw (  KiB/s): min=11168, max=604768, per=5.95%, avg=145318.74, stdev=85195.47, samples=69
   iops        : min=  698, max=37798, avg=9082.29, stdev=5324.68, samples=69
  lat (usec)   : 4=2.83%, 10=30.66%, 20=58.48%, 50=7.26%, 100=0.21%
  lat (usec)   : 250=0.12%, 500=0.05%, 750=0.02%, 1000=0.01%
  lat (msec)   : 2=0.02%, 4=0.02%, 10=0.06%, 20=0.09%, 50=0.13%
  lat (msec)   : 100=0.03%, 250=0.01%, 500=0.01%
  cpu          : usr=0.66%, sys=12.06%, ctx=12759, majf=0, minf=15
  IO depths    : 1=100.0%, 2=0.0%, 4=0.0%, 8=0.0%, 16=0.0%, 32=0.0%, >=64=0.0%
     submit    : 0=0.0%, 4=100.0%, 8=0.0%, 16=0.0%, 32=0.0%, 64=0.0%, >=64=0.0%
     complete  : 0=0.0%, 4=100.0%, 8=0.0%, 16=0.0%, 32=0.0%, 64=0.0%, >=64=0.0%
     issued rwts: total=0,327680,0,0 short=0,0,0,0 dropped=0,0,0,0
     latency   : target=0, window=0, percentile=100.00%, depth=1
job8.0: (groupid=0, jobs=1): err= 0: pid=10727: Tue Oct 24 20:46:04 2023
  write: IOPS=8524, BW=133MiB/s (140MB/s)(5120MiB/38441msec); 0 zone resets
    clat (usec): min=2, max=267720, avg=101.98, stdev=2089.86
     lat (usec): min=2, max=267720, avg=102.11, stdev=2089.89
    clat percentiles (usec):
     |  1.00th=[    4],  5.00th=[    5], 10.00th=[    6], 20.00th=[    8],
     | 30.00th=[   10], 40.00th=[   11], 50.00th=[   12], 60.00th=[   14],
     | 70.00th=[   15], 80.00th=[   17], 90.00th=[   20], 95.00th=[   23],
     | 99.00th=[   42], 99.50th=[  137], 99.90th=[31327], 99.95th=[43779],
     | 99.99th=[80217]
   bw (  KiB/s): min=32672, max=437216, per=5.79%, avg=141496.37, stdev=72811.81, samples=70
   iops        : min= 2042, max=27326, avg=8843.36, stdev=4550.67, samples=70
  lat (usec)   : 4=3.62%, 10=30.51%, 20=57.65%, 50=7.44%, 100=0.22%
  lat (usec)   : 250=0.12%, 500=0.05%, 750=0.01%, 1000=0.01%
  lat (msec)   : 2=0.01%, 4=0.02%, 10=0.07%, 20=0.09%, 50=0.13%
  lat (msec)   : 100=0.03%, 250=0.01%, 500=0.01%
  cpu          : usr=0.56%, sys=12.34%, ctx=14881, majf=0, minf=15
  IO depths    : 1=100.0%, 2=0.0%, 4=0.0%, 8=0.0%, 16=0.0%, 32=0.0%, >=64=0.0%
     submit    : 0=0.0%, 4=100.0%, 8=0.0%, 16=0.0%, 32=0.0%, 64=0.0%, >=64=0.0%
     complete  : 0=0.0%, 4=100.0%, 8=0.0%, 16=0.0%, 32=0.0%, 64=0.0%, >=64=0.0%
     issued rwts: total=0,327680,0,0 short=0,0,0,0 dropped=0,0,0,0
     latency   : target=0, window=0, percentile=100.00%, depth=1
job8.0: (groupid=0, jobs=1): err= 0: pid=10728: Tue Oct 24 20:46:04 2023
  write: IOPS=8526, BW=133MiB/s (140MB/s)(5120MiB/38433msec); 0 zone resets
    clat (usec): min=2, max=267993, avg=103.27, stdev=2140.62
     lat (usec): min=2, max=267993, avg=103.41, stdev=2140.64
    clat percentiles (usec):
     |  1.00th=[    4],  5.00th=[    5], 10.00th=[    5], 20.00th=[    8],
     | 30.00th=[   10], 40.00th=[   11], 50.00th=[   12], 60.00th=[   14],
     | 70.00th=[   15], 80.00th=[   17], 90.00th=[   20], 95.00th=[   23],
     | 99.00th=[   43], 99.50th=[  145], 99.90th=[30802], 99.95th=[44303],
     | 99.99th=[81265]
   bw (  KiB/s): min=29504, max=560608, per=5.73%, avg=139955.07, stdev=83268.21, samples=71
   iops        : min= 1844, max=35038, avg=8747.01, stdev=5204.21, samples=71
  lat (usec)   : 4=4.58%, 10=31.05%, 20=56.09%, 50=7.50%, 100=0.23%
  lat (usec)   : 250=0.11%, 500=0.05%, 750=0.01%, 1000=0.01%
  lat (msec)   : 2=0.02%, 4=0.03%, 10=0.07%, 20=0.09%, 50=0.13%
  lat (msec)   : 100=0.03%, 250=0.01%, 500=0.01%
  cpu          : usr=0.63%, sys=11.84%, ctx=23373, majf=0, minf=15
  IO depths    : 1=100.0%, 2=0.0%, 4=0.0%, 8=0.0%, 16=0.0%, 32=0.0%, >=64=0.0%
     submit    : 0=0.0%, 4=100.0%, 8=0.0%, 16=0.0%, 32=0.0%, 64=0.0%, >=64=0.0%
     complete  : 0=0.0%, 4=100.0%, 8=0.0%, 16=0.0%, 32=0.0%, 64=0.0%, >=64=0.0%
     issued rwts: total=0,327680,0,0 short=0,0,0,0 dropped=0,0,0,0
     latency   : target=0, window=0, percentile=100.00%, depth=1
job8.0: (groupid=0, jobs=1): err= 0: pid=10729: Tue Oct 24 20:46:04 2023
  write: IOPS=8530, BW=133MiB/s (140MB/s)(5120MiB/38414msec); 0 zone resets
    clat (usec): min=2, max=283322, avg=101.55, stdev=2120.21
     lat (usec): min=2, max=283322, avg=101.67, stdev=2120.21
    clat percentiles (usec):
     |  1.00th=[    4],  5.00th=[    5], 10.00th=[    6], 20.00th=[    8],
     | 30.00th=[   10], 40.00th=[   11], 50.00th=[   13], 60.00th=[   14],
     | 70.00th=[   16], 80.00th=[   17], 90.00th=[   20], 95.00th=[   24],
     | 99.00th=[   44], 99.50th=[  135], 99.90th=[29754], 99.95th=[43779],
     | 99.99th=[76022]
   bw (  KiB/s): min=15648, max=448736, per=5.73%, avg=140002.94, stdev=80121.17, samples=71
   iops        : min=  978, max=28046, avg=8749.99, stdev=5007.50, samples=71
  lat (usec)   : 4=2.82%, 10=29.76%, 20=58.18%, 50=8.43%, 100=0.26%
  lat (usec)   : 250=0.12%, 500=0.05%, 750=0.02%, 1000=0.01%
  lat (msec)   : 2=0.01%, 4=0.02%, 10=0.07%, 20=0.09%, 50=0.13%
  lat (msec)   : 100=0.03%, 250=0.01%, 500=0.01%
  cpu          : usr=0.60%, sys=12.35%, ctx=19091, majf=0, minf=16
  IO depths    : 1=100.0%, 2=0.0%, 4=0.0%, 8=0.0%, 16=0.0%, 32=0.0%, >=64=0.0%
     submit    : 0=0.0%, 4=100.0%, 8=0.0%, 16=0.0%, 32=0.0%, 64=0.0%, >=64=0.0%
     complete  : 0=0.0%, 4=100.0%, 8=0.0%, 16=0.0%, 32=0.0%, 64=0.0%, >=64=0.0%
     issued rwts: total=0,327680,0,0 short=0,0,0,0 dropped=0,0,0,0
     latency   : target=0, window=0, percentile=100.00%, depth=1

Run status group 0 (all jobs):
   READ: bw=2418MiB/s (2536MB/s), 17.3MiB/s-270MiB/s (18.2MB/s-283MB/s), io=90.4GiB (97.1GB), run=18971-38285msec
  WRITE: bw=2386MiB/s (2502MB/s), 16.5MiB/s-133MiB/s (17.3MB/s-140MB/s), io=89.6GiB (96.2GB), run=27927-38441msec

Disk stats (read/write):
  nvme0n1: ios=39559/93559, merge=0/845, ticks=99301/1483787, in_queue=1583130, util=89.62%
