job0.0: (g=0): rw=rw, bs=(R) 16.0KiB-16.0KiB, (W) 16.0KiB-16.0KiB, (T) 16.0KiB-16.0KiB, ioengine=psync, iodepth=1
job1.0: (g=0): rw=rw, bs=(R) 16.0KiB-16.0KiB, (W) 16.0KiB-16.0KiB, (T) 16.0KiB-16.0KiB, ioengine=psync, iodepth=1
job2.0: (g=0): rw=rw, bs=(R) 16.0KiB-16.0KiB, (W) 16.0KiB-16.0KiB, (T) 16.0KiB-16.0KiB, ioengine=psync, iodepth=1
job3.0: (g=0): rw=rw, bs=(R) 16.0KiB-16.0KiB, (W) 16.0KiB-16.0KiB, (T) 16.0KiB-16.0KiB, ioengine=psync, iodepth=1
job4.0: (g=0): rw=rw, bs=(R) 16.0KiB-16.0KiB, (W) 16.0KiB-16.0KiB, (T) 16.0KiB-16.0KiB, ioengine=psync, iodepth=1
job5.0: (g=0): rw=rw, bs=(R) 16.0KiB-16.0KiB, (W) 16.0KiB-16.0KiB, (T) 16.0KiB-16.0KiB, ioengine=psync, iodepth=1
job6.0: (g=0): rw=rw, bs=(R) 16.0KiB-16.0KiB, (W) 16.0KiB-16.0KiB, (T) 16.0KiB-16.0KiB, ioengine=psync, iodepth=1
job7.0: (g=0): rw=rw, bs=(R) 16.0KiB-16.0KiB, (W) 16.0KiB-16.0KiB, (T) 16.0KiB-16.0KiB, ioengine=psync, iodepth=1
fio-3.28
Starting 8 processes

job0.0: (groupid=0, jobs=1): err= 0: pid=21463: Tue Oct 24 16:08:18 2023
  read: IOPS=27.3k, BW=427MiB/s (448MB/s)(5120MiB/11989msec)
    clat (nsec): min=1212, max=10587k, avg=21381.16, stdev=151341.72
     lat (nsec): min=1253, max=10587k, avg=21432.68, stdev=151341.40
    clat percentiles (nsec):
     |  1.00th=[   1656],  5.00th=[   1752], 10.00th=[   1864],
     | 20.00th=[   2040], 30.00th=[   2160], 40.00th=[   2288],
     | 50.00th=[   2416], 60.00th=[   2576], 70.00th=[   2768],
     | 80.00th=[   3120], 90.00th=[   4384], 95.00th=[ 100864],
     | 99.00th=[ 382976], 99.50th=[ 544768], 99.90th=[1892352],
     | 99.95th=[3129344], 99.99th=[6127616]
   bw (  KiB/s): min=27200, max=858392, per=26.90%, avg=531565.83, stdev=250115.98, samples=18
   iops        : min= 1700, max=53649, avg=33222.83, stdev=15632.21, samples=18
  lat (usec)   : 2=17.52%, 4=70.55%, 10=5.60%, 20=0.22%, 50=0.28%
  lat (usec)   : 100=0.83%, 250=2.84%, 500=1.60%, 750=0.27%, 1000=0.10%
  lat (msec)   : 2=0.13%, 4=0.06%, 10=0.03%, 20=0.01%
  cpu          : usr=1.53%, sys=23.21%, ctx=83532, majf=0, minf=15
  IO depths    : 1=100.0%, 2=0.0%, 4=0.0%, 8=0.0%, 16=0.0%, 32=0.0%, >=64=0.0%
     submit    : 0=0.0%, 4=100.0%, 8=0.0%, 16=0.0%, 32=0.0%, 64=0.0%, >=64=0.0%
     complete  : 0=0.0%, 4=100.0%, 8=0.0%, 16=0.0%, 32=0.0%, 64=0.0%, >=64=0.0%
     issued rwts: total=327680,0,0,0 short=0,0,0,0 dropped=0,0,0,0
     latency   : target=0, window=0, percentile=100.00%, depth=1
job1.0: (groupid=0, jobs=1): err= 0: pid=21464: Tue Oct 24 16:08:18 2023
  read: IOPS=25.4k, BW=397MiB/s (416MB/s)(4502MiB/11348msec)
    clat (nsec): min=1193, max=9606.7k, avg=13179.29, stdev=112997.88
     lat (nsec): min=1233, max=9606.8k, avg=13234.82, stdev=112998.65
    clat percentiles (nsec):
     |  1.00th=[   1576],  5.00th=[   1880], 10.00th=[   2064],
     | 20.00th=[   2256], 30.00th=[   2416], 40.00th=[   2576],
     | 50.00th=[   2736], 60.00th=[   2928], 70.00th=[   3184],
     | 80.00th=[   3728], 90.00th=[   4832], 95.00th=[   6112],
     | 99.00th=[ 280576], 99.50th=[ 415744], 99.90th=[1056768],
     | 99.95th=[1974272], 99.99th=[5865472]
   bw (  KiB/s): min=28000, max=771896, per=25.93%, avg=512340.24, stdev=243638.94, samples=17
   iops        : min= 1750, max=48243, avg=32021.24, stdev=15227.40, samples=17
  write: IOPS=3483, BW=54.4MiB/s (57.1MB/s)(618MiB/11348msec); 0 zone resets
    clat (usec): min=3, max=11696, avg=64.56, stdev=405.92
     lat (usec): min=3, max=11696, avg=64.67, stdev=405.92
    clat percentiles (usec):
     |  1.00th=[    5],  5.00th=[    6], 10.00th=[    7], 20.00th=[    8],
     | 30.00th=[    9], 40.00th=[   10], 50.00th=[   11], 60.00th=[   12],
     | 70.00th=[   13], 80.00th=[   14], 90.00th=[   17], 95.00th=[   61],
     | 99.00th=[ 1336], 99.50th=[ 2606], 99.90th=[ 6194], 99.95th=[ 7701],
     | 99.99th=[10683]
   bw (  KiB/s): min= 3968, max=106443, per=4.36%, avg=70210.35, stdev=33217.10, samples=17
   iops        : min=  248, max= 6652, avg=4388.06, stdev=2075.98, samples=17
  lat (usec)   : 2=7.16%, 4=65.45%, 10=17.87%, 20=5.53%, 50=0.48%
  lat (usec)   : 100=0.55%, 250=1.42%, 500=0.92%, 750=0.24%, 1000=0.12%
  lat (msec)   : 2=0.14%, 4=0.07%, 10=0.05%, 20=0.01%
  cpu          : usr=2.04%, sys=20.77%, ctx=90556, majf=0, minf=20
  IO depths    : 1=100.0%, 2=0.0%, 4=0.0%, 8=0.0%, 16=0.0%, 32=0.0%, >=64=0.0%
     submit    : 0=0.0%, 4=100.0%, 8=0.0%, 16=0.0%, 32=0.0%, 64=0.0%, >=64=0.0%
     complete  : 0=0.0%, 4=100.0%, 8=0.0%, 16=0.0%, 32=0.0%, 64=0.0%, >=64=0.0%
     issued rwts: total=288154,39526,0,0 short=0,0,0,0 dropped=0,0,0,0
     latency   : target=0, window=0, percentile=100.00%, depth=1
job2.0: (groupid=0, jobs=1): err= 0: pid=21465: Tue Oct 24 16:08:18 2023
  read: IOPS=26.5k, BW=413MiB/s (433MB/s)(3844MiB/9299msec)
    clat (nsec): min=1212, max=10244k, avg=9354.73, stdev=93918.74
     lat (nsec): min=1252, max=10244k, avg=9415.57, stdev=93933.89
    clat percentiles (nsec):
     |  1.00th=[   1416],  5.00th=[   1768], 10.00th=[   1960],
     | 20.00th=[   2192], 30.00th=[   2352], 40.00th=[   2512],
     | 50.00th=[   2640], 60.00th=[   2800], 70.00th=[   3024],
     | 80.00th=[   3344], 90.00th=[   4192], 95.00th=[   5088],
     | 99.00th=[ 177152], 99.50th=[ 321536], 99.90th=[ 929792],
     | 99.95th=[1662976], 99.99th=[4292608]
   bw (  KiB/s): min=31808, max=775121, per=26.93%, avg=532138.14, stdev=237818.23, samples=14
   iops        : min= 1988, max=48445, avg=33258.57, stdev=14863.58, samples=14
  write: IOPS=8784, BW=137MiB/s (144MB/s)(1276MiB/9299msec); 0 zone resets
    clat (usec): min=2, max=14263, avg=38.62, stdev=286.16
     lat (usec): min=3, max=14264, avg=38.74, stdev=286.16
    clat percentiles (usec):
     |  1.00th=[    5],  5.00th=[    6], 10.00th=[    6], 20.00th=[    7],
     | 30.00th=[    8], 40.00th=[    9], 50.00th=[   10], 60.00th=[   11],
     | 70.00th=[   12], 80.00th=[   14], 90.00th=[   16], 95.00th=[   19],
     | 99.00th=[  758], 99.50th=[ 1336], 99.90th=[ 4424], 99.95th=[ 6456],
     | 99.99th=[ 9503]
   bw (  KiB/s): min=11008, max=255616, per=10.99%, avg=176751.64, stdev=77829.85, samples=14
   iops        : min=  688, max=15976, avg=11046.93, stdev=4864.32, samples=14
  lat (usec)   : 2=8.40%, 4=58.00%, 10=20.14%, 20=10.67%, 50=0.47%
  lat (usec)   : 100=0.37%, 250=0.81%, 500=0.53%, 750=0.23%, 1000=0.11%
  lat (msec)   : 2=0.14%, 4=0.07%, 10=0.04%, 20=0.01%
  cpu          : usr=2.72%, sys=23.74%, ctx=62791, majf=1, minf=19
  IO depths    : 1=100.0%, 2=0.0%, 4=0.0%, 8=0.0%, 16=0.0%, 32=0.0%, >=64=0.0%
     submit    : 0=0.0%, 4=100.0%, 8=0.0%, 16=0.0%, 32=0.0%, 64=0.0%, >=64=0.0%
     complete  : 0=0.0%, 4=100.0%, 8=0.0%, 16=0.0%, 32=0.0%, 64=0.0%, >=64=0.0%
     issued rwts: total=245995,81685,0,0 short=0,0,0,0 dropped=0,0,0,0
     latency   : target=0, window=0, percentile=100.00%, depth=1
job3.0: (groupid=0, jobs=1): err= 0: pid=21466: Tue Oct 24 16:08:18 2023
  read: IOPS=24.5k, BW=382MiB/s (401MB/s)(3217MiB/8413msec)
    clat (nsec): min=1222, max=11044k, avg=5604.51, stdev=81518.36
     lat (nsec): min=1262, max=11044k, avg=5673.75, stdev=81643.41
    clat percentiles (nsec):
     |  1.00th=[   1480],  5.00th=[   1928], 10.00th=[   2096],
     | 20.00th=[   2288], 30.00th=[   2416], 40.00th=[   2544],
     | 50.00th=[   2672], 60.00th=[   2832], 70.00th=[   2992],
     | 80.00th=[   3248], 90.00th=[   3696], 95.00th=[   4192],
     | 99.00th=[   7136], 99.50th=[ 107008], 99.90th=[ 544768],
     | 99.95th=[ 978944], 99.99th=[4014080]
   bw (  KiB/s): min= 1504, max=755776, per=25.83%, avg=510428.42, stdev=249243.89, samples=12
   iops        : min=   94, max=47236, avg=31901.67, stdev=15577.68, samples=12
  write: IOPS=14.5k, BW=226MiB/s (237MB/s)(1903MiB/8413msec); 0 zone resets
    clat (usec): min=3, max=15534, avg=28.04, stdev=236.42
     lat (usec): min=3, max=15534, avg=28.16, stdev=236.42
    clat percentiles (usec):
     |  1.00th=[    5],  5.00th=[    5], 10.00th=[    6], 20.00th=[    7],
     | 30.00th=[    8], 40.00th=[    9], 50.00th=[   10], 60.00th=[   11],
     | 70.00th=[   12], 80.00th=[   13], 90.00th=[   15], 95.00th=[   18],
     | 99.00th=[  449], 99.50th=[  947], 99.90th=[ 3884], 99.95th=[ 5669],
     | 99.99th=[ 8291]
   bw (  KiB/s): min= 1184, max=437440, per=18.76%, avg=301721.17, stdev=146959.92, samples=12
   iops        : min=   74, max=27340, avg=18857.50, stdev=9184.96, samples=12
  lat (usec)   : 2=4.13%, 4=54.90%, 10=23.86%, 20=15.40%, 50=0.51%
  lat (usec)   : 100=0.18%, 250=0.39%, 500=0.22%, 750=0.13%, 1000=0.08%
  lat (msec)   : 2=0.11%, 4=0.05%, 10=0.04%, 20=0.01%
  cpu          : usr=2.35%, sys=28.14%, ctx=59901, majf=0, minf=20
  IO depths    : 1=100.0%, 2=0.0%, 4=0.0%, 8=0.0%, 16=0.0%, 32=0.0%, >=64=0.0%
     submit    : 0=0.0%, 4=100.0%, 8=0.0%, 16=0.0%, 32=0.0%, 64=0.0%, >=64=0.0%
     complete  : 0=0.0%, 4=100.0%, 8=0.0%, 16=0.0%, 32=0.0%, 64=0.0%, >=64=0.0%
     issued rwts: total=205912,121768,0,0 short=0,0,0,0 dropped=0,0,0,0
     latency   : target=0, window=0, percentile=100.00%, depth=1
job4.0: (groupid=0, jobs=1): err= 0: pid=21467: Tue Oct 24 16:08:18 2023
  read: IOPS=25.4k, BW=397MiB/s (416MB/s)(2556MiB/6447msec)
    clat (nsec): min=1202, max=4960.0k, avg=3158.18, stdev=21362.64
     lat (nsec): min=1252, max=4960.1k, avg=3214.66, stdev=21393.93
    clat percentiles (nsec):
     |  1.00th=[  1336],  5.00th=[  1608], 10.00th=[  1928], 20.00th=[  2224],
     | 30.00th=[  2384], 40.00th=[  2544], 50.00th=[  2672], 60.00th=[  2800],
     | 70.00th=[  2960], 80.00th=[  3216], 90.00th=[  3568], 95.00th=[  3920],
     | 99.00th=[  4896], 99.50th=[  5664], 99.90th=[121344], 99.95th=[181248],
     | 99.99th=[782336]
   bw (  KiB/s): min=277856, max=644064, per=26.59%, avg=525437.67, stdev=122094.26, samples=9
   iops        : min=17366, max=40254, avg=32839.67, stdev=7630.78, samples=9
  write: IOPS=25.4k, BW=398MiB/s (417MB/s)(2564MiB/6447msec); 0 zone resets
    clat (usec): min=2, max=18171, avg=21.16, stdev=177.88
     lat (usec): min=2, max=18171, avg=21.30, stdev=178.07
    clat percentiles (usec):
     |  1.00th=[    4],  5.00th=[    5], 10.00th=[    5], 20.00th=[    6],
     | 30.00th=[    8], 40.00th=[    9], 50.00th=[   10], 60.00th=[   11],
     | 70.00th=[   12], 80.00th=[   13], 90.00th=[   15], 95.00th=[   17],
     | 99.00th=[  137], 99.50th=[  693], 99.90th=[ 2704], 99.95th=[ 3916],
     | 99.99th=[ 6587]
   bw (  KiB/s): min=274464, max=649088, per=32.74%, avg=526554.33, stdev=124709.71, samples=9
   iops        : min=17154, max=40568, avg=32909.56, stdev=7794.32, samples=9
  lat (usec)   : 2=5.64%, 4=43.63%, 10=28.84%, 20=20.59%, 50=0.59%
  lat (usec)   : 100=0.09%, 250=0.20%, 500=0.10%, 750=0.09%, 1000=0.06%
  lat (msec)   : 2=0.10%, 4=0.06%, 10=0.02%, 20=0.01%
  cpu          : usr=4.22%, sys=35.34%, ctx=41483, majf=0, minf=21
  IO depths    : 1=100.0%, 2=0.0%, 4=0.0%, 8=0.0%, 16=0.0%, 32=0.0%, >=64=0.0%
     submit    : 0=0.0%, 4=100.0%, 8=0.0%, 16=0.0%, 32=0.0%, 64=0.0%, >=64=0.0%
     complete  : 0=0.0%, 4=100.0%, 8=0.0%, 16=0.0%, 32=0.0%, 64=0.0%, >=64=0.0%
     issued rwts: total=163605,164075,0,0 short=0,0,0,0 dropped=0,0,0,0
     latency   : target=0, window=0, percentile=100.00%, depth=1
job5.0: (groupid=0, jobs=1): err= 0: pid=21468: Tue Oct 24 16:08:18 2023
  read: IOPS=14.8k, BW=232MiB/s (243MB/s)(1946MiB/8396msec)
    clat (nsec): min=1292, max=8993.1k, avg=3732.47, stdev=39312.25
     lat (nsec): min=1332, max=8993.2k, avg=3784.68, stdev=39312.56
    clat percentiles (usec):
     |  1.00th=[    3],  5.00th=[    3], 10.00th=[    3], 20.00th=[    3],
     | 30.00th=[    3], 40.00th=[    3], 50.00th=[    4], 60.00th=[    4],
     | 70.00th=[    4], 80.00th=[    4], 90.00th=[    4], 95.00th=[    5],
     | 99.00th=[    6], 99.50th=[    7], 99.90th=[  130], 99.95th=[  212],
     | 99.99th=[  783]
   bw (  KiB/s): min=122080, max=461312, per=16.25%, avg=321035.83, stdev=102036.29, samples=12
   iops        : min= 7630, max=28832, avg=20064.67, stdev=6377.31, samples=12
  write: IOPS=24.2k, BW=378MiB/s (396MB/s)(3174MiB/8396msec); 0 zone resets
    clat (usec): min=2, max=10911, avg=21.11, stdev=182.15
     lat (usec): min=2, max=10911, avg=21.24, stdev=182.26
    clat percentiles (usec):
     |  1.00th=[    4],  5.00th=[    5], 10.00th=[    5], 20.00th=[    6],
     | 30.00th=[    7], 40.00th=[    9], 50.00th=[   10], 60.00th=[   11],
     | 70.00th=[   12], 80.00th=[   13], 90.00th=[   15], 95.00th=[   17],
     | 99.00th=[  159], 99.50th=[  627], 99.90th=[ 2540], 99.95th=[ 4080],
     | 99.99th=[ 7898]
   bw (  KiB/s): min=203360, max=753184, per=32.59%, avg=524252.75, stdev=168348.27, samples=12
   iops        : min=12710, max=47074, avg=32765.75, stdev=10521.74, samples=12
  lat (usec)   : 2=0.37%, 4=37.27%, 10=35.13%, 20=25.53%, 50=0.72%
  lat (usec)   : 100=0.13%, 250=0.32%, 500=0.15%, 750=0.11%, 1000=0.07%
  lat (msec)   : 2=0.11%, 4=0.05%, 10=0.03%, 20=0.01%
  cpu          : usr=2.16%, sys=34.31%, ctx=60579, majf=0, minf=20
  IO depths    : 1=100.0%, 2=0.0%, 4=0.0%, 8=0.0%, 16=0.0%, 32=0.0%, >=64=0.0%
     submit    : 0=0.0%, 4=100.0%, 8=0.0%, 16=0.0%, 32=0.0%, 64=0.0%, >=64=0.0%
     complete  : 0=0.0%, 4=100.0%, 8=0.0%, 16=0.0%, 32=0.0%, 64=0.0%, >=64=0.0%
     issued rwts: total=124516,203164,0,0 short=0,0,0,0 dropped=0,0,0,0
     latency   : target=0, window=0, percentile=100.00%, depth=1
job6.0: (groupid=0, jobs=1): err= 0: pid=21469: Tue Oct 24 16:08:18 2023
  read: IOPS=8562, BW=134MiB/s (140MB/s)(1285MiB/9604msec)
    clat (nsec): min=1262, max=971146, avg=3823.65, stdev=9597.38
     lat (nsec): min=1312, max=971196, avg=3884.70, stdev=9666.04
    clat percentiles (usec):
     |  1.00th=[    3],  5.00th=[    3], 10.00th=[    3], 20.00th=[    3],
     | 30.00th=[    4], 40.00th=[    4], 50.00th=[    4], 60.00th=[    4],
     | 70.00th=[    4], 80.00th=[    4], 90.00th=[    5], 95.00th=[    5],
     | 99.00th=[    6], 99.50th=[    8], 99.90th=[  135], 99.95th=[  167],
     | 99.99th=[  396]
   bw (  KiB/s): min= 9920, max=255936, per=8.77%, avg=173316.27, stdev=69188.43, samples=15
   iops        : min=  620, max=15996, avg=10832.20, stdev=4324.23, samples=15
  write: IOPS=25.6k, BW=399MiB/s (419MB/s)(3835MiB/9604msec); 0 zone resets
    clat (usec): min=2, max=13390, avg=22.43, stdev=159.59
     lat (usec): min=2, max=13390, avg=22.60, stdev=160.57
    clat percentiles (usec):
     |  1.00th=[    4],  5.00th=[    5], 10.00th=[    6], 20.00th=[    8],
     | 30.00th=[    9], 40.00th=[   10], 50.00th=[   11], 60.00th=[   12],
     | 70.00th=[   13], 80.00th=[   14], 90.00th=[   16], 95.00th=[   18],
     | 99.00th=[  289], 99.50th=[  603], 99.90th=[ 2147], 99.95th=[ 3392],
     | 99.99th=[ 6390]
   bw (  KiB/s): min=33056, max=759409, per=32.16%, avg=517349.60, stdev=204691.16, samples=15
   iops        : min= 2066, max=47463, avg=32334.27, stdev=12793.14, samples=15
  lat (usec)   : 2=0.13%, 4=21.83%, 10=39.27%, 20=35.89%, 50=1.06%
  lat (usec)   : 100=0.25%, 250=0.74%, 500=0.38%, 750=0.18%, 1000=0.09%
  lat (msec)   : 2=0.11%, 4=0.05%, 10=0.03%, 20=0.01%
  cpu          : usr=2.74%, sys=35.11%, ctx=65356, majf=0, minf=20
  IO depths    : 1=100.0%, 2=0.0%, 4=0.0%, 8=0.0%, 16=0.0%, 32=0.0%, >=64=0.0%
     submit    : 0=0.0%, 4=100.0%, 8=0.0%, 16=0.0%, 32=0.0%, 64=0.0%, >=64=0.0%
     complete  : 0=0.0%, 4=100.0%, 8=0.0%, 16=0.0%, 32=0.0%, 64=0.0%, >=64=0.0%
     issued rwts: total=82236,245444,0,0 short=0,0,0,0 dropped=0,0,0,0
     latency   : target=0, window=0, percentile=100.00%, depth=1
job7.0: (groupid=0, jobs=1): err= 0: pid=21470: Tue Oct 24 16:08:18 2023
  read: IOPS=3770, BW=58.9MiB/s (61.8MB/s)(664MiB/11272msec)
    clat (nsec): min=1433, max=1623.8k, avg=4408.27, stdev=15170.55
     lat (nsec): min=1473, max=1623.8k, avg=4471.76, stdev=15188.64
    clat percentiles (usec):
     |  1.00th=[    3],  5.00th=[    3], 10.00th=[    4], 20.00th=[    4],
     | 30.00th=[    4], 40.00th=[    4], 50.00th=[    4], 60.00th=[    5],
     | 70.00th=[    5], 80.00th=[    5], 90.00th=[    5], 95.00th=[    6],
     | 99.00th=[    7], 99.50th=[    9], 99.90th=[  135], 99.95th=[  196],
     | 99.99th=[  603]
   bw (  KiB/s): min= 1600, max=112798, per=3.87%, avg=76498.53, stdev=35054.09, samples=17
   iops        : min=  100, max= 7049, avg=4781.06, stdev=2190.80, samples=17
  write: IOPS=25.3k, BW=395MiB/s (415MB/s)(4456MiB/11272msec); 0 zone resets
    clat (usec): min=2, max=12932, avg=21.55, stdev=154.03
     lat (usec): min=2, max=12932, avg=21.69, stdev=154.05
    clat percentiles (usec):
     |  1.00th=[    5],  5.00th=[    6], 10.00th=[    7], 20.00th=[    8],
     | 30.00th=[    9], 40.00th=[   10], 50.00th=[   11], 60.00th=[   12],
     | 70.00th=[   13], 80.00th=[   14], 90.00th=[   16], 95.00th=[   19],
     | 99.00th=[  239], 99.50th=[  449], 99.90th=[ 1876], 99.95th=[ 3261],
     | 99.99th=[ 7242]
   bw (  KiB/s): min=12576, max=769948, per=31.90%, avg=513138.12, stdev=234077.19, samples=17
   iops        : min=  786, max=48121, avg=32071.00, stdev=14629.73, samples=17
  lat (usec)   : 2=0.02%, 4=8.08%, 10=46.26%, 20=41.74%, 50=1.52%
  lat (usec)   : 100=0.52%, 250=1.01%, 500=0.46%, 750=0.14%, 1000=0.07%
  lat (msec)   : 2=0.09%, 4=0.05%, 10=0.03%, 20=0.01%
  cpu          : usr=2.35%, sys=35.36%, ctx=85045, majf=1, minf=18
  IO depths    : 1=100.0%, 2=0.0%, 4=0.0%, 8=0.0%, 16=0.0%, 32=0.0%, >=64=0.0%
     submit    : 0=0.0%, 4=100.0%, 8=0.0%, 16=0.0%, 32=0.0%, 64=0.0%, >=64=0.0%
     complete  : 0=0.0%, 4=100.0%, 8=0.0%, 16=0.0%, 32=0.0%, 64=0.0%, >=64=0.0%
     issued rwts: total=42503,285177,0,0 short=0,0,0,0 dropped=0,0,0,0
     latency   : target=0, window=0, percentile=100.00%, depth=1

Run status group 0 (all jobs):
   READ: bw=1930MiB/s (2023MB/s), 58.9MiB/s-427MiB/s (61.8MB/s-448MB/s), io=22.6GiB (24.3GB), run=6447-11989msec
  WRITE: bw=1571MiB/s (1647MB/s), 54.4MiB/s-399MiB/s (57.1MB/s-419MB/s), io=17.4GiB (18.7GB), run=6447-11348msec

Disk stats (read/write):
  nvme0n1: ios=22866/114559, merge=0/69, ticks=8399/688453, in_queue=696857, util=94.90%
