job0.0: (g=0): rw=randrw, bs=(R) 1024B-1024B, (W) 1024B-1024B, (T) 1024B-1024B, ioengine=psync, iodepth=1
...
job1.0: (g=0): rw=randrw, bs=(R) 2048B-2048B, (W) 2048B-2048B, (T) 2048B-2048B, ioengine=psync, iodepth=1
...
job2.0: (g=0): rw=randrw, bs=(R) 4096B-4096B, (W) 4096B-4096B, (T) 4096B-4096B, ioengine=psync, iodepth=1
...
job3.0: (g=0): rw=randrw, bs=(R) 8192B-8192B, (W) 8192B-8192B, (T) 8192B-8192B, ioengine=psync, iodepth=1
...
job4.0: (g=0): rw=randrw, bs=(R) 16.0KiB-16.0KiB, (W) 16.0KiB-16.0KiB, (T) 16.0KiB-16.0KiB, ioengine=psync, iodepth=1
...
job5.0: (g=0): rw=randrw, bs=(R) 32.0KiB-32.0KiB, (W) 32.0KiB-32.0KiB, (T) 32.0KiB-32.0KiB, ioengine=psync, iodepth=1
...
job6.0: (g=0): rw=randrw, bs=(R) 64.0KiB-64.0KiB, (W) 64.0KiB-64.0KiB, (T) 64.0KiB-64.0KiB, ioengine=psync, iodepth=1
...
job7.0: (g=0): rw=randrw, bs=(R) 128KiB-128KiB, (W) 128KiB-128KiB, (T) 128KiB-128KiB, ioengine=psync, iodepth=1
...
job8.0: (g=0): rw=randrw, bs=(R) 256KiB-256KiB, (W) 256KiB-256KiB, (T) 256KiB-256KiB, ioengine=psync, iodepth=1
...
job9.0: (g=0): rw=randrw, bs=(R) 512KiB-512KiB, (W) 512KiB-512KiB, (T) 512KiB-512KiB, ioengine=psync, iodepth=1
...
job10.0: (g=0): rw=randrw, bs=(R) 1024KiB-1024KiB, (W) 1024KiB-1024KiB, (T) 1024KiB-1024KiB, ioengine=psync, iodepth=1
...
fio-3.28
Starting 22 processes

job0.0: (groupid=0, jobs=1): err= 0: pid=8628: Tue Oct 24 20:33:07 2023
  read: IOPS=11.8k, BW=11.5MiB/s (12.1MB/s)(690MiB/60001msec)
    clat (nsec): min=711, max=79725k, avg=19085.84, stdev=243829.64
     lat (nsec): min=771, max=79725k, avg=19163.43, stdev=243853.02
    clat percentiles (nsec):
     |  1.00th=[   1240],  5.00th=[   1464], 10.00th=[   1576],
     | 20.00th=[   1736], 30.00th=[   1832], 40.00th=[   1928],
     | 50.00th=[   2040], 60.00th=[   2160], 70.00th=[   2352],
     | 80.00th=[   2640], 90.00th=[   3312], 95.00th=[  75264],
     | 99.00th=[ 259072], 99.50th=[ 528384], 99.90th=[2703360],
     | 99.95th=[4227072], 99.99th=[9371648]
   bw (  KiB/s): min=  198, max=99516, per=1.17%, avg=12344.06, stdev=19024.37, samples=114
   iops        : min=  198, max=99516, avg=12344.06, stdev=19024.37, samples=114
  write: IOPS=5811, BW=5811KiB/s (5950kB/s)(340MiB/60001msec); 0 zone resets
    clat (nsec): min=1042, max=172782k, avg=121555.05, stdev=1458300.65
     lat (nsec): min=1122, max=172782k, avg=121648.09, stdev=1458312.68
    clat percentiles (usec):
     |  1.00th=[    3],  5.00th=[    3], 10.00th=[    3], 20.00th=[    4],
     | 30.00th=[    4], 40.00th=[    5], 50.00th=[    5], 60.00th=[    6],
     | 70.00th=[    8], 80.00th=[   11], 90.00th=[   44], 95.00th=[  212],
     | 99.00th=[ 1352], 99.50th=[ 4752], 99.90th=[21890], 99.95th=[33162],
     | 99.99th=[53216]
   bw (  KiB/s): min=   70, max=48796, per=1.16%, avg=6087.49, stdev=9356.97, samples=114
   iops        : min=   70, max=48796, avg=6087.49, stdev=9356.97, samples=114
  lat (nsec)   : 750=0.03%, 1000=0.17%
  lat (usec)   : 2=30.67%, 4=44.00%, 10=14.16%, 20=2.90%, 50=1.38%
  lat (usec)   : 100=1.96%, 250=2.49%, 500=0.91%, 750=0.47%, 1000=0.23%
  lat (msec)   : 2=0.27%, 4=0.14%, 10=0.14%, 20=0.05%, 50=0.03%
  lat (msec)   : 100=0.01%, 250=0.01%
  cpu          : usr=2.40%, sys=10.20%, ctx=81665, majf=0, minf=21
  IO depths    : 1=100.0%, 2=0.0%, 4=0.0%, 8=0.0%, 16=0.0%, 32=0.0%, >=64=0.0%
     submit    : 0=0.0%, 4=100.0%, 8=0.0%, 16=0.0%, 32=0.0%, 64=0.0%, >=64=0.0%
     complete  : 0=0.0%, 4=100.0%, 8=0.0%, 16=0.0%, 32=0.0%, 64=0.0%, >=64=0.0%
     issued rwts: total=706938,348667,0,0 short=0,0,0,0 dropped=0,0,0,0
     latency   : target=0, window=0, percentile=100.00%, depth=1
job0.0: (groupid=0, jobs=1): err= 0: pid=8629: Tue Oct 24 20:33:07 2023
  read: IOPS=11.8k, BW=11.5MiB/s (12.1MB/s)(690MiB/60001msec)
    clat (nsec): min=721, max=84679k, avg=18744.24, stdev=243985.59
     lat (nsec): min=781, max=84679k, avg=18819.12, stdev=243994.85
    clat percentiles (nsec):
     |  1.00th=[   1256],  5.00th=[   1464], 10.00th=[   1576],
     | 20.00th=[   1736], 30.00th=[   1848], 40.00th=[   1928],
     | 50.00th=[   2040], 60.00th=[   2160], 70.00th=[   2352],
     | 80.00th=[   2608], 90.00th=[   3280], 95.00th=[  74240],
     | 99.00th=[ 248832], 99.50th=[ 505856], 99.90th=[2637824],
     | 99.95th=[4227072], 99.99th=[9633792]
   bw (  KiB/s): min=  184, max=102572, per=1.19%, avg=12545.55, stdev=19344.91, samples=112
   iops        : min=  184, max=102572, avg=12545.59, stdev=19344.97, samples=112
  write: IOPS=5822, BW=5823KiB/s (5962kB/s)(341MiB/60001msec); 0 zone resets
    clat (nsec): min=1082, max=172773k, avg=118774.16, stdev=1430196.57
     lat (nsec): min=1152, max=172773k, avg=118862.90, stdev=1430203.09
    clat percentiles (usec):
     |  1.00th=[    3],  5.00th=[    3], 10.00th=[    3], 20.00th=[    4],
     | 30.00th=[    4], 40.00th=[    5], 50.00th=[    5], 60.00th=[    6],
     | 70.00th=[    8], 80.00th=[   11], 90.00th=[   43], 95.00th=[  215],
     | 99.00th=[ 1319], 99.50th=[ 4621], 99.90th=[21365], 99.95th=[32375],
     | 99.99th=[51643]
   bw (  KiB/s): min=   72, max=50820, per=1.18%, avg=6205.28, stdev=9578.95, samples=112
   iops        : min=   72, max=50820, avg=6205.26, stdev=9578.95, samples=112
  lat (nsec)   : 750=0.01%, 1000=0.15%
  lat (usec)   : 2=30.63%, 4=44.20%, 10=14.01%, 20=2.90%, 50=1.48%
  lat (usec)   : 100=1.93%, 250=2.48%, 500=0.92%, 750=0.46%, 1000=0.22%
  lat (msec)   : 2=0.26%, 4=0.13%, 10=0.13%, 20=0.05%, 50=0.03%
  lat (msec)   : 100=0.01%, 250=0.01%
  cpu          : usr=2.14%, sys=10.84%, ctx=88207, majf=0, minf=21
  IO depths    : 1=100.0%, 2=0.0%, 4=0.0%, 8=0.0%, 16=0.0%, 32=0.0%, >=64=0.0%
     submit    : 0=0.0%, 4=100.0%, 8=0.0%, 16=0.0%, 32=0.0%, 64=0.0%, >=64=0.0%
     complete  : 0=0.0%, 4=100.0%, 8=0.0%, 16=0.0%, 32=0.0%, 64=0.0%, >=64=0.0%
     issued rwts: total=706430,349371,0,0 short=0,0,0,0 dropped=0,0,0,0
     latency   : target=0, window=0, percentile=100.00%, depth=1
job1.0: (groupid=0, jobs=1): err= 0: pid=8630: Tue Oct 24 20:33:07 2023
  read: IOPS=11.8k, BW=23.0MiB/s (24.1MB/s)(1381MiB/60001msec)
    clat (nsec): min=741, max=30592k, avg=19849.10, stdev=227841.38
     lat (nsec): min=802, max=30592k, avg=19942.29, stdev=227995.79
    clat percentiles (nsec):
     |  1.00th=[   1400],  5.00th=[   1688], 10.00th=[   1832],
     | 20.00th=[   1992], 30.00th=[   2128], 40.00th=[   2224],
     | 50.00th=[   2352], 60.00th=[   2512], 70.00th=[   2704],
     | 80.00th=[   3024], 90.00th=[   3824], 95.00th=[  77312],
     | 99.00th=[ 261120], 99.50th=[ 528384], 99.90th=[2899968],
     | 99.95th=[4554752], 99.99th=[9764864]
   bw (  KiB/s): min=  315, max=199884, per=2.30%, avg=24278.72, stdev=37324.02, samples=116
   iops        : min=  157, max=99942, avg=12139.27, stdev=18662.01, samples=116
  write: IOPS=5811, BW=11.4MiB/s (11.9MB/s)(681MiB/60001msec); 0 zone resets
    clat (nsec): min=1092, max=168573k, avg=120975.69, stdev=1460498.81
     lat (nsec): min=1172, max=168573k, avg=121072.47, stdev=1460753.14
    clat percentiles (usec):
     |  1.00th=[    3],  5.00th=[    3], 10.00th=[    3], 20.00th=[    4],
     | 30.00th=[    4], 40.00th=[    5], 50.00th=[    6], 60.00th=[    7],
     | 70.00th=[    8], 80.00th=[   12], 90.00th=[   42], 95.00th=[  202],
     | 99.00th=[ 1352], 99.50th=[ 4752], 99.90th=[21627], 99.95th=[33162],
     | 99.99th=[54789]
   bw (  KiB/s): min=  180, max=98059, per=2.28%, avg=11973.66, stdev=18330.63, samples=116
   iops        : min=   90, max=49029, avg=5986.71, stdev=9165.26, samples=116
  lat (nsec)   : 750=0.01%, 1000=0.18%
  lat (usec)   : 2=13.66%, 4=57.85%, 10=16.91%, 20=3.15%, 50=1.52%
  lat (usec)   : 100=2.01%, 250=2.51%, 500=0.91%, 750=0.46%, 1000=0.23%
  lat (msec)   : 2=0.26%, 4=0.14%, 10=0.14%, 20=0.05%, 50=0.03%
  lat (msec)   : 100=0.01%, 250=0.01%
  cpu          : usr=2.08%, sys=10.76%, ctx=83648, majf=0, minf=23
  IO depths    : 1=100.0%, 2=0.0%, 4=0.0%, 8=0.0%, 16=0.0%, 32=0.0%, >=64=0.0%
     submit    : 0=0.0%, 4=100.0%, 8=0.0%, 16=0.0%, 32=0.0%, 64=0.0%, >=64=0.0%
     complete  : 0=0.0%, 4=100.0%, 8=0.0%, 16=0.0%, 32=0.0%, 64=0.0%, >=64=0.0%
     issued rwts: total=706951,348711,0,0 short=0,0,0,0 dropped=0,0,0,0
     latency   : target=0, window=0, percentile=100.00%, depth=1
job1.0: (groupid=0, jobs=1): err= 0: pid=8631: Tue Oct 24 20:33:07 2023
  read: IOPS=11.8k, BW=23.0MiB/s (24.1MB/s)(1378MiB/60001msec)
    clat (nsec): min=741, max=62924k, avg=19962.54, stdev=240686.16
     lat (nsec): min=811, max=62924k, avg=20101.16, stdev=243485.94
    clat percentiles (nsec):
     |  1.00th=[   1400],  5.00th=[   1688], 10.00th=[   1832],
     | 20.00th=[   1992], 30.00th=[   2128], 40.00th=[   2224],
     | 50.00th=[   2352], 60.00th=[   2512], 70.00th=[   2736],
     | 80.00th=[   3024], 90.00th=[   3856], 95.00th=[  77312],
     | 99.00th=[ 259072], 99.50th=[ 528384], 99.90th=[2867200],
     | 99.95th=[4358144], 99.99th=[9371648]
   bw (  KiB/s): min=  215, max=173748, per=2.30%, avg=24214.76, stdev=35252.00, samples=116
   iops        : min=  107, max=86874, avg=12107.27, stdev=17625.98, samples=116
  write: IOPS=5833, BW=11.4MiB/s (11.9MB/s)(684MiB/60001msec); 0 zone resets
    clat (nsec): min=1082, max=172638k, avg=119945.10, stdev=1425254.33
     lat (nsec): min=1172, max=172638k, avg=120037.46, stdev=1425265.40
    clat percentiles (usec):
     |  1.00th=[    3],  5.00th=[    3], 10.00th=[    3], 20.00th=[    4],
     | 30.00th=[    4], 40.00th=[    5], 50.00th=[    6], 60.00th=[    7],
     | 70.00th=[    8], 80.00th=[   12], 90.00th=[   42], 95.00th=[  206],
     | 99.00th=[ 1352], 99.50th=[ 4752], 99.90th=[21103], 99.95th=[32113],
     | 99.99th=[51643]
   bw (  KiB/s): min=  132, max=87628, per=2.28%, avg=12012.87, stdev=17487.53, samples=116
   iops        : min=   66, max=43814, avg=6006.34, stdev=8743.77, samples=116
  lat (nsec)   : 750=0.01%, 1000=0.17%
  lat (usec)   : 2=13.61%, 4=57.89%, 10=16.87%, 20=3.21%, 50=1.55%
  lat (usec)   : 100=1.96%, 250=2.52%, 500=0.91%, 750=0.45%, 1000=0.23%
  lat (msec)   : 2=0.27%, 4=0.14%, 10=0.14%, 20=0.05%, 50=0.03%
  lat (msec)   : 100=0.01%, 250=0.01%
  cpu          : usr=2.12%, sys=10.81%, ctx=83536, majf=0, minf=23
  IO depths    : 1=100.0%, 2=0.0%, 4=0.0%, 8=0.0%, 16=0.0%, 32=0.0%, >=64=0.0%
     submit    : 0=0.0%, 4=100.0%, 8=0.0%, 16=0.0%, 32=0.0%, 64=0.0%, >=64=0.0%
     complete  : 0=0.0%, 4=100.0%, 8=0.0%, 16=0.0%, 32=0.0%, 64=0.0%, >=64=0.0%
     issued rwts: total=705609,350021,0,0 short=0,0,0,0 dropped=0,0,0,0
     latency   : target=0, window=0, percentile=100.00%, depth=1
job2.0: (groupid=0, jobs=1): err= 0: pid=8632: Tue Oct 24 20:33:07 2023
  read: IOPS=11.8k, BW=46.1MiB/s (48.3MB/s)(2763MiB/60002msec)
    clat (nsec): min=832, max=31452k, avg=21964.89, stdev=248490.17
     lat (nsec): min=901, max=31452k, avg=22039.55, stdev=248500.50
    clat percentiles (nsec):
     |  1.00th=[    1720],  5.00th=[    1960], 10.00th=[    2096],
     | 20.00th=[    2256], 30.00th=[    2352], 40.00th=[    2480],
     | 50.00th=[    2608], 60.00th=[    2768], 70.00th=[    2960],
     | 80.00th=[    3312], 90.00th=[    4256], 95.00th=[   81408],
     | 99.00th=[  280576], 99.50th=[  577536], 99.90th=[ 3260416],
     | 99.95th=[ 4947968], 99.99th=[10289152]
   bw (  KiB/s): min=  545, max=516776, per=4.69%, avg=49462.40, stdev=81708.85, samples=114
   iops        : min=  136, max=129194, avg=12365.46, stdev=20427.19, samples=114
  write: IOPS=5815, BW=22.7MiB/s (23.8MB/s)(1363MiB/60002msec); 0 zone resets
    clat (nsec): min=1342, max=171280k, avg=111612.05, stdev=1413243.08
     lat (nsec): min=1422, max=171280k, avg=111740.63, stdev=1413971.56
    clat percentiles (usec):
     |  1.00th=[    3],  5.00th=[    3], 10.00th=[    4], 20.00th=[    4],
     | 30.00th=[    4], 40.00th=[    5], 50.00th=[    6], 60.00th=[    6],
     | 70.00th=[    8], 80.00th=[   10], 90.00th=[   24], 95.00th=[  167],
     | 99.00th=[ 1188], 99.50th=[ 4490], 99.90th=[20579], 99.95th=[31327],
     | 99.99th=[54789]
   bw (  KiB/s): min=  224, max=254112, per=4.64%, avg=24394.64, stdev=40133.79, samples=114
   iops        : min=   56, max=63528, avg=6098.54, stdev=10033.45, samples=114
  lat (nsec)   : 1000=0.02%
  lat (usec)   : 2=4.31%, 4=65.33%, 10=19.55%, 20=3.19%, 50=1.52%
  lat (usec)   : 100=1.64%, 250=2.22%, 500=0.92%, 750=0.46%, 1000=0.22%
  lat (msec)   : 2=0.26%, 4=0.12%, 10=0.15%, 20=0.05%, 50=0.03%
  lat (msec)   : 100=0.01%, 250=0.01%
  cpu          : usr=1.98%, sys=12.01%, ctx=68971, majf=0, minf=20
  IO depths    : 1=100.0%, 2=0.0%, 4=0.0%, 8=0.0%, 16=0.0%, 32=0.0%, >=64=0.0%
     submit    : 0=0.0%, 4=100.0%, 8=0.0%, 16=0.0%, 32=0.0%, 64=0.0%, >=64=0.0%
     complete  : 0=0.0%, 4=100.0%, 8=0.0%, 16=0.0%, 32=0.0%, 64=0.0%, >=64=0.0%
     issued rwts: total=707431,348944,0,0 short=0,0,0,0 dropped=0,0,0,0
     latency   : target=0, window=0, percentile=100.00%, depth=1
job2.0: (groupid=0, jobs=1): err= 0: pid=8633: Tue Oct 24 20:33:07 2023
  read: IOPS=11.8k, BW=46.1MiB/s (48.4MB/s)(2768MiB/60001msec)
    clat (nsec): min=832, max=32964k, avg=21379.79, stdev=240716.21
     lat (nsec): min=892, max=32964k, avg=21473.69, stdev=241157.34
    clat percentiles (nsec):
     |  1.00th=[    1720],  5.00th=[    1960], 10.00th=[    2096],
     | 20.00th=[    2256], 30.00th=[    2384], 40.00th=[    2512],
     | 50.00th=[    2640], 60.00th=[    2800], 70.00th=[    3024],
     | 80.00th=[    3376], 90.00th=[    4384], 95.00th=[   82432],
     | 99.00th=[  272384], 99.50th=[  552960], 99.90th=[ 2998272],
     | 99.95th=[ 4554752], 99.99th=[10027008]
   bw (  KiB/s): min=  648, max=361080, per=4.70%, avg=49535.41, stdev=76602.69, samples=114
   iops        : min=  162, max=90270, avg=12383.69, stdev=19150.68, samples=114
  write: IOPS=5801, BW=22.7MiB/s (23.8MB/s)(1360MiB/60001msec); 0 zone resets
    clat (nsec): min=1192, max=168684k, avg=112699.46, stdev=1413017.68
     lat (nsec): min=1272, max=168684k, avg=112802.93, stdev=1413028.66
    clat percentiles (usec):
     |  1.00th=[    3],  5.00th=[    3], 10.00th=[    4], 20.00th=[    4],
     | 30.00th=[    5], 40.00th=[    5], 50.00th=[    6], 60.00th=[    7],
     | 70.00th=[    8], 80.00th=[   11], 90.00th=[   24], 95.00th=[  174],
     | 99.00th=[ 1188], 99.50th=[ 4490], 99.90th=[20841], 99.95th=[31851],
     | 99.99th=[52691]
   bw (  KiB/s): min=  320, max=179184, per=4.63%, avg=24337.22, stdev=37707.04, samples=114
   iops        : min=   80, max=44796, avg=6084.16, stdev=9426.79, samples=114
  lat (nsec)   : 1000=0.02%
  lat (usec)   : 2=4.17%, 4=63.95%, 10=20.81%, 20=3.31%, 50=1.58%
  lat (usec)   : 100=1.69%, 250=2.26%, 500=0.92%, 750=0.45%, 1000=0.23%
  lat (msec)   : 2=0.26%, 4=0.12%, 10=0.14%, 20=0.05%, 50=0.03%
  lat (msec)   : 100=0.01%, 250=0.01%
  cpu          : usr=2.14%, sys=10.80%, ctx=71406, majf=0, minf=20
  IO depths    : 1=100.0%, 2=0.0%, 4=0.0%, 8=0.0%, 16=0.0%, 32=0.0%, >=64=0.0%
     submit    : 0=0.0%, 4=100.0%, 8=0.0%, 16=0.0%, 32=0.0%, 64=0.0%, >=64=0.0%
     complete  : 0=0.0%, 4=100.0%, 8=0.0%, 16=0.0%, 32=0.0%, 64=0.0%, >=64=0.0%
     issued rwts: total=708518,348083,0,0 short=0,0,0,0 dropped=0,0,0,0
     latency   : target=0, window=0, percentile=100.00%, depth=1
job3.0: (groupid=0, jobs=1): err= 0: pid=8634: Tue Oct 24 20:33:07 2023
  read: IOPS=5943, BW=46.4MiB/s (48.7MB/s)(2786MiB/60001msec)
    clat (nsec): min=1112, max=66986k, avg=42260.09, stdev=349414.81
     lat (nsec): min=1172, max=66986k, avg=42387.05, stdev=350278.92
    clat percentiles (usec):
     |  1.00th=[    3],  5.00th=[    4], 10.00th=[    4], 20.00th=[    4],
     | 30.00th=[    4], 40.00th=[    5], 50.00th=[    5], 60.00th=[    5],
     | 70.00th=[    6], 80.00th=[    7], 90.00th=[   91], 95.00th=[  155],
     | 99.00th=[  553], 99.50th=[ 1221], 99.90th=[ 4555], 99.95th=[ 6390],
     | 99.99th=[12518]
   bw (  KiB/s): min= 1344, max=283527, per=5.07%, avg=53457.03, stdev=58984.50, samples=106
   iops        : min=  168, max=35440, avg=6681.91, stdev=7373.03, samples=106
  write: IOPS=2909, BW=22.7MiB/s (23.8MB/s)(1364MiB/60001msec); 0 zone resets
    clat (nsec): min=1934, max=171356k, avg=206778.37, stdev=1936429.82
     lat (usec): min=2, max=171355, avg=206.91, stdev=1936.44
    clat percentiles (usec):
     |  1.00th=[    5],  5.00th=[    5], 10.00th=[    6], 20.00th=[    7],
     | 30.00th=[    7], 40.00th=[    8], 50.00th=[    9], 60.00th=[   11],
     | 70.00th=[   14], 80.00th=[   23], 90.00th=[  112], 95.00th=[  498],
     | 99.00th=[ 4015], 99.50th=[ 8979], 99.90th=[32113], 99.95th=[39584],
     | 99.99th=[62653]
   bw (  KiB/s): min=  720, max=138693, per=4.98%, avg=26162.89, stdev=28901.73, samples=106
   iops        : min=   90, max=17336, avg=3270.14, stdev=3612.69, samples=106
  lat (usec)   : 2=0.03%, 4=25.02%, 10=52.64%, 20=7.64%, 50=3.15%
  lat (usec)   : 100=1.73%, 250=5.53%, 500=1.87%, 750=0.86%, 1000=0.43%
  lat (msec)   : 2=0.46%, 4=0.22%, 10=0.26%, 20=0.09%, 50=0.07%
  lat (msec)   : 100=0.01%, 250=0.01%
  cpu          : usr=1.24%, sys=9.80%, ctx=82278, majf=0, minf=25
  IO depths    : 1=100.0%, 2=0.0%, 4=0.0%, 8=0.0%, 16=0.0%, 32=0.0%, >=64=0.0%
     submit    : 0=0.0%, 4=100.0%, 8=0.0%, 16=0.0%, 32=0.0%, 64=0.0%, >=64=0.0%
     complete  : 0=0.0%, 4=100.0%, 8=0.0%, 16=0.0%, 32=0.0%, 64=0.0%, >=64=0.0%
     issued rwts: total=356642,174572,0,0 short=0,0,0,0 dropped=0,0,0,0
     latency   : target=0, window=0, percentile=100.00%, depth=1
job3.0: (groupid=0, jobs=1): err= 0: pid=8635: Tue Oct 24 20:33:07 2023
  read: IOPS=5927, BW=46.3MiB/s (48.6MB/s)(2778MiB/60001msec)
    clat (nsec): min=1142, max=46185k, avg=41163.10, stdev=317742.36
     lat (nsec): min=1202, max=46185k, avg=41248.37, stdev=317772.34
    clat percentiles (usec):
     |  1.00th=[    3],  5.00th=[    4], 10.00th=[    4], 20.00th=[    4],
     | 30.00th=[    4], 40.00th=[    5], 50.00th=[    5], 60.00th=[    5],
     | 70.00th=[    6], 80.00th=[    6], 90.00th=[   90], 95.00th=[  155],
     | 99.00th=[  553], 99.50th=[ 1188], 99.90th=[ 4490], 99.95th=[ 6128],
     | 99.99th=[10683]
   bw (  KiB/s): min= 1232, max=325482, per=5.11%, avg=53833.05, stdev=63696.41, samples=105
   iops        : min=  154, max=40685, avg=6728.90, stdev=7962.01, samples=105
  write: IOPS=2924, BW=22.9MiB/s (24.0MB/s)(1371MiB/60001msec); 0 zone resets
    clat (nsec): min=1924, max=164115k, avg=205940.99, stdev=1948643.14
     lat (usec): min=2, max=164115, avg=206.09, stdev=1948.65
    clat percentiles (usec):
     |  1.00th=[    5],  5.00th=[    5], 10.00th=[    6], 20.00th=[    7],
     | 30.00th=[    7], 40.00th=[    8], 50.00th=[    9], 60.00th=[   11],
     | 70.00th=[   13], 80.00th=[   21], 90.00th=[  104], 95.00th=[  498],
     | 99.00th=[ 3949], 99.50th=[ 8979], 99.90th=[31589], 99.95th=[41157],
     | 99.99th=[58983]
   bw (  KiB/s): min=  672, max=163478, per=5.05%, avg=26570.06, stdev=31575.38, samples=105
   iops        : min=   84, max=20434, avg=3321.05, stdev=3946.89, samples=105
  lat (usec)   : 2=0.03%, 4=26.50%, 10=51.48%, 20=7.69%, 50=2.99%
  lat (usec)   : 100=1.58%, 250=5.48%, 500=1.86%, 750=0.87%, 1000=0.43%
  lat (msec)   : 2=0.45%, 4=0.22%, 10=0.26%, 20=0.09%, 50=0.06%
  lat (msec)   : 100=0.01%, 250=0.01%
  cpu          : usr=1.34%, sys=9.34%, ctx=81998, majf=0, minf=25
  IO depths    : 1=100.0%, 2=0.0%, 4=0.0%, 8=0.0%, 16=0.0%, 32=0.0%, >=64=0.0%
     submit    : 0=0.0%, 4=100.0%, 8=0.0%, 16=0.0%, 32=0.0%, 64=0.0%, >=64=0.0%
     complete  : 0=0.0%, 4=100.0%, 8=0.0%, 16=0.0%, 32=0.0%, 64=0.0%, >=64=0.0%
     issued rwts: total=355630,175500,0,0 short=0,0,0,0 dropped=0,0,0,0
     latency   : target=0, window=0, percentile=100.00%, depth=1
job4.0: (groupid=0, jobs=1): err= 0: pid=8636: Tue Oct 24 20:33:07 2023
  read: IOPS=2988, BW=46.7MiB/s (49.0MB/s)(2801MiB/60001msec)
    clat (nsec): min=1723, max=66609k, avg=85729.33, stdev=478004.61
     lat (nsec): min=1783, max=66609k, avg=85823.55, stdev=478019.39
    clat percentiles (usec):
     |  1.00th=[    5],  5.00th=[    6], 10.00th=[    6], 20.00th=[    7],
     | 30.00th=[    7], 40.00th=[    8], 50.00th=[    8], 60.00th=[    9],
     | 70.00th=[   11], 80.00th=[   53], 90.00th=[  186], 95.00th=[  277],
     | 99.00th=[ 1254], 99.50th=[ 2376], 99.90th=[ 6390], 99.95th=[ 8717],
     | 99.99th=[15533]
   bw (  KiB/s): min= 1856, max=374323, per=5.56%, avg=58546.42, stdev=64993.88, samples=97
   iops        : min=  116, max=23395, avg=3658.91, stdev=4062.07, samples=97
  write: IOPS=1476, BW=23.1MiB/s (24.2MB/s)(1384MiB/60001msec); 0 zone resets
    clat (usec): min=3, max=84133, avg=350.01, stdev=2422.86
     lat (usec): min=3, max=84133, avg=350.20, stdev=2422.87
    clat percentiles (usec):
     |  1.00th=[    8],  5.00th=[    9], 10.00th=[   10], 20.00th=[   11],
     | 30.00th=[   12], 40.00th=[   14], 50.00th=[   16], 60.00th=[   19],
     | 70.00th=[   27], 80.00th=[   67], 90.00th=[  445], 95.00th=[  807],
     | 99.00th=[ 7570], 99.50th=[15139], 99.90th=[38536], 99.95th=[47973],
     | 99.99th=[65799]
   bw (  KiB/s): min= 1122, max=182035, per=5.50%, avg=28921.69, stdev=31747.08, samples=97
   iops        : min=   70, max=11377, avg=1807.38, stdev=1984.19, samples=97
  lat (usec)   : 2=0.01%, 4=0.06%, 10=51.71%, 20=21.76%, 50=5.77%
  lat (usec)   : 100=2.02%, 250=10.04%, 500=4.05%, 750=1.67%, 1000=0.84%
  lat (msec)   : 2=0.92%, 4=0.43%, 10=0.46%, 20=0.15%, 50=0.11%
  lat (msec)   : 100=0.01%
  cpu          : usr=0.74%, sys=9.46%, ctx=68561, majf=0, minf=20
  IO depths    : 1=100.0%, 2=0.0%, 4=0.0%, 8=0.0%, 16=0.0%, 32=0.0%, >=64=0.0%
     submit    : 0=0.0%, 4=100.0%, 8=0.0%, 16=0.0%, 32=0.0%, 64=0.0%, >=64=0.0%
     complete  : 0=0.0%, 4=100.0%, 8=0.0%, 16=0.0%, 32=0.0%, 64=0.0%, >=64=0.0%
     issued rwts: total=179288,88581,0,0 short=0,0,0,0 dropped=0,0,0,0
     latency   : target=0, window=0, percentile=100.00%, depth=1
job4.0: (groupid=0, jobs=1): err= 0: pid=8637: Tue Oct 24 20:33:07 2023
  read: IOPS=2999, BW=46.9MiB/s (49.1MB/s)(2812MiB/60001msec)
    clat (nsec): min=1733, max=78255k, avg=88219.41, stdev=494614.67
     lat (nsec): min=1793, max=78255k, avg=88305.46, stdev=494624.47
    clat percentiles (usec):
     |  1.00th=[    5],  5.00th=[    6], 10.00th=[    6], 20.00th=[    7],
     | 30.00th=[    7], 40.00th=[    8], 50.00th=[    8], 60.00th=[    9],
     | 70.00th=[   11], 80.00th=[   79], 90.00th=[  188], 95.00th=[  285],
     | 99.00th=[ 1319], 99.50th=[ 2474], 99.90th=[ 6587], 99.95th=[ 9110],
     | 99.99th=[14877]
   bw (  KiB/s): min=  256, max=248463, per=5.63%, avg=59380.07, stdev=58244.79, samples=96
   iops        : min=   16, max=15528, avg=3711.00, stdev=3640.22, samples=96
  write: IOPS=1468, BW=22.9MiB/s (24.1MB/s)(1377MiB/60001msec); 0 zone resets
    clat (usec): min=3, max=124863, avg=344.44, stdev=2384.27
     lat (usec): min=3, max=124864, avg=344.64, stdev=2384.29
    clat percentiles (usec):
     |  1.00th=[    8],  5.00th=[    9], 10.00th=[   10], 20.00th=[   11],
     | 30.00th=[   12], 40.00th=[   14], 50.00th=[   16], 60.00th=[   20],
     | 70.00th=[   28], 80.00th=[   70], 90.00th=[  449], 95.00th=[  824],
     | 99.00th=[ 7308], 99.50th=[13960], 99.90th=[38011], 99.95th=[45351],
     | 99.99th=[63701]
   bw (  KiB/s): min=  128, max=122922, per=5.53%, avg=29079.20, stdev=28755.41, samples=96
   iops        : min=    8, max= 7682, avg=1817.21, stdev=1797.20, samples=96
  lat (usec)   : 2=0.01%, 4=0.04%, 10=50.45%, 20=22.54%, 50=5.81%
  lat (usec)   : 100=2.27%, 250=10.17%, 500=4.04%, 750=1.68%, 1000=0.83%
  lat (msec)   : 2=0.96%, 4=0.45%, 10=0.47%, 20=0.15%, 50=0.10%
  lat (msec)   : 100=0.01%, 250=0.01%
  cpu          : usr=0.78%, sys=9.66%, ctx=69357, majf=0, minf=20
  IO depths    : 1=100.0%, 2=0.0%, 4=0.0%, 8=0.0%, 16=0.0%, 32=0.0%, >=64=0.0%
     submit    : 0=0.0%, 4=100.0%, 8=0.0%, 16=0.0%, 32=0.0%, 64=0.0%, >=64=0.0%
     complete  : 0=0.0%, 4=100.0%, 8=0.0%, 16=0.0%, 32=0.0%, 64=0.0%, >=64=0.0%
     issued rwts: total=179976,88115,0,0 short=0,0,0,0 dropped=0,0,0,0
     latency   : target=0, window=0, percentile=100.00%, depth=1
job5.0: (groupid=0, jobs=1): err= 0: pid=8638: Tue Oct 24 20:33:07 2023
  read: IOPS=2479, BW=77.5MiB/s (81.3MB/s)(3447MiB/44482msec)
    clat (usec): min=3, max=66460, avg=88.42, stdev=565.76
     lat (usec): min=3, max=66460, avg=88.51, stdev=565.77
    clat percentiles (usec):
     |  1.00th=[    9],  5.00th=[   10], 10.00th=[   11], 20.00th=[   11],
     | 30.00th=[   12], 40.00th=[   13], 50.00th=[   14], 60.00th=[   15],
     | 70.00th=[   16], 80.00th=[   19], 90.00th=[   91], 95.00th=[  347],
     | 99.00th=[ 1401], 99.50th=[ 2737], 99.90th=[ 7308], 99.95th=[ 9896],
     | 99.99th=[17433]
   bw (  KiB/s): min= 4416, max=333824, per=8.27%, avg=87160.06, stdev=79076.08, samples=77
   iops        : min=  138, max=10432, avg=2723.53, stdev=2471.08, samples=77
  write: IOPS=1203, BW=37.6MiB/s (39.4MB/s)(1673MiB/44482msec); 0 zone resets
    clat (usec): min=5, max=168778, avg=509.47, stdev=3403.68
     lat (usec): min=6, max=168778, avg=509.78, stdev=3403.70
    clat percentiles (usec):
     |  1.00th=[   14],  5.00th=[   15], 10.00th=[   16], 20.00th=[   18],
     | 30.00th=[   20], 40.00th=[   22], 50.00th=[   25], 60.00th=[   29],
     | 70.00th=[   37], 80.00th=[   61], 90.00th=[  302], 95.00th=[  963],
     | 99.00th=[13173], 99.50th=[24773], 99.90th=[46400], 99.95th=[56886],
     | 99.99th=[74974]
   bw (  KiB/s): min= 2752, max=157952, per=8.06%, avg=42355.06, stdev=38735.61, samples=77
   iops        : min=   86, max= 4936, avg=1323.34, stdev=1210.41, samples=77
  lat (usec)   : 4=0.01%, 10=6.66%, 20=60.29%, 50=18.41%, 100=3.14%
  lat (usec)   : 250=3.36%, 500=3.12%, 750=1.50%, 1000=0.95%
  lat (msec)   : 2=1.08%, 4=0.42%, 10=0.61%, 20=0.22%, 50=0.20%
  lat (msec)   : 100=0.02%, 250=0.01%
  cpu          : usr=0.61%, sys=10.51%, ctx=29759, majf=0, minf=20
  IO depths    : 1=100.0%, 2=0.0%, 4=0.0%, 8=0.0%, 16=0.0%, 32=0.0%, >=64=0.0%
     submit    : 0=0.0%, 4=100.0%, 8=0.0%, 16=0.0%, 32=0.0%, 64=0.0%, >=64=0.0%
     complete  : 0=0.0%, 4=100.0%, 8=0.0%, 16=0.0%, 32=0.0%, 64=0.0%, >=64=0.0%
     issued rwts: total=110300,53540,0,0 short=0,0,0,0 dropped=0,0,0,0
     latency   : target=0, window=0, percentile=100.00%, depth=1
job5.0: (groupid=0, jobs=1): err= 0: pid=8639: Tue Oct 24 20:33:07 2023
  read: IOPS=2464, BW=77.0MiB/s (80.8MB/s)(3421MiB/44412msec)
    clat (usec): min=2, max=63638, avg=83.68, stdev=559.49
     lat (usec): min=3, max=63638, avg=83.87, stdev=560.51
    clat percentiles (usec):
     |  1.00th=[    9],  5.00th=[   10], 10.00th=[   11], 20.00th=[   11],
     | 30.00th=[   12], 40.00th=[   13], 50.00th=[   14], 60.00th=[   15],
     | 70.00th=[   16], 80.00th=[   19], 90.00th=[   53], 95.00th=[  326],
     | 99.00th=[ 1303], 99.50th=[ 2376], 99.90th=[ 6915], 99.95th=[ 9896],
     | 99.99th=[20055]
   bw (  KiB/s): min= 4928, max=309844, per=8.55%, avg=90133.63, stdev=78584.86, samples=75
   iops        : min=  154, max= 9682, avg=2816.48, stdev=2455.71, samples=75
  write: IOPS=1224, BW=38.3MiB/s (40.1MB/s)(1699MiB/44412msec); 0 zone resets
    clat (usec): min=5, max=174380, avg=495.50, stdev=3339.92
     lat (usec): min=5, max=174380, avg=496.02, stdev=3340.66
    clat percentiles (usec):
     |  1.00th=[   14],  5.00th=[   16], 10.00th=[   17], 20.00th=[   19],
     | 30.00th=[   20], 40.00th=[   22], 50.00th=[   25], 60.00th=[   30],
     | 70.00th=[   38], 80.00th=[   61], 90.00th=[  269], 95.00th=[  947],
     | 99.00th=[12911], 99.50th=[23987], 99.90th=[45876], 99.95th=[55313],
     | 99.99th=[76022]
   bw (  KiB/s): min= 2112, max=149205, per=8.52%, avg=44782.13, stdev=39026.80, samples=75
   iops        : min=   66, max= 4662, avg=1399.21, stdev=1219.52, samples=75
  lat (usec)   : 4=0.01%, 10=5.32%, 20=61.21%, 50=19.04%, 100=3.34%
  lat (usec)   : 250=3.31%, 500=2.97%, 750=1.42%, 1000=0.88%
  lat (msec)   : 2=1.06%, 4=0.42%, 10=0.58%, 20=0.23%, 50=0.19%
  lat (msec)   : 100=0.02%, 250=0.01%
  cpu          : usr=0.66%, sys=11.23%, ctx=25987, majf=0, minf=19
  IO depths    : 1=100.0%, 2=0.0%, 4=0.0%, 8=0.0%, 16=0.0%, 32=0.0%, >=64=0.0%
     submit    : 0=0.0%, 4=100.0%, 8=0.0%, 16=0.0%, 32=0.0%, 64=0.0%, >=64=0.0%
     complete  : 0=0.0%, 4=100.0%, 8=0.0%, 16=0.0%, 32=0.0%, 64=0.0%, >=64=0.0%
     issued rwts: total=109470,54370,0,0 short=0,0,0,0 dropped=0,0,0,0
     latency   : target=0, window=0, percentile=100.00%, depth=1
job6.0: (groupid=0, jobs=1): err= 0: pid=8640: Tue Oct 24 20:33:07 2023
  read: IOPS=1278, BW=79.9MiB/s (83.8MB/s)(3433MiB/42956msec)
    clat (usec): min=5, max=82403, avg=192.92, stdev=888.46
     lat (usec): min=5, max=82403, avg=193.05, stdev=888.50
    clat percentiles (usec):
     |  1.00th=[   17],  5.00th=[   19], 10.00th=[   20], 20.00th=[   22],
     | 30.00th=[   24], 40.00th=[   25], 50.00th=[   28], 60.00th=[   30],
     | 70.00th=[   35], 80.00th=[   60], 90.00th=[  424], 95.00th=[  758],
     | 99.00th=[ 2999], 99.50th=[ 4817], 99.90th=[11207], 99.95th=[14222],
     | 99.99th=[22676]
   bw (  KiB/s): min= 7281, max=412857, per=9.35%, avg=98578.57, stdev=87852.96, samples=70
   iops        : min=  113, max= 6450, avg=1540.13, stdev=1372.68, samples=70
  write: IOPS=628, BW=39.3MiB/s (41.2MB/s)(1687MiB/42956msec); 0 zone resets
    clat (usec): min=11, max=168573, avg=859.91, stdev=4378.83
     lat (usec): min=11, max=168575, avg=860.79, stdev=4378.92
    clat percentiles (usec):
     |  1.00th=[    25],  5.00th=[    29], 10.00th=[    31], 20.00th=[    35],
     | 30.00th=[    38], 40.00th=[    43], 50.00th=[    50], 60.00th=[    62],
     | 70.00th=[    87], 80.00th=[   192], 90.00th=[   848], 95.00th=[  2835],
     | 99.00th=[ 21890], 99.50th=[ 33162], 99.90th=[ 53740], 99.95th=[ 60556],
     | 99.99th=[114820]
   bw (  KiB/s): min= 3193, max=202773, per=9.20%, avg=48361.29, stdev=43450.57, samples=70
   iops        : min=   49, max= 3168, avg=755.47, stdev=678.92, samples=70
  lat (usec)   : 10=0.01%, 20=7.95%, 50=61.72%, 100=8.81%, 250=4.81%
  lat (usec)   : 500=6.29%, 750=3.30%, 1000=1.90%
  lat (msec)   : 2=2.39%, 4=0.86%, 10=1.15%, 20=0.42%, 50=0.33%
  lat (msec)   : 100=0.04%, 250=0.01%
  cpu          : usr=0.47%, sys=11.94%, ctx=24720, majf=0, minf=18
  IO depths    : 1=100.0%, 2=0.0%, 4=0.0%, 8=0.0%, 16=0.0%, 32=0.0%, >=64=0.0%
     submit    : 0=0.0%, 4=100.0%, 8=0.0%, 16=0.0%, 32=0.0%, 64=0.0%, >=64=0.0%
     complete  : 0=0.0%, 4=100.0%, 8=0.0%, 16=0.0%, 32=0.0%, 64=0.0%, >=64=0.0%
     issued rwts: total=54935,26985,0,0 short=0,0,0,0 dropped=0,0,0,0
     latency   : target=0, window=0, percentile=100.00%, depth=1
job6.0: (groupid=0, jobs=1): err= 0: pid=8641: Tue Oct 24 20:33:07 2023
  read: IOPS=1253, BW=78.4MiB/s (82.2MB/s)(3408MiB/43484msec)
    clat (usec): min=5, max=72884, avg=179.33, stdev=789.32
     lat (usec): min=5, max=72884, avg=179.53, stdev=789.55
    clat percentiles (usec):
     |  1.00th=[   17],  5.00th=[   19], 10.00th=[   20], 20.00th=[   22],
     | 30.00th=[   24], 40.00th=[   26], 50.00th=[   28], 60.00th=[   31],
     | 70.00th=[   35], 80.00th=[   57], 90.00th=[  408], 95.00th=[  725],
     | 99.00th=[ 2606], 99.50th=[ 4293], 99.90th=[ 9372], 99.95th=[11731],
     | 99.99th=[24249]
   bw (  KiB/s): min= 7680, max=401176, per=9.09%, avg=95834.79, stdev=80767.87, samples=72
   iops        : min=  120, max= 6268, avg=1497.25, stdev=1262.01, samples=72
  write: IOPS=630, BW=39.4MiB/s (41.3MB/s)(1712MiB/43484msec); 0 zone resets
    clat (usec): min=20, max=153086, avg=879.49, stdev=4456.92
     lat (usec): min=20, max=153086, avg=880.24, stdev=4456.96
    clat percentiles (usec):
     |  1.00th=[    25],  5.00th=[    29], 10.00th=[    31], 20.00th=[    35],
     | 30.00th=[    39], 40.00th=[    44], 50.00th=[    51], 60.00th=[    63],
     | 70.00th=[    90], 80.00th=[   202], 90.00th=[   848], 95.00th=[  2835],
     | 99.00th=[ 22676], 99.50th=[ 34866], 99.90th=[ 57410], 99.95th=[ 63177],
     | 99.99th=[116917]
   bw (  KiB/s): min= 4480, max=208795, per=9.16%, avg=48149.03, stdev=41508.34, samples=72
   iops        : min=   70, max= 3262, avg=752.15, stdev=648.57, samples=72
  lat (usec)   : 10=0.01%, 20=6.86%, 50=62.41%, 100=9.11%, 250=5.20%
  lat (usec)   : 500=6.20%, 750=3.23%, 1000=1.94%
  lat (msec)   : 2=2.32%, 4=0.81%, 10=1.14%, 20=0.38%, 50=0.35%
  lat (msec)   : 100=0.05%, 250=0.01%
  cpu          : usr=0.55%, sys=10.53%, ctx=28011, majf=0, minf=18
  IO depths    : 1=100.0%, 2=0.0%, 4=0.0%, 8=0.0%, 16=0.0%, 32=0.0%, >=64=0.0%
     submit    : 0=0.0%, 4=100.0%, 8=0.0%, 16=0.0%, 32=0.0%, 64=0.0%, >=64=0.0%
     complete  : 0=0.0%, 4=100.0%, 8=0.0%, 16=0.0%, 32=0.0%, 64=0.0%, >=64=0.0%
     issued rwts: total=54525,27395,0,0 short=0,0,0,0 dropped=0,0,0,0
     latency   : target=0, window=0, percentile=100.00%, depth=1
job7.0: (groupid=0, jobs=1): err= 0: pid=8642: Tue Oct 24 20:33:07 2023
  read: IOPS=827, BW=103MiB/s (108MB/s)(3401MiB/32902msec)
    clat (usec): min=14, max=34971, avg=168.29, stdev=747.69
     lat (usec): min=14, max=34972, avg=168.40, stdev=747.71
    clat percentiles (usec):
     |  1.00th=[   34],  5.00th=[   38], 10.00th=[   40], 20.00th=[   43],
     | 30.00th=[   46], 40.00th=[   48], 50.00th=[   52], 60.00th=[   56],
     | 70.00th=[   61], 80.00th=[   68], 90.00th=[   88], 95.00th=[  742],
     | 99.00th=[ 2343], 99.50th=[ 4146], 99.90th=[ 9896], 99.95th=[13173],
     | 99.99th=[29754]
   bw (  KiB/s): min= 1788, max=375365, per=12.54%, avg=132183.27, stdev=96356.88, samples=51
   iops        : min=   13, max= 2932, avg=1032.49, stdev=752.72, samples=51
  write: IOPS=417, BW=52.2MiB/s (54.8MB/s)(1719MiB/32902msec); 0 zone resets
    clat (usec): min=23, max=174252, avg=1404.43, stdev=6042.30
     lat (usec): min=24, max=177613, avg=1409.25, stdev=6052.81
    clat percentiles (usec):
     |  1.00th=[    47],  5.00th=[    52], 10.00th=[    56], 20.00th=[    62],
     | 30.00th=[    68], 40.00th=[    75], 50.00th=[    85], 60.00th=[   101],
     | 70.00th=[   133], 80.00th=[   206], 90.00th=[   644], 95.00th=[  7439],
     | 99.00th=[ 33162], 99.50th=[ 42206], 99.90th=[ 66323], 99.95th=[ 71828],
     | 99.99th=[115868]
   bw (  KiB/s): min= 1277, max=186158, per=12.70%, avg=66765.53, stdev=46399.52, samples=51
   iops        : min=    9, max= 1454, avg=521.45, stdev=362.47, samples=51
  lat (usec)   : 20=0.01%, 50=31.80%, 100=49.04%, 250=8.86%, 500=2.53%
  lat (usec)   : 750=1.30%, 1000=1.02%
  lat (msec)   : 2=1.77%, 4=0.77%, 10=1.58%, 20=0.58%, 50=0.67%
  lat (msec)   : 100=0.07%, 250=0.01%
  cpu          : usr=0.32%, sys=12.36%, ctx=10344, majf=0, minf=19
  IO depths    : 1=100.0%, 2=0.0%, 4=0.0%, 8=0.0%, 16=0.0%, 32=0.0%, >=64=0.0%
     submit    : 0=0.0%, 4=100.0%, 8=0.0%, 16=0.0%, 32=0.0%, 64=0.0%, >=64=0.0%
     complete  : 0=0.0%, 4=100.0%, 8=0.0%, 16=0.0%, 32=0.0%, 64=0.0%, >=64=0.0%
     issued rwts: total=27210,13750,0,0 short=0,0,0,0 dropped=0,0,0,0
     latency   : target=0, window=0, percentile=100.00%, depth=1
job7.0: (groupid=0, jobs=1): err= 0: pid=8643: Tue Oct 24 20:33:07 2023
  read: IOPS=836, BW=105MiB/s (110MB/s)(3462MiB/33123msec)
    clat (usec): min=16, max=37906, avg=179.39, stdev=794.26
     lat (usec): min=16, max=37906, avg=179.85, stdev=796.60
    clat percentiles (usec):
     |  1.00th=[   33],  5.00th=[   37], 10.00th=[   39], 20.00th=[   43],
     | 30.00th=[   45], 40.00th=[   48], 50.00th=[   51], 60.00th=[   56],
     | 70.00th=[   60], 80.00th=[   69], 90.00th=[   91], 95.00th=[  832],
     | 99.00th=[ 2671], 99.50th=[ 4146], 99.90th=[11076], 99.95th=[13304],
     | 99.99th=[31065]
   bw (  KiB/s): min=14080, max=408576, per=12.14%, avg=127921.15, stdev=88471.82, samples=52
   iops        : min=  110, max= 3192, avg=999.25, stdev=691.16, samples=52
  write: IOPS=400, BW=50.1MiB/s (52.5MB/s)(1658MiB/33123msec); 0 zone resets
    clat (usec): min=33, max=168669, avg=1465.59, stdev=6198.54
     lat (usec): min=35, max=168670, avg=1469.00, stdev=6208.82
    clat percentiles (usec):
     |  1.00th=[    46],  5.00th=[    51], 10.00th=[    55], 20.00th=[    61],
     | 30.00th=[    67], 40.00th=[    75], 50.00th=[    84], 60.00th=[    99],
     | 70.00th=[   127], 80.00th=[   196], 90.00th=[   685], 95.00th=[  7635],
     | 99.00th=[ 34866], 99.50th=[ 43254], 99.90th=[ 60031], 99.95th=[ 69731],
     | 99.99th=[117965]
   bw (  KiB/s): min= 8704, max=195072, per=11.66%, avg=61319.00, stdev=41726.66, samples=52
   iops        : min=   68, max= 1524, avg=478.90, stdev=325.96, samples=52
  lat (usec)   : 20=0.01%, 50=33.19%, 100=47.96%, 250=8.42%, 500=2.29%
  lat (usec)   : 750=1.43%, 1000=0.96%
  lat (msec)   : 2=1.88%, 4=0.94%, 10=1.54%, 20=0.59%, 50=0.69%
  lat (msec)   : 100=0.09%, 250=0.01%
  cpu          : usr=0.29%, sys=11.55%, ctx=10241, majf=0, minf=18
  IO depths    : 1=100.0%, 2=0.0%, 4=0.0%, 8=0.0%, 16=0.0%, 32=0.0%, >=64=0.0%
     submit    : 0=0.0%, 4=100.0%, 8=0.0%, 16=0.0%, 32=0.0%, 64=0.0%, >=64=0.0%
     complete  : 0=0.0%, 4=100.0%, 8=0.0%, 16=0.0%, 32=0.0%, 64=0.0%, >=64=0.0%
     issued rwts: total=27695,13265,0,0 short=0,0,0,0 dropped=0,0,0,0
     latency   : target=0, window=0, percentile=100.00%, depth=1
job8.0: (groupid=0, jobs=1): err= 0: pid=8644: Tue Oct 24 20:33:07 2023
  read: IOPS=420, BW=105MiB/s (110MB/s)(3435MiB/32680msec)
    clat (usec): min=51, max=62280, avg=404.93, stdev=1379.44
     lat (usec): min=51, max=62280, avg=405.08, stdev=1379.47
    clat percentiles (usec):
     |  1.00th=[   65],  5.00th=[   75], 10.00th=[   81], 20.00th=[   89],
     | 30.00th=[   96], 40.00th=[  104], 50.00th=[  112], 60.00th=[  121],
     | 70.00th=[  135], 80.00th=[  163], 90.00th=[ 1057], 95.00th=[ 1795],
     | 99.00th=[ 4555], 99.50th=[ 7570], 99.90th=[17695], 99.95th=[24773],
     | 99.99th=[41681]
   bw (  KiB/s): min=44966, max=428032, per=14.12%, avg=148760.64, stdev=79964.44, samples=47
   iops        : min=  175, max= 1672, avg=580.89, stdev=312.31, samples=47
  write: IOPS=206, BW=51.6MiB/s (54.1MB/s)(1685MiB/32680msec); 0 zone resets
    clat (usec): min=70, max=181638, avg=2380.25, stdev=7693.03
     lat (usec): min=73, max=181641, avg=2387.09, stdev=7692.81
    clat percentiles (usec):
     |  1.00th=[    91],  5.00th=[   101], 10.00th=[   111], 20.00th=[   126],
     | 30.00th=[   143], 40.00th=[   159], 50.00th=[   184], 60.00th=[   223],
     | 70.00th=[   302], 80.00th=[   545], 90.00th=[  6194], 95.00th=[ 14091],
     | 99.00th=[ 40633], 99.50th=[ 49021], 99.90th=[ 67634], 99.95th=[ 77071],
     | 99.99th=[181404]
   bw (  KiB/s): min=14818, max=221184, per=13.87%, avg=72939.38, stdev=42506.69, samples=47
   iops        : min=   57, max=  864, avg=284.68, stdev=166.03, samples=47
  lat (usec)   : 100=25.19%, 250=53.14%, 500=5.42%, 750=2.24%, 1000=1.88%
  lat (msec)   : 2=4.76%, 4=2.15%, 10=2.92%, 20=1.09%, 50=1.06%
  lat (msec)   : 100=0.16%, 250=0.01%
  cpu          : usr=0.49%, sys=11.97%, ctx=10970, majf=0, minf=18
  IO depths    : 1=100.0%, 2=0.0%, 4=0.0%, 8=0.0%, 16=0.0%, 32=0.0%, >=64=0.0%
     submit    : 0=0.0%, 4=100.0%, 8=0.0%, 16=0.0%, 32=0.0%, 64=0.0%, >=64=0.0%
     complete  : 0=0.0%, 4=100.0%, 8=0.0%, 16=0.0%, 32=0.0%, 64=0.0%, >=64=0.0%
     issued rwts: total=13741,6739,0,0 short=0,0,0,0 dropped=0,0,0,0
     latency   : target=0, window=0, percentile=100.00%, depth=1
job8.0: (groupid=0, jobs=1): err= 0: pid=8645: Tue Oct 24 20:33:07 2023
  read: IOPS=418, BW=105MiB/s (110MB/s)(3396MiB/32476msec)
    clat (usec): min=39, max=45108, avg=366.30, stdev=1194.75
     lat (usec): min=39, max=45108, avg=366.42, stdev=1194.76
    clat percentiles (usec):
     |  1.00th=[   66],  5.00th=[   76], 10.00th=[   81], 20.00th=[   90],
     | 30.00th=[   97], 40.00th=[  104], 50.00th=[  111], 60.00th=[  120],
     | 70.00th=[  133], 80.00th=[  157], 90.00th=[  947], 95.00th=[ 1680],
     | 99.00th=[ 4080], 99.50th=[ 6325], 99.90th=[15926], 99.95th=[20841],
     | 99.99th=[36963]
   bw (  KiB/s): min=41984, max=416000, per=13.88%, avg=146255.61, stdev=88071.20, samples=46
   iops        : min=  164, max= 1625, avg=571.04, stdev=343.99, samples=46
  write: IOPS=212, BW=53.1MiB/s (55.7MB/s)(1724MiB/32476msec); 0 zone resets
    clat (usec): min=76, max=174443, avg=2370.58, stdev=7542.29
     lat (usec): min=78, max=174445, avg=2378.49, stdev=7542.10
    clat percentiles (usec):
     |  1.00th=[    90],  5.00th=[   100], 10.00th=[   110], 20.00th=[   125],
     | 30.00th=[   141], 40.00th=[   159], 50.00th=[   186], 60.00th=[   225],
     | 70.00th=[   310], 80.00th=[   586], 90.00th=[  6194], 95.00th=[ 14353],
     | 99.00th=[ 40633], 99.50th=[ 48497], 99.90th=[ 65799], 99.95th=[ 68682],
     | 99.99th=[175113]
   bw (  KiB/s): min=16896, max=200126, per=14.12%, avg=74227.15, stdev=41481.05, samples=46
   iops        : min=   66, max=  781, avg=289.70, stdev=162.00, samples=46
  lat (usec)   : 50=0.01%, 100=25.02%, 250=53.59%, 500=5.37%, 750=2.58%
  lat (usec)   : 1000=1.78%
  lat (msec)   : 2=4.38%, 4=2.21%, 10=2.72%, 20=1.11%, 50=1.08%
  lat (msec)   : 100=0.14%, 250=0.01%
  cpu          : usr=0.37%, sys=11.93%, ctx=10956, majf=0, minf=18
  IO depths    : 1=100.0%, 2=0.0%, 4=0.0%, 8=0.0%, 16=0.0%, 32=0.0%, >=64=0.0%
     submit    : 0=0.0%, 4=100.0%, 8=0.0%, 16=0.0%, 32=0.0%, 64=0.0%, >=64=0.0%
     complete  : 0=0.0%, 4=100.0%, 8=0.0%, 16=0.0%, 32=0.0%, 64=0.0%, >=64=0.0%
     issued rwts: total=13585,6895,0,0 short=0,0,0,0 dropped=0,0,0,0
     latency   : target=0, window=0, percentile=100.00%, depth=1
job9.0: (groupid=0, jobs=1): err= 0: pid=8646: Tue Oct 24 20:33:07 2023
  read: IOPS=210, BW=105MiB/s (110MB/s)(3348MiB/31817msec)
    clat (usec): min=105, max=64572, avg=899.54, stdev=2051.42
     lat (usec): min=105, max=64572, avg=899.76, stdev=2051.46
    clat percentiles (usec):
     |  1.00th=[  133],  5.00th=[  153], 10.00th=[  165], 20.00th=[  184],
     | 30.00th=[  202], 40.00th=[  223], 50.00th=[  243], 60.00th=[  269],
     | 70.00th=[  314], 80.00th=[  898], 90.00th=[ 2671], 95.00th=[ 3884],
     | 99.00th=[ 8717], 99.50th=[12387], 99.90th=[20579], 99.95th=[28967],
     | 99.99th=[64750]
   bw (  KiB/s): min=43008, max=418651, per=15.78%, avg=166249.40, stdev=85414.50, samples=40
   iops        : min=   84, max=  817, avg=324.48, stdev=166.80, samples=40
  write: IOPS=111, BW=55.7MiB/s (58.4MB/s)(1773MiB/31817msec); 0 zone resets
    clat (usec): min=164, max=84034, avg=3540.97, stdev=8789.40
     lat (usec): min=167, max=84043, avg=3567.49, stdev=8806.97
    clat percentiles (usec):
     |  1.00th=[  190],  5.00th=[  217], 10.00th=[  237], 20.00th=[  277],
     | 30.00th=[  310], 40.00th=[  359], 50.00th=[  420], 60.00th=[  529],
     | 70.00th=[  775], 80.00th=[ 4228], 90.00th=[ 8979], 95.00th=[18744],
     | 99.00th=[46924], 99.50th=[54264], 99.90th=[73925], 99.95th=[81265],
     | 99.99th=[84411]
   bw (  KiB/s): min=26624, max=198011, per=16.79%, avg=88291.70, stdev=40957.93, samples=40
   iops        : min=   52, max=  386, avg=172.22, stdev=79.99, samples=40
  lat (usec)   : 250=39.80%, 500=30.63%, 750=5.13%, 1000=2.98%
  lat (msec)   : 2=4.76%, 4=6.60%, 10=6.35%, 20=2.04%, 50=1.44%
  lat (msec)   : 100=0.27%
  cpu          : usr=0.36%, sys=14.02%, ctx=11273, majf=0, minf=16
  IO depths    : 1=100.0%, 2=0.0%, 4=0.0%, 8=0.0%, 16=0.0%, 32=0.0%, >=64=0.0%
     submit    : 0=0.0%, 4=100.0%, 8=0.0%, 16=0.0%, 32=0.0%, 64=0.0%, >=64=0.0%
     complete  : 0=0.0%, 4=100.0%, 8=0.0%, 16=0.0%, 32=0.0%, 64=0.0%, >=64=0.0%
     issued rwts: total=6695,3545,0,0 short=0,0,0,0 dropped=0,0,0,0
     latency   : target=0, window=0, percentile=100.00%, depth=1
job9.0: (groupid=0, jobs=1): err= 0: pid=8647: Tue Oct 24 20:33:07 2023
  read: IOPS=215, BW=108MiB/s (113MB/s)(3455MiB/32129msec)
    clat (usec): min=111, max=67391, avg=1040.23, stdev=2338.78
     lat (usec): min=111, max=67392, avg=1040.42, stdev=2338.83
    clat percentiles (usec):
     |  1.00th=[  137],  5.00th=[  155], 10.00th=[  167], 20.00th=[  190],
     | 30.00th=[  210], 40.00th=[  231], 50.00th=[  251], 60.00th=[  281],
     | 70.00th=[  338], 80.00th=[ 1418], 90.00th=[ 2933], 95.00th=[ 4424],
     | 99.00th=[10159], 99.50th=[13960], 99.90th=[24249], 99.95th=[27657],
     | 99.99th=[67634]
   bw (  KiB/s): min= 9216, max=397768, per=16.33%, avg=172041.38, stdev=89407.42, samples=39
   iops        : min=   18, max=  776, avg=335.85, stdev=174.55, samples=39
  write: IOPS=103, BW=51.8MiB/s (54.3MB/s)(1665MiB/32129msec); 0 zone resets
    clat (usec): min=172, max=82054, avg=3427.35, stdev=8377.95
     lat (usec): min=175, max=82058, avg=3449.57, stdev=8388.97
    clat percentiles (usec):
     |  1.00th=[  190],  5.00th=[  212], 10.00th=[  233], 20.00th=[  262],
     | 30.00th=[  297], 40.00th=[  343], 50.00th=[  412], 60.00th=[  529],
     | 70.00th=[  783], 80.00th=[ 4080], 90.00th=[ 9372], 95.00th=[19006],
     | 99.00th=[44827], 99.50th=[53216], 99.90th=[68682], 99.95th=[81265],
     | 99.99th=[82314]
   bw (  KiB/s): min= 3072, max=213163, per=15.71%, avg=82606.03, stdev=49267.45, samples=39
   iops        : min=    6, max=  416, avg=161.13, stdev=96.21, samples=39
  lat (usec)   : 250=38.52%, 500=30.36%, 750=4.74%, 1000=2.71%
  lat (msec)   : 2=5.63%, 4=7.49%, 10=6.83%, 20=2.20%, 50=1.33%
  lat (msec)   : 100=0.20%
  cpu          : usr=0.45%, sys=13.50%, ctx=11671, majf=0, minf=16
  IO depths    : 1=100.0%, 2=0.0%, 4=0.0%, 8=0.0%, 16=0.0%, 32=0.0%, >=64=0.0%
     submit    : 0=0.0%, 4=100.0%, 8=0.0%, 16=0.0%, 32=0.0%, 64=0.0%, >=64=0.0%
     complete  : 0=0.0%, 4=100.0%, 8=0.0%, 16=0.0%, 32=0.0%, 64=0.0%, >=64=0.0%
     issued rwts: total=6910,3330,0,0 short=0,0,0,0 dropped=0,0,0,0
     latency   : target=0, window=0, percentile=100.00%, depth=1
job10.0: (groupid=0, jobs=1): err= 0: pid=8648: Tue Oct 24 20:33:07 2023
  read: IOPS=108, BW=109MiB/s (114MB/s)(3415MiB/31417msec)
    clat (usec): min=230, max=75489, avg=2380.61, stdev=3957.88
     lat (usec): min=230, max=75490, avg=2380.83, stdev=3957.92
    clat percentiles (usec):
     |  1.00th=[  281],  5.00th=[  330], 10.00th=[  367], 20.00th=[  429],
     | 30.00th=[  482], 40.00th=[  537], 50.00th=[  603], 60.00th=[  816],
     | 70.00th=[ 2376], 80.00th=[ 4080], 90.00th=[ 6325], 95.00th=[ 8717],
     | 99.00th=[17433], 99.50th=[23725], 99.90th=[35390], 99.95th=[67634],
     | 99.99th=[74974]
   bw (  KiB/s): min=40960, max=351492, per=18.14%, avg=191124.66, stdev=93290.30, samples=35
   iops        : min=   40, max=  343, avg=186.46, stdev=91.08, samples=35
  write: IOPS=54, BW=54.3MiB/s (56.9MB/s)(1705MiB/31417msec); 0 zone resets
    clat (usec): min=393, max=78039, avg=4657.60, stdev=9170.67
     lat (usec): min=398, max=78075, avg=4740.21, stdev=9271.26
    clat percentiles (usec):
     |  1.00th=[  433],  5.00th=[  482], 10.00th=[  519], 20.00th=[  578],
     | 30.00th=[  644], 40.00th=[  742], 50.00th=[  889], 60.00th=[ 1106],
     | 70.00th=[ 2311], 80.00th=[ 6718], 90.00th=[13173], 95.00th=[21627],
     | 99.00th=[45876], 99.50th=[58459], 99.90th=[77071], 99.95th=[78119],
     | 99.99th=[78119]
   bw (  KiB/s): min=18432, max=176761, per=18.16%, avg=95449.26, stdev=46145.44, samples=35
   iops        : min=   18, max=  172, avg=93.00, stdev=45.03, samples=35
  lat (usec)   : 250=0.23%, 500=24.28%, 750=28.54%, 1000=6.76%
  lat (msec)   : 2=8.65%, 4=8.73%, 10=16.19%, 20=4.26%, 50=2.01%
  lat (msec)   : 100=0.35%
  cpu          : usr=0.45%, sys=14.50%, ctx=13646, majf=0, minf=16
  IO depths    : 1=100.0%, 2=0.0%, 4=0.0%, 8=0.0%, 16=0.0%, 32=0.0%, >=64=0.0%
     submit    : 0=0.0%, 4=100.0%, 8=0.0%, 16=0.0%, 32=0.0%, 64=0.0%, >=64=0.0%
     complete  : 0=0.0%, 4=100.0%, 8=0.0%, 16=0.0%, 32=0.0%, 64=0.0%, >=64=0.0%
     issued rwts: total=3415,1705,0,0 short=0,0,0,0 dropped=0,0,0,0
     latency   : target=0, window=0, percentile=100.00%, depth=1
job10.0: (groupid=0, jobs=1): err= 0: pid=8649: Tue Oct 24 20:33:07 2023
  read: IOPS=104, BW=105MiB/s (110MB/s)(3280MiB/31253msec)
    clat (usec): min=234, max=79802, avg=2416.84, stdev=3999.93
     lat (usec): min=234, max=79802, avg=2417.09, stdev=3999.97
    clat percentiles (usec):
     |  1.00th=[  285],  5.00th=[  334], 10.00th=[  367], 20.00th=[  420],
     | 30.00th=[  482], 40.00th=[  545], 50.00th=[  611], 60.00th=[  848],
     | 70.00th=[ 2343], 80.00th=[ 3982], 90.00th=[ 6652], 95.00th=[ 9110],
     | 99.00th=[17433], 99.50th=[23725], 99.90th=[37487], 99.95th=[52691],
     | 99.99th=[80217]
   bw (  KiB/s): min= 4096, max=562793, per=17.40%, avg=183366.89, stdev=116185.83, samples=36
   iops        : min=    4, max=  549, avg=178.94, stdev=113.43, samples=36
  write: IOPS=58, BW=58.9MiB/s (61.7MB/s)(1840MiB/31253msec); 0 zone resets
    clat (usec): min=402, max=84656, avg=4497.98, stdev=8917.75
     lat (usec): min=406, max=87198, avg=4572.68, stdev=8960.93
    clat percentiles (usec):
     |  1.00th=[  433],  5.00th=[  482], 10.00th=[  523], 20.00th=[  586],
     | 30.00th=[  660], 40.00th=[  758], 50.00th=[  889], 60.00th=[ 1090],
     | 70.00th=[ 2606], 80.00th=[ 6521], 90.00th=[11338], 95.00th=[20841],
     | 99.00th=[49021], 99.50th=[56361], 99.90th=[68682], 99.95th=[84411],
     | 99.99th=[84411]
   bw (  KiB/s): min= 2048, max=290539, per=19.61%, avg=103081.81, stdev=58427.44, samples=36
   iops        : min=    2, max=  283, avg=100.50, stdev=57.00, samples=36
  lat (usec)   : 250=0.14%, 500=23.69%, 750=27.25%, 1000=8.44%
  lat (msec)   : 2=8.73%, 4=8.89%, 10=16.21%, 20=4.34%, 50=2.01%
  lat (msec)   : 100=0.31%
  cpu          : usr=0.36%, sys=14.68%, ctx=13341, majf=0, minf=16
  IO depths    : 1=100.0%, 2=0.0%, 4=0.0%, 8=0.0%, 16=0.0%, 32=0.0%, >=64=0.0%
     submit    : 0=0.0%, 4=100.0%, 8=0.0%, 16=0.0%, 32=0.0%, 64=0.0%, >=64=0.0%
     complete  : 0=0.0%, 4=100.0%, 8=0.0%, 16=0.0%, 32=0.0%, 64=0.0%, >=64=0.0%
     issued rwts: total=3280,1840,0,0 short=0,0,0,0 dropped=0,0,0,0
     latency   : target=0, window=0, percentile=100.00%, depth=1

Run status group 0 (all jobs):
   READ: bw=1029MiB/s (1079MB/s), 11.5MiB/s-109MiB/s (12.1MB/s-114MB/s), io=60.3GiB (64.7GB), run=31253-60002msec
  WRITE: bw=513MiB/s (538MB/s), 5811KiB/s-58.9MiB/s (5950kB/s-61.7MB/s), io=30.1GiB (32.3GB), run=31253-60002msec

Disk stats (read/write):
  nvme0n1: ios=629589/661579, merge=0/400, ticks=300843/4330503, in_queue=4631507, util=94.48%
